[0.028s] Invoking command in '/home/mpinho/proj_ws/build/msc_aut_vehicles': CMAKE_PREFIX_PATH=${CMAKE_PREFIX_PATH}:/opt/ros/humble /usr/bin/cmake /home/mpinho/proj_ws/src/msc_aut_vehicles -DCMAKE_INSTALL_PREFIX=/home/mpinho/proj_ws/install/msc_aut_vehicles
[0.062s] -- Found ament_cmake: 1.3.10 (/opt/ros/humble/share/ament_cmake/cmake)
[0.293s] -- Override CMake install command with custom implementation using symlinks instead of copying resources
[0.339s] -- Found rclpy: 3.3.14 (/opt/ros/humble/share/rclpy/cmake)
[0.341s] -- Found ament_lint_auto: 0.12.11 (/opt/ros/humble/share/ament_lint_auto/cmake)
[0.485s] -- Added test 'copyright' to check source files copyright and LICENSE
[0.536s] -- Added test 'flake8' to check Python code syntax and style conventions
[0.543s] -- Added test 'lint_cmake' to check CMake code style
[0.547s] -- Added test 'pep257' to check Python code against some of the docstring style conventions in PEP 257
[0.575s] -- Added test 'xmllint' to check XML markup files
[0.576s] -- Configuring done
[0.582s] -- Generating done
[0.587s] -- Build files have been written to: /home/mpinho/proj_ws/build/msc_aut_vehicles
[0.590s] Invoked command in '/home/mpinho/proj_ws/build/msc_aut_vehicles' returned '0': CMAKE_PREFIX_PATH=${CMAKE_PREFIX_PATH}:/opt/ros/humble /usr/bin/cmake /home/mpinho/proj_ws/src/msc_aut_vehicles -DCMAKE_INSTALL_PREFIX=/home/mpinho/proj_ws/install/msc_aut_vehicles
[0.593s] Invoking command in '/home/mpinho/proj_ws/build/msc_aut_vehicles': CMAKE_PREFIX_PATH=${CMAKE_PREFIX_PATH}:/opt/ros/humble /usr/bin/cmake --build /home/mpinho/proj_ws/build/msc_aut_vehicles -- -j8 -l8
[0.677s] Built target ament_cmake_python_symlink_msc_aut_vehicles
[1.109s] running egg_info
[1.110s] writing msc_aut_vehicles.egg-info/PKG-INFO
[1.110s] writing dependency_links to msc_aut_vehicles.egg-info/dependency_links.txt
[1.110s] writing top-level names to msc_aut_vehicles.egg-info/top_level.txt
[1.118s] reading manifest file 'msc_aut_vehicles.egg-info/SOURCES.txt'
[1.119s] writing manifest file 'msc_aut_vehicles.egg-info/SOURCES.txt'
[1.173s] Built target ament_cmake_python_build_msc_aut_vehicles_egg
[1.191s] Invoked command in '/home/mpinho/proj_ws/build/msc_aut_vehicles' returned '0': CMAKE_PREFIX_PATH=${CMAKE_PREFIX_PATH}:/opt/ros/humble /usr/bin/cmake --build /home/mpinho/proj_ws/build/msc_aut_vehicles -- -j8 -l8
[1.230s] Invoking command in '/home/mpinho/proj_ws/build/msc_aut_vehicles': CMAKE_PREFIX_PATH=${CMAKE_PREFIX_PATH}:/opt/ros/humble /usr/bin/cmake --install /home/mpinho/proj_ws/build/msc_aut_vehicles
[1.239s] -- Install configuration: ""
[1.239s] -- Execute custom install script
[1.240s] -- Up-to-date symlink: /home/mpinho/proj_ws/install/msc_aut_vehicles/share/msc_aut_vehicles/config/collision_monitor_params.yaml
[1.241s] -- Up-to-date symlink: /home/mpinho/proj_ws/install/msc_aut_vehicles/share/msc_aut_vehicles/config/cost_map.rviz
[1.241s] -- Up-to-date symlink: /home/mpinho/proj_ws/install/msc_aut_vehicles/share/msc_aut_vehicles/config/costmap2.rviz
[1.241s] -- Up-to-date symlink: /home/mpinho/proj_ws/install/msc_aut_vehicles/share/msc_aut_vehicles/config/empty.yaml
[1.241s] -- Up-to-date symlink: /home/mpinho/proj_ws/install/msc_aut_vehicles/share/msc_aut_vehicles/config/gazebo_params.yaml
[1.241s] -- Up-to-date symlink: /home/mpinho/proj_ws/install/msc_aut_vehicles/share/msc_aut_vehicles/config/joint_names_Devastator2.yaml
[1.241s] -- Up-to-date symlink: /home/mpinho/proj_ws/install/msc_aut_vehicles/share/msc_aut_vehicles/config/joystick.yaml
[1.241s] -- Up-to-date symlink: /home/mpinho/proj_ws/install/msc_aut_vehicles/share/msc_aut_vehicles/config/mapper_params_lifelong.yaml
[1.242s] -- Up-to-date symlink: /home/mpinho/proj_ws/install/msc_aut_vehicles/share/msc_aut_vehicles/config/mapper_params_online_async.yaml
[1.242s] -- Up-to-date symlink: /home/mpinho/proj_ws/install/msc_aut_vehicles/share/msc_aut_vehicles/config/mapper_params_online_sync.yaml
[1.242s] -- Up-to-date symlink: /home/mpinho/proj_ws/install/msc_aut_vehicles/share/msc_aut_vehicles/config/my_controllers.yaml
[1.242s] -- Up-to-date symlink: /home/mpinho/proj_ws/install/msc_aut_vehicles/share/msc_aut_vehicles/config/nav2_params.yaml
[1.242s] -- Up-to-date symlink: /home/mpinho/proj_ws/install/msc_aut_vehicles/share/msc_aut_vehicles/config/nav2_params1.yaml
[1.243s] -- Up-to-date symlink: /home/mpinho/proj_ws/install/msc_aut_vehicles/share/msc_aut_vehicles/config/odom.rviz
[1.243s] -- Up-to-date symlink: /home/mpinho/proj_ws/install/msc_aut_vehicles/share/msc_aut_vehicles/config/poligons.rviz
[1.243s] -- Up-to-date symlink: /home/mpinho/proj_ws/install/msc_aut_vehicles/share/msc_aut_vehicles/config/slam.rviz
[1.243s] -- Up-to-date symlink: /home/mpinho/proj_ws/install/msc_aut_vehicles/share/msc_aut_vehicles/config/twist_mux.yaml
[1.243s] -- Up-to-date symlink: /home/mpinho/proj_ws/install/msc_aut_vehicles/share/msc_aut_vehicles/config/view_rviz.rviz
[1.244s] -- Up-to-date symlink: /home/mpinho/proj_ws/install/msc_aut_vehicles/share/msc_aut_vehicles/description/camera.xacro
[1.244s] -- Up-to-date symlink: /home/mpinho/proj_ws/install/msc_aut_vehicles/share/msc_aut_vehicles/description/depth_camera.xacro
[1.244s] -- Up-to-date symlink: /home/mpinho/proj_ws/install/msc_aut_vehicles/share/msc_aut_vehicles/description/devastator.urdf.xacro
[1.244s] -- Up-to-date symlink: /home/mpinho/proj_ws/install/msc_aut_vehicles/share/msc_aut_vehicles/description/devastator_solidworks.urdf.xacro
[1.244s] -- Up-to-date symlink: /home/mpinho/proj_ws/install/msc_aut_vehicles/share/msc_aut_vehicles/description/gazebo_control.xacro
[1.245s] -- Up-to-date symlink: /home/mpinho/proj_ws/install/msc_aut_vehicles/share/msc_aut_vehicles/description/inertial_macros.xacro
[1.245s] -- Up-to-date symlink: /home/mpinho/proj_ws/install/msc_aut_vehicles/share/msc_aut_vehicles/description/lidar.xacro
[1.245s] -- Up-to-date symlink: /home/mpinho/proj_ws/install/msc_aut_vehicles/share/msc_aut_vehicles/description/robot.urdf.xacro
[1.245s] -- Up-to-date symlink: /home/mpinho/proj_ws/install/msc_aut_vehicles/share/msc_aut_vehicles/description/robot2.xacro
[1.245s] -- Up-to-date symlink: /home/mpinho/proj_ws/install/msc_aut_vehicles/share/msc_aut_vehicles/description/robot_core.xacro
[1.245s] -- Up-to-date symlink: /home/mpinho/proj_ws/install/msc_aut_vehicles/share/msc_aut_vehicles/description/ros2_control.xacro
[1.246s] -- Up-to-date symlink: /home/mpinho/proj_ws/install/msc_aut_vehicles/share/msc_aut_vehicles/launch/collision_monitor_node.launch.py
[1.247s] -- Up-to-date symlink: /home/mpinho/proj_ws/install/msc_aut_vehicles/share/msc_aut_vehicles/launch/gazebo.launch.py
[1.247s] -- Up-to-date symlink: /home/mpinho/proj_ws/install/msc_aut_vehicles/share/msc_aut_vehicles/launch/joystick.launch.py
[1.247s] -- Up-to-date symlink: /home/mpinho/proj_ws/install/msc_aut_vehicles/share/msc_aut_vehicles/launch/launch_heavy.py
[1.247s] -- Up-to-date symlink: /home/mpinho/proj_ws/install/msc_aut_vehicles/share/msc_aut_vehicles/launch/launch_robot.launch.py
[1.247s] -- Up-to-date symlink: /home/mpinho/proj_ws/install/msc_aut_vehicles/share/msc_aut_vehicles/launch/launch_sim.launch.py
[1.247s] -- Up-to-date symlink: /home/mpinho/proj_ws/install/msc_aut_vehicles/share/msc_aut_vehicles/launch/localization_launch.py
[1.247s] -- Up-to-date symlink: /home/mpinho/proj_ws/install/msc_aut_vehicles/share/msc_aut_vehicles/launch/navigation_launch.py
[1.247s] -- Up-to-date symlink: /home/mpinho/proj_ws/install/msc_aut_vehicles/share/msc_aut_vehicles/launch/obstacle_avoidance.launch.py
[1.248s] -- Up-to-date symlink: /home/mpinho/proj_ws/install/msc_aut_vehicles/share/msc_aut_vehicles/launch/online_async_launch.py
[1.248s] -- Up-to-date symlink: /home/mpinho/proj_ws/install/msc_aut_vehicles/share/msc_aut_vehicles/launch/online_sync_launch.py
[1.248s] -- Up-to-date symlink: /home/mpinho/proj_ws/install/msc_aut_vehicles/share/msc_aut_vehicles/launch/rplidar.launch.py
[1.248s] -- Up-to-date symlink: /home/mpinho/proj_ws/install/msc_aut_vehicles/share/msc_aut_vehicles/launch/rsp.launch.py
[1.248s] -- Up-to-date symlink: /home/mpinho/proj_ws/install/msc_aut_vehicles/share/msc_aut_vehicles/launch/urg_node2.launch.py
[1.248s] -- Up-to-date symlink: /home/mpinho/proj_ws/install/msc_aut_vehicles/share/msc_aut_vehicles/worlds/empty.world
[1.248s] -- Up-to-date symlink: /home/mpinho/proj_ws/install/msc_aut_vehicles/share/msc_aut_vehicles/worlds/obstacles.world
[1.249s] -- Up-to-date symlink: /home/mpinho/proj_ws/install/msc_aut_vehicles/share/msc_aut_vehicles/worlds/obstacles2.world
[1.249s] -- Up-to-date symlink: /home/mpinho/proj_ws/install/msc_aut_vehicles/share/msc_aut_vehicles/worlds/obstacles3.world
[1.249s] -- Up-to-date symlink: /home/mpinho/proj_ws/install/msc_aut_vehicles/share/msc_aut_vehicles/worlds/small_house.world
[1.249s] -- Up-to-date symlink: /home/mpinho/proj_ws/install/msc_aut_vehicles/share/msc_aut_vehicles/worlds/two_cones.world
[1.249s] -- Up-to-date symlink: /home/mpinho/proj_ws/install/msc_aut_vehicles/share/msc_aut_vehicles/worlds/world.model
[1.249s] -- Up-to-date symlink: /home/mpinho/proj_ws/install/msc_aut_vehicles/share/msc_aut_vehicles/environment/pythonpath.sh
[1.249s] -- Up-to-date symlink: /home/mpinho/proj_ws/install/msc_aut_vehicles/share/msc_aut_vehicles/environment/pythonpath.dsv
[1.250s] -- Up-to-date symlink: /home/mpinho/proj_ws/install/msc_aut_vehicles/local/lib/python3.10/dist-packages/msc_aut_vehicles-0.0.0-py3.10.egg-info/PKG-INFO
[1.250s] -- Up-to-date symlink: /home/mpinho/proj_ws/install/msc_aut_vehicles/local/lib/python3.10/dist-packages/msc_aut_vehicles-0.0.0-py3.10.egg-info/SOURCES.txt
[1.250s] -- Up-to-date symlink: /home/mpinho/proj_ws/install/msc_aut_vehicles/local/lib/python3.10/dist-packages/msc_aut_vehicles-0.0.0-py3.10.egg-info/dependency_links.txt
[1.250s] -- Up-to-date symlink: /home/mpinho/proj_ws/install/msc_aut_vehicles/local/lib/python3.10/dist-packages/msc_aut_vehicles-0.0.0-py3.10.egg-info/top_level.txt
[1.251s] -- Up-to-date symlink: /home/mpinho/proj_ws/install/msc_aut_vehicles/local/lib/python3.10/dist-packages/msc_aut_vehicles/__init__.py
[1.251s] -- Up-to-date symlink: /home/mpinho/proj_ws/install/msc_aut_vehicles/lib/msc_aut_vehicles/example_waypoint_follower.py
[1.252s] -- Up-to-date symlink: /home/mpinho/proj_ws/install/msc_aut_vehicles/share/msc_aut_vehicles/meshes/base_link.STL
[1.252s] -- Up-to-date symlink: /home/mpinho/proj_ws/install/msc_aut_vehicles/share/msc_aut_vehicles/meshes/left_wheel.STL
[1.252s] -- Up-to-date symlink: /home/mpinho/proj_ws/install/msc_aut_vehicles/share/msc_aut_vehicles/meshes/left_wheel2.STL
[1.252s] -- Up-to-date symlink: /home/mpinho/proj_ws/install/msc_aut_vehicles/share/msc_aut_vehicles/meshes/left_wheel3.STL
[1.252s] -- Up-to-date symlink: /home/mpinho/proj_ws/install/msc_aut_vehicles/share/msc_aut_vehicles/meshes/left_wheel4.STL
[1.252s] -- Up-to-date symlink: /home/mpinho/proj_ws/install/msc_aut_vehicles/share/msc_aut_vehicles/meshes/left_wheel5.STL
[1.253s] -- Up-to-date symlink: /home/mpinho/proj_ws/install/msc_aut_vehicles/share/msc_aut_vehicles/meshes/right_wheel.STL
[1.253s] -- Up-to-date symlink: /home/mpinho/proj_ws/install/msc_aut_vehicles/share/msc_aut_vehicles/meshes/right_wheel2.STL
[1.253s] -- Up-to-date symlink: /home/mpinho/proj_ws/install/msc_aut_vehicles/share/msc_aut_vehicles/meshes/right_wheel3.STL
[1.253s] -- Up-to-date symlink: /home/mpinho/proj_ws/install/msc_aut_vehicles/share/msc_aut_vehicles/meshes/right_wheel4.STL
[1.253s] -- Up-to-date symlink: /home/mpinho/proj_ws/install/msc_aut_vehicles/share/msc_aut_vehicles/meshes/right_wheel5.STL
[1.254s] -- Up-to-date symlink: /home/mpinho/proj_ws/install/msc_aut_vehicles/share/ament_index/resource_index/package_run_dependencies/msc_aut_vehicles
[1.254s] -- Up-to-date symlink: /home/mpinho/proj_ws/install/msc_aut_vehicles/share/ament_index/resource_index/parent_prefix_path/msc_aut_vehicles
[1.254s] -- Up-to-date symlink: /home/mpinho/proj_ws/install/msc_aut_vehicles/share/msc_aut_vehicles/environment/ament_prefix_path.sh
[1.254s] -- Up-to-date symlink: /home/mpinho/proj_ws/install/msc_aut_vehicles/share/msc_aut_vehicles/environment/ament_prefix_path.dsv
[1.254s] -- Up-to-date symlink: /home/mpinho/proj_ws/install/msc_aut_vehicles/share/msc_aut_vehicles/environment/path.sh
[1.255s] -- Up-to-date symlink: /home/mpinho/proj_ws/install/msc_aut_vehicles/share/msc_aut_vehicles/environment/path.dsv
[1.255s] -- Up-to-date symlink: /home/mpinho/proj_ws/install/msc_aut_vehicles/share/msc_aut_vehicles/local_setup.bash
[1.255s] -- Up-to-date symlink: /home/mpinho/proj_ws/install/msc_aut_vehicles/share/msc_aut_vehicles/local_setup.sh
[1.255s] -- Up-to-date symlink: /home/mpinho/proj_ws/install/msc_aut_vehicles/share/msc_aut_vehicles/local_setup.zsh
[1.256s] -- Up-to-date symlink: /home/mpinho/proj_ws/install/msc_aut_vehicles/share/msc_aut_vehicles/local_setup.dsv
[1.256s] -- Symlinking: /home/mpinho/proj_ws/install/msc_aut_vehicles/share/msc_aut_vehicles/package.dsv
[1.270s] -- Up-to-date symlink: /home/mpinho/proj_ws/install/msc_aut_vehicles/share/ament_index/resource_index/packages/msc_aut_vehicles
[1.270s] -- Up-to-date symlink: /home/mpinho/proj_ws/install/msc_aut_vehicles/share/msc_aut_vehicles/cmake/msc_aut_vehiclesConfig.cmake
[1.270s] -- Up-to-date symlink: /home/mpinho/proj_ws/install/msc_aut_vehicles/share/msc_aut_vehicles/cmake/msc_aut_vehiclesConfig-version.cmake
[1.271s] -- Up-to-date symlink: /home/mpinho/proj_ws/install/msc_aut_vehicles/share/msc_aut_vehicles/package.xml
[1.316s] Listing '/home/mpinho/proj_ws/install/msc_aut_vehicles/local/lib/python3.10/dist-packages/msc_aut_vehicles'...
[1.331s] Invoked command in '/home/mpinho/proj_ws/build/msc_aut_vehicles' returned '0': CMAKE_PREFIX_PATH=${CMAKE_PREFIX_PATH}:/opt/ros/humble /usr/bin/cmake --install /home/mpinho/proj_ws/build/msc_aut_vehicles
