[0.026s] Invoking command in '/home/mpinho/proj_ws/src/build/diffdrive_arduino': AMENT_PREFIX_PATH=/home/mpinho/proj_ws/src/install/serial:${AMENT_PREFIX_PATH} CMAKE_PREFIX_PATH=/home/mpinho/proj_ws/src/install/serial:/home/mpinho/proj_ws/install/msc_aut_vehicles:/home/mpinho/proj_ws/install/joy_tester:/opt/ros/humble LD_LIBRARY_PATH=/home/mpinho/proj_ws/src/install/serial/lib:${LD_LIBRARY_PATH} /usr/bin/cmake --build /home/mpinho/proj_ws/src/build/diffdrive_arduino -- -j8 -l8
[0.081s] -- Found ament_cmake: 1.3.9 (/opt/ros/humble/share/ament_cmake/cmake)
[0.352s] -- Override CMake install command with custom implementation using symlinks instead of copying resources
[0.366s] -- Found serial: 1.2.1 (/home/mpinho/proj_ws/src/install/serial/share/serial/cmake)
[0.369s] -- Found hardware_interface: 2.41.0 (/opt/ros/humble/share/hardware_interface/cmake)
[0.434s] -- Found rosidl_generator_c: 3.1.5 (/opt/ros/humble/share/rosidl_generator_c/cmake)
[0.440s] -- Found rosidl_adapter: 3.1.5 (/opt/ros/humble/share/rosidl_adapter/cmake)
[0.455s] -- Found rosidl_generator_cpp: 3.1.5 (/opt/ros/humble/share/rosidl_generator_cpp/cmake)
[0.481s] -- Using all available rosidl_typesupport_c: rosidl_typesupport_fastrtps_c;rosidl_typesupport_introspection_c
[0.519s] -- Using all available rosidl_typesupport_cpp: rosidl_typesupport_fastrtps_cpp;rosidl_typesupport_introspection_cpp
[2.014s] -- Found rmw_implementation_cmake: 6.1.2 (/opt/ros/humble/share/rmw_implementation_cmake/cmake)
[2.018s] -- Found rmw_fastrtps_cpp: 6.2.6 (/opt/ros/humble/share/rmw_fastrtps_cpp/cmake)
[2.100s] -- Found TinyXML2 via Config file: TinyXML2_DIR-NOTFOUND
[2.122s] -- Found TinyXML2 via Config file: TinyXML2_DIR-NOTFOUND
[2.178s] -- Found TinyXML2 via Config file: TinyXML2_DIR-NOTFOUND
[2.198s] -- Found TinyXML2 via Config file: TinyXML2_DIR-NOTFOUND
[2.226s] -- Using RMW implementation 'rmw_fastrtps_cpp' as default
[2.624s] -- Found controller_manager: 2.41.0 (/opt/ros/humble/share/controller_manager/cmake)
[5.828s] -- Configuring done
[5.923s] -- Generating done
[5.927s] -- Build files have been written to: /home/mpinho/proj_ws/src/build/diffdrive_arduino
[5.978s] [35m[1mConsolidate compiler generated dependencies of target fake_robot[0m
[5.979s] [35m[1mConsolidate compiler generated dependencies of target diffdrive_arduino[0m
[6.005s] [ 28%] [32mBuilding CXX object CMakeFiles/fake_robot.dir/src/fake_robot.cpp.o[0m
[6.007s] [ 28%] [32mBuilding CXX object CMakeFiles/fake_robot.dir/src/wheel.cpp.o[0m
[6.012s] [ 57%] [32mBuilding CXX object CMakeFiles/diffdrive_arduino.dir/src/wheel.cpp.o[0m
[6.015s] [ 57%] [32mBuilding CXX object CMakeFiles/diffdrive_arduino.dir/src/diffdrive_arduino.cpp.o[0m
[6.019s] [ 71%] [32mBuilding CXX object CMakeFiles/diffdrive_arduino.dir/src/arduino_comms.cpp.o[0m
[11.175s] [ 85%] [32m[1mLinking CXX shared library libfake_robot.so[0m
[11.196s] [100%] [32m[1mLinking CXX shared library libdiffdrive_arduino.so[0m
[11.598s] [100%] Built target fake_robot
[11.607s] [100%] Built target diffdrive_arduino
[11.625s] Invoked command in '/home/mpinho/proj_ws/src/build/diffdrive_arduino' returned '0': AMENT_PREFIX_PATH=/home/mpinho/proj_ws/src/install/serial:${AMENT_PREFIX_PATH} CMAKE_PREFIX_PATH=/home/mpinho/proj_ws/src/install/serial:/home/mpinho/proj_ws/install/msc_aut_vehicles:/home/mpinho/proj_ws/install/joy_tester:/opt/ros/humble LD_LIBRARY_PATH=/home/mpinho/proj_ws/src/install/serial/lib:${LD_LIBRARY_PATH} /usr/bin/cmake --build /home/mpinho/proj_ws/src/build/diffdrive_arduino -- -j8 -l8
[11.677s] Invoking command in '/home/mpinho/proj_ws/src/build/diffdrive_arduino': AMENT_PREFIX_PATH=/home/mpinho/proj_ws/src/install/serial:${AMENT_PREFIX_PATH} CMAKE_PREFIX_PATH=/home/mpinho/proj_ws/src/install/serial:/home/mpinho/proj_ws/install/msc_aut_vehicles:/home/mpinho/proj_ws/install/joy_tester:/opt/ros/humble LD_LIBRARY_PATH=/home/mpinho/proj_ws/src/install/serial/lib:${LD_LIBRARY_PATH} /usr/bin/cmake --install /home/mpinho/proj_ws/src/build/diffdrive_arduino
[11.686s] -- Install configuration: ""
[11.687s] -- Execute custom install script
[11.687s] -- Symlinking: /home/mpinho/proj_ws/src/install/diffdrive_arduino/share/diffdrive_arduino//robot_hardware.xml
[11.702s] -- Symlinking: /home/mpinho/proj_ws/src/install/diffdrive_arduino/share/diffdrive_arduino//fake_robot_hardware.xml
[11.716s] -- Symlinking: /home/mpinho/proj_ws/src/install/diffdrive_arduino/lib/libdiffdrive_arduino.so
[11.731s] -- Symlinking: /home/mpinho/proj_ws/src/install/diffdrive_arduino/lib/libfake_robot.so
[11.745s] -- Symlinking: /home/mpinho/proj_ws/src/install/diffdrive_arduino/share/diffdrive_arduino/controllers/robot_controller_example.yaml
[11.760s] -- Symlinking: /home/mpinho/proj_ws/src/install/diffdrive_arduino/share/diffdrive_arduino/fake_robot.launch.py
[11.774s] -- Symlinking: /home/mpinho/proj_ws/src/install/diffdrive_arduino/share/diffdrive_arduino/test_robot.launch.py
[11.787s] -- Symlinking: /home/mpinho/proj_ws/src/install/diffdrive_arduino/share/diffdrive_arduino/environment/library_path.sh
[11.800s] -- Symlinking: /home/mpinho/proj_ws/src/install/diffdrive_arduino/share/diffdrive_arduino/environment/library_path.dsv
[11.815s] -- Symlinking: /home/mpinho/proj_ws/src/install/diffdrive_arduino/share/ament_index/resource_index/package_run_dependencies/diffdrive_arduino
[11.828s] -- Symlinking: /home/mpinho/proj_ws/src/install/diffdrive_arduino/share/ament_index/resource_index/parent_prefix_path/diffdrive_arduino
[11.842s] -- Symlinking: /home/mpinho/proj_ws/src/install/diffdrive_arduino/share/diffdrive_arduino/environment/ament_prefix_path.sh
[11.856s] -- Symlinking: /home/mpinho/proj_ws/src/install/diffdrive_arduino/share/diffdrive_arduino/environment/ament_prefix_path.dsv
[11.870s] -- Symlinking: /home/mpinho/proj_ws/src/install/diffdrive_arduino/share/diffdrive_arduino/environment/path.sh
[11.882s] -- Symlinking: /home/mpinho/proj_ws/src/install/diffdrive_arduino/share/diffdrive_arduino/environment/path.dsv
[11.895s] -- Symlinking: /home/mpinho/proj_ws/src/install/diffdrive_arduino/share/diffdrive_arduino/local_setup.bash
[11.909s] -- Symlinking: /home/mpinho/proj_ws/src/install/diffdrive_arduino/share/diffdrive_arduino/local_setup.sh
[11.922s] -- Symlinking: /home/mpinho/proj_ws/src/install/diffdrive_arduino/share/diffdrive_arduino/local_setup.zsh
[11.936s] -- Symlinking: /home/mpinho/proj_ws/src/install/diffdrive_arduino/share/diffdrive_arduino/local_setup.dsv
[11.949s] -- Symlinking: /home/mpinho/proj_ws/src/install/diffdrive_arduino/share/diffdrive_arduino/package.dsv
[11.964s] -- Symlinking: /home/mpinho/proj_ws/src/install/diffdrive_arduino/share/ament_index/resource_index/packages/diffdrive_arduino
[11.977s] -- Symlinking: /home/mpinho/proj_ws/src/install/diffdrive_arduino/share/ament_index/resource_index/hardware_interface__pluginlib__plugin/diffdrive_arduino
[11.991s] -- Symlinking: /home/mpinho/proj_ws/src/install/diffdrive_arduino/share/diffdrive_arduino/cmake/ament_cmake_export_libraries-extras.cmake
[12.006s] -- Symlinking: /home/mpinho/proj_ws/src/install/diffdrive_arduino/share/diffdrive_arduino/cmake/ament_cmake_export_dependencies-extras.cmake
[12.021s] -- Symlinking: /home/mpinho/proj_ws/src/install/diffdrive_arduino/share/diffdrive_arduino/cmake/diffdrive_arduinoConfig.cmake
[12.033s] -- Symlinking: /home/mpinho/proj_ws/src/install/diffdrive_arduino/share/diffdrive_arduino/cmake/diffdrive_arduinoConfig-version.cmake
[12.047s] -- Symlinking: /home/mpinho/proj_ws/src/install/diffdrive_arduino/share/diffdrive_arduino/package.xml
[12.063s] Invoked command in '/home/mpinho/proj_ws/src/build/diffdrive_arduino' returned '0': AMENT_PREFIX_PATH=/home/mpinho/proj_ws/src/install/serial:${AMENT_PREFIX_PATH} CMAKE_PREFIX_PATH=/home/mpinho/proj_ws/src/install/serial:/home/mpinho/proj_ws/install/msc_aut_vehicles:/home/mpinho/proj_ws/install/joy_tester:/opt/ros/humble LD_LIBRARY_PATH=/home/mpinho/proj_ws/src/install/serial/lib:${LD_LIBRARY_PATH} /usr/bin/cmake --install /home/mpinho/proj_ws/src/build/diffdrive_arduino
