[0.150s] DEBUG:colcon:Command line arguments: ['/usr/bin/colcon', 'build', '--symlink-install']
[0.150s] DEBUG:colcon:Parsed command line arguments: Namespace(log_base=None, log_level=None, verb_name='build', build_base='build', install_base='install', merge_install=False, symlink_install=True, test_result_base=None, continue_on_error=False, executor='parallel', parallel_workers=8, event_handlers=None, ignore_user_meta=False, metas=['./colcon.meta'], base_paths=['.'], packages_ignore=None, packages_ignore_regex=None, paths=None, packages_up_to=None, packages_up_to_regex=None, packages_above=None, packages_above_and_dependencies=None, packages_above_depth=None, packages_select_by_dep=None, packages_skip_by_dep=None, packages_skip_up_to=None, packages_select_build_failed=False, packages_skip_build_finished=False, packages_select_test_failures=False, packages_skip_test_passed=False, packages_select=None, packages_skip=None, packages_select_regex=None, packages_skip_regex=None, packages_start=None, packages_end=None, allow_overriding=[], cmake_args=None, cmake_target=None, cmake_target_skip_unavailable=False, cmake_clean_cache=False, cmake_clean_first=False, cmake_force_configure=False, ament_cmake_args=None, catkin_cmake_args=None, catkin_skip_building_tests=False, verb_parser=<colcon_defaults.argument_parser.defaults.DefaultArgumentsDecorator object at 0x7e352f921360>, verb_extension=<colcon_core.verb.build.BuildVerb object at 0x7e352fa55de0>, main=<bound method BuildVerb.main of <colcon_core.verb.build.BuildVerb object at 0x7e352fa55de0>>)
[0.426s] Level 1:colcon.colcon_core.package_discovery:discover_packages(colcon_meta) check parameters
[0.426s] Level 1:colcon.colcon_core.package_discovery:discover_packages(recursive) check parameters
[0.426s] Level 1:colcon.colcon_core.package_discovery:discover_packages(ignore) check parameters
[0.426s] Level 1:colcon.colcon_core.package_discovery:discover_packages(path) check parameters
[0.426s] Level 1:colcon.colcon_core.package_discovery:discover_packages(colcon_meta) discover
[0.426s] Level 1:colcon.colcon_core.package_discovery:discover_packages(recursive) discover
[0.426s] INFO:colcon.colcon_core.package_discovery:Crawling recursively for packages in '/home/mpinho/proj_ws/src'
[0.426s] Level 1:colcon.colcon_core.package_identification:_identify(.) by extensions ['ignore', 'ignore_ament_install']
[0.426s] Level 1:colcon.colcon_core.package_identification:_identify(.) by extension 'ignore'
[0.426s] Level 1:colcon.colcon_core.package_identification:_identify(.) by extension 'ignore_ament_install'
[0.427s] Level 1:colcon.colcon_core.package_identification:_identify(.) by extensions ['colcon_pkg']
[0.427s] Level 1:colcon.colcon_core.package_identification:_identify(.) by extension 'colcon_pkg'
[0.427s] Level 1:colcon.colcon_core.package_identification:_identify(.) by extensions ['colcon_meta']
[0.427s] Level 1:colcon.colcon_core.package_identification:_identify(.) by extension 'colcon_meta'
[0.427s] Level 1:colcon.colcon_core.package_identification:_identify(.) by extensions ['ros']
[0.427s] Level 1:colcon.colcon_core.package_identification:_identify(.) by extension 'ros'
[0.441s] Level 1:colcon.colcon_core.package_identification:_identify(.) by extensions ['cmake', 'python']
[0.441s] Level 1:colcon.colcon_core.package_identification:_identify(.) by extension 'cmake'
[0.441s] Level 1:colcon.colcon_core.package_identification:_identify(.) by extension 'python'
[0.441s] Level 1:colcon.colcon_core.package_identification:_identify(.) by extensions ['python_setup_py']
[0.441s] Level 1:colcon.colcon_core.package_identification:_identify(.) by extension 'python_setup_py'
[0.441s] Level 1:colcon.colcon_core.package_identification:_identify(build) by extensions ['ignore', 'ignore_ament_install']
[0.441s] Level 1:colcon.colcon_core.package_identification:_identify(build) by extension 'ignore'
[0.441s] Level 1:colcon.colcon_core.package_identification:_identify(build) ignored
[0.442s] Level 1:colcon.colcon_core.package_identification:_identify(diffdrive_arduino) by extensions ['ignore', 'ignore_ament_install']
[0.442s] Level 1:colcon.colcon_core.package_identification:_identify(diffdrive_arduino) by extension 'ignore'
[0.442s] Level 1:colcon.colcon_core.package_identification:_identify(diffdrive_arduino) by extension 'ignore_ament_install'
[0.442s] Level 1:colcon.colcon_core.package_identification:_identify(diffdrive_arduino) by extensions ['colcon_pkg']
[0.442s] Level 1:colcon.colcon_core.package_identification:_identify(diffdrive_arduino) by extension 'colcon_pkg'
[0.442s] Level 1:colcon.colcon_core.package_identification:_identify(diffdrive_arduino) by extensions ['colcon_meta']
[0.442s] Level 1:colcon.colcon_core.package_identification:_identify(diffdrive_arduino) by extension 'colcon_meta'
[0.442s] Level 1:colcon.colcon_core.package_identification:_identify(diffdrive_arduino) by extensions ['ros']
[0.442s] Level 1:colcon.colcon_core.package_identification:_identify(diffdrive_arduino) by extension 'ros'
[0.445s] DEBUG:colcon.colcon_core.package_identification:Package 'diffdrive_arduino' with type 'ros.ament_cmake' and name 'diffdrive_arduino'
[0.446s] Level 1:colcon.colcon_core.package_identification:_identify(install) by extensions ['ignore', 'ignore_ament_install']
[0.446s] Level 1:colcon.colcon_core.package_identification:_identify(install) by extension 'ignore'
[0.446s] Level 1:colcon.colcon_core.package_identification:_identify(install) ignored
[0.446s] Level 1:colcon.colcon_core.package_identification:_identify(log) by extensions ['ignore', 'ignore_ament_install']
[0.446s] Level 1:colcon.colcon_core.package_identification:_identify(log) by extension 'ignore'
[0.446s] Level 1:colcon.colcon_core.package_identification:_identify(log) ignored
[0.446s] Level 1:colcon.colcon_core.package_identification:_identify(msc_aut_vehicles) by extensions ['ignore', 'ignore_ament_install']
[0.446s] Level 1:colcon.colcon_core.package_identification:_identify(msc_aut_vehicles) by extension 'ignore'
[0.446s] Level 1:colcon.colcon_core.package_identification:_identify(msc_aut_vehicles) by extension 'ignore_ament_install'
[0.447s] Level 1:colcon.colcon_core.package_identification:_identify(msc_aut_vehicles) by extensions ['colcon_pkg']
[0.447s] Level 1:colcon.colcon_core.package_identification:_identify(msc_aut_vehicles) by extension 'colcon_pkg'
[0.447s] Level 1:colcon.colcon_core.package_identification:_identify(msc_aut_vehicles) by extensions ['colcon_meta']
[0.447s] Level 1:colcon.colcon_core.package_identification:_identify(msc_aut_vehicles) by extension 'colcon_meta'
[0.447s] Level 1:colcon.colcon_core.package_identification:_identify(msc_aut_vehicles) by extensions ['ros']
[0.447s] Level 1:colcon.colcon_core.package_identification:_identify(msc_aut_vehicles) by extension 'ros'
[0.448s] DEBUG:colcon.colcon_core.package_identification:Package 'msc_aut_vehicles' with type 'ros.ament_cmake' and name 'msc_aut_vehicles'
[0.448s] Level 1:colcon.colcon_core.package_identification:_identify(serial) by extensions ['ignore', 'ignore_ament_install']
[0.448s] Level 1:colcon.colcon_core.package_identification:_identify(serial) by extension 'ignore'
[0.448s] Level 1:colcon.colcon_core.package_identification:_identify(serial) by extension 'ignore_ament_install'
[0.448s] Level 1:colcon.colcon_core.package_identification:_identify(serial) by extensions ['colcon_pkg']
[0.448s] Level 1:colcon.colcon_core.package_identification:_identify(serial) by extension 'colcon_pkg'
[0.448s] Level 1:colcon.colcon_core.package_identification:_identify(serial) by extensions ['colcon_meta']
[0.448s] Level 1:colcon.colcon_core.package_identification:_identify(serial) by extension 'colcon_meta'
[0.448s] Level 1:colcon.colcon_core.package_identification:_identify(serial) by extensions ['ros']
[0.448s] Level 1:colcon.colcon_core.package_identification:_identify(serial) by extension 'ros'
[0.451s] DEBUG:colcon.colcon_core.package_identification:Package 'serial' with type 'ros.ament_cmake' and name 'serial'
[0.451s] Level 1:colcon.colcon_core.package_identification:_identify(serial_motor_demo) by extensions ['ignore', 'ignore_ament_install']
[0.451s] Level 1:colcon.colcon_core.package_identification:_identify(serial_motor_demo) by extension 'ignore'
[0.451s] Level 1:colcon.colcon_core.package_identification:_identify(serial_motor_demo) by extension 'ignore_ament_install'
[0.451s] Level 1:colcon.colcon_core.package_identification:_identify(serial_motor_demo) by extensions ['colcon_pkg']
[0.451s] Level 1:colcon.colcon_core.package_identification:_identify(serial_motor_demo) by extension 'colcon_pkg'
[0.452s] Level 1:colcon.colcon_core.package_identification:_identify(serial_motor_demo) by extensions ['colcon_meta']
[0.452s] Level 1:colcon.colcon_core.package_identification:_identify(serial_motor_demo) by extension 'colcon_meta'
[0.452s] Level 1:colcon.colcon_core.package_identification:_identify(serial_motor_demo) by extensions ['ros']
[0.452s] Level 1:colcon.colcon_core.package_identification:_identify(serial_motor_demo) by extension 'ros'
[0.452s] Level 1:colcon.colcon_core.package_identification:_identify(serial_motor_demo) by extensions ['cmake', 'python']
[0.452s] Level 1:colcon.colcon_core.package_identification:_identify(serial_motor_demo) by extension 'cmake'
[0.452s] Level 1:colcon.colcon_core.package_identification:_identify(serial_motor_demo) by extension 'python'
[0.452s] Level 1:colcon.colcon_core.package_identification:_identify(serial_motor_demo) by extensions ['python_setup_py']
[0.452s] Level 1:colcon.colcon_core.package_identification:_identify(serial_motor_demo) by extension 'python_setup_py'
[0.452s] Level 1:colcon.colcon_core.package_identification:_identify(serial_motor_demo/serial_motor_demo) by extensions ['ignore', 'ignore_ament_install']
[0.452s] Level 1:colcon.colcon_core.package_identification:_identify(serial_motor_demo/serial_motor_demo) by extension 'ignore'
[0.452s] Level 1:colcon.colcon_core.package_identification:_identify(serial_motor_demo/serial_motor_demo) by extension 'ignore_ament_install'
[0.452s] Level 1:colcon.colcon_core.package_identification:_identify(serial_motor_demo/serial_motor_demo) by extensions ['colcon_pkg']
[0.452s] Level 1:colcon.colcon_core.package_identification:_identify(serial_motor_demo/serial_motor_demo) by extension 'colcon_pkg'
[0.452s] Level 1:colcon.colcon_core.package_identification:_identify(serial_motor_demo/serial_motor_demo) by extensions ['colcon_meta']
[0.452s] Level 1:colcon.colcon_core.package_identification:_identify(serial_motor_demo/serial_motor_demo) by extension 'colcon_meta'
[0.452s] Level 1:colcon.colcon_core.package_identification:_identify(serial_motor_demo/serial_motor_demo) by extensions ['ros']
[0.452s] Level 1:colcon.colcon_core.package_identification:_identify(serial_motor_demo/serial_motor_demo) by extension 'ros'
[0.453s] DEBUG:colcon.colcon_core.package_identification:Package 'serial_motor_demo/serial_motor_demo' with type 'ros.ament_python' and name 'serial_motor_demo'
[0.453s] Level 1:colcon.colcon_core.package_identification:_identify(serial_motor_demo/serial_motor_demo_msgs) by extensions ['ignore', 'ignore_ament_install']
[0.454s] Level 1:colcon.colcon_core.package_identification:_identify(serial_motor_demo/serial_motor_demo_msgs) by extension 'ignore'
[0.454s] Level 1:colcon.colcon_core.package_identification:_identify(serial_motor_demo/serial_motor_demo_msgs) by extension 'ignore_ament_install'
[0.454s] Level 1:colcon.colcon_core.package_identification:_identify(serial_motor_demo/serial_motor_demo_msgs) by extensions ['colcon_pkg']
[0.454s] Level 1:colcon.colcon_core.package_identification:_identify(serial_motor_demo/serial_motor_demo_msgs) by extension 'colcon_pkg'
[0.454s] Level 1:colcon.colcon_core.package_identification:_identify(serial_motor_demo/serial_motor_demo_msgs) by extensions ['colcon_meta']
[0.454s] Level 1:colcon.colcon_core.package_identification:_identify(serial_motor_demo/serial_motor_demo_msgs) by extension 'colcon_meta'
[0.454s] Level 1:colcon.colcon_core.package_identification:_identify(serial_motor_demo/serial_motor_demo_msgs) by extensions ['ros']
[0.454s] Level 1:colcon.colcon_core.package_identification:_identify(serial_motor_demo/serial_motor_demo_msgs) by extension 'ros'
[0.455s] DEBUG:colcon.colcon_core.package_identification:Package 'serial_motor_demo/serial_motor_demo_msgs' with type 'ros.ament_cmake' and name 'serial_motor_demo_msgs'
[0.455s] Level 1:colcon.colcon_core.package_identification:_identify(urg_node2) by extensions ['ignore', 'ignore_ament_install']
[0.455s] Level 1:colcon.colcon_core.package_identification:_identify(urg_node2) by extension 'ignore'
[0.455s] Level 1:colcon.colcon_core.package_identification:_identify(urg_node2) by extension 'ignore_ament_install'
[0.455s] Level 1:colcon.colcon_core.package_identification:_identify(urg_node2) by extensions ['colcon_pkg']
[0.455s] Level 1:colcon.colcon_core.package_identification:_identify(urg_node2) by extension 'colcon_pkg'
[0.455s] Level 1:colcon.colcon_core.package_identification:_identify(urg_node2) by extensions ['colcon_meta']
[0.455s] Level 1:colcon.colcon_core.package_identification:_identify(urg_node2) by extension 'colcon_meta'
[0.455s] Level 1:colcon.colcon_core.package_identification:_identify(urg_node2) by extensions ['ros']
[0.455s] Level 1:colcon.colcon_core.package_identification:_identify(urg_node2) by extension 'ros'
[0.457s] DEBUG:colcon.colcon_core.package_identification:Package 'urg_node2' with type 'ros.ament_cmake' and name 'urg_node2'
[0.457s] Level 1:colcon.colcon_core.package_discovery:discover_packages(recursive) using defaults
[0.457s] Level 1:colcon.colcon_core.package_discovery:discover_packages(ignore) discover
[0.457s] Level 1:colcon.colcon_core.package_discovery:discover_packages(ignore) using defaults
[0.457s] Level 1:colcon.colcon_core.package_discovery:discover_packages(path) discover
[0.457s] Level 1:colcon.colcon_core.package_discovery:discover_packages(path) using defaults
[0.502s] Level 1:colcon.colcon_core.package_discovery:discover_packages(prefix_path) check parameters
[0.503s] Level 1:colcon.colcon_core.package_discovery:discover_packages(prefix_path) discover
[0.505s] DEBUG:colcon.colcon_installed_package_information.package_discovery:Found 4 installed packages in /home/mpinho/proj_ws/install
[0.507s] DEBUG:colcon.colcon_installed_package_information.package_discovery:Found 422 installed packages in /opt/ros/humble
[0.511s] Level 1:colcon.colcon_core.package_discovery:discover_packages(prefix_path) using defaults
[0.586s] Level 5:colcon.colcon_core.verb:set package 'msc_aut_vehicles' build argument 'cmake_args' from command line to 'None'
[0.586s] Level 5:colcon.colcon_core.verb:set package 'msc_aut_vehicles' build argument 'cmake_target' from command line to 'None'
[0.586s] Level 5:colcon.colcon_core.verb:set package 'msc_aut_vehicles' build argument 'cmake_target_skip_unavailable' from command line to 'False'
[0.586s] Level 5:colcon.colcon_core.verb:set package 'msc_aut_vehicles' build argument 'cmake_clean_cache' from command line to 'False'
[0.586s] Level 5:colcon.colcon_core.verb:set package 'msc_aut_vehicles' build argument 'cmake_clean_first' from command line to 'False'
[0.586s] Level 5:colcon.colcon_core.verb:set package 'msc_aut_vehicles' build argument 'cmake_force_configure' from command line to 'False'
[0.586s] Level 5:colcon.colcon_core.verb:set package 'msc_aut_vehicles' build argument 'ament_cmake_args' from command line to 'None'
[0.586s] Level 5:colcon.colcon_core.verb:set package 'msc_aut_vehicles' build argument 'catkin_cmake_args' from command line to 'None'
[0.587s] Level 5:colcon.colcon_core.verb:set package 'msc_aut_vehicles' build argument 'catkin_skip_building_tests' from command line to 'False'
[0.587s] DEBUG:colcon.colcon_core.verb:Building package 'msc_aut_vehicles' with the following arguments: {'ament_cmake_args': None, 'build_base': '/home/mpinho/proj_ws/src/build/msc_aut_vehicles', 'catkin_cmake_args': None, 'catkin_skip_building_tests': False, 'cmake_args': None, 'cmake_clean_cache': False, 'cmake_clean_first': False, 'cmake_force_configure': False, 'cmake_target': None, 'cmake_target_skip_unavailable': False, 'install_base': '/home/mpinho/proj_ws/src/install/msc_aut_vehicles', 'merge_install': False, 'path': '/home/mpinho/proj_ws/src/msc_aut_vehicles', 'symlink_install': True, 'test_result_base': None}
[0.587s] Level 5:colcon.colcon_core.verb:set package 'serial' build argument 'cmake_args' from command line to 'None'
[0.587s] Level 5:colcon.colcon_core.verb:set package 'serial' build argument 'cmake_target' from command line to 'None'
[0.587s] Level 5:colcon.colcon_core.verb:set package 'serial' build argument 'cmake_target_skip_unavailable' from command line to 'False'
[0.587s] Level 5:colcon.colcon_core.verb:set package 'serial' build argument 'cmake_clean_cache' from command line to 'False'
[0.587s] Level 5:colcon.colcon_core.verb:set package 'serial' build argument 'cmake_clean_first' from command line to 'False'
[0.587s] Level 5:colcon.colcon_core.verb:set package 'serial' build argument 'cmake_force_configure' from command line to 'False'
[0.587s] Level 5:colcon.colcon_core.verb:set package 'serial' build argument 'ament_cmake_args' from command line to 'None'
[0.587s] Level 5:colcon.colcon_core.verb:set package 'serial' build argument 'catkin_cmake_args' from command line to 'None'
[0.587s] Level 5:colcon.colcon_core.verb:set package 'serial' build argument 'catkin_skip_building_tests' from command line to 'False'
[0.587s] DEBUG:colcon.colcon_core.verb:Building package 'serial' with the following arguments: {'ament_cmake_args': None, 'build_base': '/home/mpinho/proj_ws/src/build/serial', 'catkin_cmake_args': None, 'catkin_skip_building_tests': False, 'cmake_args': None, 'cmake_clean_cache': False, 'cmake_clean_first': False, 'cmake_force_configure': False, 'cmake_target': None, 'cmake_target_skip_unavailable': False, 'install_base': '/home/mpinho/proj_ws/src/install/serial', 'merge_install': False, 'path': '/home/mpinho/proj_ws/src/serial', 'symlink_install': True, 'test_result_base': None}
[0.588s] Level 5:colcon.colcon_core.verb:set package 'serial_motor_demo_msgs' build argument 'cmake_args' from command line to 'None'
[0.588s] Level 5:colcon.colcon_core.verb:set package 'serial_motor_demo_msgs' build argument 'cmake_target' from command line to 'None'
[0.588s] Level 5:colcon.colcon_core.verb:set package 'serial_motor_demo_msgs' build argument 'cmake_target_skip_unavailable' from command line to 'False'
[0.588s] Level 5:colcon.colcon_core.verb:set package 'serial_motor_demo_msgs' build argument 'cmake_clean_cache' from command line to 'False'
[0.588s] Level 5:colcon.colcon_core.verb:set package 'serial_motor_demo_msgs' build argument 'cmake_clean_first' from command line to 'False'
[0.588s] Level 5:colcon.colcon_core.verb:set package 'serial_motor_demo_msgs' build argument 'cmake_force_configure' from command line to 'False'
[0.588s] Level 5:colcon.colcon_core.verb:set package 'serial_motor_demo_msgs' build argument 'ament_cmake_args' from command line to 'None'
[0.588s] Level 5:colcon.colcon_core.verb:set package 'serial_motor_demo_msgs' build argument 'catkin_cmake_args' from command line to 'None'
[0.588s] Level 5:colcon.colcon_core.verb:set package 'serial_motor_demo_msgs' build argument 'catkin_skip_building_tests' from command line to 'False'
[0.588s] DEBUG:colcon.colcon_core.verb:Building package 'serial_motor_demo_msgs' with the following arguments: {'ament_cmake_args': None, 'build_base': '/home/mpinho/proj_ws/src/build/serial_motor_demo_msgs', 'catkin_cmake_args': None, 'catkin_skip_building_tests': False, 'cmake_args': None, 'cmake_clean_cache': False, 'cmake_clean_first': False, 'cmake_force_configure': False, 'cmake_target': None, 'cmake_target_skip_unavailable': False, 'install_base': '/home/mpinho/proj_ws/src/install/serial_motor_demo_msgs', 'merge_install': False, 'path': '/home/mpinho/proj_ws/src/serial_motor_demo/serial_motor_demo_msgs', 'symlink_install': True, 'test_result_base': None}
[0.589s] Level 5:colcon.colcon_core.verb:set package 'urg_node2' build argument 'cmake_args' from command line to 'None'
[0.589s] Level 5:colcon.colcon_core.verb:set package 'urg_node2' build argument 'cmake_target' from command line to 'None'
[0.589s] Level 5:colcon.colcon_core.verb:set package 'urg_node2' build argument 'cmake_target_skip_unavailable' from command line to 'False'
[0.589s] Level 5:colcon.colcon_core.verb:set package 'urg_node2' build argument 'cmake_clean_cache' from command line to 'False'
[0.589s] Level 5:colcon.colcon_core.verb:set package 'urg_node2' build argument 'cmake_clean_first' from command line to 'False'
[0.589s] Level 5:colcon.colcon_core.verb:set package 'urg_node2' build argument 'cmake_force_configure' from command line to 'False'
[0.589s] Level 5:colcon.colcon_core.verb:set package 'urg_node2' build argument 'ament_cmake_args' from command line to 'None'
[0.589s] Level 5:colcon.colcon_core.verb:set package 'urg_node2' build argument 'catkin_cmake_args' from command line to 'None'
[0.589s] Level 5:colcon.colcon_core.verb:set package 'urg_node2' build argument 'catkin_skip_building_tests' from command line to 'False'
[0.589s] DEBUG:colcon.colcon_core.verb:Building package 'urg_node2' with the following arguments: {'ament_cmake_args': None, 'build_base': '/home/mpinho/proj_ws/src/build/urg_node2', 'catkin_cmake_args': None, 'catkin_skip_building_tests': False, 'cmake_args': None, 'cmake_clean_cache': False, 'cmake_clean_first': False, 'cmake_force_configure': False, 'cmake_target': None, 'cmake_target_skip_unavailable': False, 'install_base': '/home/mpinho/proj_ws/src/install/urg_node2', 'merge_install': False, 'path': '/home/mpinho/proj_ws/src/urg_node2', 'symlink_install': True, 'test_result_base': None}
[0.589s] Level 5:colcon.colcon_core.verb:set package 'diffdrive_arduino' build argument 'cmake_args' from command line to 'None'
[0.589s] Level 5:colcon.colcon_core.verb:set package 'diffdrive_arduino' build argument 'cmake_target' from command line to 'None'
[0.589s] Level 5:colcon.colcon_core.verb:set package 'diffdrive_arduino' build argument 'cmake_target_skip_unavailable' from command line to 'False'
[0.589s] Level 5:colcon.colcon_core.verb:set package 'diffdrive_arduino' build argument 'cmake_clean_cache' from command line to 'False'
[0.590s] Level 5:colcon.colcon_core.verb:set package 'diffdrive_arduino' build argument 'cmake_clean_first' from command line to 'False'
[0.590s] Level 5:colcon.colcon_core.verb:set package 'diffdrive_arduino' build argument 'cmake_force_configure' from command line to 'False'
[0.590s] Level 5:colcon.colcon_core.verb:set package 'diffdrive_arduino' build argument 'ament_cmake_args' from command line to 'None'
[0.590s] Level 5:colcon.colcon_core.verb:set package 'diffdrive_arduino' build argument 'catkin_cmake_args' from command line to 'None'
[0.590s] Level 5:colcon.colcon_core.verb:set package 'diffdrive_arduino' build argument 'catkin_skip_building_tests' from command line to 'False'
[0.590s] DEBUG:colcon.colcon_core.verb:Building package 'diffdrive_arduino' with the following arguments: {'ament_cmake_args': None, 'build_base': '/home/mpinho/proj_ws/src/build/diffdrive_arduino', 'catkin_cmake_args': None, 'catkin_skip_building_tests': False, 'cmake_args': None, 'cmake_clean_cache': False, 'cmake_clean_first': False, 'cmake_force_configure': False, 'cmake_target': None, 'cmake_target_skip_unavailable': False, 'install_base': '/home/mpinho/proj_ws/src/install/diffdrive_arduino', 'merge_install': False, 'path': '/home/mpinho/proj_ws/src/diffdrive_arduino', 'symlink_install': True, 'test_result_base': None}
[0.590s] Level 5:colcon.colcon_core.verb:set package 'serial_motor_demo' build argument 'cmake_args' from command line to 'None'
[0.590s] Level 5:colcon.colcon_core.verb:set package 'serial_motor_demo' build argument 'cmake_target' from command line to 'None'
[0.590s] Level 5:colcon.colcon_core.verb:set package 'serial_motor_demo' build argument 'cmake_target_skip_unavailable' from command line to 'False'
[0.590s] Level 5:colcon.colcon_core.verb:set package 'serial_motor_demo' build argument 'cmake_clean_cache' from command line to 'False'
[0.590s] Level 5:colcon.colcon_core.verb:set package 'serial_motor_demo' build argument 'cmake_clean_first' from command line to 'False'
[0.590s] Level 5:colcon.colcon_core.verb:set package 'serial_motor_demo' build argument 'cmake_force_configure' from command line to 'False'
[0.590s] Level 5:colcon.colcon_core.verb:set package 'serial_motor_demo' build argument 'ament_cmake_args' from command line to 'None'
[0.590s] Level 5:colcon.colcon_core.verb:set package 'serial_motor_demo' build argument 'catkin_cmake_args' from command line to 'None'
[0.590s] Level 5:colcon.colcon_core.verb:set package 'serial_motor_demo' build argument 'catkin_skip_building_tests' from command line to 'False'
[0.590s] DEBUG:colcon.colcon_core.verb:Building package 'serial_motor_demo' with the following arguments: {'ament_cmake_args': None, 'build_base': '/home/mpinho/proj_ws/src/build/serial_motor_demo', 'catkin_cmake_args': None, 'catkin_skip_building_tests': False, 'cmake_args': None, 'cmake_clean_cache': False, 'cmake_clean_first': False, 'cmake_force_configure': False, 'cmake_target': None, 'cmake_target_skip_unavailable': False, 'install_base': '/home/mpinho/proj_ws/src/install/serial_motor_demo', 'merge_install': False, 'path': '/home/mpinho/proj_ws/src/serial_motor_demo/serial_motor_demo', 'symlink_install': True, 'test_result_base': None}
[0.591s] INFO:colcon.colcon_core.executor:Executing jobs using 'parallel' executor
[0.592s] DEBUG:colcon.colcon_parallel_executor.executor.parallel:run_until_complete
[0.593s] INFO:colcon.colcon_ros.task.ament_cmake.build:Building ROS package in '/home/mpinho/proj_ws/src/serial' with build type 'ament_cmake'
[0.593s] INFO:colcon.colcon_cmake.task.cmake.build:Building CMake package in '/home/mpinho/proj_ws/src/serial'
[0.596s] INFO:colcon.colcon_core.plugin_system:Skipping extension 'colcon_core.shell.bat': Not used on non-Windows systems
[0.596s] INFO:colcon.colcon_core.shell:Skip shell extension 'powershell' for command environment: Not usable outside of PowerShell
[0.596s] DEBUG:colcon.colcon_core.shell:Skip shell extension 'dsv' for command environment
[0.602s] INFO:colcon.colcon_ros.task.ament_cmake.build:Building ROS package in '/home/mpinho/proj_ws/src/serial_motor_demo/serial_motor_demo_msgs' with build type 'ament_cmake'
[0.603s] INFO:colcon.colcon_cmake.task.cmake.build:Building CMake package in '/home/mpinho/proj_ws/src/serial_motor_demo/serial_motor_demo_msgs'
[0.603s] INFO:colcon.colcon_core.shell:Skip shell extension 'powershell' for command environment: Not usable outside of PowerShell
[0.603s] DEBUG:colcon.colcon_core.shell:Skip shell extension 'dsv' for command environment
[0.610s] INFO:colcon.colcon_ros.task.ament_cmake.build:Building ROS package in '/home/mpinho/proj_ws/src/msc_aut_vehicles' with build type 'ament_cmake'
[0.610s] INFO:colcon.colcon_cmake.task.cmake.build:Building CMake package in '/home/mpinho/proj_ws/src/msc_aut_vehicles'
[0.611s] INFO:colcon.colcon_core.shell:Skip shell extension 'powershell' for command environment: Not usable outside of PowerShell
[0.611s] DEBUG:colcon.colcon_core.shell:Skip shell extension 'dsv' for command environment
[0.618s] INFO:colcon.colcon_ros.task.ament_cmake.build:Building ROS package in '/home/mpinho/proj_ws/src/urg_node2' with build type 'ament_cmake'
[0.619s] INFO:colcon.colcon_cmake.task.cmake.build:Building CMake package in '/home/mpinho/proj_ws/src/urg_node2'
[0.619s] INFO:colcon.colcon_core.shell:Skip shell extension 'powershell' for command environment: Not usable outside of PowerShell
[0.619s] DEBUG:colcon.colcon_core.shell:Skip shell extension 'dsv' for command environment
[0.637s] DEBUG:colcon.colcon_core.event_handler.log_command:Invoking command in '/home/mpinho/proj_ws/src/build/serial': CMAKE_PREFIX_PATH=${CMAKE_PREFIX_PATH}:/opt/ros/humble /usr/bin/cmake --build /home/mpinho/proj_ws/src/build/serial -- -j8 -l8
[0.643s] DEBUG:colcon.colcon_core.event_handler.log_command:Invoking command in '/home/mpinho/proj_ws/src/build/serial_motor_demo_msgs': CMAKE_PREFIX_PATH=${CMAKE_PREFIX_PATH}:/opt/ros/humble /usr/bin/cmake --build /home/mpinho/proj_ws/src/build/serial_motor_demo_msgs -- -j8 -l8
[0.651s] DEBUG:colcon.colcon_core.event_handler.log_command:Invoking command in '/home/mpinho/proj_ws/src/build/msc_aut_vehicles': CMAKE_PREFIX_PATH=${CMAKE_PREFIX_PATH}:/opt/ros/humble /usr/bin/cmake --build /home/mpinho/proj_ws/src/build/msc_aut_vehicles -- -j8 -l8
[0.665s] DEBUG:colcon.colcon_core.event_handler.log_command:Invoking command in '/home/mpinho/proj_ws/src/build/urg_node2': CMAKE_PREFIX_PATH=${CMAKE_PREFIX_PATH}:/opt/ros/humble /usr/bin/cmake --build /home/mpinho/proj_ws/src/build/urg_node2 -- -j8 -l8
[1.070s] DEBUG:colcon.colcon_core.event_handler.log_command:Invoked command in '/home/mpinho/proj_ws/src/build/serial' returned '0': CMAKE_PREFIX_PATH=${CMAKE_PREFIX_PATH}:/opt/ros/humble /usr/bin/cmake --build /home/mpinho/proj_ws/src/build/serial -- -j8 -l8
[1.113s] DEBUG:colcon.colcon_core.event_handler.log_command:Invoked command in '/home/mpinho/proj_ws/src/build/urg_node2' returned '0': CMAKE_PREFIX_PATH=${CMAKE_PREFIX_PATH}:/opt/ros/humble /usr/bin/cmake --build /home/mpinho/proj_ws/src/build/urg_node2 -- -j8 -l8
[1.199s] DEBUG:colcon.colcon_core.event_handler.log_command:Invoking command in '/home/mpinho/proj_ws/src/build/serial': CMAKE_PREFIX_PATH=${CMAKE_PREFIX_PATH}:/opt/ros/humble /usr/bin/cmake --install /home/mpinho/proj_ws/src/build/serial
[1.266s] DEBUG:colcon.colcon_core.event_handler.log_command:Invoking command in '/home/mpinho/proj_ws/src/build/urg_node2': CMAKE_PREFIX_PATH=${CMAKE_PREFIX_PATH}:/opt/ros/humble /usr/bin/cmake --install /home/mpinho/proj_ws/src/build/urg_node2
[1.269s] Level 1:colcon.colcon_core.environment:create_environment_scripts_only(serial)
[1.274s] Level 1:colcon.colcon_core.environment:checking '/home/mpinho/proj_ws/src/install/serial' for CMake module files
[1.276s] Level 1:colcon.colcon_core.environment:checking '/home/mpinho/proj_ws/src/install/serial' for CMake config files
[1.276s] DEBUG:colcon.colcon_core.event_handler.log_command:Invoked command in '/home/mpinho/proj_ws/src/build/serial' returned '0': CMAKE_PREFIX_PATH=${CMAKE_PREFIX_PATH}:/opt/ros/humble /usr/bin/cmake --install /home/mpinho/proj_ws/src/build/serial
[1.278s] Level 1:colcon.colcon_core.shell:create_environment_hook('serial', 'cmake_prefix_path')
[1.279s] INFO:colcon.colcon_core.shell:Creating environment hook '/home/mpinho/proj_ws/src/install/serial/share/serial/hook/cmake_prefix_path.ps1'
[1.281s] INFO:colcon.colcon_core.shell:Creating environment descriptor '/home/mpinho/proj_ws/src/install/serial/share/serial/hook/cmake_prefix_path.dsv'
[1.282s] INFO:colcon.colcon_core.shell:Creating environment hook '/home/mpinho/proj_ws/src/install/serial/share/serial/hook/cmake_prefix_path.sh'
[1.284s] Level 1:colcon.colcon_core.environment:checking '/home/mpinho/proj_ws/src/install/serial/lib'
[1.286s] Level 1:colcon.colcon_core.environment:checking '/home/mpinho/proj_ws/src/install/serial/bin'
[1.286s] Level 1:colcon.colcon_core.environment:checking '/home/mpinho/proj_ws/src/install/serial/lib/pkgconfig/serial.pc'
[1.287s] Level 1:colcon.colcon_core.environment:checking '/home/mpinho/proj_ws/src/install/serial/lib/python3.10/site-packages'
[1.288s] Level 1:colcon.colcon_core.environment:checking '/home/mpinho/proj_ws/src/install/serial/bin'
[1.289s] INFO:colcon.colcon_core.shell:Creating package script '/home/mpinho/proj_ws/src/install/serial/share/serial/package.ps1'
[1.294s] INFO:colcon.colcon_core.shell:Creating package descriptor '/home/mpinho/proj_ws/src/install/serial/share/serial/package.dsv'
[1.296s] INFO:colcon.colcon_core.shell:Creating package script '/home/mpinho/proj_ws/src/install/serial/share/serial/package.sh'
[1.298s] INFO:colcon.colcon_core.shell:Creating package script '/home/mpinho/proj_ws/src/install/serial/share/serial/package.bash'
[1.300s] INFO:colcon.colcon_core.shell:Creating package script '/home/mpinho/proj_ws/src/install/serial/share/serial/package.zsh'
[1.302s] Level 1:colcon.colcon_core.environment:create_file_with_runtime_dependencies(/home/mpinho/proj_ws/src/install/serial/share/colcon-core/packages/serial)
[1.314s] Level 1:colcon.colcon_core.environment:create_environment_scripts_only(urg_node2)
[1.315s] Level 1:colcon.colcon_core.environment:checking '/home/mpinho/proj_ws/src/install/urg_node2' for CMake module files
[1.315s] DEBUG:colcon.colcon_core.event_handler.log_command:Invoked command in '/home/mpinho/proj_ws/src/build/urg_node2' returned '0': CMAKE_PREFIX_PATH=${CMAKE_PREFIX_PATH}:/opt/ros/humble /usr/bin/cmake --install /home/mpinho/proj_ws/src/build/urg_node2
[1.316s] Level 1:colcon.colcon_core.environment:checking '/home/mpinho/proj_ws/src/install/urg_node2' for CMake config files
[1.318s] Level 1:colcon.colcon_core.shell:create_environment_hook('urg_node2', 'cmake_prefix_path')
[1.318s] INFO:colcon.colcon_core.shell:Creating environment hook '/home/mpinho/proj_ws/src/install/urg_node2/share/urg_node2/hook/cmake_prefix_path.ps1'
[1.319s] INFO:colcon.colcon_core.shell:Creating environment descriptor '/home/mpinho/proj_ws/src/install/urg_node2/share/urg_node2/hook/cmake_prefix_path.dsv'
[1.320s] INFO:colcon.colcon_core.shell:Creating environment hook '/home/mpinho/proj_ws/src/install/urg_node2/share/urg_node2/hook/cmake_prefix_path.sh'
[1.321s] Level 1:colcon.colcon_core.environment:checking '/home/mpinho/proj_ws/src/install/urg_node2/lib'
[1.322s] Level 1:colcon.colcon_core.shell:create_environment_hook('urg_node2', 'ld_library_path_lib')
[1.322s] INFO:colcon.colcon_core.shell:Creating environment hook '/home/mpinho/proj_ws/src/install/urg_node2/share/urg_node2/hook/ld_library_path_lib.ps1'
[1.323s] INFO:colcon.colcon_core.shell:Creating environment descriptor '/home/mpinho/proj_ws/src/install/urg_node2/share/urg_node2/hook/ld_library_path_lib.dsv'
[1.324s] INFO:colcon.colcon_core.shell:Creating environment hook '/home/mpinho/proj_ws/src/install/urg_node2/share/urg_node2/hook/ld_library_path_lib.sh'
[1.325s] Level 1:colcon.colcon_core.environment:checking '/home/mpinho/proj_ws/src/install/urg_node2/bin'
[1.325s] Level 1:colcon.colcon_core.environment:checking '/home/mpinho/proj_ws/src/install/urg_node2/lib/pkgconfig/urg_node2.pc'
[1.326s] Level 1:colcon.colcon_core.environment:checking '/home/mpinho/proj_ws/src/install/urg_node2/lib/python3.10/site-packages'
[1.327s] Level 1:colcon.colcon_core.environment:checking '/home/mpinho/proj_ws/src/install/urg_node2/bin'
[1.328s] INFO:colcon.colcon_core.shell:Creating package script '/home/mpinho/proj_ws/src/install/urg_node2/share/urg_node2/package.ps1'
[1.329s] INFO:colcon.colcon_core.shell:Creating package descriptor '/home/mpinho/proj_ws/src/install/urg_node2/share/urg_node2/package.dsv'
[1.330s] INFO:colcon.colcon_core.shell:Creating package script '/home/mpinho/proj_ws/src/install/urg_node2/share/urg_node2/package.sh'
[1.331s] INFO:colcon.colcon_core.shell:Creating package script '/home/mpinho/proj_ws/src/install/urg_node2/share/urg_node2/package.bash'
[1.332s] INFO:colcon.colcon_core.shell:Creating package script '/home/mpinho/proj_ws/src/install/urg_node2/share/urg_node2/package.zsh'
[1.333s] Level 1:colcon.colcon_core.environment:create_file_with_runtime_dependencies(/home/mpinho/proj_ws/src/install/urg_node2/share/colcon-core/packages/urg_node2)
[1.391s] Level 1:colcon.colcon_core.environment:create_environment_scripts_only(serial)
[1.392s] Level 1:colcon.colcon_core.environment:checking '/home/mpinho/proj_ws/src/install/serial' for CMake module files
[1.393s] Level 1:colcon.colcon_core.environment:checking '/home/mpinho/proj_ws/src/install/serial' for CMake config files
[1.394s] Level 1:colcon.colcon_core.shell:create_environment_hook('serial', 'cmake_prefix_path')
[1.395s] INFO:colcon.colcon_core.shell:Creating environment hook '/home/mpinho/proj_ws/src/install/serial/share/serial/hook/cmake_prefix_path.ps1'
[1.396s] INFO:colcon.colcon_core.shell:Creating environment descriptor '/home/mpinho/proj_ws/src/install/serial/share/serial/hook/cmake_prefix_path.dsv'
[1.397s] INFO:colcon.colcon_core.shell:Creating environment hook '/home/mpinho/proj_ws/src/install/serial/share/serial/hook/cmake_prefix_path.sh'
[1.399s] Level 1:colcon.colcon_core.environment:checking '/home/mpinho/proj_ws/src/install/serial/lib'
[1.399s] Level 1:colcon.colcon_core.environment:checking '/home/mpinho/proj_ws/src/install/serial/bin'
[1.399s] Level 1:colcon.colcon_core.environment:checking '/home/mpinho/proj_ws/src/install/serial/lib/pkgconfig/serial.pc'
[1.400s] Level 1:colcon.colcon_core.environment:checking '/home/mpinho/proj_ws/src/install/serial/lib/python3.10/site-packages'
[1.400s] Level 1:colcon.colcon_core.environment:checking '/home/mpinho/proj_ws/src/install/serial/bin'
[1.401s] INFO:colcon.colcon_core.shell:Creating package script '/home/mpinho/proj_ws/src/install/serial/share/serial/package.ps1'
[1.402s] INFO:colcon.colcon_core.shell:Creating package descriptor '/home/mpinho/proj_ws/src/install/serial/share/serial/package.dsv'
[1.404s] INFO:colcon.colcon_core.shell:Creating package script '/home/mpinho/proj_ws/src/install/serial/share/serial/package.sh'
[1.405s] INFO:colcon.colcon_core.shell:Creating package script '/home/mpinho/proj_ws/src/install/serial/share/serial/package.bash'
[1.406s] INFO:colcon.colcon_core.shell:Creating package script '/home/mpinho/proj_ws/src/install/serial/share/serial/package.zsh'
[1.407s] Level 1:colcon.colcon_core.environment:create_file_with_runtime_dependencies(/home/mpinho/proj_ws/src/install/serial/share/colcon-core/packages/serial)
[1.408s] INFO:colcon.colcon_ros.task.ament_cmake.build:Building ROS package in '/home/mpinho/proj_ws/src/diffdrive_arduino' with build type 'ament_cmake'
[1.408s] INFO:colcon.colcon_cmake.task.cmake.build:Building CMake package in '/home/mpinho/proj_ws/src/diffdrive_arduino'
[1.409s] INFO:colcon.colcon_core.shell:Skip shell extension 'powershell' for command environment: Not usable outside of PowerShell
[1.409s] DEBUG:colcon.colcon_core.shell:Skip shell extension 'dsv' for command environment
[1.445s] DEBUG:colcon.colcon_core.event_handler.log_command:Invoking command in '/home/mpinho/proj_ws/src/build/diffdrive_arduino': AMENT_PREFIX_PATH=/home/mpinho/proj_ws/src/install/serial:${AMENT_PREFIX_PATH} CMAKE_PREFIX_PATH=/home/mpinho/proj_ws/src/install/serial:/home/mpinho/proj_ws/install/urg_node2:/home/mpinho/proj_ws/install/diffdrive_arduino:/home/mpinho/proj_ws/install/serial:/home/mpinho/proj_ws/install/msc_aut_vehicles:/opt/ros/humble LD_LIBRARY_PATH=/home/mpinho/proj_ws/src/install/serial/lib:${LD_LIBRARY_PATH} /usr/bin/cmake --build /home/mpinho/proj_ws/src/build/diffdrive_arduino -- -j8 -l8
[1.469s] Level 1:colcon.colcon_core.environment:create_environment_scripts_only(urg_node2)
[1.469s] Level 1:colcon.colcon_core.environment:checking '/home/mpinho/proj_ws/src/install/urg_node2' for CMake module files
[1.470s] Level 1:colcon.colcon_core.environment:checking '/home/mpinho/proj_ws/src/install/urg_node2' for CMake config files
[1.471s] Level 1:colcon.colcon_core.shell:create_environment_hook('urg_node2', 'cmake_prefix_path')
[1.472s] INFO:colcon.colcon_core.shell:Creating environment hook '/home/mpinho/proj_ws/src/install/urg_node2/share/urg_node2/hook/cmake_prefix_path.ps1'
[1.473s] INFO:colcon.colcon_core.shell:Creating environment descriptor '/home/mpinho/proj_ws/src/install/urg_node2/share/urg_node2/hook/cmake_prefix_path.dsv'
[1.474s] INFO:colcon.colcon_core.shell:Creating environment hook '/home/mpinho/proj_ws/src/install/urg_node2/share/urg_node2/hook/cmake_prefix_path.sh'
[1.475s] Level 1:colcon.colcon_core.environment:checking '/home/mpinho/proj_ws/src/install/urg_node2/lib'
[1.476s] Level 1:colcon.colcon_core.shell:create_environment_hook('urg_node2', 'ld_library_path_lib')
[1.476s] INFO:colcon.colcon_core.shell:Creating environment hook '/home/mpinho/proj_ws/src/install/urg_node2/share/urg_node2/hook/ld_library_path_lib.ps1'
[1.477s] INFO:colcon.colcon_core.shell:Creating environment descriptor '/home/mpinho/proj_ws/src/install/urg_node2/share/urg_node2/hook/ld_library_path_lib.dsv'
[1.478s] INFO:colcon.colcon_core.shell:Creating environment hook '/home/mpinho/proj_ws/src/install/urg_node2/share/urg_node2/hook/ld_library_path_lib.sh'
[1.479s] Level 1:colcon.colcon_core.environment:checking '/home/mpinho/proj_ws/src/install/urg_node2/bin'
[1.479s] Level 1:colcon.colcon_core.environment:checking '/home/mpinho/proj_ws/src/install/urg_node2/lib/pkgconfig/urg_node2.pc'
[1.480s] Level 1:colcon.colcon_core.environment:checking '/home/mpinho/proj_ws/src/install/urg_node2/lib/python3.10/site-packages'
[1.480s] Level 1:colcon.colcon_core.environment:checking '/home/mpinho/proj_ws/src/install/urg_node2/bin'
[1.481s] INFO:colcon.colcon_core.shell:Creating package script '/home/mpinho/proj_ws/src/install/urg_node2/share/urg_node2/package.ps1'
[1.483s] INFO:colcon.colcon_core.shell:Creating package descriptor '/home/mpinho/proj_ws/src/install/urg_node2/share/urg_node2/package.dsv'
[1.484s] INFO:colcon.colcon_core.shell:Creating package script '/home/mpinho/proj_ws/src/install/urg_node2/share/urg_node2/package.sh'
[1.485s] INFO:colcon.colcon_core.shell:Creating package script '/home/mpinho/proj_ws/src/install/urg_node2/share/urg_node2/package.bash'
[1.486s] INFO:colcon.colcon_core.shell:Creating package script '/home/mpinho/proj_ws/src/install/urg_node2/share/urg_node2/package.zsh'
[1.487s] Level 1:colcon.colcon_core.environment:create_file_with_runtime_dependencies(/home/mpinho/proj_ws/src/install/urg_node2/share/colcon-core/packages/urg_node2)
[1.616s] DEBUG:colcon.colcon_core.event_handler.log_command:Invoked command in '/home/mpinho/proj_ws/src/build/diffdrive_arduino' returned '0': AMENT_PREFIX_PATH=/home/mpinho/proj_ws/src/install/serial:${AMENT_PREFIX_PATH} CMAKE_PREFIX_PATH=/home/mpinho/proj_ws/src/install/serial:/home/mpinho/proj_ws/install/urg_node2:/home/mpinho/proj_ws/install/diffdrive_arduino:/home/mpinho/proj_ws/install/serial:/home/mpinho/proj_ws/install/msc_aut_vehicles:/opt/ros/humble LD_LIBRARY_PATH=/home/mpinho/proj_ws/src/install/serial/lib:${LD_LIBRARY_PATH} /usr/bin/cmake --build /home/mpinho/proj_ws/src/build/diffdrive_arduino -- -j8 -l8
[1.699s] DEBUG:colcon.colcon_core.event_handler.log_command:Invoking command in '/home/mpinho/proj_ws/src/build/diffdrive_arduino': AMENT_PREFIX_PATH=/home/mpinho/proj_ws/src/install/serial:${AMENT_PREFIX_PATH} CMAKE_PREFIX_PATH=/home/mpinho/proj_ws/src/install/serial:/home/mpinho/proj_ws/install/urg_node2:/home/mpinho/proj_ws/install/diffdrive_arduino:/home/mpinho/proj_ws/install/serial:/home/mpinho/proj_ws/install/msc_aut_vehicles:/opt/ros/humble LD_LIBRARY_PATH=/home/mpinho/proj_ws/src/install/serial/lib:${LD_LIBRARY_PATH} /usr/bin/cmake --install /home/mpinho/proj_ws/src/build/diffdrive_arduino
[1.730s] DEBUG:colcon.colcon_core.event_handler.log_command:Invoked command in '/home/mpinho/proj_ws/src/build/msc_aut_vehicles' returned '0': CMAKE_PREFIX_PATH=${CMAKE_PREFIX_PATH}:/opt/ros/humble /usr/bin/cmake --build /home/mpinho/proj_ws/src/build/msc_aut_vehicles -- -j8 -l8
[1.743s] Level 1:colcon.colcon_core.environment:create_environment_scripts_only(diffdrive_arduino)
[1.744s] DEBUG:colcon.colcon_core.event_handler.log_command:Invoked command in '/home/mpinho/proj_ws/src/build/diffdrive_arduino' returned '0': AMENT_PREFIX_PATH=/home/mpinho/proj_ws/src/install/serial:${AMENT_PREFIX_PATH} CMAKE_PREFIX_PATH=/home/mpinho/proj_ws/src/install/serial:/home/mpinho/proj_ws/install/urg_node2:/home/mpinho/proj_ws/install/diffdrive_arduino:/home/mpinho/proj_ws/install/serial:/home/mpinho/proj_ws/install/msc_aut_vehicles:/opt/ros/humble LD_LIBRARY_PATH=/home/mpinho/proj_ws/src/install/serial/lib:${LD_LIBRARY_PATH} /usr/bin/cmake --install /home/mpinho/proj_ws/src/build/diffdrive_arduino
[1.744s] Level 1:colcon.colcon_core.environment:checking '/home/mpinho/proj_ws/src/install/diffdrive_arduino' for CMake module files
[1.746s] Level 1:colcon.colcon_core.environment:checking '/home/mpinho/proj_ws/src/install/diffdrive_arduino' for CMake config files
[1.747s] Level 1:colcon.colcon_core.shell:create_environment_hook('diffdrive_arduino', 'cmake_prefix_path')
[1.748s] INFO:colcon.colcon_core.shell:Creating environment hook '/home/mpinho/proj_ws/src/install/diffdrive_arduino/share/diffdrive_arduino/hook/cmake_prefix_path.ps1'
[1.749s] INFO:colcon.colcon_core.shell:Creating environment descriptor '/home/mpinho/proj_ws/src/install/diffdrive_arduino/share/diffdrive_arduino/hook/cmake_prefix_path.dsv'
[1.750s] INFO:colcon.colcon_core.shell:Creating environment hook '/home/mpinho/proj_ws/src/install/diffdrive_arduino/share/diffdrive_arduino/hook/cmake_prefix_path.sh'
[1.751s] Level 1:colcon.colcon_core.environment:checking '/home/mpinho/proj_ws/src/install/diffdrive_arduino/lib'
[1.751s] Level 1:colcon.colcon_core.shell:create_environment_hook('diffdrive_arduino', 'ld_library_path_lib')
[1.752s] INFO:colcon.colcon_core.shell:Creating environment hook '/home/mpinho/proj_ws/src/install/diffdrive_arduino/share/diffdrive_arduino/hook/ld_library_path_lib.ps1'
[1.753s] INFO:colcon.colcon_core.shell:Creating environment descriptor '/home/mpinho/proj_ws/src/install/diffdrive_arduino/share/diffdrive_arduino/hook/ld_library_path_lib.dsv'
[1.753s] INFO:colcon.colcon_core.shell:Creating environment hook '/home/mpinho/proj_ws/src/install/diffdrive_arduino/share/diffdrive_arduino/hook/ld_library_path_lib.sh'
[1.754s] Level 1:colcon.colcon_core.environment:checking '/home/mpinho/proj_ws/src/install/diffdrive_arduino/bin'
[1.755s] Level 1:colcon.colcon_core.environment:checking '/home/mpinho/proj_ws/src/install/diffdrive_arduino/lib/pkgconfig/diffdrive_arduino.pc'
[1.755s] Level 1:colcon.colcon_core.environment:checking '/home/mpinho/proj_ws/src/install/diffdrive_arduino/lib/python3.10/site-packages'
[1.756s] Level 1:colcon.colcon_core.environment:checking '/home/mpinho/proj_ws/src/install/diffdrive_arduino/bin'
[1.757s] INFO:colcon.colcon_core.shell:Creating package script '/home/mpinho/proj_ws/src/install/diffdrive_arduino/share/diffdrive_arduino/package.ps1'
[1.758s] INFO:colcon.colcon_core.shell:Creating package descriptor '/home/mpinho/proj_ws/src/install/diffdrive_arduino/share/diffdrive_arduino/package.dsv'
[1.759s] INFO:colcon.colcon_core.shell:Creating package script '/home/mpinho/proj_ws/src/install/diffdrive_arduino/share/diffdrive_arduino/package.sh'
[1.760s] INFO:colcon.colcon_core.shell:Creating package script '/home/mpinho/proj_ws/src/install/diffdrive_arduino/share/diffdrive_arduino/package.bash'
[1.760s] INFO:colcon.colcon_core.shell:Creating package script '/home/mpinho/proj_ws/src/install/diffdrive_arduino/share/diffdrive_arduino/package.zsh'
[1.761s] Level 1:colcon.colcon_core.environment:create_file_with_runtime_dependencies(/home/mpinho/proj_ws/src/install/diffdrive_arduino/share/colcon-core/packages/diffdrive_arduino)
[1.768s] DEBUG:colcon.colcon_core.event_handler.log_command:Invoked command in '/home/mpinho/proj_ws/src/build/serial_motor_demo_msgs' returned '0': CMAKE_PREFIX_PATH=${CMAKE_PREFIX_PATH}:/opt/ros/humble /usr/bin/cmake --build /home/mpinho/proj_ws/src/build/serial_motor_demo_msgs -- -j8 -l8
[1.794s] DEBUG:colcon.colcon_core.event_handler.log_command:Invoking command in '/home/mpinho/proj_ws/src/build/msc_aut_vehicles': CMAKE_PREFIX_PATH=${CMAKE_PREFIX_PATH}:/opt/ros/humble /usr/bin/cmake --install /home/mpinho/proj_ws/src/build/msc_aut_vehicles
[1.843s] Level 1:colcon.colcon_core.environment:create_environment_scripts_only(diffdrive_arduino)
[1.843s] Level 1:colcon.colcon_core.environment:checking '/home/mpinho/proj_ws/src/install/diffdrive_arduino' for CMake module files
[1.845s] Level 1:colcon.colcon_core.environment:checking '/home/mpinho/proj_ws/src/install/diffdrive_arduino' for CMake config files
[1.846s] Level 1:colcon.colcon_core.shell:create_environment_hook('diffdrive_arduino', 'cmake_prefix_path')
[1.847s] INFO:colcon.colcon_core.shell:Creating environment hook '/home/mpinho/proj_ws/src/install/diffdrive_arduino/share/diffdrive_arduino/hook/cmake_prefix_path.ps1'
[1.848s] INFO:colcon.colcon_core.shell:Creating environment descriptor '/home/mpinho/proj_ws/src/install/diffdrive_arduino/share/diffdrive_arduino/hook/cmake_prefix_path.dsv'
[1.849s] INFO:colcon.colcon_core.shell:Creating environment hook '/home/mpinho/proj_ws/src/install/diffdrive_arduino/share/diffdrive_arduino/hook/cmake_prefix_path.sh'
[1.851s] Level 1:colcon.colcon_core.environment:checking '/home/mpinho/proj_ws/src/install/diffdrive_arduino/lib'
[1.851s] Level 1:colcon.colcon_core.shell:create_environment_hook('diffdrive_arduino', 'ld_library_path_lib')
[1.852s] INFO:colcon.colcon_core.shell:Creating environment hook '/home/mpinho/proj_ws/src/install/diffdrive_arduino/share/diffdrive_arduino/hook/ld_library_path_lib.ps1'
[1.853s] INFO:colcon.colcon_core.shell:Creating environment descriptor '/home/mpinho/proj_ws/src/install/diffdrive_arduino/share/diffdrive_arduino/hook/ld_library_path_lib.dsv'
[1.854s] INFO:colcon.colcon_core.shell:Creating environment hook '/home/mpinho/proj_ws/src/install/diffdrive_arduino/share/diffdrive_arduino/hook/ld_library_path_lib.sh'
[1.857s] Level 1:colcon.colcon_core.environment:checking '/home/mpinho/proj_ws/src/install/diffdrive_arduino/bin'
[1.857s] Level 1:colcon.colcon_core.environment:checking '/home/mpinho/proj_ws/src/install/diffdrive_arduino/lib/pkgconfig/diffdrive_arduino.pc'
[1.858s] Level 1:colcon.colcon_core.environment:checking '/home/mpinho/proj_ws/src/install/diffdrive_arduino/lib/python3.10/site-packages'
[1.858s] Level 1:colcon.colcon_core.environment:checking '/home/mpinho/proj_ws/src/install/diffdrive_arduino/bin'
[1.859s] INFO:colcon.colcon_core.shell:Creating package script '/home/mpinho/proj_ws/src/install/diffdrive_arduino/share/diffdrive_arduino/package.ps1'
[1.860s] INFO:colcon.colcon_core.shell:Creating package descriptor '/home/mpinho/proj_ws/src/install/diffdrive_arduino/share/diffdrive_arduino/package.dsv'
[1.862s] INFO:colcon.colcon_core.shell:Creating package script '/home/mpinho/proj_ws/src/install/diffdrive_arduino/share/diffdrive_arduino/package.sh'
[1.863s] INFO:colcon.colcon_core.shell:Creating package script '/home/mpinho/proj_ws/src/install/diffdrive_arduino/share/diffdrive_arduino/package.bash'
[1.864s] INFO:colcon.colcon_core.shell:Creating package script '/home/mpinho/proj_ws/src/install/diffdrive_arduino/share/diffdrive_arduino/package.zsh'
[1.866s] Level 1:colcon.colcon_core.environment:create_file_with_runtime_dependencies(/home/mpinho/proj_ws/src/install/diffdrive_arduino/share/colcon-core/packages/diffdrive_arduino)
[1.940s] Level 1:colcon.colcon_core.environment:create_environment_scripts_only(msc_aut_vehicles)
[1.940s] Level 1:colcon.colcon_core.environment:checking '/home/mpinho/proj_ws/src/install/msc_aut_vehicles' for CMake module files
[1.942s] DEBUG:colcon.colcon_core.event_handler.log_command:Invoked command in '/home/mpinho/proj_ws/src/build/msc_aut_vehicles' returned '0': CMAKE_PREFIX_PATH=${CMAKE_PREFIX_PATH}:/opt/ros/humble /usr/bin/cmake --install /home/mpinho/proj_ws/src/build/msc_aut_vehicles
[1.943s] Level 1:colcon.colcon_core.environment:checking '/home/mpinho/proj_ws/src/install/msc_aut_vehicles' for CMake config files
[1.944s] Level 1:colcon.colcon_core.shell:create_environment_hook('msc_aut_vehicles', 'cmake_prefix_path')
[1.945s] INFO:colcon.colcon_core.shell:Creating environment hook '/home/mpinho/proj_ws/src/install/msc_aut_vehicles/share/msc_aut_vehicles/hook/cmake_prefix_path.ps1'
[1.946s] INFO:colcon.colcon_core.shell:Creating environment descriptor '/home/mpinho/proj_ws/src/install/msc_aut_vehicles/share/msc_aut_vehicles/hook/cmake_prefix_path.dsv'
[1.947s] INFO:colcon.colcon_core.shell:Creating environment hook '/home/mpinho/proj_ws/src/install/msc_aut_vehicles/share/msc_aut_vehicles/hook/cmake_prefix_path.sh'
[1.948s] Level 1:colcon.colcon_core.environment:checking '/home/mpinho/proj_ws/src/install/msc_aut_vehicles/lib'
[1.949s] Level 1:colcon.colcon_core.environment:checking '/home/mpinho/proj_ws/src/install/msc_aut_vehicles/bin'
[1.949s] Level 1:colcon.colcon_core.environment:checking '/home/mpinho/proj_ws/src/install/msc_aut_vehicles/lib/pkgconfig/msc_aut_vehicles.pc'
[1.949s] Level 1:colcon.colcon_core.environment:checking '/home/mpinho/proj_ws/src/install/msc_aut_vehicles/lib/python3.10/site-packages'
[1.950s] Level 1:colcon.colcon_core.environment:checking '/home/mpinho/proj_ws/src/install/msc_aut_vehicles/bin'
[1.952s] INFO:colcon.colcon_core.shell:Creating package script '/home/mpinho/proj_ws/src/install/msc_aut_vehicles/share/msc_aut_vehicles/package.ps1'
[1.953s] INFO:colcon.colcon_core.shell:Creating package descriptor '/home/mpinho/proj_ws/src/install/msc_aut_vehicles/share/msc_aut_vehicles/package.dsv'
[1.954s] INFO:colcon.colcon_core.shell:Creating package script '/home/mpinho/proj_ws/src/install/msc_aut_vehicles/share/msc_aut_vehicles/package.sh'
[1.955s] INFO:colcon.colcon_core.shell:Creating package script '/home/mpinho/proj_ws/src/install/msc_aut_vehicles/share/msc_aut_vehicles/package.bash'
[1.956s] INFO:colcon.colcon_core.shell:Creating package script '/home/mpinho/proj_ws/src/install/msc_aut_vehicles/share/msc_aut_vehicles/package.zsh'
[1.957s] Level 1:colcon.colcon_core.environment:create_file_with_runtime_dependencies(/home/mpinho/proj_ws/src/install/msc_aut_vehicles/share/colcon-core/packages/msc_aut_vehicles)
[2.036s] Level 1:colcon.colcon_core.environment:create_environment_scripts_only(msc_aut_vehicles)
[2.037s] Level 1:colcon.colcon_core.environment:checking '/home/mpinho/proj_ws/src/install/msc_aut_vehicles' for CMake module files
[2.038s] Level 1:colcon.colcon_core.environment:checking '/home/mpinho/proj_ws/src/install/msc_aut_vehicles' for CMake config files
[2.040s] Level 1:colcon.colcon_core.shell:create_environment_hook('msc_aut_vehicles', 'cmake_prefix_path')
[2.041s] INFO:colcon.colcon_core.shell:Creating environment hook '/home/mpinho/proj_ws/src/install/msc_aut_vehicles/share/msc_aut_vehicles/hook/cmake_prefix_path.ps1'
[2.042s] INFO:colcon.colcon_core.shell:Creating environment descriptor '/home/mpinho/proj_ws/src/install/msc_aut_vehicles/share/msc_aut_vehicles/hook/cmake_prefix_path.dsv'
[2.043s] INFO:colcon.colcon_core.shell:Creating environment hook '/home/mpinho/proj_ws/src/install/msc_aut_vehicles/share/msc_aut_vehicles/hook/cmake_prefix_path.sh'
[2.045s] Level 1:colcon.colcon_core.environment:checking '/home/mpinho/proj_ws/src/install/msc_aut_vehicles/lib'
[2.045s] Level 1:colcon.colcon_core.environment:checking '/home/mpinho/proj_ws/src/install/msc_aut_vehicles/bin'
[2.045s] Level 1:colcon.colcon_core.environment:checking '/home/mpinho/proj_ws/src/install/msc_aut_vehicles/lib/pkgconfig/msc_aut_vehicles.pc'
[2.046s] Level 1:colcon.colcon_core.environment:checking '/home/mpinho/proj_ws/src/install/msc_aut_vehicles/lib/python3.10/site-packages'
[2.047s] Level 1:colcon.colcon_core.environment:checking '/home/mpinho/proj_ws/src/install/msc_aut_vehicles/bin'
[2.048s] INFO:colcon.colcon_core.shell:Creating package script '/home/mpinho/proj_ws/src/install/msc_aut_vehicles/share/msc_aut_vehicles/package.ps1'
[2.049s] INFO:colcon.colcon_core.shell:Creating package descriptor '/home/mpinho/proj_ws/src/install/msc_aut_vehicles/share/msc_aut_vehicles/package.dsv'
[2.051s] INFO:colcon.colcon_core.shell:Creating package script '/home/mpinho/proj_ws/src/install/msc_aut_vehicles/share/msc_aut_vehicles/package.sh'
[2.052s] INFO:colcon.colcon_core.shell:Creating package script '/home/mpinho/proj_ws/src/install/msc_aut_vehicles/share/msc_aut_vehicles/package.bash'
[2.053s] INFO:colcon.colcon_core.shell:Creating package script '/home/mpinho/proj_ws/src/install/msc_aut_vehicles/share/msc_aut_vehicles/package.zsh'
[2.054s] Level 1:colcon.colcon_core.environment:create_file_with_runtime_dependencies(/home/mpinho/proj_ws/src/install/msc_aut_vehicles/share/colcon-core/packages/msc_aut_vehicles)
[2.060s] DEBUG:colcon.colcon_core.event_handler.log_command:Invoking command in '/home/mpinho/proj_ws/src/build/serial_motor_demo_msgs': CMAKE_PREFIX_PATH=${CMAKE_PREFIX_PATH}:/opt/ros/humble /usr/bin/cmake --install /home/mpinho/proj_ws/src/build/serial_motor_demo_msgs
[2.266s] Level 1:colcon.colcon_core.environment:create_environment_scripts_only(serial_motor_demo_msgs)
[2.268s] Level 1:colcon.colcon_core.environment:checking '/home/mpinho/proj_ws/src/install/serial_motor_demo_msgs' for CMake module files
[2.268s] DEBUG:colcon.colcon_core.event_handler.log_command:Invoked command in '/home/mpinho/proj_ws/src/build/serial_motor_demo_msgs' returned '0': CMAKE_PREFIX_PATH=${CMAKE_PREFIX_PATH}:/opt/ros/humble /usr/bin/cmake --install /home/mpinho/proj_ws/src/build/serial_motor_demo_msgs
[2.271s] Level 1:colcon.colcon_core.environment:checking '/home/mpinho/proj_ws/src/install/serial_motor_demo_msgs' for CMake config files
[2.276s] Level 1:colcon.colcon_core.shell:create_environment_hook('serial_motor_demo_msgs', 'cmake_prefix_path')
[2.277s] INFO:colcon.colcon_core.shell:Creating environment hook '/home/mpinho/proj_ws/src/install/serial_motor_demo_msgs/share/serial_motor_demo_msgs/hook/cmake_prefix_path.ps1'
[2.283s] INFO:colcon.colcon_core.shell:Creating environment descriptor '/home/mpinho/proj_ws/src/install/serial_motor_demo_msgs/share/serial_motor_demo_msgs/hook/cmake_prefix_path.dsv'
[2.284s] INFO:colcon.colcon_core.shell:Creating environment hook '/home/mpinho/proj_ws/src/install/serial_motor_demo_msgs/share/serial_motor_demo_msgs/hook/cmake_prefix_path.sh'
[2.286s] Level 1:colcon.colcon_core.environment:checking '/home/mpinho/proj_ws/src/install/serial_motor_demo_msgs/lib'
[2.287s] Level 1:colcon.colcon_core.shell:create_environment_hook('serial_motor_demo_msgs', 'ld_library_path_lib')
[2.287s] INFO:colcon.colcon_core.shell:Creating environment hook '/home/mpinho/proj_ws/src/install/serial_motor_demo_msgs/share/serial_motor_demo_msgs/hook/ld_library_path_lib.ps1'
[2.291s] INFO:colcon.colcon_core.shell:Creating environment descriptor '/home/mpinho/proj_ws/src/install/serial_motor_demo_msgs/share/serial_motor_demo_msgs/hook/ld_library_path_lib.dsv'
[2.293s] INFO:colcon.colcon_core.shell:Creating environment hook '/home/mpinho/proj_ws/src/install/serial_motor_demo_msgs/share/serial_motor_demo_msgs/hook/ld_library_path_lib.sh'
[2.296s] Level 1:colcon.colcon_core.environment:checking '/home/mpinho/proj_ws/src/install/serial_motor_demo_msgs/bin'
[2.296s] Level 1:colcon.colcon_core.environment:checking '/home/mpinho/proj_ws/src/install/serial_motor_demo_msgs/lib/pkgconfig/serial_motor_demo_msgs.pc'
[2.297s] Level 1:colcon.colcon_core.environment:checking '/home/mpinho/proj_ws/src/install/serial_motor_demo_msgs/lib/python3.10/site-packages'
[2.297s] Level 1:colcon.colcon_core.environment:checking '/home/mpinho/proj_ws/src/install/serial_motor_demo_msgs/bin'
[2.298s] INFO:colcon.colcon_core.shell:Creating package script '/home/mpinho/proj_ws/src/install/serial_motor_demo_msgs/share/serial_motor_demo_msgs/package.ps1'
[2.300s] INFO:colcon.colcon_core.shell:Creating package descriptor '/home/mpinho/proj_ws/src/install/serial_motor_demo_msgs/share/serial_motor_demo_msgs/package.dsv'
[2.302s] INFO:colcon.colcon_core.shell:Creating package script '/home/mpinho/proj_ws/src/install/serial_motor_demo_msgs/share/serial_motor_demo_msgs/package.sh'
[2.303s] INFO:colcon.colcon_core.shell:Creating package script '/home/mpinho/proj_ws/src/install/serial_motor_demo_msgs/share/serial_motor_demo_msgs/package.bash'
[2.304s] INFO:colcon.colcon_core.shell:Creating package script '/home/mpinho/proj_ws/src/install/serial_motor_demo_msgs/share/serial_motor_demo_msgs/package.zsh'
[2.305s] Level 1:colcon.colcon_core.environment:create_file_with_runtime_dependencies(/home/mpinho/proj_ws/src/install/serial_motor_demo_msgs/share/colcon-core/packages/serial_motor_demo_msgs)
[2.644s] Level 1:colcon.colcon_core.environment:create_environment_scripts_only(serial_motor_demo_msgs)
[2.644s] Level 1:colcon.colcon_core.environment:checking '/home/mpinho/proj_ws/src/install/serial_motor_demo_msgs' for CMake module files
[2.646s] Level 1:colcon.colcon_core.environment:checking '/home/mpinho/proj_ws/src/install/serial_motor_demo_msgs' for CMake config files
[2.649s] Level 1:colcon.colcon_core.shell:create_environment_hook('serial_motor_demo_msgs', 'cmake_prefix_path')
[2.650s] INFO:colcon.colcon_core.shell:Creating environment hook '/home/mpinho/proj_ws/src/install/serial_motor_demo_msgs/share/serial_motor_demo_msgs/hook/cmake_prefix_path.ps1'
[2.652s] INFO:colcon.colcon_core.shell:Creating environment descriptor '/home/mpinho/proj_ws/src/install/serial_motor_demo_msgs/share/serial_motor_demo_msgs/hook/cmake_prefix_path.dsv'
[2.654s] INFO:colcon.colcon_core.shell:Creating environment hook '/home/mpinho/proj_ws/src/install/serial_motor_demo_msgs/share/serial_motor_demo_msgs/hook/cmake_prefix_path.sh'
[2.656s] Level 1:colcon.colcon_core.environment:checking '/home/mpinho/proj_ws/src/install/serial_motor_demo_msgs/lib'
[2.656s] Level 1:colcon.colcon_core.shell:create_environment_hook('serial_motor_demo_msgs', 'ld_library_path_lib')
[2.657s] INFO:colcon.colcon_core.shell:Creating environment hook '/home/mpinho/proj_ws/src/install/serial_motor_demo_msgs/share/serial_motor_demo_msgs/hook/ld_library_path_lib.ps1'
[2.659s] INFO:colcon.colcon_core.shell:Creating environment descriptor '/home/mpinho/proj_ws/src/install/serial_motor_demo_msgs/share/serial_motor_demo_msgs/hook/ld_library_path_lib.dsv'
[2.660s] INFO:colcon.colcon_core.shell:Creating environment hook '/home/mpinho/proj_ws/src/install/serial_motor_demo_msgs/share/serial_motor_demo_msgs/hook/ld_library_path_lib.sh'
[2.662s] Level 1:colcon.colcon_core.environment:checking '/home/mpinho/proj_ws/src/install/serial_motor_demo_msgs/bin'
[2.662s] Level 1:colcon.colcon_core.environment:checking '/home/mpinho/proj_ws/src/install/serial_motor_demo_msgs/lib/pkgconfig/serial_motor_demo_msgs.pc'
[2.662s] Level 1:colcon.colcon_core.environment:checking '/home/mpinho/proj_ws/src/install/serial_motor_demo_msgs/lib/python3.10/site-packages'
[2.663s] Level 1:colcon.colcon_core.environment:checking '/home/mpinho/proj_ws/src/install/serial_motor_demo_msgs/bin'
[2.664s] INFO:colcon.colcon_core.shell:Creating package script '/home/mpinho/proj_ws/src/install/serial_motor_demo_msgs/share/serial_motor_demo_msgs/package.ps1'
[2.665s] INFO:colcon.colcon_core.shell:Creating package descriptor '/home/mpinho/proj_ws/src/install/serial_motor_demo_msgs/share/serial_motor_demo_msgs/package.dsv'
[2.667s] INFO:colcon.colcon_core.shell:Creating package script '/home/mpinho/proj_ws/src/install/serial_motor_demo_msgs/share/serial_motor_demo_msgs/package.sh'
[2.669s] INFO:colcon.colcon_core.shell:Creating package script '/home/mpinho/proj_ws/src/install/serial_motor_demo_msgs/share/serial_motor_demo_msgs/package.bash'
[2.671s] INFO:colcon.colcon_core.shell:Creating package script '/home/mpinho/proj_ws/src/install/serial_motor_demo_msgs/share/serial_motor_demo_msgs/package.zsh'
[2.672s] Level 1:colcon.colcon_core.environment:create_file_with_runtime_dependencies(/home/mpinho/proj_ws/src/install/serial_motor_demo_msgs/share/colcon-core/packages/serial_motor_demo_msgs)
[2.673s] INFO:colcon.colcon_ros.task.ament_python.build:Building ROS package in '/home/mpinho/proj_ws/src/serial_motor_demo/serial_motor_demo' with build type 'ament_python'
[2.673s] Level 1:colcon.colcon_core.shell:create_environment_hook('serial_motor_demo', 'ament_prefix_path')
[2.674s] INFO:colcon.colcon_core.shell:Creating environment hook '/home/mpinho/proj_ws/src/install/serial_motor_demo/share/serial_motor_demo/hook/ament_prefix_path.ps1'
[2.676s] INFO:colcon.colcon_core.shell:Creating environment descriptor '/home/mpinho/proj_ws/src/install/serial_motor_demo/share/serial_motor_demo/hook/ament_prefix_path.dsv'
[2.677s] INFO:colcon.colcon_core.shell:Creating environment hook '/home/mpinho/proj_ws/src/install/serial_motor_demo/share/serial_motor_demo/hook/ament_prefix_path.sh'
[2.679s] INFO:colcon.colcon_core.shell:Skip shell extension 'powershell' for command environment: Not usable outside of PowerShell
[2.680s] DEBUG:colcon.colcon_core.shell:Skip shell extension 'dsv' for command environment
[3.565s] INFO:colcon.colcon_core.task.python.build:Building Python package in '/home/mpinho/proj_ws/src/serial_motor_demo/serial_motor_demo'
[3.566s] INFO:colcon.colcon_core.shell:Skip shell extension 'powershell' for command environment: Not usable outside of PowerShell
[3.566s] DEBUG:colcon.colcon_core.shell:Skip shell extension 'dsv' for command environment
[4.326s] DEBUG:colcon.colcon_core.event_handler.log_command:Invoking command in '/home/mpinho/proj_ws/src/build/serial_motor_demo': AMENT_PREFIX_PATH=/home/mpinho/proj_ws/src/install/serial_motor_demo_msgs:${AMENT_PREFIX_PATH} CMAKE_PREFIX_PATH=/home/mpinho/proj_ws/src/install/serial_motor_demo_msgs:${CMAKE_PREFIX_PATH} LD_LIBRARY_PATH=/home/mpinho/proj_ws/src/install/serial_motor_demo_msgs/lib:${LD_LIBRARY_PATH} PYTHONPATH=/home/mpinho/proj_ws/src/build/serial_motor_demo/prefix_override:/home/mpinho/proj_ws/src/install/serial_motor_demo/lib/python3.10/site-packages:/home/mpinho/proj_ws/src/install/serial_motor_demo_msgs/local/lib/python3.10/dist-packages:${PYTHONPATH} /usr/bin/python3 -W ignore:setup.py install is deprecated setup.py develop --editable --build-directory /home/mpinho/proj_ws/src/build/serial_motor_demo/build --no-deps symlink_data
[5.169s] Level 1:colcon.colcon_core.shell:create_environment_hook('serial_motor_demo', 'pythonpath_develop')
[5.170s] INFO:colcon.colcon_core.shell:Creating environment hook '/home/mpinho/proj_ws/src/build/serial_motor_demo/share/serial_motor_demo/hook/pythonpath_develop.ps1'
[5.170s] DEBUG:colcon.colcon_core.event_handler.log_command:Invoked command in '/home/mpinho/proj_ws/src/build/serial_motor_demo' returned '0': AMENT_PREFIX_PATH=/home/mpinho/proj_ws/src/install/serial_motor_demo_msgs:${AMENT_PREFIX_PATH} CMAKE_PREFIX_PATH=/home/mpinho/proj_ws/src/install/serial_motor_demo_msgs:${CMAKE_PREFIX_PATH} LD_LIBRARY_PATH=/home/mpinho/proj_ws/src/install/serial_motor_demo_msgs/lib:${LD_LIBRARY_PATH} PYTHONPATH=/home/mpinho/proj_ws/src/build/serial_motor_demo/prefix_override:/home/mpinho/proj_ws/src/install/serial_motor_demo/lib/python3.10/site-packages:/home/mpinho/proj_ws/src/install/serial_motor_demo_msgs/local/lib/python3.10/dist-packages:${PYTHONPATH} /usr/bin/python3 -W ignore:setup.py install is deprecated setup.py develop --editable --build-directory /home/mpinho/proj_ws/src/build/serial_motor_demo/build --no-deps symlink_data
[5.171s] INFO:colcon.colcon_core.shell:Creating environment descriptor '/home/mpinho/proj_ws/src/build/serial_motor_demo/share/serial_motor_demo/hook/pythonpath_develop.dsv'
[5.171s] INFO:colcon.colcon_core.shell:Creating environment hook '/home/mpinho/proj_ws/src/build/serial_motor_demo/share/serial_motor_demo/hook/pythonpath_develop.sh'
[5.172s] Level 1:colcon.colcon_core.environment:checking '/home/mpinho/proj_ws/src/install/serial_motor_demo' for CMake module files
[5.173s] Level 1:colcon.colcon_core.environment:checking '/home/mpinho/proj_ws/src/install/serial_motor_demo' for CMake config files
[5.174s] Level 1:colcon.colcon_core.environment:checking '/home/mpinho/proj_ws/src/install/serial_motor_demo/lib'
[5.174s] Level 1:colcon.colcon_core.environment:checking '/home/mpinho/proj_ws/src/install/serial_motor_demo/bin'
[5.174s] Level 1:colcon.colcon_core.environment:checking '/home/mpinho/proj_ws/src/install/serial_motor_demo/lib/pkgconfig/serial_motor_demo.pc'
[5.174s] Level 1:colcon.colcon_core.environment:checking '/home/mpinho/proj_ws/src/install/serial_motor_demo/lib/python3.10/site-packages'
[5.174s] Level 1:colcon.colcon_core.shell:create_environment_hook('serial_motor_demo', 'pythonpath')
[5.175s] INFO:colcon.colcon_core.shell:Creating environment hook '/home/mpinho/proj_ws/src/install/serial_motor_demo/share/serial_motor_demo/hook/pythonpath.ps1'
[5.176s] INFO:colcon.colcon_core.shell:Creating environment descriptor '/home/mpinho/proj_ws/src/install/serial_motor_demo/share/serial_motor_demo/hook/pythonpath.dsv'
[5.176s] INFO:colcon.colcon_core.shell:Creating environment hook '/home/mpinho/proj_ws/src/install/serial_motor_demo/share/serial_motor_demo/hook/pythonpath.sh'
[5.177s] Level 1:colcon.colcon_core.environment:checking '/home/mpinho/proj_ws/src/install/serial_motor_demo/bin'
[5.177s] Level 1:colcon.colcon_core.environment:create_environment_scripts_only(serial_motor_demo)
[5.178s] INFO:colcon.colcon_core.shell:Creating package script '/home/mpinho/proj_ws/src/install/serial_motor_demo/share/serial_motor_demo/package.ps1'
[5.179s] INFO:colcon.colcon_core.shell:Creating package descriptor '/home/mpinho/proj_ws/src/install/serial_motor_demo/share/serial_motor_demo/package.dsv'
[5.180s] INFO:colcon.colcon_core.shell:Creating package script '/home/mpinho/proj_ws/src/install/serial_motor_demo/share/serial_motor_demo/package.sh'
[5.181s] INFO:colcon.colcon_core.shell:Creating package script '/home/mpinho/proj_ws/src/install/serial_motor_demo/share/serial_motor_demo/package.bash'
[5.181s] INFO:colcon.colcon_core.shell:Creating package script '/home/mpinho/proj_ws/src/install/serial_motor_demo/share/serial_motor_demo/package.zsh'
[5.182s] Level 1:colcon.colcon_core.environment:create_file_with_runtime_dependencies(/home/mpinho/proj_ws/src/install/serial_motor_demo/share/colcon-core/packages/serial_motor_demo)
[5.182s] DEBUG:colcon.colcon_parallel_executor.executor.parallel:closing loop
[5.183s] DEBUG:colcon.colcon_parallel_executor.executor.parallel:loop closed
[5.183s] DEBUG:colcon.colcon_parallel_executor.executor.parallel:run_until_complete finished with '0'
[5.183s] DEBUG:colcon.colcon_core.event_reactor:joining thread
[5.191s] INFO:colcon.colcon_core.plugin_system:Skipping extension 'colcon_notification.desktop_notification.terminal_notifier': Not used on non-Darwin systems
[5.191s] INFO:colcon.colcon_core.plugin_system:Skipping extension 'colcon_notification.desktop_notification.win32': Not used on non-Windows systems
[5.191s] INFO:colcon.colcon_notification.desktop_notification:Sending desktop notification using 'notify2'
[5.206s] DEBUG:colcon.colcon_core.event_reactor:joined thread
[5.207s] INFO:colcon.colcon_core.shell:Creating prefix script '/home/mpinho/proj_ws/src/install/local_setup.ps1'
[5.209s] INFO:colcon.colcon_core.shell:Creating prefix util module '/home/mpinho/proj_ws/src/install/_local_setup_util_ps1.py'
[5.212s] INFO:colcon.colcon_core.shell:Creating prefix chain script '/home/mpinho/proj_ws/src/install/setup.ps1'
[5.216s] INFO:colcon.colcon_core.shell:Creating prefix script '/home/mpinho/proj_ws/src/install/local_setup.sh'
[5.217s] INFO:colcon.colcon_core.shell:Creating prefix util module '/home/mpinho/proj_ws/src/install/_local_setup_util_sh.py'
[5.218s] INFO:colcon.colcon_core.shell:Creating prefix chain script '/home/mpinho/proj_ws/src/install/setup.sh'
[5.222s] INFO:colcon.colcon_core.shell:Creating prefix script '/home/mpinho/proj_ws/src/install/local_setup.bash'
[5.223s] INFO:colcon.colcon_core.shell:Creating prefix chain script '/home/mpinho/proj_ws/src/install/setup.bash'
[5.226s] INFO:colcon.colcon_core.shell:Creating prefix script '/home/mpinho/proj_ws/src/install/local_setup.zsh'
[5.228s] INFO:colcon.colcon_core.shell:Creating prefix chain script '/home/mpinho/proj_ws/src/install/setup.zsh'
