[0.038s] Invoking command in '/home/mpinho/proj_ws/build/urg_node2': CMAKE_PREFIX_PATH=${CMAKE_PREFIX_PATH}:/opt/ros/humble /usr/bin/cmake /home/mpinho/proj_ws/src/urg_node2 -DAMENT_CMAKE_SYMLINK_INSTALL=1 -DCMAKE_INSTALL_PREFIX=/home/mpinho/proj_ws/install/urg_node2
[0.136s] -- Found ament_cmake: 1.3.10 (/opt/ros/humble/share/ament_cmake/cmake)
[0.454s] -- Override CMake install command with custom implementation using symlinks instead of copying resources
[0.624s] -- Found rclcpp: 16.0.10 (/opt/ros/humble/share/rclcpp/cmake)
[0.745s] -- Found rosidl_generator_c: 3.1.5 (/opt/ros/humble/share/rosidl_generator_c/cmake)
[0.755s] -- Found rosidl_adapter: 3.1.5 (/opt/ros/humble/share/rosidl_adapter/cmake)
[0.783s] -- Found rosidl_generator_cpp: 3.1.5 (/opt/ros/humble/share/rosidl_generator_cpp/cmake)
[0.828s] -- Using all available rosidl_typesupport_c: rosidl_typesupport_fastrtps_c;rosidl_typesupport_introspection_c
[0.874s] -- Using all available rosidl_typesupport_cpp: rosidl_typesupport_fastrtps_cpp;rosidl_typesupport_introspection_cpp
[1.003s] -- Found rmw_implementation_cmake: 6.1.2 (/opt/ros/humble/share/rmw_implementation_cmake/cmake)
[1.015s] -- Found rmw_fastrtps_cpp: 6.2.7 (/opt/ros/humble/share/rmw_fastrtps_cpp/cmake)
[1.256s] -- Using RMW implementation 'rmw_fastrtps_cpp' as default
[1.436s] -- Found rclcpp_components: 16.0.10 (/opt/ros/humble/share/rclcpp_components/cmake)
[1.503s] -- Found rclcpp_lifecycle: 16.0.10 (/opt/ros/humble/share/rclcpp_lifecycle/cmake)
[1.558s] -- Found sensor_msgs: 4.2.4 (/opt/ros/humble/share/sensor_msgs/cmake)
[1.663s] -- Found diagnostic_updater: 4.0.0 (/opt/ros/humble/share/diagnostic_updater/cmake)
[1.711s] -- Found laser_proc: 1.0.2 (/opt/ros/humble/share/laser_proc/cmake)
[1.728s] -- Found ament_cmake_gtest: 1.3.10 (/opt/ros/humble/share/ament_cmake_gtest/cmake)
[1.728s] -- Found gtest sources under '/opt/ros/humble/src/gtest_vendor': C++ tests using 'Google Test' will be built
[1.854s] -- Configuring done
[1.964s] -- Generating done
[1.968s] -- Build files have been written to: /home/mpinho/proj_ws/build/urg_node2
[1.987s] Invoked command in '/home/mpinho/proj_ws/build/urg_node2' returned '0': CMAKE_PREFIX_PATH=${CMAKE_PREFIX_PATH}:/opt/ros/humble /usr/bin/cmake /home/mpinho/proj_ws/src/urg_node2 -DAMENT_CMAKE_SYMLINK_INSTALL=1 -DCMAKE_INSTALL_PREFIX=/home/mpinho/proj_ws/install/urg_node2
[1.991s] Invoking command in '/home/mpinho/proj_ws/build/urg_node2': CMAKE_PREFIX_PATH=${CMAKE_PREFIX_PATH}:/opt/ros/humble /usr/bin/cmake --build /home/mpinho/proj_ws/build/urg_node2 -- -j8 -l8
[2.063s] [35m[1mConsolidate compiler generated dependencies of target gtest_main[0m
[2.063s] [35m[1mConsolidate compiler generated dependencies of target urg_node2_node[0m
[2.069s] [35m[1mConsolidate compiler generated dependencies of target urg_c[0m
[2.069s] [35m[1mConsolidate compiler generated dependencies of target gtest[0m
[2.089s] [ 10%] Built target gtest_main
[2.089s] [ 15%] [32mBuilding C object CMakeFiles/urg_c.dir/urg_library/current/src/urg_ring_buffer.c.o[0m
[2.092s] [ 20%] [32mBuilding C object CMakeFiles/urg_c.dir/urg_library/current/src/urg_serial.c.o[0m
[2.093s] [ 30%] Built target gtest
[2.161s] [ 40%] Built target urg_node2_node
[2.295s] [ 45%] [32m[1mLinking C shared library liburg_c.so[0m
[2.388s] [ 75%] Built target urg_c
[2.407s] [35m[1mConsolidate compiler generated dependencies of target urg_node2[0m
[2.413s] [35m[1mConsolidate compiler generated dependencies of target urg_node2_test[0m
[2.453s] [ 80%] [32m[1mLinking CXX shared library liburg_node2.so[0m
[2.455s] [ 85%] [32m[1mLinking CXX executable urg_node2_test[0m
[3.401s] [ 90%] Built target urg_node2
[4.576s] [100%] Built target urg_node2_test
[4.596s] Invoked command in '/home/mpinho/proj_ws/build/urg_node2' returned '0': CMAKE_PREFIX_PATH=${CMAKE_PREFIX_PATH}:/opt/ros/humble /usr/bin/cmake --build /home/mpinho/proj_ws/build/urg_node2 -- -j8 -l8
[4.688s] Invoking command in '/home/mpinho/proj_ws/build/urg_node2': CMAKE_PREFIX_PATH=${CMAKE_PREFIX_PATH}:/opt/ros/humble /usr/bin/cmake --install /home/mpinho/proj_ws/build/urg_node2
[4.699s] -- Install configuration: ""
[4.700s] -- Execute custom install script
[4.701s] -- Up-to-date symlink: /home/mpinho/proj_ws/install/urg_node2/lib/urg_node2/urg_node2_node
[4.702s] -- Up-to-date symlink: /home/mpinho/proj_ws/install/urg_node2/lib/liburg_node2.so
[4.702s] -- Up-to-date symlink: /home/mpinho/proj_ws/install/urg_node2/lib/liburg_c.so
[4.704s] -- Up-to-date symlink: /home/mpinho/proj_ws/install/urg_node2/share/urg_node2/launch/urg_node2.launch.py
[4.705s] -- Up-to-date symlink: /home/mpinho/proj_ws/install/urg_node2/share/urg_node2/launch/urg_node2_2lidar.launch.py
[4.706s] -- Up-to-date symlink: /home/mpinho/proj_ws/install/urg_node2/share/urg_node2/launch/urg_node2_component.launch.py
[4.707s] -- Up-to-date symlink: /home/mpinho/proj_ws/install/urg_node2/share/urg_node2/config/params_ether.yaml
[4.708s] -- Up-to-date symlink: /home/mpinho/proj_ws/install/urg_node2/share/urg_node2/config/params_ether_2nd.yaml
[4.709s] -- Up-to-date symlink: /home/mpinho/proj_ws/install/urg_node2/share/urg_node2/config/params_serial.yaml
[4.709s] -- Up-to-date symlink: /home/mpinho/proj_ws/install/urg_node2/share/ament_index/resource_index/package_run_dependencies/urg_node2
[4.710s] -- Up-to-date symlink: /home/mpinho/proj_ws/install/urg_node2/share/ament_index/resource_index/parent_prefix_path/urg_node2
[4.711s] -- Up-to-date symlink: /home/mpinho/proj_ws/install/urg_node2/share/urg_node2/environment/ament_prefix_path.sh
[4.712s] -- Up-to-date symlink: /home/mpinho/proj_ws/install/urg_node2/share/urg_node2/environment/ament_prefix_path.dsv
[4.712s] -- Up-to-date symlink: /home/mpinho/proj_ws/install/urg_node2/share/urg_node2/environment/path.sh
[4.713s] -- Up-to-date symlink: /home/mpinho/proj_ws/install/urg_node2/share/urg_node2/environment/path.dsv
[4.714s] -- Up-to-date symlink: /home/mpinho/proj_ws/install/urg_node2/share/urg_node2/local_setup.bash
[4.714s] -- Up-to-date symlink: /home/mpinho/proj_ws/install/urg_node2/share/urg_node2/local_setup.sh
[4.715s] -- Up-to-date symlink: /home/mpinho/proj_ws/install/urg_node2/share/urg_node2/local_setup.zsh
[4.715s] -- Up-to-date symlink: /home/mpinho/proj_ws/install/urg_node2/share/urg_node2/local_setup.dsv
[4.715s] -- Symlinking: /home/mpinho/proj_ws/install/urg_node2/share/urg_node2/package.dsv
[4.729s] -- Up-to-date symlink: /home/mpinho/proj_ws/install/urg_node2/share/ament_index/resource_index/packages/urg_node2
[4.730s] -- Up-to-date symlink: /home/mpinho/proj_ws/install/urg_node2/share/ament_index/resource_index/rclcpp_components/urg_node2
[4.731s] -- Up-to-date symlink: /home/mpinho/proj_ws/install/urg_node2/share/urg_node2/cmake/urg_node2Config.cmake
[4.731s] -- Up-to-date symlink: /home/mpinho/proj_ws/install/urg_node2/share/urg_node2/cmake/urg_node2Config-version.cmake
[4.732s] -- Up-to-date symlink: /home/mpinho/proj_ws/install/urg_node2/share/urg_node2/package.xml
[4.736s] Invoked command in '/home/mpinho/proj_ws/build/urg_node2' returned '0': CMAKE_PREFIX_PATH=${CMAKE_PREFIX_PATH}:/opt/ros/humble /usr/bin/cmake --install /home/mpinho/proj_ws/build/urg_node2
