[0.024s] Invoking command in '/home/mpinho/proj_ws/src/build/diffdrive_arduino': AMENT_PREFIX_PATH=/home/mpinho/proj_ws/src/install/serial:${AMENT_PREFIX_PATH} CMAKE_PREFIX_PATH=/home/mpinho/proj_ws/src/install/serial:/home/mpinho/proj_ws/install/diffdrive_arduino:/home/mpinho/proj_ws/install/serial:/home/mpinho/proj_ws/install/msc_aut_vehicles:/home/mpinho/proj_ws/install/joy_tester:/opt/ros/humble LD_LIBRARY_PATH=/home/mpinho/proj_ws/src/install/serial/lib:${LD_LIBRARY_PATH} /usr/bin/cmake --build /home/mpinho/proj_ws/src/build/diffdrive_arduino -- -j8 -l8
[0.151s] [ 42%] Built target fake_robot
[0.152s] [100%] Built target diffdrive_arduino
[0.174s] Invoked command in '/home/mpinho/proj_ws/src/build/diffdrive_arduino' returned '0': AMENT_PREFIX_PATH=/home/mpinho/proj_ws/src/install/serial:${AMENT_PREFIX_PATH} CMAKE_PREFIX_PATH=/home/mpinho/proj_ws/src/install/serial:/home/mpinho/proj_ws/install/diffdrive_arduino:/home/mpinho/proj_ws/install/serial:/home/mpinho/proj_ws/install/msc_aut_vehicles:/home/mpinho/proj_ws/install/joy_tester:/opt/ros/humble LD_LIBRARY_PATH=/home/mpinho/proj_ws/src/install/serial/lib:${LD_LIBRARY_PATH} /usr/bin/cmake --build /home/mpinho/proj_ws/src/build/diffdrive_arduino -- -j8 -l8
[0.240s] Invoking command in '/home/mpinho/proj_ws/src/build/diffdrive_arduino': AMENT_PREFIX_PATH=/home/mpinho/proj_ws/src/install/serial:${AMENT_PREFIX_PATH} CMAKE_PREFIX_PATH=/home/mpinho/proj_ws/src/install/serial:/home/mpinho/proj_ws/install/diffdrive_arduino:/home/mpinho/proj_ws/install/serial:/home/mpinho/proj_ws/install/msc_aut_vehicles:/home/mpinho/proj_ws/install/joy_tester:/opt/ros/humble LD_LIBRARY_PATH=/home/mpinho/proj_ws/src/install/serial/lib:${LD_LIBRARY_PATH} /usr/bin/cmake --install /home/mpinho/proj_ws/src/build/diffdrive_arduino
[0.252s] -- Install configuration: ""
[0.254s] -- Execute custom install script
[0.254s] -- Up-to-date symlink: /home/mpinho/proj_ws/src/install/diffdrive_arduino/share/diffdrive_arduino//robot_hardware.xml
[0.255s] -- Up-to-date symlink: /home/mpinho/proj_ws/src/install/diffdrive_arduino/share/diffdrive_arduino//fake_robot_hardware.xml
[0.255s] -- Up-to-date symlink: /home/mpinho/proj_ws/src/install/diffdrive_arduino/lib/libdiffdrive_arduino.so
[0.256s] -- Up-to-date symlink: /home/mpinho/proj_ws/src/install/diffdrive_arduino/lib/libfake_robot.so
[0.256s] -- Up-to-date symlink: /home/mpinho/proj_ws/src/install/diffdrive_arduino/share/diffdrive_arduino/controllers/robot_controller_example.yaml
[0.257s] -- Up-to-date symlink: /home/mpinho/proj_ws/src/install/diffdrive_arduino/share/diffdrive_arduino/fake_robot.launch.py
[0.257s] -- Up-to-date symlink: /home/mpinho/proj_ws/src/install/diffdrive_arduino/share/diffdrive_arduino/test_robot.launch.py
[0.257s] -- Up-to-date symlink: /home/mpinho/proj_ws/src/install/diffdrive_arduino/share/diffdrive_arduino/environment/library_path.sh
[0.258s] -- Up-to-date symlink: /home/mpinho/proj_ws/src/install/diffdrive_arduino/share/diffdrive_arduino/environment/library_path.dsv
[0.258s] -- Up-to-date symlink: /home/mpinho/proj_ws/src/install/diffdrive_arduino/share/ament_index/resource_index/package_run_dependencies/diffdrive_arduino
[0.258s] -- Up-to-date symlink: /home/mpinho/proj_ws/src/install/diffdrive_arduino/share/ament_index/resource_index/parent_prefix_path/diffdrive_arduino
[0.259s] -- Up-to-date symlink: /home/mpinho/proj_ws/src/install/diffdrive_arduino/share/diffdrive_arduino/environment/ament_prefix_path.sh
[0.259s] -- Up-to-date symlink: /home/mpinho/proj_ws/src/install/diffdrive_arduino/share/diffdrive_arduino/environment/ament_prefix_path.dsv
[0.259s] -- Up-to-date symlink: /home/mpinho/proj_ws/src/install/diffdrive_arduino/share/diffdrive_arduino/environment/path.sh
[0.260s] -- Up-to-date symlink: /home/mpinho/proj_ws/src/install/diffdrive_arduino/share/diffdrive_arduino/environment/path.dsv
[0.260s] -- Up-to-date symlink: /home/mpinho/proj_ws/src/install/diffdrive_arduino/share/diffdrive_arduino/local_setup.bash
[0.260s] -- Up-to-date symlink: /home/mpinho/proj_ws/src/install/diffdrive_arduino/share/diffdrive_arduino/local_setup.sh
[0.260s] -- Up-to-date symlink: /home/mpinho/proj_ws/src/install/diffdrive_arduino/share/diffdrive_arduino/local_setup.zsh
[0.261s] -- Up-to-date symlink: /home/mpinho/proj_ws/src/install/diffdrive_arduino/share/diffdrive_arduino/local_setup.dsv
[0.261s] -- Symlinking: /home/mpinho/proj_ws/src/install/diffdrive_arduino/share/diffdrive_arduino/package.dsv
[0.278s] -- Up-to-date symlink: /home/mpinho/proj_ws/src/install/diffdrive_arduino/share/ament_index/resource_index/packages/diffdrive_arduino
[0.278s] -- Up-to-date symlink: /home/mpinho/proj_ws/src/install/diffdrive_arduino/share/ament_index/resource_index/hardware_interface__pluginlib__plugin/diffdrive_arduino
[0.278s] -- Up-to-date symlink: /home/mpinho/proj_ws/src/install/diffdrive_arduino/share/diffdrive_arduino/cmake/ament_cmake_export_libraries-extras.cmake
[0.278s] -- Up-to-date symlink: /home/mpinho/proj_ws/src/install/diffdrive_arduino/share/diffdrive_arduino/cmake/ament_cmake_export_dependencies-extras.cmake
[0.278s] -- Up-to-date symlink: /home/mpinho/proj_ws/src/install/diffdrive_arduino/share/diffdrive_arduino/cmake/diffdrive_arduinoConfig.cmake
[0.279s] -- Up-to-date symlink: /home/mpinho/proj_ws/src/install/diffdrive_arduino/share/diffdrive_arduino/cmake/diffdrive_arduinoConfig-version.cmake
[0.279s] -- Up-to-date symlink: /home/mpinho/proj_ws/src/install/diffdrive_arduino/share/diffdrive_arduino/package.xml
[0.284s] Invoked command in '/home/mpinho/proj_ws/src/build/diffdrive_arduino' returned '0': AMENT_PREFIX_PATH=/home/mpinho/proj_ws/src/install/serial:${AMENT_PREFIX_PATH} CMAKE_PREFIX_PATH=/home/mpinho/proj_ws/src/install/serial:/home/mpinho/proj_ws/install/diffdrive_arduino:/home/mpinho/proj_ws/install/serial:/home/mpinho/proj_ws/install/msc_aut_vehicles:/home/mpinho/proj_ws/install/joy_tester:/opt/ros/humble LD_LIBRARY_PATH=/home/mpinho/proj_ws/src/install/serial/lib:${LD_LIBRARY_PATH} /usr/bin/cmake --install /home/mpinho/proj_ws/src/build/diffdrive_arduino
