[0.156s] DEBUG:colcon:Command line arguments: ['/usr/bin/colcon', 'build', '--symlink-install']
[0.156s] DEBUG:colcon:Parsed command line arguments: Namespace(log_base=None, log_level=None, verb_name='build', build_base='build', install_base='install', merge_install=False, symlink_install=True, test_result_base=None, continue_on_error=False, executor='parallel', parallel_workers=8, event_handlers=None, ignore_user_meta=False, metas=['./colcon.meta'], base_paths=['.'], packages_ignore=None, packages_ignore_regex=None, paths=None, packages_up_to=None, packages_up_to_regex=None, packages_above=None, packages_above_and_dependencies=None, packages_above_depth=None, packages_select_by_dep=None, packages_skip_by_dep=None, packages_skip_up_to=None, packages_select_build_failed=False, packages_skip_build_finished=False, packages_select_test_failures=False, packages_skip_test_passed=False, packages_select=None, packages_skip=None, packages_select_regex=None, packages_skip_regex=None, packages_start=None, packages_end=None, allow_overriding=[], cmake_args=None, cmake_target=None, cmake_target_skip_unavailable=False, cmake_clean_cache=False, cmake_clean_first=False, cmake_force_configure=False, ament_cmake_args=None, catkin_cmake_args=None, catkin_skip_building_tests=False, verb_parser=<colcon_defaults.argument_parser.defaults.DefaultArgumentsDecorator object at 0x712c42321390>, verb_extension=<colcon_core.verb.build.BuildVerb object at 0x712c42455e10>, main=<bound method BuildVerb.main of <colcon_core.verb.build.BuildVerb object at 0x712c42455e10>>)
[0.456s] Level 1:colcon.colcon_core.package_discovery:discover_packages(colcon_meta) check parameters
[0.456s] Level 1:colcon.colcon_core.package_discovery:discover_packages(recursive) check parameters
[0.456s] Level 1:colcon.colcon_core.package_discovery:discover_packages(ignore) check parameters
[0.456s] Level 1:colcon.colcon_core.package_discovery:discover_packages(path) check parameters
[0.456s] Level 1:colcon.colcon_core.package_discovery:discover_packages(colcon_meta) discover
[0.456s] Level 1:colcon.colcon_core.package_discovery:discover_packages(recursive) discover
[0.456s] INFO:colcon.colcon_core.package_discovery:Crawling recursively for packages in '/home/mpinho/proj_ws'
[0.456s] Level 1:colcon.colcon_core.package_identification:_identify(.) by extensions ['ignore', 'ignore_ament_install']
[0.457s] Level 1:colcon.colcon_core.package_identification:_identify(.) by extension 'ignore'
[0.457s] Level 1:colcon.colcon_core.package_identification:_identify(.) by extension 'ignore_ament_install'
[0.457s] Level 1:colcon.colcon_core.package_identification:_identify(.) by extensions ['colcon_pkg']
[0.457s] Level 1:colcon.colcon_core.package_identification:_identify(.) by extension 'colcon_pkg'
[0.457s] Level 1:colcon.colcon_core.package_identification:_identify(.) by extensions ['colcon_meta']
[0.457s] Level 1:colcon.colcon_core.package_identification:_identify(.) by extension 'colcon_meta'
[0.457s] Level 1:colcon.colcon_core.package_identification:_identify(.) by extensions ['ros']
[0.457s] Level 1:colcon.colcon_core.package_identification:_identify(.) by extension 'ros'
[0.473s] Level 1:colcon.colcon_core.package_identification:_identify(.) by extensions ['cmake', 'python']
[0.473s] Level 1:colcon.colcon_core.package_identification:_identify(.) by extension 'cmake'
[0.473s] Level 1:colcon.colcon_core.package_identification:_identify(.) by extension 'python'
[0.473s] Level 1:colcon.colcon_core.package_identification:_identify(.) by extensions ['python_setup_py']
[0.473s] Level 1:colcon.colcon_core.package_identification:_identify(.) by extension 'python_setup_py'
[0.473s] Level 1:colcon.colcon_core.package_identification:_identify(build) by extensions ['ignore', 'ignore_ament_install']
[0.473s] Level 1:colcon.colcon_core.package_identification:_identify(build) by extension 'ignore'
[0.473s] Level 1:colcon.colcon_core.package_identification:_identify(build) ignored
[0.473s] Level 1:colcon.colcon_core.package_identification:_identify(install) by extensions ['ignore', 'ignore_ament_install']
[0.474s] Level 1:colcon.colcon_core.package_identification:_identify(install) by extension 'ignore'
[0.474s] Level 1:colcon.colcon_core.package_identification:_identify(install) ignored
[0.474s] Level 1:colcon.colcon_core.package_identification:_identify(log) by extensions ['ignore', 'ignore_ament_install']
[0.474s] Level 1:colcon.colcon_core.package_identification:_identify(log) by extension 'ignore'
[0.474s] Level 1:colcon.colcon_core.package_identification:_identify(log) ignored
[0.474s] Level 1:colcon.colcon_core.package_identification:_identify(src) by extensions ['ignore', 'ignore_ament_install']
[0.474s] Level 1:colcon.colcon_core.package_identification:_identify(src) by extension 'ignore'
[0.474s] Level 1:colcon.colcon_core.package_identification:_identify(src) by extension 'ignore_ament_install'
[0.474s] Level 1:colcon.colcon_core.package_identification:_identify(src) by extensions ['colcon_pkg']
[0.474s] Level 1:colcon.colcon_core.package_identification:_identify(src) by extension 'colcon_pkg'
[0.474s] Level 1:colcon.colcon_core.package_identification:_identify(src) by extensions ['colcon_meta']
[0.474s] Level 1:colcon.colcon_core.package_identification:_identify(src) by extension 'colcon_meta'
[0.474s] Level 1:colcon.colcon_core.package_identification:_identify(src) by extensions ['ros']
[0.475s] Level 1:colcon.colcon_core.package_identification:_identify(src) by extension 'ros'
[0.475s] Level 1:colcon.colcon_core.package_identification:_identify(src) by extensions ['cmake', 'python']
[0.475s] Level 1:colcon.colcon_core.package_identification:_identify(src) by extension 'cmake'
[0.475s] Level 1:colcon.colcon_core.package_identification:_identify(src) by extension 'python'
[0.475s] Level 1:colcon.colcon_core.package_identification:_identify(src) by extensions ['python_setup_py']
[0.475s] Level 1:colcon.colcon_core.package_identification:_identify(src) by extension 'python_setup_py'
[0.475s] Level 1:colcon.colcon_core.package_identification:_identify(src/build) by extensions ['ignore', 'ignore_ament_install']
[0.475s] Level 1:colcon.colcon_core.package_identification:_identify(src/build) by extension 'ignore'
[0.475s] Level 1:colcon.colcon_core.package_identification:_identify(src/build) ignored
[0.475s] Level 1:colcon.colcon_core.package_identification:_identify(src/diffdrive_arduino) by extensions ['ignore', 'ignore_ament_install']
[0.475s] Level 1:colcon.colcon_core.package_identification:_identify(src/diffdrive_arduino) by extension 'ignore'
[0.476s] Level 1:colcon.colcon_core.package_identification:_identify(src/diffdrive_arduino) by extension 'ignore_ament_install'
[0.476s] Level 1:colcon.colcon_core.package_identification:_identify(src/diffdrive_arduino) by extensions ['colcon_pkg']
[0.476s] Level 1:colcon.colcon_core.package_identification:_identify(src/diffdrive_arduino) by extension 'colcon_pkg'
[0.476s] Level 1:colcon.colcon_core.package_identification:_identify(src/diffdrive_arduino) by extensions ['colcon_meta']
[0.476s] Level 1:colcon.colcon_core.package_identification:_identify(src/diffdrive_arduino) by extension 'colcon_meta'
[0.476s] Level 1:colcon.colcon_core.package_identification:_identify(src/diffdrive_arduino) by extensions ['ros']
[0.476s] Level 1:colcon.colcon_core.package_identification:_identify(src/diffdrive_arduino) by extension 'ros'
[0.480s] DEBUG:colcon.colcon_core.package_identification:Package 'src/diffdrive_arduino' with type 'ros.ament_cmake' and name 'diffdrive_arduino'
[0.480s] Level 1:colcon.colcon_core.package_identification:_identify(src/install) by extensions ['ignore', 'ignore_ament_install']
[0.480s] Level 1:colcon.colcon_core.package_identification:_identify(src/install) by extension 'ignore'
[0.480s] Level 1:colcon.colcon_core.package_identification:_identify(src/install) ignored
[0.480s] Level 1:colcon.colcon_core.package_identification:_identify(src/log) by extensions ['ignore', 'ignore_ament_install']
[0.480s] Level 1:colcon.colcon_core.package_identification:_identify(src/log) by extension 'ignore'
[0.480s] Level 1:colcon.colcon_core.package_identification:_identify(src/log) ignored
[0.481s] Level 1:colcon.colcon_core.package_identification:_identify(src/msc_aut_vehicles) by extensions ['ignore', 'ignore_ament_install']
[0.481s] Level 1:colcon.colcon_core.package_identification:_identify(src/msc_aut_vehicles) by extension 'ignore'
[0.481s] Level 1:colcon.colcon_core.package_identification:_identify(src/msc_aut_vehicles) by extension 'ignore_ament_install'
[0.481s] Level 1:colcon.colcon_core.package_identification:_identify(src/msc_aut_vehicles) by extensions ['colcon_pkg']
[0.481s] Level 1:colcon.colcon_core.package_identification:_identify(src/msc_aut_vehicles) by extension 'colcon_pkg'
[0.481s] Level 1:colcon.colcon_core.package_identification:_identify(src/msc_aut_vehicles) by extensions ['colcon_meta']
[0.481s] Level 1:colcon.colcon_core.package_identification:_identify(src/msc_aut_vehicles) by extension 'colcon_meta'
[0.481s] Level 1:colcon.colcon_core.package_identification:_identify(src/msc_aut_vehicles) by extensions ['ros']
[0.481s] Level 1:colcon.colcon_core.package_identification:_identify(src/msc_aut_vehicles) by extension 'ros'
[0.482s] DEBUG:colcon.colcon_core.package_identification:Package 'src/msc_aut_vehicles' with type 'ros.ament_cmake' and name 'msc_aut_vehicles'
[0.482s] Level 1:colcon.colcon_core.package_identification:_identify(src/serial) by extensions ['ignore', 'ignore_ament_install']
[0.483s] Level 1:colcon.colcon_core.package_identification:_identify(src/serial) by extension 'ignore'
[0.483s] Level 1:colcon.colcon_core.package_identification:_identify(src/serial) by extension 'ignore_ament_install'
[0.483s] Level 1:colcon.colcon_core.package_identification:_identify(src/serial) by extensions ['colcon_pkg']
[0.483s] Level 1:colcon.colcon_core.package_identification:_identify(src/serial) by extension 'colcon_pkg'
[0.483s] Level 1:colcon.colcon_core.package_identification:_identify(src/serial) by extensions ['colcon_meta']
[0.483s] Level 1:colcon.colcon_core.package_identification:_identify(src/serial) by extension 'colcon_meta'
[0.483s] Level 1:colcon.colcon_core.package_identification:_identify(src/serial) by extensions ['ros']
[0.483s] Level 1:colcon.colcon_core.package_identification:_identify(src/serial) by extension 'ros'
[0.486s] DEBUG:colcon.colcon_core.package_identification:Package 'src/serial' with type 'ros.ament_cmake' and name 'serial'
[0.486s] Level 1:colcon.colcon_core.package_identification:_identify(src/urg_node2) by extensions ['ignore', 'ignore_ament_install']
[0.486s] Level 1:colcon.colcon_core.package_identification:_identify(src/urg_node2) by extension 'ignore'
[0.486s] Level 1:colcon.colcon_core.package_identification:_identify(src/urg_node2) by extension 'ignore_ament_install'
[0.486s] Level 1:colcon.colcon_core.package_identification:_identify(src/urg_node2) by extensions ['colcon_pkg']
[0.486s] Level 1:colcon.colcon_core.package_identification:_identify(src/urg_node2) by extension 'colcon_pkg'
[0.487s] Level 1:colcon.colcon_core.package_identification:_identify(src/urg_node2) by extensions ['colcon_meta']
[0.487s] Level 1:colcon.colcon_core.package_identification:_identify(src/urg_node2) by extension 'colcon_meta'
[0.487s] Level 1:colcon.colcon_core.package_identification:_identify(src/urg_node2) by extensions ['ros']
[0.487s] Level 1:colcon.colcon_core.package_identification:_identify(src/urg_node2) by extension 'ros'
[0.488s] DEBUG:colcon.colcon_core.package_identification:Package 'src/urg_node2' with type 'ros.ament_cmake' and name 'urg_node2'
[0.489s] Level 1:colcon.colcon_core.package_discovery:discover_packages(recursive) using defaults
[0.489s] Level 1:colcon.colcon_core.package_discovery:discover_packages(ignore) discover
[0.489s] Level 1:colcon.colcon_core.package_discovery:discover_packages(ignore) using defaults
[0.489s] Level 1:colcon.colcon_core.package_discovery:discover_packages(path) discover
[0.489s] Level 1:colcon.colcon_core.package_discovery:discover_packages(path) using defaults
[0.538s] Level 1:colcon.colcon_core.package_discovery:discover_packages(prefix_path) check parameters
[0.538s] Level 1:colcon.colcon_core.package_discovery:discover_packages(prefix_path) discover
[0.546s] DEBUG:colcon.colcon_installed_package_information.package_discovery:Found 4 installed packages in /home/mpinho/proj_ws/install
[0.550s] DEBUG:colcon.colcon_installed_package_information.package_discovery:Found 422 installed packages in /opt/ros/humble
[0.554s] Level 1:colcon.colcon_core.package_discovery:discover_packages(prefix_path) using defaults
[0.639s] Level 5:colcon.colcon_core.verb:set package 'msc_aut_vehicles' build argument 'cmake_args' from command line to 'None'
[0.639s] Level 5:colcon.colcon_core.verb:set package 'msc_aut_vehicles' build argument 'cmake_target' from command line to 'None'
[0.639s] Level 5:colcon.colcon_core.verb:set package 'msc_aut_vehicles' build argument 'cmake_target_skip_unavailable' from command line to 'False'
[0.639s] Level 5:colcon.colcon_core.verb:set package 'msc_aut_vehicles' build argument 'cmake_clean_cache' from command line to 'False'
[0.639s] Level 5:colcon.colcon_core.verb:set package 'msc_aut_vehicles' build argument 'cmake_clean_first' from command line to 'False'
[0.639s] Level 5:colcon.colcon_core.verb:set package 'msc_aut_vehicles' build argument 'cmake_force_configure' from command line to 'False'
[0.639s] Level 5:colcon.colcon_core.verb:set package 'msc_aut_vehicles' build argument 'ament_cmake_args' from command line to 'None'
[0.639s] Level 5:colcon.colcon_core.verb:set package 'msc_aut_vehicles' build argument 'catkin_cmake_args' from command line to 'None'
[0.639s] Level 5:colcon.colcon_core.verb:set package 'msc_aut_vehicles' build argument 'catkin_skip_building_tests' from command line to 'False'
[0.639s] DEBUG:colcon.colcon_core.verb:Building package 'msc_aut_vehicles' with the following arguments: {'ament_cmake_args': None, 'build_base': '/home/mpinho/proj_ws/build/msc_aut_vehicles', 'catkin_cmake_args': None, 'catkin_skip_building_tests': False, 'cmake_args': None, 'cmake_clean_cache': False, 'cmake_clean_first': False, 'cmake_force_configure': False, 'cmake_target': None, 'cmake_target_skip_unavailable': False, 'install_base': '/home/mpinho/proj_ws/install/msc_aut_vehicles', 'merge_install': False, 'path': '/home/mpinho/proj_ws/src/msc_aut_vehicles', 'symlink_install': True, 'test_result_base': None}
[0.640s] Level 5:colcon.colcon_core.verb:set package 'serial' build argument 'cmake_args' from command line to 'None'
[0.640s] Level 5:colcon.colcon_core.verb:set package 'serial' build argument 'cmake_target' from command line to 'None'
[0.640s] Level 5:colcon.colcon_core.verb:set package 'serial' build argument 'cmake_target_skip_unavailable' from command line to 'False'
[0.640s] Level 5:colcon.colcon_core.verb:set package 'serial' build argument 'cmake_clean_cache' from command line to 'False'
[0.640s] Level 5:colcon.colcon_core.verb:set package 'serial' build argument 'cmake_clean_first' from command line to 'False'
[0.640s] Level 5:colcon.colcon_core.verb:set package 'serial' build argument 'cmake_force_configure' from command line to 'False'
[0.640s] Level 5:colcon.colcon_core.verb:set package 'serial' build argument 'ament_cmake_args' from command line to 'None'
[0.640s] Level 5:colcon.colcon_core.verb:set package 'serial' build argument 'catkin_cmake_args' from command line to 'None'
[0.640s] Level 5:colcon.colcon_core.verb:set package 'serial' build argument 'catkin_skip_building_tests' from command line to 'False'
[0.640s] DEBUG:colcon.colcon_core.verb:Building package 'serial' with the following arguments: {'ament_cmake_args': None, 'build_base': '/home/mpinho/proj_ws/build/serial', 'catkin_cmake_args': None, 'catkin_skip_building_tests': False, 'cmake_args': None, 'cmake_clean_cache': False, 'cmake_clean_first': False, 'cmake_force_configure': False, 'cmake_target': None, 'cmake_target_skip_unavailable': False, 'install_base': '/home/mpinho/proj_ws/install/serial', 'merge_install': False, 'path': '/home/mpinho/proj_ws/src/serial', 'symlink_install': True, 'test_result_base': None}
[0.641s] Level 5:colcon.colcon_core.verb:set package 'urg_node2' build argument 'cmake_args' from command line to 'None'
[0.641s] Level 5:colcon.colcon_core.verb:set package 'urg_node2' build argument 'cmake_target' from command line to 'None'
[0.641s] Level 5:colcon.colcon_core.verb:set package 'urg_node2' build argument 'cmake_target_skip_unavailable' from command line to 'False'
[0.641s] Level 5:colcon.colcon_core.verb:set package 'urg_node2' build argument 'cmake_clean_cache' from command line to 'False'
[0.641s] Level 5:colcon.colcon_core.verb:set package 'urg_node2' build argument 'cmake_clean_first' from command line to 'False'
[0.641s] Level 5:colcon.colcon_core.verb:set package 'urg_node2' build argument 'cmake_force_configure' from command line to 'False'
[0.641s] Level 5:colcon.colcon_core.verb:set package 'urg_node2' build argument 'ament_cmake_args' from command line to 'None'
[0.641s] Level 5:colcon.colcon_core.verb:set package 'urg_node2' build argument 'catkin_cmake_args' from command line to 'None'
[0.641s] Level 5:colcon.colcon_core.verb:set package 'urg_node2' build argument 'catkin_skip_building_tests' from command line to 'False'
[0.641s] DEBUG:colcon.colcon_core.verb:Building package 'urg_node2' with the following arguments: {'ament_cmake_args': None, 'build_base': '/home/mpinho/proj_ws/build/urg_node2', 'catkin_cmake_args': None, 'catkin_skip_building_tests': False, 'cmake_args': None, 'cmake_clean_cache': False, 'cmake_clean_first': False, 'cmake_force_configure': False, 'cmake_target': None, 'cmake_target_skip_unavailable': False, 'install_base': '/home/mpinho/proj_ws/install/urg_node2', 'merge_install': False, 'path': '/home/mpinho/proj_ws/src/urg_node2', 'symlink_install': True, 'test_result_base': None}
[0.642s] Level 5:colcon.colcon_core.verb:set package 'diffdrive_arduino' build argument 'cmake_args' from command line to 'None'
[0.642s] Level 5:colcon.colcon_core.verb:set package 'diffdrive_arduino' build argument 'cmake_target' from command line to 'None'
[0.642s] Level 5:colcon.colcon_core.verb:set package 'diffdrive_arduino' build argument 'cmake_target_skip_unavailable' from command line to 'False'
[0.642s] Level 5:colcon.colcon_core.verb:set package 'diffdrive_arduino' build argument 'cmake_clean_cache' from command line to 'False'
[0.642s] Level 5:colcon.colcon_core.verb:set package 'diffdrive_arduino' build argument 'cmake_clean_first' from command line to 'False'
[0.642s] Level 5:colcon.colcon_core.verb:set package 'diffdrive_arduino' build argument 'cmake_force_configure' from command line to 'False'
[0.642s] Level 5:colcon.colcon_core.verb:set package 'diffdrive_arduino' build argument 'ament_cmake_args' from command line to 'None'
[0.642s] Level 5:colcon.colcon_core.verb:set package 'diffdrive_arduino' build argument 'catkin_cmake_args' from command line to 'None'
[0.642s] Level 5:colcon.colcon_core.verb:set package 'diffdrive_arduino' build argument 'catkin_skip_building_tests' from command line to 'False'
[0.642s] DEBUG:colcon.colcon_core.verb:Building package 'diffdrive_arduino' with the following arguments: {'ament_cmake_args': None, 'build_base': '/home/mpinho/proj_ws/build/diffdrive_arduino', 'catkin_cmake_args': None, 'catkin_skip_building_tests': False, 'cmake_args': None, 'cmake_clean_cache': False, 'cmake_clean_first': False, 'cmake_force_configure': False, 'cmake_target': None, 'cmake_target_skip_unavailable': False, 'install_base': '/home/mpinho/proj_ws/install/diffdrive_arduino', 'merge_install': False, 'path': '/home/mpinho/proj_ws/src/diffdrive_arduino', 'symlink_install': True, 'test_result_base': None}
[0.642s] INFO:colcon.colcon_core.executor:Executing jobs using 'parallel' executor
[0.644s] DEBUG:colcon.colcon_parallel_executor.executor.parallel:run_until_complete
[0.645s] INFO:colcon.colcon_ros.task.ament_cmake.build:Building ROS package in '/home/mpinho/proj_ws/src/serial' with build type 'ament_cmake'
[0.645s] INFO:colcon.colcon_cmake.task.cmake.build:Building CMake package in '/home/mpinho/proj_ws/src/serial'
[0.651s] INFO:colcon.colcon_core.plugin_system:Skipping extension 'colcon_core.shell.bat': Not used on non-Windows systems
[0.652s] INFO:colcon.colcon_core.shell:Skip shell extension 'powershell' for command environment: Not usable outside of PowerShell
[0.652s] DEBUG:colcon.colcon_core.shell:Skip shell extension 'dsv' for command environment
[0.659s] INFO:colcon.colcon_ros.task.ament_cmake.build:Building ROS package in '/home/mpinho/proj_ws/src/msc_aut_vehicles' with build type 'ament_cmake'
[0.659s] INFO:colcon.colcon_cmake.task.cmake.build:Building CMake package in '/home/mpinho/proj_ws/src/msc_aut_vehicles'
[0.660s] INFO:colcon.colcon_core.shell:Skip shell extension 'powershell' for command environment: Not usable outside of PowerShell
[0.660s] DEBUG:colcon.colcon_core.shell:Skip shell extension 'dsv' for command environment
[0.666s] INFO:colcon.colcon_ros.task.ament_cmake.build:Building ROS package in '/home/mpinho/proj_ws/src/urg_node2' with build type 'ament_cmake'
[0.666s] INFO:colcon.colcon_cmake.task.cmake.build:Building CMake package in '/home/mpinho/proj_ws/src/urg_node2'
[0.667s] INFO:colcon.colcon_core.shell:Skip shell extension 'powershell' for command environment: Not usable outside of PowerShell
[0.667s] DEBUG:colcon.colcon_core.shell:Skip shell extension 'dsv' for command environment
[0.688s] DEBUG:colcon.colcon_core.event_handler.log_command:Invoking command in '/home/mpinho/proj_ws/build/serial': CMAKE_PREFIX_PATH=${CMAKE_PREFIX_PATH}:/opt/ros/humble /usr/bin/cmake --build /home/mpinho/proj_ws/build/serial -- -j8 -l8
[0.698s] DEBUG:colcon.colcon_core.event_handler.log_command:Invoking command in '/home/mpinho/proj_ws/build/msc_aut_vehicles': CMAKE_PREFIX_PATH=${CMAKE_PREFIX_PATH}:/opt/ros/humble /usr/bin/cmake --build /home/mpinho/proj_ws/build/msc_aut_vehicles -- -j8 -l8
[0.706s] DEBUG:colcon.colcon_core.event_handler.log_command:Invoking command in '/home/mpinho/proj_ws/build/urg_node2': CMAKE_PREFIX_PATH=${CMAKE_PREFIX_PATH}:/opt/ros/humble /usr/bin/cmake --build /home/mpinho/proj_ws/build/urg_node2 -- -j8 -l8
[0.937s] DEBUG:colcon.colcon_core.event_handler.log_command:Invoked command in '/home/mpinho/proj_ws/build/serial' returned '0': CMAKE_PREFIX_PATH=${CMAKE_PREFIX_PATH}:/opt/ros/humble /usr/bin/cmake --build /home/mpinho/proj_ws/build/serial -- -j8 -l8
[1.010s] DEBUG:colcon.colcon_core.event_handler.log_command:Invoked command in '/home/mpinho/proj_ws/build/urg_node2' returned '0': CMAKE_PREFIX_PATH=${CMAKE_PREFIX_PATH}:/opt/ros/humble /usr/bin/cmake --build /home/mpinho/proj_ws/build/urg_node2 -- -j8 -l8
[1.046s] DEBUG:colcon.colcon_core.event_handler.log_command:Invoking command in '/home/mpinho/proj_ws/build/serial': CMAKE_PREFIX_PATH=${CMAKE_PREFIX_PATH}:/opt/ros/humble /usr/bin/cmake --install /home/mpinho/proj_ws/build/serial
[1.095s] Level 1:colcon.colcon_core.environment:create_environment_scripts_only(serial)
[1.096s] DEBUG:colcon.colcon_core.event_handler.log_command:Invoked command in '/home/mpinho/proj_ws/build/serial' returned '0': CMAKE_PREFIX_PATH=${CMAKE_PREFIX_PATH}:/opt/ros/humble /usr/bin/cmake --install /home/mpinho/proj_ws/build/serial
[1.108s] Level 1:colcon.colcon_core.environment:checking '/home/mpinho/proj_ws/install/serial' for CMake module files
[1.109s] Level 1:colcon.colcon_core.environment:checking '/home/mpinho/proj_ws/install/serial' for CMake config files
[1.110s] Level 1:colcon.colcon_core.shell:create_environment_hook('serial', 'cmake_prefix_path')
[1.110s] INFO:colcon.colcon_core.shell:Creating environment hook '/home/mpinho/proj_ws/install/serial/share/serial/hook/cmake_prefix_path.ps1'
[1.113s] INFO:colcon.colcon_core.shell:Creating environment descriptor '/home/mpinho/proj_ws/install/serial/share/serial/hook/cmake_prefix_path.dsv'
[1.115s] INFO:colcon.colcon_core.shell:Creating environment hook '/home/mpinho/proj_ws/install/serial/share/serial/hook/cmake_prefix_path.sh'
[1.118s] Level 1:colcon.colcon_core.environment:checking '/home/mpinho/proj_ws/install/serial/lib'
[1.118s] Level 1:colcon.colcon_core.environment:checking '/home/mpinho/proj_ws/install/serial/bin'
[1.119s] Level 1:colcon.colcon_core.environment:checking '/home/mpinho/proj_ws/install/serial/lib/pkgconfig/serial.pc'
[1.119s] Level 1:colcon.colcon_core.environment:checking '/home/mpinho/proj_ws/install/serial/lib/python3.10/site-packages'
[1.120s] Level 1:colcon.colcon_core.environment:checking '/home/mpinho/proj_ws/install/serial/bin'
[1.120s] INFO:colcon.colcon_core.shell:Creating package script '/home/mpinho/proj_ws/install/serial/share/serial/package.ps1'
[1.123s] INFO:colcon.colcon_core.shell:Creating package descriptor '/home/mpinho/proj_ws/install/serial/share/serial/package.dsv'
[1.125s] INFO:colcon.colcon_core.shell:Creating package script '/home/mpinho/proj_ws/install/serial/share/serial/package.sh'
[1.127s] INFO:colcon.colcon_core.shell:Creating package script '/home/mpinho/proj_ws/install/serial/share/serial/package.bash'
[1.130s] INFO:colcon.colcon_core.shell:Creating package script '/home/mpinho/proj_ws/install/serial/share/serial/package.zsh'
[1.132s] Level 1:colcon.colcon_core.environment:create_file_with_runtime_dependencies(/home/mpinho/proj_ws/install/serial/share/colcon-core/packages/serial)
[1.139s] DEBUG:colcon.colcon_core.event_handler.log_command:Invoking command in '/home/mpinho/proj_ws/build/urg_node2': CMAKE_PREFIX_PATH=${CMAKE_PREFIX_PATH}:/opt/ros/humble /usr/bin/cmake --install /home/mpinho/proj_ws/build/urg_node2
[1.193s] Level 1:colcon.colcon_core.environment:create_environment_scripts_only(urg_node2)
[1.194s] Level 1:colcon.colcon_core.environment:checking '/home/mpinho/proj_ws/install/urg_node2' for CMake module files
[1.195s] DEBUG:colcon.colcon_core.event_handler.log_command:Invoked command in '/home/mpinho/proj_ws/build/urg_node2' returned '0': CMAKE_PREFIX_PATH=${CMAKE_PREFIX_PATH}:/opt/ros/humble /usr/bin/cmake --install /home/mpinho/proj_ws/build/urg_node2
[1.196s] Level 1:colcon.colcon_core.environment:checking '/home/mpinho/proj_ws/install/urg_node2' for CMake config files
[1.197s] Level 1:colcon.colcon_core.shell:create_environment_hook('urg_node2', 'cmake_prefix_path')
[1.198s] INFO:colcon.colcon_core.shell:Creating environment hook '/home/mpinho/proj_ws/install/urg_node2/share/urg_node2/hook/cmake_prefix_path.ps1'
[1.199s] INFO:colcon.colcon_core.shell:Creating environment descriptor '/home/mpinho/proj_ws/install/urg_node2/share/urg_node2/hook/cmake_prefix_path.dsv'
[1.199s] INFO:colcon.colcon_core.shell:Creating environment hook '/home/mpinho/proj_ws/install/urg_node2/share/urg_node2/hook/cmake_prefix_path.sh'
[1.201s] Level 1:colcon.colcon_core.environment:checking '/home/mpinho/proj_ws/install/urg_node2/lib'
[1.201s] Level 1:colcon.colcon_core.shell:create_environment_hook('urg_node2', 'ld_library_path_lib')
[1.202s] INFO:colcon.colcon_core.shell:Creating environment hook '/home/mpinho/proj_ws/install/urg_node2/share/urg_node2/hook/ld_library_path_lib.ps1'
[1.203s] INFO:colcon.colcon_core.shell:Creating environment descriptor '/home/mpinho/proj_ws/install/urg_node2/share/urg_node2/hook/ld_library_path_lib.dsv'
[1.203s] INFO:colcon.colcon_core.shell:Creating environment hook '/home/mpinho/proj_ws/install/urg_node2/share/urg_node2/hook/ld_library_path_lib.sh'
[1.204s] Level 1:colcon.colcon_core.environment:checking '/home/mpinho/proj_ws/install/urg_node2/bin'
[1.204s] Level 1:colcon.colcon_core.environment:checking '/home/mpinho/proj_ws/install/urg_node2/lib/pkgconfig/urg_node2.pc'
[1.205s] Level 1:colcon.colcon_core.environment:checking '/home/mpinho/proj_ws/install/urg_node2/lib/python3.10/site-packages'
[1.205s] Level 1:colcon.colcon_core.environment:checking '/home/mpinho/proj_ws/install/urg_node2/bin'
[1.206s] INFO:colcon.colcon_core.shell:Creating package script '/home/mpinho/proj_ws/install/urg_node2/share/urg_node2/package.ps1'
[1.207s] INFO:colcon.colcon_core.shell:Creating package descriptor '/home/mpinho/proj_ws/install/urg_node2/share/urg_node2/package.dsv'
[1.209s] INFO:colcon.colcon_core.shell:Creating package script '/home/mpinho/proj_ws/install/urg_node2/share/urg_node2/package.sh'
[1.209s] INFO:colcon.colcon_core.shell:Creating package script '/home/mpinho/proj_ws/install/urg_node2/share/urg_node2/package.bash'
[1.210s] INFO:colcon.colcon_core.shell:Creating package script '/home/mpinho/proj_ws/install/urg_node2/share/urg_node2/package.zsh'
[1.211s] Level 1:colcon.colcon_core.environment:create_file_with_runtime_dependencies(/home/mpinho/proj_ws/install/urg_node2/share/colcon-core/packages/urg_node2)
[1.215s] Level 1:colcon.colcon_core.environment:create_environment_scripts_only(serial)
[1.215s] Level 1:colcon.colcon_core.environment:checking '/home/mpinho/proj_ws/install/serial' for CMake module files
[1.216s] Level 1:colcon.colcon_core.environment:checking '/home/mpinho/proj_ws/install/serial' for CMake config files
[1.217s] Level 1:colcon.colcon_core.shell:create_environment_hook('serial', 'cmake_prefix_path')
[1.218s] INFO:colcon.colcon_core.shell:Creating environment hook '/home/mpinho/proj_ws/install/serial/share/serial/hook/cmake_prefix_path.ps1'
[1.218s] INFO:colcon.colcon_core.shell:Creating environment descriptor '/home/mpinho/proj_ws/install/serial/share/serial/hook/cmake_prefix_path.dsv'
[1.219s] INFO:colcon.colcon_core.shell:Creating environment hook '/home/mpinho/proj_ws/install/serial/share/serial/hook/cmake_prefix_path.sh'
[1.220s] Level 1:colcon.colcon_core.environment:checking '/home/mpinho/proj_ws/install/serial/lib'
[1.220s] Level 1:colcon.colcon_core.environment:checking '/home/mpinho/proj_ws/install/serial/bin'
[1.221s] Level 1:colcon.colcon_core.environment:checking '/home/mpinho/proj_ws/install/serial/lib/pkgconfig/serial.pc'
[1.221s] Level 1:colcon.colcon_core.environment:checking '/home/mpinho/proj_ws/install/serial/lib/python3.10/site-packages'
[1.222s] Level 1:colcon.colcon_core.environment:checking '/home/mpinho/proj_ws/install/serial/bin'
[1.222s] INFO:colcon.colcon_core.shell:Creating package script '/home/mpinho/proj_ws/install/serial/share/serial/package.ps1'
[1.224s] INFO:colcon.colcon_core.shell:Creating package descriptor '/home/mpinho/proj_ws/install/serial/share/serial/package.dsv'
[1.225s] INFO:colcon.colcon_core.shell:Creating package script '/home/mpinho/proj_ws/install/serial/share/serial/package.sh'
[1.225s] INFO:colcon.colcon_core.shell:Creating package script '/home/mpinho/proj_ws/install/serial/share/serial/package.bash'
[1.226s] INFO:colcon.colcon_core.shell:Creating package script '/home/mpinho/proj_ws/install/serial/share/serial/package.zsh'
[1.227s] Level 1:colcon.colcon_core.environment:create_file_with_runtime_dependencies(/home/mpinho/proj_ws/install/serial/share/colcon-core/packages/serial)
[1.228s] INFO:colcon.colcon_ros.task.ament_cmake.build:Building ROS package in '/home/mpinho/proj_ws/src/diffdrive_arduino' with build type 'ament_cmake'
[1.228s] INFO:colcon.colcon_cmake.task.cmake.build:Building CMake package in '/home/mpinho/proj_ws/src/diffdrive_arduino'
[1.229s] INFO:colcon.colcon_core.shell:Skip shell extension 'powershell' for command environment: Not usable outside of PowerShell
[1.229s] DEBUG:colcon.colcon_core.shell:Skip shell extension 'dsv' for command environment
[1.259s] DEBUG:colcon.colcon_core.event_handler.log_command:Invoking command in '/home/mpinho/proj_ws/build/diffdrive_arduino': CMAKE_PREFIX_PATH=/home/mpinho/proj_ws/install/serial:/home/mpinho/proj_ws/install/urg_node2:/home/mpinho/proj_ws/install/diffdrive_arduino:/home/mpinho/proj_ws/install/msc_aut_vehicles:/opt/ros/humble /usr/bin/cmake --build /home/mpinho/proj_ws/build/diffdrive_arduino -- -j8 -l8
[1.340s] Level 1:colcon.colcon_core.environment:create_environment_scripts_only(urg_node2)
[1.340s] Level 1:colcon.colcon_core.environment:checking '/home/mpinho/proj_ws/install/urg_node2' for CMake module files
[1.342s] Level 1:colcon.colcon_core.environment:checking '/home/mpinho/proj_ws/install/urg_node2' for CMake config files
[1.343s] Level 1:colcon.colcon_core.shell:create_environment_hook('urg_node2', 'cmake_prefix_path')
[1.344s] INFO:colcon.colcon_core.shell:Creating environment hook '/home/mpinho/proj_ws/install/urg_node2/share/urg_node2/hook/cmake_prefix_path.ps1'
[1.345s] INFO:colcon.colcon_core.shell:Creating environment descriptor '/home/mpinho/proj_ws/install/urg_node2/share/urg_node2/hook/cmake_prefix_path.dsv'
[1.346s] INFO:colcon.colcon_core.shell:Creating environment hook '/home/mpinho/proj_ws/install/urg_node2/share/urg_node2/hook/cmake_prefix_path.sh'
[1.347s] Level 1:colcon.colcon_core.environment:checking '/home/mpinho/proj_ws/install/urg_node2/lib'
[1.347s] Level 1:colcon.colcon_core.shell:create_environment_hook('urg_node2', 'ld_library_path_lib')
[1.348s] INFO:colcon.colcon_core.shell:Creating environment hook '/home/mpinho/proj_ws/install/urg_node2/share/urg_node2/hook/ld_library_path_lib.ps1'
[1.349s] INFO:colcon.colcon_core.shell:Creating environment descriptor '/home/mpinho/proj_ws/install/urg_node2/share/urg_node2/hook/ld_library_path_lib.dsv'
[1.350s] INFO:colcon.colcon_core.shell:Creating environment hook '/home/mpinho/proj_ws/install/urg_node2/share/urg_node2/hook/ld_library_path_lib.sh'
[1.351s] Level 1:colcon.colcon_core.environment:checking '/home/mpinho/proj_ws/install/urg_node2/bin'
[1.351s] Level 1:colcon.colcon_core.environment:checking '/home/mpinho/proj_ws/install/urg_node2/lib/pkgconfig/urg_node2.pc'
[1.352s] Level 1:colcon.colcon_core.environment:checking '/home/mpinho/proj_ws/install/urg_node2/lib/python3.10/site-packages'
[1.353s] Level 1:colcon.colcon_core.environment:checking '/home/mpinho/proj_ws/install/urg_node2/bin'
[1.354s] INFO:colcon.colcon_core.shell:Creating package script '/home/mpinho/proj_ws/install/urg_node2/share/urg_node2/package.ps1'
[1.355s] INFO:colcon.colcon_core.shell:Creating package descriptor '/home/mpinho/proj_ws/install/urg_node2/share/urg_node2/package.dsv'
[1.357s] INFO:colcon.colcon_core.shell:Creating package script '/home/mpinho/proj_ws/install/urg_node2/share/urg_node2/package.sh'
[1.358s] INFO:colcon.colcon_core.shell:Creating package script '/home/mpinho/proj_ws/install/urg_node2/share/urg_node2/package.bash'
[1.359s] INFO:colcon.colcon_core.shell:Creating package script '/home/mpinho/proj_ws/install/urg_node2/share/urg_node2/package.zsh'
[1.360s] Level 1:colcon.colcon_core.environment:create_file_with_runtime_dependencies(/home/mpinho/proj_ws/install/urg_node2/share/colcon-core/packages/urg_node2)
[1.429s] DEBUG:colcon.colcon_core.event_handler.log_command:Invoked command in '/home/mpinho/proj_ws/build/diffdrive_arduino' returned '0': CMAKE_PREFIX_PATH=/home/mpinho/proj_ws/install/serial:/home/mpinho/proj_ws/install/urg_node2:/home/mpinho/proj_ws/install/diffdrive_arduino:/home/mpinho/proj_ws/install/msc_aut_vehicles:/opt/ros/humble /usr/bin/cmake --build /home/mpinho/proj_ws/build/diffdrive_arduino -- -j8 -l8
[1.513s] DEBUG:colcon.colcon_core.event_handler.log_command:Invoking command in '/home/mpinho/proj_ws/build/diffdrive_arduino': CMAKE_PREFIX_PATH=/home/mpinho/proj_ws/install/serial:/home/mpinho/proj_ws/install/urg_node2:/home/mpinho/proj_ws/install/diffdrive_arduino:/home/mpinho/proj_ws/install/msc_aut_vehicles:/opt/ros/humble /usr/bin/cmake --install /home/mpinho/proj_ws/build/diffdrive_arduino
[1.561s] Level 1:colcon.colcon_core.environment:create_environment_scripts_only(diffdrive_arduino)
[1.562s] DEBUG:colcon.colcon_core.event_handler.log_command:Invoked command in '/home/mpinho/proj_ws/build/diffdrive_arduino' returned '0': CMAKE_PREFIX_PATH=/home/mpinho/proj_ws/install/serial:/home/mpinho/proj_ws/install/urg_node2:/home/mpinho/proj_ws/install/diffdrive_arduino:/home/mpinho/proj_ws/install/msc_aut_vehicles:/opt/ros/humble /usr/bin/cmake --install /home/mpinho/proj_ws/build/diffdrive_arduino
[1.562s] Level 1:colcon.colcon_core.environment:checking '/home/mpinho/proj_ws/install/diffdrive_arduino' for CMake module files
[1.564s] Level 1:colcon.colcon_core.environment:checking '/home/mpinho/proj_ws/install/diffdrive_arduino' for CMake config files
[1.565s] Level 1:colcon.colcon_core.shell:create_environment_hook('diffdrive_arduino', 'cmake_prefix_path')
[1.566s] INFO:colcon.colcon_core.shell:Creating environment hook '/home/mpinho/proj_ws/install/diffdrive_arduino/share/diffdrive_arduino/hook/cmake_prefix_path.ps1'
[1.567s] INFO:colcon.colcon_core.shell:Creating environment descriptor '/home/mpinho/proj_ws/install/diffdrive_arduino/share/diffdrive_arduino/hook/cmake_prefix_path.dsv'
[1.567s] INFO:colcon.colcon_core.shell:Creating environment hook '/home/mpinho/proj_ws/install/diffdrive_arduino/share/diffdrive_arduino/hook/cmake_prefix_path.sh'
[1.569s] Level 1:colcon.colcon_core.environment:checking '/home/mpinho/proj_ws/install/diffdrive_arduino/lib'
[1.569s] Level 1:colcon.colcon_core.shell:create_environment_hook('diffdrive_arduino', 'ld_library_path_lib')
[1.570s] INFO:colcon.colcon_core.shell:Creating environment hook '/home/mpinho/proj_ws/install/diffdrive_arduino/share/diffdrive_arduino/hook/ld_library_path_lib.ps1'
[1.571s] INFO:colcon.colcon_core.shell:Creating environment descriptor '/home/mpinho/proj_ws/install/diffdrive_arduino/share/diffdrive_arduino/hook/ld_library_path_lib.dsv'
[1.572s] INFO:colcon.colcon_core.shell:Creating environment hook '/home/mpinho/proj_ws/install/diffdrive_arduino/share/diffdrive_arduino/hook/ld_library_path_lib.sh'
[1.573s] Level 1:colcon.colcon_core.environment:checking '/home/mpinho/proj_ws/install/diffdrive_arduino/bin'
[1.573s] Level 1:colcon.colcon_core.environment:checking '/home/mpinho/proj_ws/install/diffdrive_arduino/lib/pkgconfig/diffdrive_arduino.pc'
[1.573s] Level 1:colcon.colcon_core.environment:checking '/home/mpinho/proj_ws/install/diffdrive_arduino/lib/python3.10/site-packages'
[1.574s] Level 1:colcon.colcon_core.environment:checking '/home/mpinho/proj_ws/install/diffdrive_arduino/bin'
[1.575s] INFO:colcon.colcon_core.shell:Creating package script '/home/mpinho/proj_ws/install/diffdrive_arduino/share/diffdrive_arduino/package.ps1'
[1.576s] INFO:colcon.colcon_core.shell:Creating package descriptor '/home/mpinho/proj_ws/install/diffdrive_arduino/share/diffdrive_arduino/package.dsv'
[1.577s] INFO:colcon.colcon_core.shell:Creating package script '/home/mpinho/proj_ws/install/diffdrive_arduino/share/diffdrive_arduino/package.sh'
[1.578s] INFO:colcon.colcon_core.shell:Creating package script '/home/mpinho/proj_ws/install/diffdrive_arduino/share/diffdrive_arduino/package.bash'
[1.579s] INFO:colcon.colcon_core.shell:Creating package script '/home/mpinho/proj_ws/install/diffdrive_arduino/share/diffdrive_arduino/package.zsh'
[1.581s] Level 1:colcon.colcon_core.environment:create_file_with_runtime_dependencies(/home/mpinho/proj_ws/install/diffdrive_arduino/share/colcon-core/packages/diffdrive_arduino)
[1.629s] DEBUG:colcon.colcon_core.event_handler.log_command:Invoked command in '/home/mpinho/proj_ws/build/msc_aut_vehicles' returned '0': CMAKE_PREFIX_PATH=${CMAKE_PREFIX_PATH}:/opt/ros/humble /usr/bin/cmake --build /home/mpinho/proj_ws/build/msc_aut_vehicles -- -j8 -l8
[1.653s] Level 1:colcon.colcon_core.environment:create_environment_scripts_only(diffdrive_arduino)
[1.654s] Level 1:colcon.colcon_core.environment:checking '/home/mpinho/proj_ws/install/diffdrive_arduino' for CMake module files
[1.655s] Level 1:colcon.colcon_core.environment:checking '/home/mpinho/proj_ws/install/diffdrive_arduino' for CMake config files
[1.656s] Level 1:colcon.colcon_core.shell:create_environment_hook('diffdrive_arduino', 'cmake_prefix_path')
[1.657s] INFO:colcon.colcon_core.shell:Creating environment hook '/home/mpinho/proj_ws/install/diffdrive_arduino/share/diffdrive_arduino/hook/cmake_prefix_path.ps1'
[1.658s] INFO:colcon.colcon_core.shell:Creating environment descriptor '/home/mpinho/proj_ws/install/diffdrive_arduino/share/diffdrive_arduino/hook/cmake_prefix_path.dsv'
[1.659s] INFO:colcon.colcon_core.shell:Creating environment hook '/home/mpinho/proj_ws/install/diffdrive_arduino/share/diffdrive_arduino/hook/cmake_prefix_path.sh'
[1.660s] Level 1:colcon.colcon_core.environment:checking '/home/mpinho/proj_ws/install/diffdrive_arduino/lib'
[1.661s] Level 1:colcon.colcon_core.shell:create_environment_hook('diffdrive_arduino', 'ld_library_path_lib')
[1.661s] INFO:colcon.colcon_core.shell:Creating environment hook '/home/mpinho/proj_ws/install/diffdrive_arduino/share/diffdrive_arduino/hook/ld_library_path_lib.ps1'
[1.662s] INFO:colcon.colcon_core.shell:Creating environment descriptor '/home/mpinho/proj_ws/install/diffdrive_arduino/share/diffdrive_arduino/hook/ld_library_path_lib.dsv'
[1.663s] INFO:colcon.colcon_core.shell:Creating environment hook '/home/mpinho/proj_ws/install/diffdrive_arduino/share/diffdrive_arduino/hook/ld_library_path_lib.sh'
[1.664s] Level 1:colcon.colcon_core.environment:checking '/home/mpinho/proj_ws/install/diffdrive_arduino/bin'
[1.664s] Level 1:colcon.colcon_core.environment:checking '/home/mpinho/proj_ws/install/diffdrive_arduino/lib/pkgconfig/diffdrive_arduino.pc'
[1.665s] Level 1:colcon.colcon_core.environment:checking '/home/mpinho/proj_ws/install/diffdrive_arduino/lib/python3.10/site-packages'
[1.665s] Level 1:colcon.colcon_core.environment:checking '/home/mpinho/proj_ws/install/diffdrive_arduino/bin'
[1.666s] INFO:colcon.colcon_core.shell:Creating package script '/home/mpinho/proj_ws/install/diffdrive_arduino/share/diffdrive_arduino/package.ps1'
[1.667s] INFO:colcon.colcon_core.shell:Creating package descriptor '/home/mpinho/proj_ws/install/diffdrive_arduino/share/diffdrive_arduino/package.dsv'
[1.669s] INFO:colcon.colcon_core.shell:Creating package script '/home/mpinho/proj_ws/install/diffdrive_arduino/share/diffdrive_arduino/package.sh'
[1.670s] INFO:colcon.colcon_core.shell:Creating package script '/home/mpinho/proj_ws/install/diffdrive_arduino/share/diffdrive_arduino/package.bash'
[1.671s] INFO:colcon.colcon_core.shell:Creating package script '/home/mpinho/proj_ws/install/diffdrive_arduino/share/diffdrive_arduino/package.zsh'
[1.672s] Level 1:colcon.colcon_core.environment:create_file_with_runtime_dependencies(/home/mpinho/proj_ws/install/diffdrive_arduino/share/colcon-core/packages/diffdrive_arduino)
[1.678s] DEBUG:colcon.colcon_core.event_handler.log_command:Invoking command in '/home/mpinho/proj_ws/build/msc_aut_vehicles': CMAKE_PREFIX_PATH=${CMAKE_PREFIX_PATH}:/opt/ros/humble /usr/bin/cmake --install /home/mpinho/proj_ws/build/msc_aut_vehicles
[1.815s] Level 1:colcon.colcon_core.environment:create_environment_scripts_only(msc_aut_vehicles)
[1.816s] Level 1:colcon.colcon_core.environment:checking '/home/mpinho/proj_ws/install/msc_aut_vehicles' for CMake module files
[1.817s] DEBUG:colcon.colcon_core.event_handler.log_command:Invoked command in '/home/mpinho/proj_ws/build/msc_aut_vehicles' returned '0': CMAKE_PREFIX_PATH=${CMAKE_PREFIX_PATH}:/opt/ros/humble /usr/bin/cmake --install /home/mpinho/proj_ws/build/msc_aut_vehicles
[1.818s] Level 1:colcon.colcon_core.environment:checking '/home/mpinho/proj_ws/install/msc_aut_vehicles' for CMake config files
[1.820s] Level 1:colcon.colcon_core.shell:create_environment_hook('msc_aut_vehicles', 'cmake_prefix_path')
[1.821s] INFO:colcon.colcon_core.shell:Creating environment hook '/home/mpinho/proj_ws/install/msc_aut_vehicles/share/msc_aut_vehicles/hook/cmake_prefix_path.ps1'
[1.822s] INFO:colcon.colcon_core.shell:Creating environment descriptor '/home/mpinho/proj_ws/install/msc_aut_vehicles/share/msc_aut_vehicles/hook/cmake_prefix_path.dsv'
[1.823s] INFO:colcon.colcon_core.shell:Creating environment hook '/home/mpinho/proj_ws/install/msc_aut_vehicles/share/msc_aut_vehicles/hook/cmake_prefix_path.sh'
[1.824s] Level 1:colcon.colcon_core.environment:checking '/home/mpinho/proj_ws/install/msc_aut_vehicles/lib'
[1.824s] Level 1:colcon.colcon_core.environment:checking '/home/mpinho/proj_ws/install/msc_aut_vehicles/bin'
[1.824s] Level 1:colcon.colcon_core.environment:checking '/home/mpinho/proj_ws/install/msc_aut_vehicles/lib/pkgconfig/msc_aut_vehicles.pc'
[1.825s] Level 1:colcon.colcon_core.environment:checking '/home/mpinho/proj_ws/install/msc_aut_vehicles/lib/python3.10/site-packages'
[1.825s] Level 1:colcon.colcon_core.environment:checking '/home/mpinho/proj_ws/install/msc_aut_vehicles/bin'
[1.826s] INFO:colcon.colcon_core.shell:Creating package script '/home/mpinho/proj_ws/install/msc_aut_vehicles/share/msc_aut_vehicles/package.ps1'
[1.827s] INFO:colcon.colcon_core.shell:Creating package descriptor '/home/mpinho/proj_ws/install/msc_aut_vehicles/share/msc_aut_vehicles/package.dsv'
[1.828s] INFO:colcon.colcon_core.shell:Creating package script '/home/mpinho/proj_ws/install/msc_aut_vehicles/share/msc_aut_vehicles/package.sh'
[1.829s] INFO:colcon.colcon_core.shell:Creating package script '/home/mpinho/proj_ws/install/msc_aut_vehicles/share/msc_aut_vehicles/package.bash'
[1.830s] INFO:colcon.colcon_core.shell:Creating package script '/home/mpinho/proj_ws/install/msc_aut_vehicles/share/msc_aut_vehicles/package.zsh'
[1.831s] Level 1:colcon.colcon_core.environment:create_file_with_runtime_dependencies(/home/mpinho/proj_ws/install/msc_aut_vehicles/share/colcon-core/packages/msc_aut_vehicles)
[1.882s] Level 1:colcon.colcon_core.environment:create_environment_scripts_only(msc_aut_vehicles)
[1.883s] Level 1:colcon.colcon_core.environment:checking '/home/mpinho/proj_ws/install/msc_aut_vehicles' for CMake module files
[1.884s] Level 1:colcon.colcon_core.environment:checking '/home/mpinho/proj_ws/install/msc_aut_vehicles' for CMake config files
[1.885s] Level 1:colcon.colcon_core.shell:create_environment_hook('msc_aut_vehicles', 'cmake_prefix_path')
[1.886s] INFO:colcon.colcon_core.shell:Creating environment hook '/home/mpinho/proj_ws/install/msc_aut_vehicles/share/msc_aut_vehicles/hook/cmake_prefix_path.ps1'
[1.888s] INFO:colcon.colcon_core.shell:Creating environment descriptor '/home/mpinho/proj_ws/install/msc_aut_vehicles/share/msc_aut_vehicles/hook/cmake_prefix_path.dsv'
[1.888s] INFO:colcon.colcon_core.shell:Creating environment hook '/home/mpinho/proj_ws/install/msc_aut_vehicles/share/msc_aut_vehicles/hook/cmake_prefix_path.sh'
[1.890s] Level 1:colcon.colcon_core.environment:checking '/home/mpinho/proj_ws/install/msc_aut_vehicles/lib'
[1.890s] Level 1:colcon.colcon_core.environment:checking '/home/mpinho/proj_ws/install/msc_aut_vehicles/bin'
[1.890s] Level 1:colcon.colcon_core.environment:checking '/home/mpinho/proj_ws/install/msc_aut_vehicles/lib/pkgconfig/msc_aut_vehicles.pc'
[1.890s] Level 1:colcon.colcon_core.environment:checking '/home/mpinho/proj_ws/install/msc_aut_vehicles/lib/python3.10/site-packages'
[1.891s] Level 1:colcon.colcon_core.environment:checking '/home/mpinho/proj_ws/install/msc_aut_vehicles/bin'
[1.891s] INFO:colcon.colcon_core.shell:Creating package script '/home/mpinho/proj_ws/install/msc_aut_vehicles/share/msc_aut_vehicles/package.ps1'
[1.892s] INFO:colcon.colcon_core.shell:Creating package descriptor '/home/mpinho/proj_ws/install/msc_aut_vehicles/share/msc_aut_vehicles/package.dsv'
[1.894s] INFO:colcon.colcon_core.shell:Creating package script '/home/mpinho/proj_ws/install/msc_aut_vehicles/share/msc_aut_vehicles/package.sh'
[1.895s] INFO:colcon.colcon_core.shell:Creating package script '/home/mpinho/proj_ws/install/msc_aut_vehicles/share/msc_aut_vehicles/package.bash'
[1.896s] INFO:colcon.colcon_core.shell:Creating package script '/home/mpinho/proj_ws/install/msc_aut_vehicles/share/msc_aut_vehicles/package.zsh'
[1.899s] Level 1:colcon.colcon_core.environment:create_file_with_runtime_dependencies(/home/mpinho/proj_ws/install/msc_aut_vehicles/share/colcon-core/packages/msc_aut_vehicles)
[1.900s] DEBUG:colcon.colcon_parallel_executor.executor.parallel:closing loop
[1.901s] DEBUG:colcon.colcon_parallel_executor.executor.parallel:loop closed
[1.901s] DEBUG:colcon.colcon_parallel_executor.executor.parallel:run_until_complete finished with '0'
[1.901s] DEBUG:colcon.colcon_core.event_reactor:joining thread
[1.914s] INFO:colcon.colcon_core.plugin_system:Skipping extension 'colcon_notification.desktop_notification.terminal_notifier': Not used on non-Darwin systems
[1.915s] INFO:colcon.colcon_core.plugin_system:Skipping extension 'colcon_notification.desktop_notification.win32': Not used on non-Windows systems
[1.915s] INFO:colcon.colcon_notification.desktop_notification:Sending desktop notification using 'notify2'
[1.947s] DEBUG:colcon.colcon_core.event_reactor:joined thread
[1.948s] INFO:colcon.colcon_core.shell:Creating prefix script '/home/mpinho/proj_ws/install/local_setup.ps1'
[1.951s] INFO:colcon.colcon_core.shell:Creating prefix util module '/home/mpinho/proj_ws/install/_local_setup_util_ps1.py'
[1.956s] INFO:colcon.colcon_core.shell:Creating prefix chain script '/home/mpinho/proj_ws/install/setup.ps1'
[1.966s] INFO:colcon.colcon_core.shell:Creating prefix script '/home/mpinho/proj_ws/install/local_setup.sh'
[1.969s] INFO:colcon.colcon_core.shell:Creating prefix util module '/home/mpinho/proj_ws/install/_local_setup_util_sh.py'
[1.970s] INFO:colcon.colcon_core.shell:Creating prefix chain script '/home/mpinho/proj_ws/install/setup.sh'
[1.974s] INFO:colcon.colcon_core.shell:Creating prefix script '/home/mpinho/proj_ws/install/local_setup.bash'
[1.976s] INFO:colcon.colcon_core.shell:Creating prefix chain script '/home/mpinho/proj_ws/install/setup.bash'
[1.980s] INFO:colcon.colcon_core.shell:Creating prefix script '/home/mpinho/proj_ws/install/local_setup.zsh'
[1.983s] INFO:colcon.colcon_core.shell:Creating prefix chain script '/home/mpinho/proj_ws/install/setup.zsh'
