[0.212s] Invoking command in '/home/mpinho/proj_ws/build/serial': CMAKE_PREFIX_PATH=${CMAKE_PREFIX_PATH}:/opt/ros/humble /usr/bin/cmake --build /home/mpinho/proj_ws/build/serial -- -j8 -l8
[1.901s] [ 14%] Built target gtest_main
[1.920s] [ 42%] Built target serial
[1.945s] [ 57%] Built target gtest
[2.083s] [ 71%] Built target serial_example
[2.084s] [ 85%] Built target serial-test-timer
[2.256s] [100%] Built target serial-test
[2.274s] Invoked command in '/home/mpinho/proj_ws/build/serial' returned '0': CMAKE_PREFIX_PATH=${CMAKE_PREFIX_PATH}:/opt/ros/humble /usr/bin/cmake --build /home/mpinho/proj_ws/build/serial -- -j8 -l8
[2.335s] Invoking command in '/home/mpinho/proj_ws/build/serial': CMAKE_PREFIX_PATH=${CMAKE_PREFIX_PATH}:/opt/ros/humble /usr/bin/cmake --install /home/mpinho/proj_ws/build/serial
[2.348s] -- Install configuration: ""
[2.376s] -- Execute custom install script
[2.378s] -- Up-to-date symlink: /home/mpinho/proj_ws/install/serial/lib/libserial.a
[2.405s] -- Up-to-date symlink: /home/mpinho/proj_ws/install/serial/include/serial/serial.h
[2.406s] -- Up-to-date symlink: /home/mpinho/proj_ws/install/serial/include/serial/v8stdint.h
[2.410s] -- Up-to-date symlink: /home/mpinho/proj_ws/install/serial/share/serial/environment/library_path.sh
[2.410s] -- Up-to-date symlink: /home/mpinho/proj_ws/install/serial/share/serial/environment/library_path.dsv
[2.410s] -- Up-to-date symlink: /home/mpinho/proj_ws/install/serial/share/ament_index/resource_index/package_run_dependencies/serial
[2.433s] -- Up-to-date symlink: /home/mpinho/proj_ws/install/serial/share/ament_index/resource_index/parent_prefix_path/serial
[2.434s] -- Up-to-date symlink: /home/mpinho/proj_ws/install/serial/share/serial/environment/ament_prefix_path.sh
[2.434s] -- Up-to-date symlink: /home/mpinho/proj_ws/install/serial/share/serial/environment/ament_prefix_path.dsv
[2.459s] -- Up-to-date symlink: /home/mpinho/proj_ws/install/serial/share/serial/environment/path.sh
[2.459s] -- Up-to-date symlink: /home/mpinho/proj_ws/install/serial/share/serial/environment/path.dsv
[2.462s] -- Up-to-date symlink: /home/mpinho/proj_ws/install/serial/share/serial/local_setup.bash
[2.463s] -- Up-to-date symlink: /home/mpinho/proj_ws/install/serial/share/serial/local_setup.sh
[2.487s] -- Up-to-date symlink: /home/mpinho/proj_ws/install/serial/share/serial/local_setup.zsh
[2.487s] -- Up-to-date symlink: /home/mpinho/proj_ws/install/serial/share/serial/local_setup.dsv
[2.488s] -- Symlinking: /home/mpinho/proj_ws/install/serial/share/serial/package.dsv
[2.517s] -- Up-to-date symlink: /home/mpinho/proj_ws/install/serial/share/ament_index/resource_index/packages/serial
[2.547s] -- Up-to-date symlink: /home/mpinho/proj_ws/install/serial/share/serial/cmake/ament_cmake_export_include_directories-extras.cmake
[2.548s] -- Up-to-date symlink: /home/mpinho/proj_ws/install/serial/share/serial/cmake/ament_cmake_export_libraries-extras.cmake
[2.552s] -- Up-to-date symlink: /home/mpinho/proj_ws/install/serial/share/serial/cmake/serialConfig.cmake
[2.572s] -- Up-to-date symlink: /home/mpinho/proj_ws/install/serial/share/serial/cmake/serialConfig-version.cmake
[2.573s] -- Up-to-date symlink: /home/mpinho/proj_ws/install/serial/share/serial/package.xml
[2.578s] Invoked command in '/home/mpinho/proj_ws/build/serial' returned '0': CMAKE_PREFIX_PATH=${CMAKE_PREFIX_PATH}:/opt/ros/humble /usr/bin/cmake --install /home/mpinho/proj_ws/build/serial
