[0.039s] Invoking command in '/home/mpinho/proj_ws/build/serial': CMAKE_PREFIX_PATH=${CMAKE_PREFIX_PATH}:/opt/ros/humble /usr/bin/cmake --build /home/mpinho/proj_ws/build/serial -- -j8 -l8
[0.250s] [ 14%] Built target gtest_main
[0.250s] [ 42%] Built target serial
[0.255s] [ 57%] Built target gtest
[0.296s] [ 71%] Built target serial_example
[0.301s] [ 85%] Built target serial-test-timer
[0.319s] [100%] Built target serial-test
[0.338s] Invoked command in '/home/mpinho/proj_ws/build/serial' returned '0': CMAKE_PREFIX_PATH=${CMAKE_PREFIX_PATH}:/opt/ros/humble /usr/bin/cmake --build /home/mpinho/proj_ws/build/serial -- -j8 -l8
[0.411s] Invoking command in '/home/mpinho/proj_ws/build/serial': CMAKE_PREFIX_PATH=${CMAKE_PREFIX_PATH}:/opt/ros/humble /usr/bin/cmake --install /home/mpinho/proj_ws/build/serial
[0.422s] -- Install configuration: ""
[0.426s] -- Execute custom install script
[0.427s] -- Up-to-date symlink: /home/mpinho/proj_ws/install/serial/lib/libserial.a
[0.428s] -- Up-to-date symlink: /home/mpinho/proj_ws/install/serial/include/serial/serial.h
[0.428s] -- Up-to-date symlink: /home/mpinho/proj_ws/install/serial/include/serial/v8stdint.h
[0.429s] -- Up-to-date symlink: /home/mpinho/proj_ws/install/serial/share/serial/environment/library_path.sh
[0.429s] -- Up-to-date symlink: /home/mpinho/proj_ws/install/serial/share/serial/environment/library_path.dsv
[0.429s] -- Up-to-date symlink: /home/mpinho/proj_ws/install/serial/share/ament_index/resource_index/package_run_dependencies/serial
[0.430s] -- Up-to-date symlink: /home/mpinho/proj_ws/install/serial/share/ament_index/resource_index/parent_prefix_path/serial
[0.431s] -- Up-to-date symlink: /home/mpinho/proj_ws/install/serial/share/serial/environment/ament_prefix_path.sh
[0.431s] -- Up-to-date symlink: /home/mpinho/proj_ws/install/serial/share/serial/environment/ament_prefix_path.dsv
[0.432s] -- Up-to-date symlink: /home/mpinho/proj_ws/install/serial/share/serial/environment/path.sh
[0.432s] -- Up-to-date symlink: /home/mpinho/proj_ws/install/serial/share/serial/environment/path.dsv
[0.433s] -- Up-to-date symlink: /home/mpinho/proj_ws/install/serial/share/serial/local_setup.bash
[0.433s] -- Up-to-date symlink: /home/mpinho/proj_ws/install/serial/share/serial/local_setup.sh
[0.434s] -- Up-to-date symlink: /home/mpinho/proj_ws/install/serial/share/serial/local_setup.zsh
[0.434s] -- Up-to-date symlink: /home/mpinho/proj_ws/install/serial/share/serial/local_setup.dsv
[0.434s] -- Symlinking: /home/mpinho/proj_ws/install/serial/share/serial/package.dsv
[0.451s] -- Up-to-date symlink: /home/mpinho/proj_ws/install/serial/share/ament_index/resource_index/packages/serial
[0.452s] -- Up-to-date symlink: /home/mpinho/proj_ws/install/serial/share/serial/cmake/ament_cmake_export_include_directories-extras.cmake
[0.452s] -- Up-to-date symlink: /home/mpinho/proj_ws/install/serial/share/serial/cmake/ament_cmake_export_libraries-extras.cmake
[0.452s] -- Up-to-date symlink: /home/mpinho/proj_ws/install/serial/share/serial/cmake/serialConfig.cmake
[0.452s] -- Up-to-date symlink: /home/mpinho/proj_ws/install/serial/share/serial/cmake/serialConfig-version.cmake
[0.453s] -- Up-to-date symlink: /home/mpinho/proj_ws/install/serial/share/serial/package.xml
[0.457s] Invoked command in '/home/mpinho/proj_ws/build/serial' returned '0': CMAKE_PREFIX_PATH=${CMAKE_PREFIX_PATH}:/opt/ros/humble /usr/bin/cmake --install /home/mpinho/proj_ws/build/serial
