[0.165s] DEBUG:colcon:Command line arguments: ['/usr/bin/colcon', 'build']
[0.165s] DEBUG:colcon:Parsed command line arguments: Namespace(log_base=None, log_level=None, verb_name='build', build_base='build', install_base='install', merge_install=False, symlink_install=False, test_result_base=None, continue_on_error=False, executor='parallel', parallel_workers=8, event_handlers=None, ignore_user_meta=False, metas=['./colcon.meta'], base_paths=['.'], packages_ignore=None, packages_ignore_regex=None, paths=None, packages_up_to=None, packages_up_to_regex=None, packages_above=None, packages_above_and_dependencies=None, packages_above_depth=None, packages_select_by_dep=None, packages_skip_by_dep=None, packages_skip_up_to=None, packages_select_build_failed=False, packages_skip_build_finished=False, packages_select_test_failures=False, packages_skip_test_passed=False, packages_select=None, packages_skip=None, packages_select_regex=None, packages_skip_regex=None, packages_start=None, packages_end=None, allow_overriding=[], cmake_args=None, cmake_target=None, cmake_target_skip_unavailable=False, cmake_clean_cache=False, cmake_clean_first=False, cmake_force_configure=False, ament_cmake_args=None, catkin_cmake_args=None, catkin_skip_building_tests=False, verb_parser=<colcon_defaults.argument_parser.defaults.DefaultArgumentsDecorator object at 0x7c957b6d04c0>, verb_extension=<colcon_core.verb.build.BuildVerb object at 0x7c957b8c9db0>, main=<bound method BuildVerb.main of <colcon_core.verb.build.BuildVerb object at 0x7c957b8c9db0>>)
[0.451s] Level 1:colcon.colcon_core.package_discovery:discover_packages(colcon_meta) check parameters
[0.451s] Level 1:colcon.colcon_core.package_discovery:discover_packages(recursive) check parameters
[0.451s] Level 1:colcon.colcon_core.package_discovery:discover_packages(ignore) check parameters
[0.451s] Level 1:colcon.colcon_core.package_discovery:discover_packages(path) check parameters
[0.451s] Level 1:colcon.colcon_core.package_discovery:discover_packages(colcon_meta) discover
[0.451s] Level 1:colcon.colcon_core.package_discovery:discover_packages(recursive) discover
[0.451s] INFO:colcon.colcon_core.package_discovery:Crawling recursively for packages in '/home/mpinho/proj_ws'
[0.451s] Level 1:colcon.colcon_core.package_identification:_identify(.) by extensions ['ignore', 'ignore_ament_install']
[0.451s] Level 1:colcon.colcon_core.package_identification:_identify(.) by extension 'ignore'
[0.452s] Level 1:colcon.colcon_core.package_identification:_identify(.) by extension 'ignore_ament_install'
[0.452s] Level 1:colcon.colcon_core.package_identification:_identify(.) by extensions ['colcon_pkg']
[0.452s] Level 1:colcon.colcon_core.package_identification:_identify(.) by extension 'colcon_pkg'
[0.452s] Level 1:colcon.colcon_core.package_identification:_identify(.) by extensions ['colcon_meta']
[0.452s] Level 1:colcon.colcon_core.package_identification:_identify(.) by extension 'colcon_meta'
[0.452s] Level 1:colcon.colcon_core.package_identification:_identify(.) by extensions ['ros']
[0.452s] Level 1:colcon.colcon_core.package_identification:_identify(.) by extension 'ros'
[0.468s] Level 1:colcon.colcon_core.package_identification:_identify(.) by extensions ['cmake', 'python']
[0.468s] Level 1:colcon.colcon_core.package_identification:_identify(.) by extension 'cmake'
[0.469s] Level 1:colcon.colcon_core.package_identification:_identify(.) by extension 'python'
[0.469s] Level 1:colcon.colcon_core.package_identification:_identify(.) by extensions ['python_setup_py']
[0.469s] Level 1:colcon.colcon_core.package_identification:_identify(.) by extension 'python_setup_py'
[0.469s] Level 1:colcon.colcon_core.package_identification:_identify(build) by extensions ['ignore', 'ignore_ament_install']
[0.469s] Level 1:colcon.colcon_core.package_identification:_identify(build) by extension 'ignore'
[0.469s] Level 1:colcon.colcon_core.package_identification:_identify(build) ignored
[0.469s] Level 1:colcon.colcon_core.package_identification:_identify(install) by extensions ['ignore', 'ignore_ament_install']
[0.469s] Level 1:colcon.colcon_core.package_identification:_identify(install) by extension 'ignore'
[0.469s] Level 1:colcon.colcon_core.package_identification:_identify(install) ignored
[0.470s] Level 1:colcon.colcon_core.package_identification:_identify(log) by extensions ['ignore', 'ignore_ament_install']
[0.470s] Level 1:colcon.colcon_core.package_identification:_identify(log) by extension 'ignore'
[0.470s] Level 1:colcon.colcon_core.package_identification:_identify(log) ignored
[0.470s] Level 1:colcon.colcon_core.package_identification:_identify(maps_irl) by extensions ['ignore', 'ignore_ament_install']
[0.470s] Level 1:colcon.colcon_core.package_identification:_identify(maps_irl) by extension 'ignore'
[0.470s] Level 1:colcon.colcon_core.package_identification:_identify(maps_irl) by extension 'ignore_ament_install'
[0.470s] Level 1:colcon.colcon_core.package_identification:_identify(maps_irl) by extensions ['colcon_pkg']
[0.470s] Level 1:colcon.colcon_core.package_identification:_identify(maps_irl) by extension 'colcon_pkg'
[0.470s] Level 1:colcon.colcon_core.package_identification:_identify(maps_irl) by extensions ['colcon_meta']
[0.470s] Level 1:colcon.colcon_core.package_identification:_identify(maps_irl) by extension 'colcon_meta'
[0.470s] Level 1:colcon.colcon_core.package_identification:_identify(maps_irl) by extensions ['ros']
[0.470s] Level 1:colcon.colcon_core.package_identification:_identify(maps_irl) by extension 'ros'
[0.470s] Level 1:colcon.colcon_core.package_identification:_identify(maps_irl) by extensions ['cmake', 'python']
[0.470s] Level 1:colcon.colcon_core.package_identification:_identify(maps_irl) by extension 'cmake'
[0.470s] Level 1:colcon.colcon_core.package_identification:_identify(maps_irl) by extension 'python'
[0.471s] Level 1:colcon.colcon_core.package_identification:_identify(maps_irl) by extensions ['python_setup_py']
[0.471s] Level 1:colcon.colcon_core.package_identification:_identify(maps_irl) by extension 'python_setup_py'
[0.471s] Level 1:colcon.colcon_core.package_identification:_identify(src) by extensions ['ignore', 'ignore_ament_install']
[0.471s] Level 1:colcon.colcon_core.package_identification:_identify(src) by extension 'ignore'
[0.471s] Level 1:colcon.colcon_core.package_identification:_identify(src) by extension 'ignore_ament_install'
[0.471s] Level 1:colcon.colcon_core.package_identification:_identify(src) by extensions ['colcon_pkg']
[0.471s] Level 1:colcon.colcon_core.package_identification:_identify(src) by extension 'colcon_pkg'
[0.471s] Level 1:colcon.colcon_core.package_identification:_identify(src) by extensions ['colcon_meta']
[0.471s] Level 1:colcon.colcon_core.package_identification:_identify(src) by extension 'colcon_meta'
[0.471s] Level 1:colcon.colcon_core.package_identification:_identify(src) by extensions ['ros']
[0.471s] Level 1:colcon.colcon_core.package_identification:_identify(src) by extension 'ros'
[0.471s] Level 1:colcon.colcon_core.package_identification:_identify(src) by extensions ['cmake', 'python']
[0.471s] Level 1:colcon.colcon_core.package_identification:_identify(src) by extension 'cmake'
[0.471s] Level 1:colcon.colcon_core.package_identification:_identify(src) by extension 'python'
[0.471s] Level 1:colcon.colcon_core.package_identification:_identify(src) by extensions ['python_setup_py']
[0.471s] Level 1:colcon.colcon_core.package_identification:_identify(src) by extension 'python_setup_py'
[0.471s] Level 1:colcon.colcon_core.package_identification:_identify(src/build) by extensions ['ignore', 'ignore_ament_install']
[0.472s] Level 1:colcon.colcon_core.package_identification:_identify(src/build) by extension 'ignore'
[0.472s] Level 1:colcon.colcon_core.package_identification:_identify(src/build) ignored
[0.472s] Level 1:colcon.colcon_core.package_identification:_identify(src/diffdrive_arduino) by extensions ['ignore', 'ignore_ament_install']
[0.472s] Level 1:colcon.colcon_core.package_identification:_identify(src/diffdrive_arduino) by extension 'ignore'
[0.472s] Level 1:colcon.colcon_core.package_identification:_identify(src/diffdrive_arduino) by extension 'ignore_ament_install'
[0.472s] Level 1:colcon.colcon_core.package_identification:_identify(src/diffdrive_arduino) by extensions ['colcon_pkg']
[0.472s] Level 1:colcon.colcon_core.package_identification:_identify(src/diffdrive_arduino) by extension 'colcon_pkg'
[0.472s] Level 1:colcon.colcon_core.package_identification:_identify(src/diffdrive_arduino) by extensions ['colcon_meta']
[0.472s] Level 1:colcon.colcon_core.package_identification:_identify(src/diffdrive_arduino) by extension 'colcon_meta'
[0.472s] Level 1:colcon.colcon_core.package_identification:_identify(src/diffdrive_arduino) by extensions ['ros']
[0.472s] Level 1:colcon.colcon_core.package_identification:_identify(src/diffdrive_arduino) by extension 'ros'
[0.476s] DEBUG:colcon.colcon_core.package_identification:Package 'src/diffdrive_arduino' with type 'ros.ament_cmake' and name 'diffdrive_arduino'
[0.476s] Level 1:colcon.colcon_core.package_identification:_identify(src/install) by extensions ['ignore', 'ignore_ament_install']
[0.476s] Level 1:colcon.colcon_core.package_identification:_identify(src/install) by extension 'ignore'
[0.476s] Level 1:colcon.colcon_core.package_identification:_identify(src/install) ignored
[0.477s] Level 1:colcon.colcon_core.package_identification:_identify(src/log) by extensions ['ignore', 'ignore_ament_install']
[0.477s] Level 1:colcon.colcon_core.package_identification:_identify(src/log) by extension 'ignore'
[0.477s] Level 1:colcon.colcon_core.package_identification:_identify(src/log) ignored
[0.477s] Level 1:colcon.colcon_core.package_identification:_identify(src/msc_aut_vehicles) by extensions ['ignore', 'ignore_ament_install']
[0.477s] Level 1:colcon.colcon_core.package_identification:_identify(src/msc_aut_vehicles) by extension 'ignore'
[0.477s] Level 1:colcon.colcon_core.package_identification:_identify(src/msc_aut_vehicles) by extension 'ignore_ament_install'
[0.477s] Level 1:colcon.colcon_core.package_identification:_identify(src/msc_aut_vehicles) by extensions ['colcon_pkg']
[0.477s] Level 1:colcon.colcon_core.package_identification:_identify(src/msc_aut_vehicles) by extension 'colcon_pkg'
[0.477s] Level 1:colcon.colcon_core.package_identification:_identify(src/msc_aut_vehicles) by extensions ['colcon_meta']
[0.477s] Level 1:colcon.colcon_core.package_identification:_identify(src/msc_aut_vehicles) by extension 'colcon_meta'
[0.477s] Level 1:colcon.colcon_core.package_identification:_identify(src/msc_aut_vehicles) by extensions ['ros']
[0.477s] Level 1:colcon.colcon_core.package_identification:_identify(src/msc_aut_vehicles) by extension 'ros'
[0.478s] DEBUG:colcon.colcon_core.package_identification:Package 'src/msc_aut_vehicles' with type 'ros.ament_cmake' and name 'msc_aut_vehicles'
[0.479s] Level 1:colcon.colcon_core.package_identification:_identify(src/serial) by extensions ['ignore', 'ignore_ament_install']
[0.479s] Level 1:colcon.colcon_core.package_identification:_identify(src/serial) by extension 'ignore'
[0.479s] Level 1:colcon.colcon_core.package_identification:_identify(src/serial) by extension 'ignore_ament_install'
[0.479s] Level 1:colcon.colcon_core.package_identification:_identify(src/serial) by extensions ['colcon_pkg']
[0.479s] Level 1:colcon.colcon_core.package_identification:_identify(src/serial) by extension 'colcon_pkg'
[0.479s] Level 1:colcon.colcon_core.package_identification:_identify(src/serial) by extensions ['colcon_meta']
[0.479s] Level 1:colcon.colcon_core.package_identification:_identify(src/serial) by extension 'colcon_meta'
[0.479s] Level 1:colcon.colcon_core.package_identification:_identify(src/serial) by extensions ['ros']
[0.479s] Level 1:colcon.colcon_core.package_identification:_identify(src/serial) by extension 'ros'
[0.500s] DEBUG:colcon.colcon_core.package_identification:Package 'src/serial' with type 'ros.ament_cmake' and name 'serial'
[0.500s] Level 1:colcon.colcon_core.package_identification:_identify(src/urg_node2) by extensions ['ignore', 'ignore_ament_install']
[0.500s] Level 1:colcon.colcon_core.package_identification:_identify(src/urg_node2) by extension 'ignore'
[0.500s] Level 1:colcon.colcon_core.package_identification:_identify(src/urg_node2) by extension 'ignore_ament_install'
[0.501s] Level 1:colcon.colcon_core.package_identification:_identify(src/urg_node2) by extensions ['colcon_pkg']
[0.501s] Level 1:colcon.colcon_core.package_identification:_identify(src/urg_node2) by extension 'colcon_pkg'
[0.501s] Level 1:colcon.colcon_core.package_identification:_identify(src/urg_node2) by extensions ['colcon_meta']
[0.501s] Level 1:colcon.colcon_core.package_identification:_identify(src/urg_node2) by extension 'colcon_meta'
[0.501s] Level 1:colcon.colcon_core.package_identification:_identify(src/urg_node2) by extensions ['ros']
[0.501s] Level 1:colcon.colcon_core.package_identification:_identify(src/urg_node2) by extension 'ros'
[0.503s] DEBUG:colcon.colcon_core.package_identification:Package 'src/urg_node2' with type 'ros.ament_cmake' and name 'urg_node2'
[0.503s] Level 1:colcon.colcon_core.package_discovery:discover_packages(recursive) using defaults
[0.503s] Level 1:colcon.colcon_core.package_discovery:discover_packages(ignore) discover
[0.503s] Level 1:colcon.colcon_core.package_discovery:discover_packages(ignore) using defaults
[0.503s] Level 1:colcon.colcon_core.package_discovery:discover_packages(path) discover
[0.503s] Level 1:colcon.colcon_core.package_discovery:discover_packages(path) using defaults
[0.530s] Level 1:colcon.colcon_core.package_discovery:discover_packages(prefix_path) check parameters
[0.531s] Level 1:colcon.colcon_core.package_discovery:discover_packages(prefix_path) discover
[0.538s] DEBUG:colcon.colcon_installed_package_information.package_discovery:Found 4 installed packages in /home/mpinho/proj_ws/install
[0.541s] DEBUG:colcon.colcon_installed_package_information.package_discovery:Found 422 installed packages in /opt/ros/humble
[0.545s] Level 1:colcon.colcon_core.package_discovery:discover_packages(prefix_path) using defaults
[0.623s] Level 5:colcon.colcon_core.verb:set package 'msc_aut_vehicles' build argument 'cmake_args' from command line to 'None'
[0.623s] Level 5:colcon.colcon_core.verb:set package 'msc_aut_vehicles' build argument 'cmake_target' from command line to 'None'
[0.623s] Level 5:colcon.colcon_core.verb:set package 'msc_aut_vehicles' build argument 'cmake_target_skip_unavailable' from command line to 'False'
[0.623s] Level 5:colcon.colcon_core.verb:set package 'msc_aut_vehicles' build argument 'cmake_clean_cache' from command line to 'False'
[0.623s] Level 5:colcon.colcon_core.verb:set package 'msc_aut_vehicles' build argument 'cmake_clean_first' from command line to 'False'
[0.623s] Level 5:colcon.colcon_core.verb:set package 'msc_aut_vehicles' build argument 'cmake_force_configure' from command line to 'False'
[0.623s] Level 5:colcon.colcon_core.verb:set package 'msc_aut_vehicles' build argument 'ament_cmake_args' from command line to 'None'
[0.623s] Level 5:colcon.colcon_core.verb:set package 'msc_aut_vehicles' build argument 'catkin_cmake_args' from command line to 'None'
[0.623s] Level 5:colcon.colcon_core.verb:set package 'msc_aut_vehicles' build argument 'catkin_skip_building_tests' from command line to 'False'
[0.623s] DEBUG:colcon.colcon_core.verb:Building package 'msc_aut_vehicles' with the following arguments: {'ament_cmake_args': None, 'build_base': '/home/mpinho/proj_ws/build/msc_aut_vehicles', 'catkin_cmake_args': None, 'catkin_skip_building_tests': False, 'cmake_args': None, 'cmake_clean_cache': False, 'cmake_clean_first': False, 'cmake_force_configure': False, 'cmake_target': None, 'cmake_target_skip_unavailable': False, 'install_base': '/home/mpinho/proj_ws/install/msc_aut_vehicles', 'merge_install': False, 'path': '/home/mpinho/proj_ws/src/msc_aut_vehicles', 'symlink_install': False, 'test_result_base': None}
[0.624s] Level 5:colcon.colcon_core.verb:set package 'serial' build argument 'cmake_args' from command line to 'None'
[0.624s] Level 5:colcon.colcon_core.verb:set package 'serial' build argument 'cmake_target' from command line to 'None'
[0.624s] Level 5:colcon.colcon_core.verb:set package 'serial' build argument 'cmake_target_skip_unavailable' from command line to 'False'
[0.624s] Level 5:colcon.colcon_core.verb:set package 'serial' build argument 'cmake_clean_cache' from command line to 'False'
[0.624s] Level 5:colcon.colcon_core.verb:set package 'serial' build argument 'cmake_clean_first' from command line to 'False'
[0.624s] Level 5:colcon.colcon_core.verb:set package 'serial' build argument 'cmake_force_configure' from command line to 'False'
[0.624s] Level 5:colcon.colcon_core.verb:set package 'serial' build argument 'ament_cmake_args' from command line to 'None'
[0.624s] Level 5:colcon.colcon_core.verb:set package 'serial' build argument 'catkin_cmake_args' from command line to 'None'
[0.624s] Level 5:colcon.colcon_core.verb:set package 'serial' build argument 'catkin_skip_building_tests' from command line to 'False'
[0.624s] DEBUG:colcon.colcon_core.verb:Building package 'serial' with the following arguments: {'ament_cmake_args': None, 'build_base': '/home/mpinho/proj_ws/build/serial', 'catkin_cmake_args': None, 'catkin_skip_building_tests': False, 'cmake_args': None, 'cmake_clean_cache': False, 'cmake_clean_first': False, 'cmake_force_configure': False, 'cmake_target': None, 'cmake_target_skip_unavailable': False, 'install_base': '/home/mpinho/proj_ws/install/serial', 'merge_install': False, 'path': '/home/mpinho/proj_ws/src/serial', 'symlink_install': False, 'test_result_base': None}
[0.625s] Level 5:colcon.colcon_core.verb:set package 'urg_node2' build argument 'cmake_args' from command line to 'None'
[0.625s] Level 5:colcon.colcon_core.verb:set package 'urg_node2' build argument 'cmake_target' from command line to 'None'
[0.625s] Level 5:colcon.colcon_core.verb:set package 'urg_node2' build argument 'cmake_target_skip_unavailable' from command line to 'False'
[0.625s] Level 5:colcon.colcon_core.verb:set package 'urg_node2' build argument 'cmake_clean_cache' from command line to 'False'
[0.625s] Level 5:colcon.colcon_core.verb:set package 'urg_node2' build argument 'cmake_clean_first' from command line to 'False'
[0.625s] Level 5:colcon.colcon_core.verb:set package 'urg_node2' build argument 'cmake_force_configure' from command line to 'False'
[0.625s] Level 5:colcon.colcon_core.verb:set package 'urg_node2' build argument 'ament_cmake_args' from command line to 'None'
[0.625s] Level 5:colcon.colcon_core.verb:set package 'urg_node2' build argument 'catkin_cmake_args' from command line to 'None'
[0.625s] Level 5:colcon.colcon_core.verb:set package 'urg_node2' build argument 'catkin_skip_building_tests' from command line to 'False'
[0.625s] DEBUG:colcon.colcon_core.verb:Building package 'urg_node2' with the following arguments: {'ament_cmake_args': None, 'build_base': '/home/mpinho/proj_ws/build/urg_node2', 'catkin_cmake_args': None, 'catkin_skip_building_tests': False, 'cmake_args': None, 'cmake_clean_cache': False, 'cmake_clean_first': False, 'cmake_force_configure': False, 'cmake_target': None, 'cmake_target_skip_unavailable': False, 'install_base': '/home/mpinho/proj_ws/install/urg_node2', 'merge_install': False, 'path': '/home/mpinho/proj_ws/src/urg_node2', 'symlink_install': False, 'test_result_base': None}
[0.625s] Level 5:colcon.colcon_core.verb:set package 'diffdrive_arduino' build argument 'cmake_args' from command line to 'None'
[0.625s] Level 5:colcon.colcon_core.verb:set package 'diffdrive_arduino' build argument 'cmake_target' from command line to 'None'
[0.625s] Level 5:colcon.colcon_core.verb:set package 'diffdrive_arduino' build argument 'cmake_target_skip_unavailable' from command line to 'False'
[0.625s] Level 5:colcon.colcon_core.verb:set package 'diffdrive_arduino' build argument 'cmake_clean_cache' from command line to 'False'
[0.626s] Level 5:colcon.colcon_core.verb:set package 'diffdrive_arduino' build argument 'cmake_clean_first' from command line to 'False'
[0.626s] Level 5:colcon.colcon_core.verb:set package 'diffdrive_arduino' build argument 'cmake_force_configure' from command line to 'False'
[0.626s] Level 5:colcon.colcon_core.verb:set package 'diffdrive_arduino' build argument 'ament_cmake_args' from command line to 'None'
[0.626s] Level 5:colcon.colcon_core.verb:set package 'diffdrive_arduino' build argument 'catkin_cmake_args' from command line to 'None'
[0.626s] Level 5:colcon.colcon_core.verb:set package 'diffdrive_arduino' build argument 'catkin_skip_building_tests' from command line to 'False'
[0.626s] DEBUG:colcon.colcon_core.verb:Building package 'diffdrive_arduino' with the following arguments: {'ament_cmake_args': None, 'build_base': '/home/mpinho/proj_ws/build/diffdrive_arduino', 'catkin_cmake_args': None, 'catkin_skip_building_tests': False, 'cmake_args': None, 'cmake_clean_cache': False, 'cmake_clean_first': False, 'cmake_force_configure': False, 'cmake_target': None, 'cmake_target_skip_unavailable': False, 'install_base': '/home/mpinho/proj_ws/install/diffdrive_arduino', 'merge_install': False, 'path': '/home/mpinho/proj_ws/src/diffdrive_arduino', 'symlink_install': False, 'test_result_base': None}
[0.626s] INFO:colcon.colcon_core.executor:Executing jobs using 'parallel' executor
[0.627s] DEBUG:colcon.colcon_parallel_executor.executor.parallel:run_until_complete
[0.628s] INFO:colcon.colcon_ros.task.ament_cmake.build:Building ROS package in '/home/mpinho/proj_ws/src/serial' with build type 'ament_cmake'
[0.628s] INFO:colcon.colcon_cmake.task.cmake.build:Building CMake package in '/home/mpinho/proj_ws/src/serial'
[0.634s] INFO:colcon.colcon_core.plugin_system:Skipping extension 'colcon_core.shell.bat': Not used on non-Windows systems
[0.635s] INFO:colcon.colcon_core.shell:Skip shell extension 'powershell' for command environment: Not usable outside of PowerShell
[0.635s] DEBUG:colcon.colcon_core.shell:Skip shell extension 'dsv' for command environment
[0.642s] INFO:colcon.colcon_ros.task.ament_cmake.build:Building ROS package in '/home/mpinho/proj_ws/src/msc_aut_vehicles' with build type 'ament_cmake'
[0.643s] INFO:colcon.colcon_cmake.task.cmake.build:Building CMake package in '/home/mpinho/proj_ws/src/msc_aut_vehicles'
[0.643s] INFO:colcon.colcon_core.shell:Skip shell extension 'powershell' for command environment: Not usable outside of PowerShell
[0.644s] DEBUG:colcon.colcon_core.shell:Skip shell extension 'dsv' for command environment
[0.650s] INFO:colcon.colcon_ros.task.ament_cmake.build:Building ROS package in '/home/mpinho/proj_ws/src/urg_node2' with build type 'ament_cmake'
[0.651s] INFO:colcon.colcon_cmake.task.cmake.build:Building CMake package in '/home/mpinho/proj_ws/src/urg_node2'
[0.652s] INFO:colcon.colcon_core.shell:Skip shell extension 'powershell' for command environment: Not usable outside of PowerShell
[0.652s] DEBUG:colcon.colcon_core.shell:Skip shell extension 'dsv' for command environment
[0.663s] DEBUG:colcon.colcon_core.event_handler.log_command:Invoking command in '/home/mpinho/proj_ws/build/serial': CMAKE_PREFIX_PATH=${CMAKE_PREFIX_PATH}:/opt/ros/humble /usr/bin/cmake /home/mpinho/proj_ws/src/serial -DCMAKE_INSTALL_PREFIX=/home/mpinho/proj_ws/install/serial
[0.672s] DEBUG:colcon.colcon_core.event_handler.log_command:Invoking command in '/home/mpinho/proj_ws/build/msc_aut_vehicles': CMAKE_PREFIX_PATH=${CMAKE_PREFIX_PATH}:/opt/ros/humble /usr/bin/cmake /home/mpinho/proj_ws/src/msc_aut_vehicles -DCMAKE_INSTALL_PREFIX=/home/mpinho/proj_ws/install/msc_aut_vehicles
[0.677s] DEBUG:colcon.colcon_core.event_handler.log_command:Invoking command in '/home/mpinho/proj_ws/build/urg_node2': CMAKE_PREFIX_PATH=${CMAKE_PREFIX_PATH}:/opt/ros/humble /usr/bin/cmake /home/mpinho/proj_ws/src/urg_node2 -DCMAKE_INSTALL_PREFIX=/home/mpinho/proj_ws/install/urg_node2
[1.150s] DEBUG:colcon.colcon_core.event_handler.log_command:Invoked command in '/home/mpinho/proj_ws/build/serial' returned '0': CMAKE_PREFIX_PATH=${CMAKE_PREFIX_PATH}:/opt/ros/humble /usr/bin/cmake /home/mpinho/proj_ws/src/serial -DCMAKE_INSTALL_PREFIX=/home/mpinho/proj_ws/install/serial
[1.153s] DEBUG:colcon.colcon_core.event_handler.log_command:Invoking command in '/home/mpinho/proj_ws/build/serial': CMAKE_PREFIX_PATH=${CMAKE_PREFIX_PATH}:/opt/ros/humble /usr/bin/cmake --build /home/mpinho/proj_ws/build/serial -- -j8 -l8
[1.233s] DEBUG:colcon.colcon_core.event_handler.log_command:Invoked command in '/home/mpinho/proj_ws/build/msc_aut_vehicles' returned '0': CMAKE_PREFIX_PATH=${CMAKE_PREFIX_PATH}:/opt/ros/humble /usr/bin/cmake /home/mpinho/proj_ws/src/msc_aut_vehicles -DCMAKE_INSTALL_PREFIX=/home/mpinho/proj_ws/install/msc_aut_vehicles
[1.237s] DEBUG:colcon.colcon_core.event_handler.log_command:Invoking command in '/home/mpinho/proj_ws/build/msc_aut_vehicles': CMAKE_PREFIX_PATH=${CMAKE_PREFIX_PATH}:/opt/ros/humble /usr/bin/cmake --build /home/mpinho/proj_ws/build/msc_aut_vehicles -- -j8 -l8
[1.301s] DEBUG:colcon.colcon_core.event_handler.log_command:Invoked command in '/home/mpinho/proj_ws/build/serial' returned '0': CMAKE_PREFIX_PATH=${CMAKE_PREFIX_PATH}:/opt/ros/humble /usr/bin/cmake --build /home/mpinho/proj_ws/build/serial -- -j8 -l8
[1.379s] DEBUG:colcon.colcon_core.event_handler.log_command:Invoking command in '/home/mpinho/proj_ws/build/serial': CMAKE_PREFIX_PATH=${CMAKE_PREFIX_PATH}:/opt/ros/humble /usr/bin/cmake --install /home/mpinho/proj_ws/build/serial
[1.412s] Level 1:colcon.colcon_core.environment:create_environment_scripts_only(serial)
[1.413s] DEBUG:colcon.colcon_core.event_handler.log_command:Invoked command in '/home/mpinho/proj_ws/build/serial' returned '0': CMAKE_PREFIX_PATH=${CMAKE_PREFIX_PATH}:/opt/ros/humble /usr/bin/cmake --install /home/mpinho/proj_ws/build/serial
[1.421s] Level 1:colcon.colcon_core.environment:checking '/home/mpinho/proj_ws/install/serial' for CMake module files
[1.422s] Level 1:colcon.colcon_core.environment:checking '/home/mpinho/proj_ws/install/serial' for CMake config files
[1.423s] Level 1:colcon.colcon_core.shell:create_environment_hook('serial', 'cmake_prefix_path')
[1.423s] INFO:colcon.colcon_core.shell:Creating environment hook '/home/mpinho/proj_ws/install/serial/share/serial/hook/cmake_prefix_path.ps1'
[1.424s] INFO:colcon.colcon_core.shell:Creating environment descriptor '/home/mpinho/proj_ws/install/serial/share/serial/hook/cmake_prefix_path.dsv'
[1.425s] INFO:colcon.colcon_core.shell:Creating environment hook '/home/mpinho/proj_ws/install/serial/share/serial/hook/cmake_prefix_path.sh'
[1.427s] Level 1:colcon.colcon_core.environment:checking '/home/mpinho/proj_ws/install/serial/lib'
[1.428s] Level 1:colcon.colcon_core.environment:checking '/home/mpinho/proj_ws/install/serial/bin'
[1.428s] Level 1:colcon.colcon_core.environment:checking '/home/mpinho/proj_ws/install/serial/lib/pkgconfig/serial.pc'
[1.428s] Level 1:colcon.colcon_core.environment:checking '/home/mpinho/proj_ws/install/serial/lib/python3.10/site-packages'
[1.428s] Level 1:colcon.colcon_core.environment:checking '/home/mpinho/proj_ws/install/serial/bin'
[1.429s] INFO:colcon.colcon_core.shell:Creating package script '/home/mpinho/proj_ws/install/serial/share/serial/package.ps1'
[1.430s] INFO:colcon.colcon_core.shell:Creating package descriptor '/home/mpinho/proj_ws/install/serial/share/serial/package.dsv'
[1.431s] INFO:colcon.colcon_core.shell:Creating package script '/home/mpinho/proj_ws/install/serial/share/serial/package.sh'
[1.433s] INFO:colcon.colcon_core.shell:Creating package script '/home/mpinho/proj_ws/install/serial/share/serial/package.bash'
[1.434s] INFO:colcon.colcon_core.shell:Creating package script '/home/mpinho/proj_ws/install/serial/share/serial/package.zsh'
[1.436s] Level 1:colcon.colcon_core.environment:create_file_with_runtime_dependencies(/home/mpinho/proj_ws/install/serial/share/colcon-core/packages/serial)
[1.496s] Level 1:colcon.colcon_core.environment:create_environment_scripts_only(serial)
[1.497s] Level 1:colcon.colcon_core.environment:checking '/home/mpinho/proj_ws/install/serial' for CMake module files
[1.498s] Level 1:colcon.colcon_core.environment:checking '/home/mpinho/proj_ws/install/serial' for CMake config files
[1.498s] Level 1:colcon.colcon_core.shell:create_environment_hook('serial', 'cmake_prefix_path')
[1.499s] INFO:colcon.colcon_core.shell:Creating environment hook '/home/mpinho/proj_ws/install/serial/share/serial/hook/cmake_prefix_path.ps1'
[1.500s] INFO:colcon.colcon_core.shell:Creating environment descriptor '/home/mpinho/proj_ws/install/serial/share/serial/hook/cmake_prefix_path.dsv'
[1.500s] INFO:colcon.colcon_core.shell:Creating environment hook '/home/mpinho/proj_ws/install/serial/share/serial/hook/cmake_prefix_path.sh'
[1.501s] Level 1:colcon.colcon_core.environment:checking '/home/mpinho/proj_ws/install/serial/lib'
[1.501s] Level 1:colcon.colcon_core.environment:checking '/home/mpinho/proj_ws/install/serial/bin'
[1.501s] Level 1:colcon.colcon_core.environment:checking '/home/mpinho/proj_ws/install/serial/lib/pkgconfig/serial.pc'
[1.502s] Level 1:colcon.colcon_core.environment:checking '/home/mpinho/proj_ws/install/serial/lib/python3.10/site-packages'
[1.502s] Level 1:colcon.colcon_core.environment:checking '/home/mpinho/proj_ws/install/serial/bin'
[1.503s] INFO:colcon.colcon_core.shell:Creating package script '/home/mpinho/proj_ws/install/serial/share/serial/package.ps1'
[1.504s] INFO:colcon.colcon_core.shell:Creating package descriptor '/home/mpinho/proj_ws/install/serial/share/serial/package.dsv'
[1.504s] INFO:colcon.colcon_core.shell:Creating package script '/home/mpinho/proj_ws/install/serial/share/serial/package.sh'
[1.505s] INFO:colcon.colcon_core.shell:Creating package script '/home/mpinho/proj_ws/install/serial/share/serial/package.bash'
[1.506s] INFO:colcon.colcon_core.shell:Creating package script '/home/mpinho/proj_ws/install/serial/share/serial/package.zsh'
[1.507s] Level 1:colcon.colcon_core.environment:create_file_with_runtime_dependencies(/home/mpinho/proj_ws/install/serial/share/colcon-core/packages/serial)
[1.508s] INFO:colcon.colcon_ros.task.ament_cmake.build:Building ROS package in '/home/mpinho/proj_ws/src/diffdrive_arduino' with build type 'ament_cmake'
[1.508s] INFO:colcon.colcon_cmake.task.cmake.build:Building CMake package in '/home/mpinho/proj_ws/src/diffdrive_arduino'
[1.509s] INFO:colcon.colcon_core.shell:Skip shell extension 'powershell' for command environment: Not usable outside of PowerShell
[1.509s] DEBUG:colcon.colcon_core.shell:Skip shell extension 'dsv' for command environment
[1.532s] DEBUG:colcon.colcon_core.event_handler.log_command:Invoking command in '/home/mpinho/proj_ws/build/diffdrive_arduino': CMAKE_PREFIX_PATH=/home/mpinho/proj_ws/install/serial:/home/mpinho/proj_ws/install/urg_node2:/home/mpinho/proj_ws/install/diffdrive_arduino:/home/mpinho/proj_ws/install/msc_aut_vehicles:/opt/ros/humble /usr/bin/cmake /home/mpinho/proj_ws/src/diffdrive_arduino -DCMAKE_INSTALL_PREFIX=/home/mpinho/proj_ws/install/diffdrive_arduino
[1.834s] DEBUG:colcon.colcon_core.event_handler.log_command:Invoked command in '/home/mpinho/proj_ws/build/msc_aut_vehicles' returned '0': CMAKE_PREFIX_PATH=${CMAKE_PREFIX_PATH}:/opt/ros/humble /usr/bin/cmake --build /home/mpinho/proj_ws/build/msc_aut_vehicles -- -j8 -l8
[1.873s] DEBUG:colcon.colcon_core.event_handler.log_command:Invoking command in '/home/mpinho/proj_ws/build/msc_aut_vehicles': CMAKE_PREFIX_PATH=${CMAKE_PREFIX_PATH}:/opt/ros/humble /usr/bin/cmake --install /home/mpinho/proj_ws/build/msc_aut_vehicles
[1.973s] Level 1:colcon.colcon_core.environment:create_environment_scripts_only(msc_aut_vehicles)
[1.974s] Level 1:colcon.colcon_core.environment:checking '/home/mpinho/proj_ws/install/msc_aut_vehicles' for CMake module files
[1.974s] DEBUG:colcon.colcon_core.event_handler.log_command:Invoked command in '/home/mpinho/proj_ws/build/msc_aut_vehicles' returned '0': CMAKE_PREFIX_PATH=${CMAKE_PREFIX_PATH}:/opt/ros/humble /usr/bin/cmake --install /home/mpinho/proj_ws/build/msc_aut_vehicles
[1.975s] Level 1:colcon.colcon_core.environment:checking '/home/mpinho/proj_ws/install/msc_aut_vehicles' for CMake config files
[1.977s] Level 1:colcon.colcon_core.shell:create_environment_hook('msc_aut_vehicles', 'cmake_prefix_path')
[1.977s] INFO:colcon.colcon_core.shell:Creating environment hook '/home/mpinho/proj_ws/install/msc_aut_vehicles/share/msc_aut_vehicles/hook/cmake_prefix_path.ps1'
[1.978s] INFO:colcon.colcon_core.shell:Creating environment descriptor '/home/mpinho/proj_ws/install/msc_aut_vehicles/share/msc_aut_vehicles/hook/cmake_prefix_path.dsv'
[1.979s] INFO:colcon.colcon_core.shell:Creating environment hook '/home/mpinho/proj_ws/install/msc_aut_vehicles/share/msc_aut_vehicles/hook/cmake_prefix_path.sh'
[1.980s] Level 1:colcon.colcon_core.environment:checking '/home/mpinho/proj_ws/install/msc_aut_vehicles/lib'
[1.980s] Level 1:colcon.colcon_core.environment:checking '/home/mpinho/proj_ws/install/msc_aut_vehicles/bin'
[1.980s] Level 1:colcon.colcon_core.environment:checking '/home/mpinho/proj_ws/install/msc_aut_vehicles/lib/pkgconfig/msc_aut_vehicles.pc'
[1.981s] Level 1:colcon.colcon_core.environment:checking '/home/mpinho/proj_ws/install/msc_aut_vehicles/lib/python3.10/site-packages'
[1.981s] Level 1:colcon.colcon_core.environment:checking '/home/mpinho/proj_ws/install/msc_aut_vehicles/bin'
[1.982s] INFO:colcon.colcon_core.shell:Creating package script '/home/mpinho/proj_ws/install/msc_aut_vehicles/share/msc_aut_vehicles/package.ps1'
[1.983s] INFO:colcon.colcon_core.shell:Creating package descriptor '/home/mpinho/proj_ws/install/msc_aut_vehicles/share/msc_aut_vehicles/package.dsv'
[1.983s] INFO:colcon.colcon_core.shell:Creating package script '/home/mpinho/proj_ws/install/msc_aut_vehicles/share/msc_aut_vehicles/package.sh'
[1.984s] INFO:colcon.colcon_core.shell:Creating package script '/home/mpinho/proj_ws/install/msc_aut_vehicles/share/msc_aut_vehicles/package.bash'
[1.985s] INFO:colcon.colcon_core.shell:Creating package script '/home/mpinho/proj_ws/install/msc_aut_vehicles/share/msc_aut_vehicles/package.zsh'
[1.986s] Level 1:colcon.colcon_core.environment:create_file_with_runtime_dependencies(/home/mpinho/proj_ws/install/msc_aut_vehicles/share/colcon-core/packages/msc_aut_vehicles)
[2.024s] Level 1:colcon.colcon_core.environment:create_environment_scripts_only(msc_aut_vehicles)
[2.024s] Level 1:colcon.colcon_core.environment:checking '/home/mpinho/proj_ws/install/msc_aut_vehicles' for CMake module files
[2.025s] Level 1:colcon.colcon_core.environment:checking '/home/mpinho/proj_ws/install/msc_aut_vehicles' for CMake config files
[2.026s] Level 1:colcon.colcon_core.shell:create_environment_hook('msc_aut_vehicles', 'cmake_prefix_path')
[2.026s] INFO:colcon.colcon_core.shell:Creating environment hook '/home/mpinho/proj_ws/install/msc_aut_vehicles/share/msc_aut_vehicles/hook/cmake_prefix_path.ps1'
[2.027s] INFO:colcon.colcon_core.shell:Creating environment descriptor '/home/mpinho/proj_ws/install/msc_aut_vehicles/share/msc_aut_vehicles/hook/cmake_prefix_path.dsv'
[2.028s] INFO:colcon.colcon_core.shell:Creating environment hook '/home/mpinho/proj_ws/install/msc_aut_vehicles/share/msc_aut_vehicles/hook/cmake_prefix_path.sh'
[2.029s] Level 1:colcon.colcon_core.environment:checking '/home/mpinho/proj_ws/install/msc_aut_vehicles/lib'
[2.029s] Level 1:colcon.colcon_core.environment:checking '/home/mpinho/proj_ws/install/msc_aut_vehicles/bin'
[2.029s] Level 1:colcon.colcon_core.environment:checking '/home/mpinho/proj_ws/install/msc_aut_vehicles/lib/pkgconfig/msc_aut_vehicles.pc'
[2.029s] Level 1:colcon.colcon_core.environment:checking '/home/mpinho/proj_ws/install/msc_aut_vehicles/lib/python3.10/site-packages'
[2.030s] Level 1:colcon.colcon_core.environment:checking '/home/mpinho/proj_ws/install/msc_aut_vehicles/bin'
[2.030s] INFO:colcon.colcon_core.shell:Creating package script '/home/mpinho/proj_ws/install/msc_aut_vehicles/share/msc_aut_vehicles/package.ps1'
[2.031s] INFO:colcon.colcon_core.shell:Creating package descriptor '/home/mpinho/proj_ws/install/msc_aut_vehicles/share/msc_aut_vehicles/package.dsv'
[2.032s] INFO:colcon.colcon_core.shell:Creating package script '/home/mpinho/proj_ws/install/msc_aut_vehicles/share/msc_aut_vehicles/package.sh'
[2.033s] INFO:colcon.colcon_core.shell:Creating package script '/home/mpinho/proj_ws/install/msc_aut_vehicles/share/msc_aut_vehicles/package.bash'
[2.034s] INFO:colcon.colcon_core.shell:Creating package script '/home/mpinho/proj_ws/install/msc_aut_vehicles/share/msc_aut_vehicles/package.zsh'
[2.034s] Level 1:colcon.colcon_core.environment:create_file_with_runtime_dependencies(/home/mpinho/proj_ws/install/msc_aut_vehicles/share/colcon-core/packages/msc_aut_vehicles)
[2.128s] DEBUG:colcon.colcon_core.event_handler.log_command:Invoked command in '/home/mpinho/proj_ws/build/urg_node2' returned '0': CMAKE_PREFIX_PATH=${CMAKE_PREFIX_PATH}:/opt/ros/humble /usr/bin/cmake /home/mpinho/proj_ws/src/urg_node2 -DCMAKE_INSTALL_PREFIX=/home/mpinho/proj_ws/install/urg_node2
[2.131s] DEBUG:colcon.colcon_core.event_handler.log_command:Invoking command in '/home/mpinho/proj_ws/build/urg_node2': CMAKE_PREFIX_PATH=${CMAKE_PREFIX_PATH}:/opt/ros/humble /usr/bin/cmake --build /home/mpinho/proj_ws/build/urg_node2 -- -j8 -l8
[2.284s] DEBUG:colcon.colcon_core.event_handler.log_command:Invoked command in '/home/mpinho/proj_ws/build/urg_node2' returned '0': CMAKE_PREFIX_PATH=${CMAKE_PREFIX_PATH}:/opt/ros/humble /usr/bin/cmake --build /home/mpinho/proj_ws/build/urg_node2 -- -j8 -l8
[2.373s] DEBUG:colcon.colcon_core.event_handler.log_command:Invoking command in '/home/mpinho/proj_ws/build/urg_node2': CMAKE_PREFIX_PATH=${CMAKE_PREFIX_PATH}:/opt/ros/humble /usr/bin/cmake --install /home/mpinho/proj_ws/build/urg_node2
[2.407s] Level 1:colcon.colcon_core.environment:create_environment_scripts_only(urg_node2)
[2.408s] Level 1:colcon.colcon_core.environment:checking '/home/mpinho/proj_ws/install/urg_node2' for CMake module files
[2.409s] DEBUG:colcon.colcon_core.event_handler.log_command:Invoked command in '/home/mpinho/proj_ws/build/urg_node2' returned '0': CMAKE_PREFIX_PATH=${CMAKE_PREFIX_PATH}:/opt/ros/humble /usr/bin/cmake --install /home/mpinho/proj_ws/build/urg_node2
[2.409s] Level 1:colcon.colcon_core.environment:checking '/home/mpinho/proj_ws/install/urg_node2' for CMake config files
[2.410s] Level 1:colcon.colcon_core.shell:create_environment_hook('urg_node2', 'cmake_prefix_path')
[2.410s] INFO:colcon.colcon_core.shell:Creating environment hook '/home/mpinho/proj_ws/install/urg_node2/share/urg_node2/hook/cmake_prefix_path.ps1'
[2.411s] INFO:colcon.colcon_core.shell:Creating environment descriptor '/home/mpinho/proj_ws/install/urg_node2/share/urg_node2/hook/cmake_prefix_path.dsv'
[2.412s] INFO:colcon.colcon_core.shell:Creating environment hook '/home/mpinho/proj_ws/install/urg_node2/share/urg_node2/hook/cmake_prefix_path.sh'
[2.413s] Level 1:colcon.colcon_core.environment:checking '/home/mpinho/proj_ws/install/urg_node2/lib'
[2.414s] Level 1:colcon.colcon_core.shell:create_environment_hook('urg_node2', 'ld_library_path_lib')
[2.414s] INFO:colcon.colcon_core.shell:Creating environment hook '/home/mpinho/proj_ws/install/urg_node2/share/urg_node2/hook/ld_library_path_lib.ps1'
[2.415s] INFO:colcon.colcon_core.shell:Creating environment descriptor '/home/mpinho/proj_ws/install/urg_node2/share/urg_node2/hook/ld_library_path_lib.dsv'
[2.415s] INFO:colcon.colcon_core.shell:Creating environment hook '/home/mpinho/proj_ws/install/urg_node2/share/urg_node2/hook/ld_library_path_lib.sh'
[2.416s] Level 1:colcon.colcon_core.environment:checking '/home/mpinho/proj_ws/install/urg_node2/bin'
[2.416s] Level 1:colcon.colcon_core.environment:checking '/home/mpinho/proj_ws/install/urg_node2/lib/pkgconfig/urg_node2.pc'
[2.416s] Level 1:colcon.colcon_core.environment:checking '/home/mpinho/proj_ws/install/urg_node2/lib/python3.10/site-packages'
[2.417s] Level 1:colcon.colcon_core.environment:checking '/home/mpinho/proj_ws/install/urg_node2/bin'
[2.417s] INFO:colcon.colcon_core.shell:Creating package script '/home/mpinho/proj_ws/install/urg_node2/share/urg_node2/package.ps1'
[2.418s] INFO:colcon.colcon_core.shell:Creating package descriptor '/home/mpinho/proj_ws/install/urg_node2/share/urg_node2/package.dsv'
[2.419s] INFO:colcon.colcon_core.shell:Creating package script '/home/mpinho/proj_ws/install/urg_node2/share/urg_node2/package.sh'
[2.419s] INFO:colcon.colcon_core.shell:Creating package script '/home/mpinho/proj_ws/install/urg_node2/share/urg_node2/package.bash'
[2.420s] INFO:colcon.colcon_core.shell:Creating package script '/home/mpinho/proj_ws/install/urg_node2/share/urg_node2/package.zsh'
[2.421s] Level 1:colcon.colcon_core.environment:create_file_with_runtime_dependencies(/home/mpinho/proj_ws/install/urg_node2/share/colcon-core/packages/urg_node2)
[2.510s] Level 1:colcon.colcon_core.environment:create_environment_scripts_only(urg_node2)
[2.511s] Level 1:colcon.colcon_core.environment:checking '/home/mpinho/proj_ws/install/urg_node2' for CMake module files
[2.511s] Level 1:colcon.colcon_core.environment:checking '/home/mpinho/proj_ws/install/urg_node2' for CMake config files
[2.512s] Level 1:colcon.colcon_core.shell:create_environment_hook('urg_node2', 'cmake_prefix_path')
[2.513s] INFO:colcon.colcon_core.shell:Creating environment hook '/home/mpinho/proj_ws/install/urg_node2/share/urg_node2/hook/cmake_prefix_path.ps1'
[2.513s] INFO:colcon.colcon_core.shell:Creating environment descriptor '/home/mpinho/proj_ws/install/urg_node2/share/urg_node2/hook/cmake_prefix_path.dsv'
[2.514s] INFO:colcon.colcon_core.shell:Creating environment hook '/home/mpinho/proj_ws/install/urg_node2/share/urg_node2/hook/cmake_prefix_path.sh'
[2.515s] Level 1:colcon.colcon_core.environment:checking '/home/mpinho/proj_ws/install/urg_node2/lib'
[2.515s] Level 1:colcon.colcon_core.shell:create_environment_hook('urg_node2', 'ld_library_path_lib')
[2.516s] INFO:colcon.colcon_core.shell:Creating environment hook '/home/mpinho/proj_ws/install/urg_node2/share/urg_node2/hook/ld_library_path_lib.ps1'
[2.517s] INFO:colcon.colcon_core.shell:Creating environment descriptor '/home/mpinho/proj_ws/install/urg_node2/share/urg_node2/hook/ld_library_path_lib.dsv'
[2.517s] INFO:colcon.colcon_core.shell:Creating environment hook '/home/mpinho/proj_ws/install/urg_node2/share/urg_node2/hook/ld_library_path_lib.sh'
[2.518s] Level 1:colcon.colcon_core.environment:checking '/home/mpinho/proj_ws/install/urg_node2/bin'
[2.518s] Level 1:colcon.colcon_core.environment:checking '/home/mpinho/proj_ws/install/urg_node2/lib/pkgconfig/urg_node2.pc'
[2.518s] Level 1:colcon.colcon_core.environment:checking '/home/mpinho/proj_ws/install/urg_node2/lib/python3.10/site-packages'
[2.518s] Level 1:colcon.colcon_core.environment:checking '/home/mpinho/proj_ws/install/urg_node2/bin'
[2.519s] INFO:colcon.colcon_core.shell:Creating package script '/home/mpinho/proj_ws/install/urg_node2/share/urg_node2/package.ps1'
[2.520s] INFO:colcon.colcon_core.shell:Creating package descriptor '/home/mpinho/proj_ws/install/urg_node2/share/urg_node2/package.dsv'
[2.520s] INFO:colcon.colcon_core.shell:Creating package script '/home/mpinho/proj_ws/install/urg_node2/share/urg_node2/package.sh'
[2.521s] INFO:colcon.colcon_core.shell:Creating package script '/home/mpinho/proj_ws/install/urg_node2/share/urg_node2/package.bash'
[2.522s] INFO:colcon.colcon_core.shell:Creating package script '/home/mpinho/proj_ws/install/urg_node2/share/urg_node2/package.zsh'
[2.522s] Level 1:colcon.colcon_core.environment:create_file_with_runtime_dependencies(/home/mpinho/proj_ws/install/urg_node2/share/colcon-core/packages/urg_node2)
[2.857s] DEBUG:colcon.colcon_core.event_handler.log_command:Invoked command in '/home/mpinho/proj_ws/build/diffdrive_arduino' returned '0': CMAKE_PREFIX_PATH=/home/mpinho/proj_ws/install/serial:/home/mpinho/proj_ws/install/urg_node2:/home/mpinho/proj_ws/install/diffdrive_arduino:/home/mpinho/proj_ws/install/msc_aut_vehicles:/opt/ros/humble /usr/bin/cmake /home/mpinho/proj_ws/src/diffdrive_arduino -DCMAKE_INSTALL_PREFIX=/home/mpinho/proj_ws/install/diffdrive_arduino
[2.859s] DEBUG:colcon.colcon_core.event_handler.log_command:Invoking command in '/home/mpinho/proj_ws/build/diffdrive_arduino': CMAKE_PREFIX_PATH=/home/mpinho/proj_ws/install/serial:/home/mpinho/proj_ws/install/urg_node2:/home/mpinho/proj_ws/install/diffdrive_arduino:/home/mpinho/proj_ws/install/msc_aut_vehicles:/opt/ros/humble /usr/bin/cmake --build /home/mpinho/proj_ws/build/diffdrive_arduino -- -j8 -l8
[2.972s] DEBUG:colcon.colcon_core.event_handler.log_command:Invoked command in '/home/mpinho/proj_ws/build/diffdrive_arduino' returned '0': CMAKE_PREFIX_PATH=/home/mpinho/proj_ws/install/serial:/home/mpinho/proj_ws/install/urg_node2:/home/mpinho/proj_ws/install/diffdrive_arduino:/home/mpinho/proj_ws/install/msc_aut_vehicles:/opt/ros/humble /usr/bin/cmake --build /home/mpinho/proj_ws/build/diffdrive_arduino -- -j8 -l8
[3.027s] DEBUG:colcon.colcon_core.event_handler.log_command:Invoking command in '/home/mpinho/proj_ws/build/diffdrive_arduino': CMAKE_PREFIX_PATH=/home/mpinho/proj_ws/install/serial:/home/mpinho/proj_ws/install/urg_node2:/home/mpinho/proj_ws/install/diffdrive_arduino:/home/mpinho/proj_ws/install/msc_aut_vehicles:/opt/ros/humble /usr/bin/cmake --install /home/mpinho/proj_ws/build/diffdrive_arduino
[3.059s] Level 1:colcon.colcon_core.environment:create_environment_scripts_only(diffdrive_arduino)
[3.060s] Level 1:colcon.colcon_core.environment:checking '/home/mpinho/proj_ws/install/diffdrive_arduino' for CMake module files
[3.060s] DEBUG:colcon.colcon_core.event_handler.log_command:Invoked command in '/home/mpinho/proj_ws/build/diffdrive_arduino' returned '0': CMAKE_PREFIX_PATH=/home/mpinho/proj_ws/install/serial:/home/mpinho/proj_ws/install/urg_node2:/home/mpinho/proj_ws/install/diffdrive_arduino:/home/mpinho/proj_ws/install/msc_aut_vehicles:/opt/ros/humble /usr/bin/cmake --install /home/mpinho/proj_ws/build/diffdrive_arduino
[3.061s] Level 1:colcon.colcon_core.environment:checking '/home/mpinho/proj_ws/install/diffdrive_arduino' for CMake config files
[3.062s] Level 1:colcon.colcon_core.shell:create_environment_hook('diffdrive_arduino', 'cmake_prefix_path')
[3.062s] INFO:colcon.colcon_core.shell:Creating environment hook '/home/mpinho/proj_ws/install/diffdrive_arduino/share/diffdrive_arduino/hook/cmake_prefix_path.ps1'
[3.063s] INFO:colcon.colcon_core.shell:Creating environment descriptor '/home/mpinho/proj_ws/install/diffdrive_arduino/share/diffdrive_arduino/hook/cmake_prefix_path.dsv'
[3.063s] INFO:colcon.colcon_core.shell:Creating environment hook '/home/mpinho/proj_ws/install/diffdrive_arduino/share/diffdrive_arduino/hook/cmake_prefix_path.sh'
[3.064s] Level 1:colcon.colcon_core.environment:checking '/home/mpinho/proj_ws/install/diffdrive_arduino/lib'
[3.064s] Level 1:colcon.colcon_core.shell:create_environment_hook('diffdrive_arduino', 'ld_library_path_lib')
[3.065s] INFO:colcon.colcon_core.shell:Creating environment hook '/home/mpinho/proj_ws/install/diffdrive_arduino/share/diffdrive_arduino/hook/ld_library_path_lib.ps1'
[3.065s] INFO:colcon.colcon_core.shell:Creating environment descriptor '/home/mpinho/proj_ws/install/diffdrive_arduino/share/diffdrive_arduino/hook/ld_library_path_lib.dsv'
[3.066s] INFO:colcon.colcon_core.shell:Creating environment hook '/home/mpinho/proj_ws/install/diffdrive_arduino/share/diffdrive_arduino/hook/ld_library_path_lib.sh'
[3.067s] Level 1:colcon.colcon_core.environment:checking '/home/mpinho/proj_ws/install/diffdrive_arduino/bin'
[3.067s] Level 1:colcon.colcon_core.environment:checking '/home/mpinho/proj_ws/install/diffdrive_arduino/lib/pkgconfig/diffdrive_arduino.pc'
[3.067s] Level 1:colcon.colcon_core.environment:checking '/home/mpinho/proj_ws/install/diffdrive_arduino/lib/python3.10/site-packages'
[3.067s] Level 1:colcon.colcon_core.environment:checking '/home/mpinho/proj_ws/install/diffdrive_arduino/bin'
[3.068s] INFO:colcon.colcon_core.shell:Creating package script '/home/mpinho/proj_ws/install/diffdrive_arduino/share/diffdrive_arduino/package.ps1'
[3.069s] INFO:colcon.colcon_core.shell:Creating package descriptor '/home/mpinho/proj_ws/install/diffdrive_arduino/share/diffdrive_arduino/package.dsv'
[3.070s] INFO:colcon.colcon_core.shell:Creating package script '/home/mpinho/proj_ws/install/diffdrive_arduino/share/diffdrive_arduino/package.sh'
[3.070s] INFO:colcon.colcon_core.shell:Creating package script '/home/mpinho/proj_ws/install/diffdrive_arduino/share/diffdrive_arduino/package.bash'
[3.071s] INFO:colcon.colcon_core.shell:Creating package script '/home/mpinho/proj_ws/install/diffdrive_arduino/share/diffdrive_arduino/package.zsh'
[3.072s] Level 1:colcon.colcon_core.environment:create_file_with_runtime_dependencies(/home/mpinho/proj_ws/install/diffdrive_arduino/share/colcon-core/packages/diffdrive_arduino)
[3.126s] Level 1:colcon.colcon_core.environment:create_environment_scripts_only(diffdrive_arduino)
[3.126s] Level 1:colcon.colcon_core.environment:checking '/home/mpinho/proj_ws/install/diffdrive_arduino' for CMake module files
[3.127s] Level 1:colcon.colcon_core.environment:checking '/home/mpinho/proj_ws/install/diffdrive_arduino' for CMake config files
[3.128s] Level 1:colcon.colcon_core.shell:create_environment_hook('diffdrive_arduino', 'cmake_prefix_path')
[3.128s] INFO:colcon.colcon_core.shell:Creating environment hook '/home/mpinho/proj_ws/install/diffdrive_arduino/share/diffdrive_arduino/hook/cmake_prefix_path.ps1'
[3.129s] INFO:colcon.colcon_core.shell:Creating environment descriptor '/home/mpinho/proj_ws/install/diffdrive_arduino/share/diffdrive_arduino/hook/cmake_prefix_path.dsv'
[3.129s] INFO:colcon.colcon_core.shell:Creating environment hook '/home/mpinho/proj_ws/install/diffdrive_arduino/share/diffdrive_arduino/hook/cmake_prefix_path.sh'
[3.130s] Level 1:colcon.colcon_core.environment:checking '/home/mpinho/proj_ws/install/diffdrive_arduino/lib'
[3.130s] Level 1:colcon.colcon_core.shell:create_environment_hook('diffdrive_arduino', 'ld_library_path_lib')
[3.130s] INFO:colcon.colcon_core.shell:Creating environment hook '/home/mpinho/proj_ws/install/diffdrive_arduino/share/diffdrive_arduino/hook/ld_library_path_lib.ps1'
[3.131s] INFO:colcon.colcon_core.shell:Creating environment descriptor '/home/mpinho/proj_ws/install/diffdrive_arduino/share/diffdrive_arduino/hook/ld_library_path_lib.dsv'
[3.131s] INFO:colcon.colcon_core.shell:Creating environment hook '/home/mpinho/proj_ws/install/diffdrive_arduino/share/diffdrive_arduino/hook/ld_library_path_lib.sh'
[3.132s] Level 1:colcon.colcon_core.environment:checking '/home/mpinho/proj_ws/install/diffdrive_arduino/bin'
[3.132s] Level 1:colcon.colcon_core.environment:checking '/home/mpinho/proj_ws/install/diffdrive_arduino/lib/pkgconfig/diffdrive_arduino.pc'
[3.132s] Level 1:colcon.colcon_core.environment:checking '/home/mpinho/proj_ws/install/diffdrive_arduino/lib/python3.10/site-packages'
[3.133s] Level 1:colcon.colcon_core.environment:checking '/home/mpinho/proj_ws/install/diffdrive_arduino/bin'
[3.133s] INFO:colcon.colcon_core.shell:Creating package script '/home/mpinho/proj_ws/install/diffdrive_arduino/share/diffdrive_arduino/package.ps1'
[3.134s] INFO:colcon.colcon_core.shell:Creating package descriptor '/home/mpinho/proj_ws/install/diffdrive_arduino/share/diffdrive_arduino/package.dsv'
[3.135s] INFO:colcon.colcon_core.shell:Creating package script '/home/mpinho/proj_ws/install/diffdrive_arduino/share/diffdrive_arduino/package.sh'
[3.136s] INFO:colcon.colcon_core.shell:Creating package script '/home/mpinho/proj_ws/install/diffdrive_arduino/share/diffdrive_arduino/package.bash'
[3.137s] INFO:colcon.colcon_core.shell:Creating package script '/home/mpinho/proj_ws/install/diffdrive_arduino/share/diffdrive_arduino/package.zsh'
[3.137s] Level 1:colcon.colcon_core.environment:create_file_with_runtime_dependencies(/home/mpinho/proj_ws/install/diffdrive_arduino/share/colcon-core/packages/diffdrive_arduino)
[3.138s] DEBUG:colcon.colcon_parallel_executor.executor.parallel:closing loop
[3.138s] DEBUG:colcon.colcon_parallel_executor.executor.parallel:loop closed
[3.138s] DEBUG:colcon.colcon_parallel_executor.executor.parallel:run_until_complete finished with '0'
[3.138s] DEBUG:colcon.colcon_core.event_reactor:joining thread
[3.155s] INFO:colcon.colcon_core.plugin_system:Skipping extension 'colcon_notification.desktop_notification.terminal_notifier': Not used on non-Darwin systems
[3.155s] INFO:colcon.colcon_core.plugin_system:Skipping extension 'colcon_notification.desktop_notification.win32': Not used on non-Windows systems
[3.155s] INFO:colcon.colcon_notification.desktop_notification:Sending desktop notification using 'notify2'
[3.184s] DEBUG:colcon.colcon_core.event_reactor:joined thread
[3.184s] INFO:colcon.colcon_core.shell:Creating prefix script '/home/mpinho/proj_ws/install/local_setup.ps1'
[3.186s] INFO:colcon.colcon_core.shell:Creating prefix util module '/home/mpinho/proj_ws/install/_local_setup_util_ps1.py'
[3.191s] INFO:colcon.colcon_core.shell:Creating prefix chain script '/home/mpinho/proj_ws/install/setup.ps1'
[3.194s] INFO:colcon.colcon_core.shell:Creating prefix script '/home/mpinho/proj_ws/install/local_setup.sh'
[3.196s] INFO:colcon.colcon_core.shell:Creating prefix util module '/home/mpinho/proj_ws/install/_local_setup_util_sh.py'
[3.197s] INFO:colcon.colcon_core.shell:Creating prefix chain script '/home/mpinho/proj_ws/install/setup.sh'
[3.200s] INFO:colcon.colcon_core.shell:Creating prefix script '/home/mpinho/proj_ws/install/local_setup.bash'
[3.202s] INFO:colcon.colcon_core.shell:Creating prefix chain script '/home/mpinho/proj_ws/install/setup.bash'
[3.204s] INFO:colcon.colcon_core.shell:Creating prefix script '/home/mpinho/proj_ws/install/local_setup.zsh'
[3.206s] INFO:colcon.colcon_core.shell:Creating prefix chain script '/home/mpinho/proj_ws/install/setup.zsh'
