[0.045s] Invoking command in '/home/mpinho/proj_ws/build/urg_node2': CMAKE_PREFIX_PATH=${CMAKE_PREFIX_PATH}:/opt/ros/humble /usr/bin/cmake /home/mpinho/proj_ws/src/urg_node2 -DCMAKE_INSTALL_PREFIX=/home/mpinho/proj_ws/install/urg_node2
[0.077s] -- Found ament_cmake: 1.3.10 (/opt/ros/humble/share/ament_cmake/cmake)
[0.397s] -- Override CMake install command with custom implementation using symlinks instead of copying resources
[0.458s] -- Found rclcpp: 16.0.10 (/opt/ros/humble/share/rclcpp/cmake)
[0.601s] -- Found rosidl_generator_c: 3.1.5 (/opt/ros/humble/share/rosidl_generator_c/cmake)
[0.614s] -- Found rosidl_adapter: 3.1.5 (/opt/ros/humble/share/rosidl_adapter/cmake)
[0.645s] -- Found rosidl_generator_cpp: 3.1.5 (/opt/ros/humble/share/rosidl_generator_cpp/cmake)
[0.686s] -- Using all available rosidl_typesupport_c: rosidl_typesupport_fastrtps_c;rosidl_typesupport_introspection_c
[0.745s] -- Using all available rosidl_typesupport_cpp: rosidl_typesupport_fastrtps_cpp;rosidl_typesupport_introspection_cpp
[0.964s] -- Found rmw_implementation_cmake: 6.1.2 (/opt/ros/humble/share/rmw_implementation_cmake/cmake)
[0.974s] -- Found rmw_fastrtps_cpp: 6.2.7 (/opt/ros/humble/share/rmw_fastrtps_cpp/cmake)
[1.316s] -- Using RMW implementation 'rmw_fastrtps_cpp' as default
[1.549s] -- Found rclcpp_components: 16.0.10 (/opt/ros/humble/share/rclcpp_components/cmake)
[1.634s] -- Found rclcpp_lifecycle: 16.0.10 (/opt/ros/humble/share/rclcpp_lifecycle/cmake)
[1.706s] -- Found sensor_msgs: 4.2.4 (/opt/ros/humble/share/sensor_msgs/cmake)
[1.833s] -- Found diagnostic_updater: 4.0.0 (/opt/ros/humble/share/diagnostic_updater/cmake)
[1.906s] -- Found laser_proc: 1.0.2 (/opt/ros/humble/share/laser_proc/cmake)
[1.933s] -- Found ament_cmake_gtest: 1.3.10 (/opt/ros/humble/share/ament_cmake_gtest/cmake)
[1.935s] -- Found gtest sources under '/opt/ros/humble/src/gtest_vendor': C++ tests using 'Google Test' will be built
[2.153s] -- Configuring done
[2.258s] -- Generating done
[2.266s] -- Build files have been written to: /home/mpinho/proj_ws/build/urg_node2
[2.290s] Invoked command in '/home/mpinho/proj_ws/build/urg_node2' returned '0': CMAKE_PREFIX_PATH=${CMAKE_PREFIX_PATH}:/opt/ros/humble /usr/bin/cmake /home/mpinho/proj_ws/src/urg_node2 -DCMAKE_INSTALL_PREFIX=/home/mpinho/proj_ws/install/urg_node2
[2.294s] Invoking command in '/home/mpinho/proj_ws/build/urg_node2': CMAKE_PREFIX_PATH=${CMAKE_PREFIX_PATH}:/opt/ros/humble /usr/bin/cmake --build /home/mpinho/proj_ws/build/urg_node2 -- -j8 -l8
[2.382s] [35m[1mConsolidate compiler generated dependencies of target gtest_main[0m
[2.385s] [35m[1mConsolidate compiler generated dependencies of target urg_node2_node[0m
[2.387s] [35m[1mConsolidate compiler generated dependencies of target gtest[0m
[2.391s] [35m[1mConsolidate compiler generated dependencies of target urg_c[0m
[2.418s] [ 10%] Built target gtest_main
[2.423s] [ 20%] Built target gtest
[2.423s] [ 65%] Built target urg_c
[2.428s] [ 75%] Built target urg_node2_node
[2.450s] [35m[1mConsolidate compiler generated dependencies of target urg_node2[0m
[2.454s] [35m[1mConsolidate compiler generated dependencies of target urg_node2_test[0m
[2.497s] [ 85%] Built target urg_node2
[2.508s] [100%] Built target urg_node2_test
[2.537s] Invoked command in '/home/mpinho/proj_ws/build/urg_node2' returned '0': CMAKE_PREFIX_PATH=${CMAKE_PREFIX_PATH}:/opt/ros/humble /usr/bin/cmake --build /home/mpinho/proj_ws/build/urg_node2 -- -j8 -l8
[2.675s] Invoking command in '/home/mpinho/proj_ws/build/urg_node2': CMAKE_PREFIX_PATH=${CMAKE_PREFIX_PATH}:/opt/ros/humble /usr/bin/cmake --install /home/mpinho/proj_ws/build/urg_node2
[2.690s] -- Install configuration: ""
[2.691s] -- Execute custom install script
[2.692s] -- Up-to-date symlink: /home/mpinho/proj_ws/install/urg_node2/lib/urg_node2/urg_node2_node
[2.692s] -- Up-to-date symlink: /home/mpinho/proj_ws/install/urg_node2/lib/liburg_node2.so
[2.693s] -- Up-to-date symlink: /home/mpinho/proj_ws/install/urg_node2/lib/liburg_c.so
[2.693s] -- Up-to-date symlink: /home/mpinho/proj_ws/install/urg_node2/share/urg_node2/launch/urg_node2.launch.py
[2.694s] -- Up-to-date symlink: /home/mpinho/proj_ws/install/urg_node2/share/urg_node2/launch/urg_node2_2lidar.launch.py
[2.694s] -- Up-to-date symlink: /home/mpinho/proj_ws/install/urg_node2/share/urg_node2/launch/urg_node2_component.launch.py
[2.694s] -- Up-to-date symlink: /home/mpinho/proj_ws/install/urg_node2/share/urg_node2/config/params_ether.yaml
[2.695s] -- Up-to-date symlink: /home/mpinho/proj_ws/install/urg_node2/share/urg_node2/config/params_ether_2nd.yaml
[2.695s] -- Up-to-date symlink: /home/mpinho/proj_ws/install/urg_node2/share/urg_node2/config/params_serial.yaml
[2.695s] -- Up-to-date symlink: /home/mpinho/proj_ws/install/urg_node2/share/ament_index/resource_index/package_run_dependencies/urg_node2
[2.696s] -- Up-to-date symlink: /home/mpinho/proj_ws/install/urg_node2/share/ament_index/resource_index/parent_prefix_path/urg_node2
[2.696s] -- Up-to-date symlink: /home/mpinho/proj_ws/install/urg_node2/share/urg_node2/environment/ament_prefix_path.sh
[2.696s] -- Up-to-date symlink: /home/mpinho/proj_ws/install/urg_node2/share/urg_node2/environment/ament_prefix_path.dsv
[2.697s] -- Up-to-date symlink: /home/mpinho/proj_ws/install/urg_node2/share/urg_node2/environment/path.sh
[2.697s] -- Up-to-date symlink: /home/mpinho/proj_ws/install/urg_node2/share/urg_node2/environment/path.dsv
[2.698s] -- Up-to-date symlink: /home/mpinho/proj_ws/install/urg_node2/share/urg_node2/local_setup.bash
[2.698s] -- Up-to-date symlink: /home/mpinho/proj_ws/install/urg_node2/share/urg_node2/local_setup.sh
[2.698s] -- Up-to-date symlink: /home/mpinho/proj_ws/install/urg_node2/share/urg_node2/local_setup.zsh
[2.699s] -- Up-to-date symlink: /home/mpinho/proj_ws/install/urg_node2/share/urg_node2/local_setup.dsv
[2.699s] -- Symlinking: /home/mpinho/proj_ws/install/urg_node2/share/urg_node2/package.dsv
[2.721s] -- Up-to-date symlink: /home/mpinho/proj_ws/install/urg_node2/share/ament_index/resource_index/packages/urg_node2
[2.721s] -- Up-to-date symlink: /home/mpinho/proj_ws/install/urg_node2/share/ament_index/resource_index/rclcpp_components/urg_node2
[2.722s] -- Up-to-date symlink: /home/mpinho/proj_ws/install/urg_node2/share/urg_node2/cmake/urg_node2Config.cmake
[2.722s] -- Up-to-date symlink: /home/mpinho/proj_ws/install/urg_node2/share/urg_node2/cmake/urg_node2Config-version.cmake
[2.722s] -- Up-to-date symlink: /home/mpinho/proj_ws/install/urg_node2/share/urg_node2/package.xml
[2.728s] Invoked command in '/home/mpinho/proj_ws/build/urg_node2' returned '0': CMAKE_PREFIX_PATH=${CMAKE_PREFIX_PATH}:/opt/ros/humble /usr/bin/cmake --install /home/mpinho/proj_ws/build/urg_node2
