[0.029s] Invoking command in '/home/mpinho/proj_ws/build/serial': CMAKE_PREFIX_PATH=${CMAKE_PREFIX_PATH}:/home/mpinho/proj_ws/install/joy_tester:/opt/ros/humble /usr/bin/cmake /home/mpinho/proj_ws/src/serial -DAMENT_CMAKE_SYMLINK_INSTALL=1 -DCMAKE_INSTALL_PREFIX=/home/mpinho/proj_ws/install/serial
[0.124s] -- The C compiler identification is GNU 11.4.0
[0.215s] -- The CXX compiler identification is GNU 11.4.0
[0.226s] -- Detecting C compiler ABI info
[0.335s] -- Detecting C compiler ABI info - done
[0.347s] -- Check for working C compiler: /usr/bin/cc - skipped
[0.348s] -- Detecting C compile features
[0.348s] -- Detecting C compile features - done
[0.352s] -- Detecting CXX compiler ABI info
[0.475s] -- Detecting CXX compiler ABI info - done
[0.488s] -- Check for working CXX compiler: /usr/bin/c++ - skipped
[0.489s] -- Detecting CXX compile features
[0.490s] -- Detecting CXX compile features - done
[0.494s] -- Found ament_cmake: 1.3.9 (/opt/ros/humble/share/ament_cmake/cmake)
[0.725s] -- Found Python3: /usr/bin/python3 (found version "3.10.12") found components: Interpreter 
[0.809s] -- Override CMake install command with custom implementation using symlinks instead of copying resources
[0.851s] -- Found ament_cmake_gtest: 1.3.9 (/opt/ros/humble/share/ament_cmake_gtest/cmake)
[0.863s] -- Found Boost: /usr/lib/x86_64-linux-gnu/cmake/Boost-1.74.0/BoostConfig.cmake (found version "1.74.0")  
[0.867s] -- Found gtest sources under '/opt/ros/humble/src/gtest_vendor': C++ tests using 'Google Test' will be built
[0.869s] -- Looking for pthread.h
[0.978s] -- Looking for pthread.h - found
[0.979s] -- Performing Test CMAKE_HAVE_LIBC_PTHREAD
[1.088s] -- Performing Test CMAKE_HAVE_LIBC_PTHREAD - Success
[1.089s] -- Found Threads: TRUE  
[1.200s] -- Configuring done
[1.218s] -- Generating done
[1.220s] -- Build files have been written to: /home/mpinho/proj_ws/build/serial
[1.228s] Invoked command in '/home/mpinho/proj_ws/build/serial' returned '0': CMAKE_PREFIX_PATH=${CMAKE_PREFIX_PATH}:/home/mpinho/proj_ws/install/joy_tester:/opt/ros/humble /usr/bin/cmake /home/mpinho/proj_ws/src/serial -DAMENT_CMAKE_SYMLINK_INSTALL=1 -DCMAKE_INSTALL_PREFIX=/home/mpinho/proj_ws/install/serial
[1.230s] Invoking command in '/home/mpinho/proj_ws/build/serial': CMAKE_PREFIX_PATH=${CMAKE_PREFIX_PATH}:/home/mpinho/proj_ws/install/joy_tester:/opt/ros/humble /usr/bin/cmake --build /home/mpinho/proj_ws/build/serial -- -j8 -l8
[1.296s] [ 14%] [32mBuilding CXX object CMakeFiles/serial.dir/src/impl/unix.cc.o[0m
[1.296s] [ 14%] [32mBuilding CXX object CMakeFiles/serial.dir/src/impl/list_ports/list_ports_linux.cc.o[0m
[1.296s] [ 21%] [32mBuilding CXX object gtest/CMakeFiles/gtest.dir/src/gtest-all.cc.o[0m
[1.296s] [ 35%] [32mBuilding CXX object CMakeFiles/serial.dir/src/serial.cc.o[0m
[1.296s] [ 35%] [32mBuilding CXX object gtest/CMakeFiles/gtest_main.dir/src/gtest_main.cc.o[0m
[2.062s] [ 42%] [32m[1mLinking CXX static library libserial.a[0m
[2.124s] [ 42%] Built target serial
[2.158s] [ 50%] [32mBuilding CXX object CMakeFiles/serial_example.dir/examples/serial_example.cc.o[0m
[2.635s] [ 57%] [32m[1mLinking CXX executable serial_example[0m
[2.677s] [ 64%] [32m[1mLinking CXX static library libgtest_main.a[0m
[2.732s] [ 64%] Built target gtest_main
[2.891s] [ 64%] Built target serial_example
[6.089s] [ 71%] [32m[1mLinking CXX static library libgtest.a[0m
[6.185s] [ 71%] Built target gtest
[6.217s] [ 85%] [32mBuilding CXX object tests/CMakeFiles/serial-test-timer.dir/unit/unix_timer_tests.cc.o[0m
[6.217s] [ 85%] [32mBuilding CXX object tests/CMakeFiles/serial-test.dir/unix_serial_tests.cc.o[0m
[7.478s] In file included from [01m[K/usr/include/boost/bind.hpp:30[m[K,
[7.478s]                  from [01m[K/home/mpinho/proj_ws/src/serial/tests/unix_serial_tests.cc:23[m[K:
[7.478s] [01m[K/usr/include/boost/bind.hpp:36:1:[m[K [01;36m[Knote: [m[K‘[01m[K#pragma message: The practice of declaring the Bind placeholders (_1, _2, ...) in the global namespace is deprecated. Please use <boost/bind/bind.hpp> + using namespace boost::placeholders, or define BOOST_BIND_GLOBAL_PLACEHOLDERS to retain the current behavior.[m[K’
[7.478s]    36 | [01;36m[KBOOST_PRAGMA_MESSAGE[m[K(
[7.478s]       | [01;36m[K^~~~~~~~~~~~~~~~~~~~[m[K
[7.485s] [ 92%] [32m[1mLinking CXX executable serial-test-timer[0m
[7.773s] [100%] [32m[1mLinking CXX executable serial-test[0m
[7.800s] [100%] Built target serial-test-timer
[8.095s] [100%] Built target serial-test
[8.113s] Invoked command in '/home/mpinho/proj_ws/build/serial' returned '0': CMAKE_PREFIX_PATH=${CMAKE_PREFIX_PATH}:/home/mpinho/proj_ws/install/joy_tester:/opt/ros/humble /usr/bin/cmake --build /home/mpinho/proj_ws/build/serial -- -j8 -l8
[8.178s] Invoking command in '/home/mpinho/proj_ws/build/serial': CMAKE_PREFIX_PATH=${CMAKE_PREFIX_PATH}:/home/mpinho/proj_ws/install/joy_tester:/opt/ros/humble /usr/bin/cmake --install /home/mpinho/proj_ws/build/serial
[8.188s] -- Install configuration: ""
[8.189s] -- Execute custom install script
[8.189s] -- Symlinking: /home/mpinho/proj_ws/install/serial/lib/libserial.a
[8.204s] -- Symlinking: /home/mpinho/proj_ws/install/serial/include/serial/serial.h
[8.217s] -- Symlinking: /home/mpinho/proj_ws/install/serial/include/serial/v8stdint.h
[8.232s] -- Symlinking: /home/mpinho/proj_ws/install/serial/share/serial/environment/library_path.sh
[8.246s] -- Symlinking: /home/mpinho/proj_ws/install/serial/share/serial/environment/library_path.dsv
[8.260s] -- Symlinking: /home/mpinho/proj_ws/install/serial/share/ament_index/resource_index/package_run_dependencies/serial
[8.275s] -- Symlinking: /home/mpinho/proj_ws/install/serial/share/ament_index/resource_index/parent_prefix_path/serial
[8.288s] -- Symlinking: /home/mpinho/proj_ws/install/serial/share/serial/environment/ament_prefix_path.sh
[8.301s] -- Symlinking: /home/mpinho/proj_ws/install/serial/share/serial/environment/ament_prefix_path.dsv
[8.314s] -- Symlinking: /home/mpinho/proj_ws/install/serial/share/serial/environment/path.sh
[8.328s] -- Symlinking: /home/mpinho/proj_ws/install/serial/share/serial/environment/path.dsv
[8.343s] -- Symlinking: /home/mpinho/proj_ws/install/serial/share/serial/local_setup.bash
[8.357s] -- Symlinking: /home/mpinho/proj_ws/install/serial/share/serial/local_setup.sh
[8.371s] -- Symlinking: /home/mpinho/proj_ws/install/serial/share/serial/local_setup.zsh
[8.386s] -- Symlinking: /home/mpinho/proj_ws/install/serial/share/serial/local_setup.dsv
[8.401s] -- Symlinking: /home/mpinho/proj_ws/install/serial/share/serial/package.dsv
[8.415s] -- Symlinking: /home/mpinho/proj_ws/install/serial/share/ament_index/resource_index/packages/serial
[8.428s] -- Symlinking: /home/mpinho/proj_ws/install/serial/share/serial/cmake/ament_cmake_export_include_directories-extras.cmake
[8.440s] -- Symlinking: /home/mpinho/proj_ws/install/serial/share/serial/cmake/ament_cmake_export_libraries-extras.cmake
[8.455s] -- Symlinking: /home/mpinho/proj_ws/install/serial/share/serial/cmake/serialConfig.cmake
[8.469s] -- Symlinking: /home/mpinho/proj_ws/install/serial/share/serial/cmake/serialConfig-version.cmake
[8.483s] -- Symlinking: /home/mpinho/proj_ws/install/serial/share/serial/package.xml
[8.502s] Invoked command in '/home/mpinho/proj_ws/build/serial' returned '0': CMAKE_PREFIX_PATH=${CMAKE_PREFIX_PATH}:/home/mpinho/proj_ws/install/joy_tester:/opt/ros/humble /usr/bin/cmake --install /home/mpinho/proj_ws/build/serial
