[0.199s] DEBUG:colcon:Command line arguments: ['/usr/bin/colcon', 'build']
[0.199s] DEBUG:colcon:Parsed command line arguments: Namespace(log_base=None, log_level=None, verb_name='build', build_base='build', install_base='install', merge_install=False, symlink_install=False, test_result_base=None, continue_on_error=False, executor='parallel', parallel_workers=8, event_handlers=None, ignore_user_meta=False, metas=['./colcon.meta'], base_paths=['.'], packages_ignore=None, packages_ignore_regex=None, paths=None, packages_up_to=None, packages_up_to_regex=None, packages_above=None, packages_above_and_dependencies=None, packages_above_depth=None, packages_select_by_dep=None, packages_skip_by_dep=None, packages_skip_up_to=None, packages_select_build_failed=False, packages_skip_build_finished=False, packages_select_test_failures=False, packages_skip_test_passed=False, packages_select=None, packages_skip=None, packages_select_regex=None, packages_skip_regex=None, packages_start=None, packages_end=None, allow_overriding=[], cmake_args=None, cmake_target=None, cmake_target_skip_unavailable=False, cmake_clean_cache=False, cmake_clean_first=False, cmake_force_configure=False, ament_cmake_args=None, catkin_cmake_args=None, catkin_skip_building_tests=False, verb_parser=<colcon_defaults.argument_parser.defaults.DefaultArgumentsDecorator object at 0x7fbd5f140550>, verb_extension=<colcon_core.verb.build.BuildVerb object at 0x7fbd5f2d5e40>, main=<bound method BuildVerb.main of <colcon_core.verb.build.BuildVerb object at 0x7fbd5f2d5e40>>)
[0.508s] Level 1:colcon.colcon_core.package_discovery:discover_packages(colcon_meta) check parameters
[0.508s] Level 1:colcon.colcon_core.package_discovery:discover_packages(recursive) check parameters
[0.508s] Level 1:colcon.colcon_core.package_discovery:discover_packages(ignore) check parameters
[0.508s] Level 1:colcon.colcon_core.package_discovery:discover_packages(path) check parameters
[0.508s] Level 1:colcon.colcon_core.package_discovery:discover_packages(colcon_meta) discover
[0.508s] Level 1:colcon.colcon_core.package_discovery:discover_packages(recursive) discover
[0.508s] INFO:colcon.colcon_core.package_discovery:Crawling recursively for packages in '/home/mpinho/proj_ws'
[0.508s] Level 1:colcon.colcon_core.package_identification:_identify(.) by extensions ['ignore', 'ignore_ament_install']
[0.509s] Level 1:colcon.colcon_core.package_identification:_identify(.) by extension 'ignore'
[0.509s] Level 1:colcon.colcon_core.package_identification:_identify(.) by extension 'ignore_ament_install'
[0.509s] Level 1:colcon.colcon_core.package_identification:_identify(.) by extensions ['colcon_pkg']
[0.509s] Level 1:colcon.colcon_core.package_identification:_identify(.) by extension 'colcon_pkg'
[0.509s] Level 1:colcon.colcon_core.package_identification:_identify(.) by extensions ['colcon_meta']
[0.509s] Level 1:colcon.colcon_core.package_identification:_identify(.) by extension 'colcon_meta'
[0.509s] Level 1:colcon.colcon_core.package_identification:_identify(.) by extensions ['ros']
[0.509s] Level 1:colcon.colcon_core.package_identification:_identify(.) by extension 'ros'
[0.541s] Level 1:colcon.colcon_core.package_identification:_identify(.) by extensions ['cmake', 'python']
[0.541s] Level 1:colcon.colcon_core.package_identification:_identify(.) by extension 'cmake'
[0.541s] Level 1:colcon.colcon_core.package_identification:_identify(.) by extension 'python'
[0.542s] Level 1:colcon.colcon_core.package_identification:_identify(.) by extensions ['python_setup_py']
[0.542s] Level 1:colcon.colcon_core.package_identification:_identify(.) by extension 'python_setup_py'
[0.542s] Level 1:colcon.colcon_core.package_identification:_identify(build) by extensions ['ignore', 'ignore_ament_install']
[0.542s] Level 1:colcon.colcon_core.package_identification:_identify(build) by extension 'ignore'
[0.542s] Level 1:colcon.colcon_core.package_identification:_identify(build) ignored
[0.542s] Level 1:colcon.colcon_core.package_identification:_identify(install) by extensions ['ignore', 'ignore_ament_install']
[0.542s] Level 1:colcon.colcon_core.package_identification:_identify(install) by extension 'ignore'
[0.542s] Level 1:colcon.colcon_core.package_identification:_identify(install) ignored
[0.543s] Level 1:colcon.colcon_core.package_identification:_identify(log) by extensions ['ignore', 'ignore_ament_install']
[0.543s] Level 1:colcon.colcon_core.package_identification:_identify(log) by extension 'ignore'
[0.543s] Level 1:colcon.colcon_core.package_identification:_identify(log) ignored
[0.543s] Level 1:colcon.colcon_core.package_identification:_identify(maps_irl) by extensions ['ignore', 'ignore_ament_install']
[0.543s] Level 1:colcon.colcon_core.package_identification:_identify(maps_irl) by extension 'ignore'
[0.543s] Level 1:colcon.colcon_core.package_identification:_identify(maps_irl) by extension 'ignore_ament_install'
[0.543s] Level 1:colcon.colcon_core.package_identification:_identify(maps_irl) by extensions ['colcon_pkg']
[0.543s] Level 1:colcon.colcon_core.package_identification:_identify(maps_irl) by extension 'colcon_pkg'
[0.543s] Level 1:colcon.colcon_core.package_identification:_identify(maps_irl) by extensions ['colcon_meta']
[0.543s] Level 1:colcon.colcon_core.package_identification:_identify(maps_irl) by extension 'colcon_meta'
[0.543s] Level 1:colcon.colcon_core.package_identification:_identify(maps_irl) by extensions ['ros']
[0.543s] Level 1:colcon.colcon_core.package_identification:_identify(maps_irl) by extension 'ros'
[0.544s] Level 1:colcon.colcon_core.package_identification:_identify(maps_irl) by extensions ['cmake', 'python']
[0.544s] Level 1:colcon.colcon_core.package_identification:_identify(maps_irl) by extension 'cmake'
[0.544s] Level 1:colcon.colcon_core.package_identification:_identify(maps_irl) by extension 'python'
[0.544s] Level 1:colcon.colcon_core.package_identification:_identify(maps_irl) by extensions ['python_setup_py']
[0.544s] Level 1:colcon.colcon_core.package_identification:_identify(maps_irl) by extension 'python_setup_py'
[0.544s] Level 1:colcon.colcon_core.package_identification:_identify(src) by extensions ['ignore', 'ignore_ament_install']
[0.544s] Level 1:colcon.colcon_core.package_identification:_identify(src) by extension 'ignore'
[0.544s] Level 1:colcon.colcon_core.package_identification:_identify(src) by extension 'ignore_ament_install'
[0.544s] Level 1:colcon.colcon_core.package_identification:_identify(src) by extensions ['colcon_pkg']
[0.544s] Level 1:colcon.colcon_core.package_identification:_identify(src) by extension 'colcon_pkg'
[0.544s] Level 1:colcon.colcon_core.package_identification:_identify(src) by extensions ['colcon_meta']
[0.544s] Level 1:colcon.colcon_core.package_identification:_identify(src) by extension 'colcon_meta'
[0.544s] Level 1:colcon.colcon_core.package_identification:_identify(src) by extensions ['ros']
[0.544s] Level 1:colcon.colcon_core.package_identification:_identify(src) by extension 'ros'
[0.544s] Level 1:colcon.colcon_core.package_identification:_identify(src) by extensions ['cmake', 'python']
[0.545s] Level 1:colcon.colcon_core.package_identification:_identify(src) by extension 'cmake'
[0.545s] Level 1:colcon.colcon_core.package_identification:_identify(src) by extension 'python'
[0.545s] Level 1:colcon.colcon_core.package_identification:_identify(src) by extensions ['python_setup_py']
[0.545s] Level 1:colcon.colcon_core.package_identification:_identify(src) by extension 'python_setup_py'
[0.545s] Level 1:colcon.colcon_core.package_identification:_identify(src/build) by extensions ['ignore', 'ignore_ament_install']
[0.545s] Level 1:colcon.colcon_core.package_identification:_identify(src/build) by extension 'ignore'
[0.545s] Level 1:colcon.colcon_core.package_identification:_identify(src/build) ignored
[0.545s] Level 1:colcon.colcon_core.package_identification:_identify(src/diffdrive_arduino) by extensions ['ignore', 'ignore_ament_install']
[0.545s] Level 1:colcon.colcon_core.package_identification:_identify(src/diffdrive_arduino) by extension 'ignore'
[0.545s] Level 1:colcon.colcon_core.package_identification:_identify(src/diffdrive_arduino) by extension 'ignore_ament_install'
[0.545s] Level 1:colcon.colcon_core.package_identification:_identify(src/diffdrive_arduino) by extensions ['colcon_pkg']
[0.545s] Level 1:colcon.colcon_core.package_identification:_identify(src/diffdrive_arduino) by extension 'colcon_pkg'
[0.545s] Level 1:colcon.colcon_core.package_identification:_identify(src/diffdrive_arduino) by extensions ['colcon_meta']
[0.545s] Level 1:colcon.colcon_core.package_identification:_identify(src/diffdrive_arduino) by extension 'colcon_meta'
[0.546s] Level 1:colcon.colcon_core.package_identification:_identify(src/diffdrive_arduino) by extensions ['ros']
[0.546s] Level 1:colcon.colcon_core.package_identification:_identify(src/diffdrive_arduino) by extension 'ros'
[0.550s] DEBUG:colcon.colcon_core.package_identification:Package 'src/diffdrive_arduino' with type 'ros.ament_cmake' and name 'diffdrive_arduino'
[0.550s] Level 1:colcon.colcon_core.package_identification:_identify(src/install) by extensions ['ignore', 'ignore_ament_install']
[0.550s] Level 1:colcon.colcon_core.package_identification:_identify(src/install) by extension 'ignore'
[0.550s] Level 1:colcon.colcon_core.package_identification:_identify(src/install) ignored
[0.551s] Level 1:colcon.colcon_core.package_identification:_identify(src/log) by extensions ['ignore', 'ignore_ament_install']
[0.551s] Level 1:colcon.colcon_core.package_identification:_identify(src/log) by extension 'ignore'
[0.551s] Level 1:colcon.colcon_core.package_identification:_identify(src/log) ignored
[0.551s] Level 1:colcon.colcon_core.package_identification:_identify(src/msc_aut_vehicles) by extensions ['ignore', 'ignore_ament_install']
[0.551s] Level 1:colcon.colcon_core.package_identification:_identify(src/msc_aut_vehicles) by extension 'ignore'
[0.551s] Level 1:colcon.colcon_core.package_identification:_identify(src/msc_aut_vehicles) by extension 'ignore_ament_install'
[0.551s] Level 1:colcon.colcon_core.package_identification:_identify(src/msc_aut_vehicles) by extensions ['colcon_pkg']
[0.551s] Level 1:colcon.colcon_core.package_identification:_identify(src/msc_aut_vehicles) by extension 'colcon_pkg'
[0.551s] Level 1:colcon.colcon_core.package_identification:_identify(src/msc_aut_vehicles) by extensions ['colcon_meta']
[0.551s] Level 1:colcon.colcon_core.package_identification:_identify(src/msc_aut_vehicles) by extension 'colcon_meta'
[0.551s] Level 1:colcon.colcon_core.package_identification:_identify(src/msc_aut_vehicles) by extensions ['ros']
[0.551s] Level 1:colcon.colcon_core.package_identification:_identify(src/msc_aut_vehicles) by extension 'ros'
[0.553s] DEBUG:colcon.colcon_core.package_identification:Package 'src/msc_aut_vehicles' with type 'ros.ament_cmake' and name 'msc_aut_vehicles'
[0.553s] Level 1:colcon.colcon_core.package_identification:_identify(src/serial) by extensions ['ignore', 'ignore_ament_install']
[0.553s] Level 1:colcon.colcon_core.package_identification:_identify(src/serial) by extension 'ignore'
[0.553s] Level 1:colcon.colcon_core.package_identification:_identify(src/serial) by extension 'ignore_ament_install'
[0.553s] Level 1:colcon.colcon_core.package_identification:_identify(src/serial) by extensions ['colcon_pkg']
[0.553s] Level 1:colcon.colcon_core.package_identification:_identify(src/serial) by extension 'colcon_pkg'
[0.553s] Level 1:colcon.colcon_core.package_identification:_identify(src/serial) by extensions ['colcon_meta']
[0.553s] Level 1:colcon.colcon_core.package_identification:_identify(src/serial) by extension 'colcon_meta'
[0.553s] Level 1:colcon.colcon_core.package_identification:_identify(src/serial) by extensions ['ros']
[0.553s] Level 1:colcon.colcon_core.package_identification:_identify(src/serial) by extension 'ros'
[0.578s] DEBUG:colcon.colcon_core.package_identification:Package 'src/serial' with type 'ros.ament_cmake' and name 'serial'
[0.578s] Level 1:colcon.colcon_core.package_identification:_identify(src/urg_node2) by extensions ['ignore', 'ignore_ament_install']
[0.578s] Level 1:colcon.colcon_core.package_identification:_identify(src/urg_node2) by extension 'ignore'
[0.578s] Level 1:colcon.colcon_core.package_identification:_identify(src/urg_node2) by extension 'ignore_ament_install'
[0.578s] Level 1:colcon.colcon_core.package_identification:_identify(src/urg_node2) by extensions ['colcon_pkg']
[0.579s] Level 1:colcon.colcon_core.package_identification:_identify(src/urg_node2) by extension 'colcon_pkg'
[0.579s] Level 1:colcon.colcon_core.package_identification:_identify(src/urg_node2) by extensions ['colcon_meta']
[0.579s] Level 1:colcon.colcon_core.package_identification:_identify(src/urg_node2) by extension 'colcon_meta'
[0.579s] Level 1:colcon.colcon_core.package_identification:_identify(src/urg_node2) by extensions ['ros']
[0.579s] Level 1:colcon.colcon_core.package_identification:_identify(src/urg_node2) by extension 'ros'
[0.580s] DEBUG:colcon.colcon_core.package_identification:Package 'src/urg_node2' with type 'ros.ament_cmake' and name 'urg_node2'
[0.580s] Level 1:colcon.colcon_core.package_discovery:discover_packages(recursive) using defaults
[0.581s] Level 1:colcon.colcon_core.package_discovery:discover_packages(ignore) discover
[0.581s] Level 1:colcon.colcon_core.package_discovery:discover_packages(ignore) using defaults
[0.581s] Level 1:colcon.colcon_core.package_discovery:discover_packages(path) discover
[0.581s] Level 1:colcon.colcon_core.package_discovery:discover_packages(path) using defaults
[0.616s] Level 1:colcon.colcon_core.package_discovery:discover_packages(prefix_path) check parameters
[0.616s] Level 1:colcon.colcon_core.package_discovery:discover_packages(prefix_path) discover
[0.620s] DEBUG:colcon.colcon_installed_package_information.package_discovery:Found 4 installed packages in /home/mpinho/proj_ws/install
[0.623s] DEBUG:colcon.colcon_installed_package_information.package_discovery:Found 423 installed packages in /opt/ros/humble
[0.627s] Level 1:colcon.colcon_core.package_discovery:discover_packages(prefix_path) using defaults
[0.709s] Level 5:colcon.colcon_core.verb:set package 'msc_aut_vehicles' build argument 'cmake_args' from command line to 'None'
[0.709s] Level 5:colcon.colcon_core.verb:set package 'msc_aut_vehicles' build argument 'cmake_target' from command line to 'None'
[0.709s] Level 5:colcon.colcon_core.verb:set package 'msc_aut_vehicles' build argument 'cmake_target_skip_unavailable' from command line to 'False'
[0.709s] Level 5:colcon.colcon_core.verb:set package 'msc_aut_vehicles' build argument 'cmake_clean_cache' from command line to 'False'
[0.709s] Level 5:colcon.colcon_core.verb:set package 'msc_aut_vehicles' build argument 'cmake_clean_first' from command line to 'False'
[0.709s] Level 5:colcon.colcon_core.verb:set package 'msc_aut_vehicles' build argument 'cmake_force_configure' from command line to 'False'
[0.709s] Level 5:colcon.colcon_core.verb:set package 'msc_aut_vehicles' build argument 'ament_cmake_args' from command line to 'None'
[0.709s] Level 5:colcon.colcon_core.verb:set package 'msc_aut_vehicles' build argument 'catkin_cmake_args' from command line to 'None'
[0.709s] Level 5:colcon.colcon_core.verb:set package 'msc_aut_vehicles' build argument 'catkin_skip_building_tests' from command line to 'False'
[0.709s] DEBUG:colcon.colcon_core.verb:Building package 'msc_aut_vehicles' with the following arguments: {'ament_cmake_args': None, 'build_base': '/home/mpinho/proj_ws/build/msc_aut_vehicles', 'catkin_cmake_args': None, 'catkin_skip_building_tests': False, 'cmake_args': None, 'cmake_clean_cache': False, 'cmake_clean_first': False, 'cmake_force_configure': False, 'cmake_target': None, 'cmake_target_skip_unavailable': False, 'install_base': '/home/mpinho/proj_ws/install/msc_aut_vehicles', 'merge_install': False, 'path': '/home/mpinho/proj_ws/src/msc_aut_vehicles', 'symlink_install': False, 'test_result_base': None}
[0.710s] Level 5:colcon.colcon_core.verb:set package 'serial' build argument 'cmake_args' from command line to 'None'
[0.710s] Level 5:colcon.colcon_core.verb:set package 'serial' build argument 'cmake_target' from command line to 'None'
[0.710s] Level 5:colcon.colcon_core.verb:set package 'serial' build argument 'cmake_target_skip_unavailable' from command line to 'False'
[0.710s] Level 5:colcon.colcon_core.verb:set package 'serial' build argument 'cmake_clean_cache' from command line to 'False'
[0.710s] Level 5:colcon.colcon_core.verb:set package 'serial' build argument 'cmake_clean_first' from command line to 'False'
[0.710s] Level 5:colcon.colcon_core.verb:set package 'serial' build argument 'cmake_force_configure' from command line to 'False'
[0.710s] Level 5:colcon.colcon_core.verb:set package 'serial' build argument 'ament_cmake_args' from command line to 'None'
[0.710s] Level 5:colcon.colcon_core.verb:set package 'serial' build argument 'catkin_cmake_args' from command line to 'None'
[0.710s] Level 5:colcon.colcon_core.verb:set package 'serial' build argument 'catkin_skip_building_tests' from command line to 'False'
[0.710s] DEBUG:colcon.colcon_core.verb:Building package 'serial' with the following arguments: {'ament_cmake_args': None, 'build_base': '/home/mpinho/proj_ws/build/serial', 'catkin_cmake_args': None, 'catkin_skip_building_tests': False, 'cmake_args': None, 'cmake_clean_cache': False, 'cmake_clean_first': False, 'cmake_force_configure': False, 'cmake_target': None, 'cmake_target_skip_unavailable': False, 'install_base': '/home/mpinho/proj_ws/install/serial', 'merge_install': False, 'path': '/home/mpinho/proj_ws/src/serial', 'symlink_install': False, 'test_result_base': None}
[0.711s] Level 5:colcon.colcon_core.verb:set package 'urg_node2' build argument 'cmake_args' from command line to 'None'
[0.711s] Level 5:colcon.colcon_core.verb:set package 'urg_node2' build argument 'cmake_target' from command line to 'None'
[0.711s] Level 5:colcon.colcon_core.verb:set package 'urg_node2' build argument 'cmake_target_skip_unavailable' from command line to 'False'
[0.711s] Level 5:colcon.colcon_core.verb:set package 'urg_node2' build argument 'cmake_clean_cache' from command line to 'False'
[0.711s] Level 5:colcon.colcon_core.verb:set package 'urg_node2' build argument 'cmake_clean_first' from command line to 'False'
[0.711s] Level 5:colcon.colcon_core.verb:set package 'urg_node2' build argument 'cmake_force_configure' from command line to 'False'
[0.711s] Level 5:colcon.colcon_core.verb:set package 'urg_node2' build argument 'ament_cmake_args' from command line to 'None'
[0.711s] Level 5:colcon.colcon_core.verb:set package 'urg_node2' build argument 'catkin_cmake_args' from command line to 'None'
[0.711s] Level 5:colcon.colcon_core.verb:set package 'urg_node2' build argument 'catkin_skip_building_tests' from command line to 'False'
[0.711s] DEBUG:colcon.colcon_core.verb:Building package 'urg_node2' with the following arguments: {'ament_cmake_args': None, 'build_base': '/home/mpinho/proj_ws/build/urg_node2', 'catkin_cmake_args': None, 'catkin_skip_building_tests': False, 'cmake_args': None, 'cmake_clean_cache': False, 'cmake_clean_first': False, 'cmake_force_configure': False, 'cmake_target': None, 'cmake_target_skip_unavailable': False, 'install_base': '/home/mpinho/proj_ws/install/urg_node2', 'merge_install': False, 'path': '/home/mpinho/proj_ws/src/urg_node2', 'symlink_install': False, 'test_result_base': None}
[0.712s] Level 5:colcon.colcon_core.verb:set package 'diffdrive_arduino' build argument 'cmake_args' from command line to 'None'
[0.712s] Level 5:colcon.colcon_core.verb:set package 'diffdrive_arduino' build argument 'cmake_target' from command line to 'None'
[0.712s] Level 5:colcon.colcon_core.verb:set package 'diffdrive_arduino' build argument 'cmake_target_skip_unavailable' from command line to 'False'
[0.712s] Level 5:colcon.colcon_core.verb:set package 'diffdrive_arduino' build argument 'cmake_clean_cache' from command line to 'False'
[0.712s] Level 5:colcon.colcon_core.verb:set package 'diffdrive_arduino' build argument 'cmake_clean_first' from command line to 'False'
[0.712s] Level 5:colcon.colcon_core.verb:set package 'diffdrive_arduino' build argument 'cmake_force_configure' from command line to 'False'
[0.712s] Level 5:colcon.colcon_core.verb:set package 'diffdrive_arduino' build argument 'ament_cmake_args' from command line to 'None'
[0.712s] Level 5:colcon.colcon_core.verb:set package 'diffdrive_arduino' build argument 'catkin_cmake_args' from command line to 'None'
[0.712s] Level 5:colcon.colcon_core.verb:set package 'diffdrive_arduino' build argument 'catkin_skip_building_tests' from command line to 'False'
[0.712s] DEBUG:colcon.colcon_core.verb:Building package 'diffdrive_arduino' with the following arguments: {'ament_cmake_args': None, 'build_base': '/home/mpinho/proj_ws/build/diffdrive_arduino', 'catkin_cmake_args': None, 'catkin_skip_building_tests': False, 'cmake_args': None, 'cmake_clean_cache': False, 'cmake_clean_first': False, 'cmake_force_configure': False, 'cmake_target': None, 'cmake_target_skip_unavailable': False, 'install_base': '/home/mpinho/proj_ws/install/diffdrive_arduino', 'merge_install': False, 'path': '/home/mpinho/proj_ws/src/diffdrive_arduino', 'symlink_install': False, 'test_result_base': None}
[0.712s] INFO:colcon.colcon_core.executor:Executing jobs using 'parallel' executor
[0.714s] DEBUG:colcon.colcon_parallel_executor.executor.parallel:run_until_complete
[0.714s] INFO:colcon.colcon_ros.task.ament_cmake.build:Building ROS package in '/home/mpinho/proj_ws/src/serial' with build type 'ament_cmake'
[0.715s] INFO:colcon.colcon_cmake.task.cmake.build:Building CMake package in '/home/mpinho/proj_ws/src/serial'
[0.717s] INFO:colcon.colcon_core.plugin_system:Skipping extension 'colcon_core.shell.bat': Not used on non-Windows systems
[0.717s] INFO:colcon.colcon_core.shell:Skip shell extension 'powershell' for command environment: Not usable outside of PowerShell
[0.717s] DEBUG:colcon.colcon_core.shell:Skip shell extension 'dsv' for command environment
[0.723s] INFO:colcon.colcon_ros.task.ament_cmake.build:Building ROS package in '/home/mpinho/proj_ws/src/msc_aut_vehicles' with build type 'ament_cmake'
[0.724s] INFO:colcon.colcon_cmake.task.cmake.build:Building CMake package in '/home/mpinho/proj_ws/src/msc_aut_vehicles'
[0.724s] INFO:colcon.colcon_core.shell:Skip shell extension 'powershell' for command environment: Not usable outside of PowerShell
[0.724s] DEBUG:colcon.colcon_core.shell:Skip shell extension 'dsv' for command environment
[0.730s] INFO:colcon.colcon_ros.task.ament_cmake.build:Building ROS package in '/home/mpinho/proj_ws/src/urg_node2' with build type 'ament_cmake'
[0.730s] INFO:colcon.colcon_cmake.task.cmake.build:Building CMake package in '/home/mpinho/proj_ws/src/urg_node2'
[0.731s] INFO:colcon.colcon_core.shell:Skip shell extension 'powershell' for command environment: Not usable outside of PowerShell
[0.731s] DEBUG:colcon.colcon_core.shell:Skip shell extension 'dsv' for command environment
[0.748s] DEBUG:colcon.colcon_core.event_handler.log_command:Invoking command in '/home/mpinho/proj_ws/build/serial': CMAKE_PREFIX_PATH=${CMAKE_PREFIX_PATH}:/opt/ros/humble /usr/bin/cmake --build /home/mpinho/proj_ws/build/serial -- -j8 -l8
[0.765s] DEBUG:colcon.colcon_core.event_handler.log_command:Invoking command in '/home/mpinho/proj_ws/build/msc_aut_vehicles': CMAKE_PREFIX_PATH=${CMAKE_PREFIX_PATH}:/opt/ros/humble /usr/bin/cmake --build /home/mpinho/proj_ws/build/msc_aut_vehicles -- -j8 -l8
[0.801s] DEBUG:colcon.colcon_core.event_handler.log_command:Invoking command in '/home/mpinho/proj_ws/build/urg_node2': CMAKE_PREFIX_PATH=${CMAKE_PREFIX_PATH}:/opt/ros/humble /usr/bin/cmake --build /home/mpinho/proj_ws/build/urg_node2 -- -j8 -l8
[1.072s] DEBUG:colcon.colcon_core.event_handler.log_command:Invoked command in '/home/mpinho/proj_ws/build/serial' returned '0': CMAKE_PREFIX_PATH=${CMAKE_PREFIX_PATH}:/opt/ros/humble /usr/bin/cmake --build /home/mpinho/proj_ws/build/serial -- -j8 -l8
[1.124s] DEBUG:colcon.colcon_core.event_handler.log_command:Invoked command in '/home/mpinho/proj_ws/build/urg_node2' returned '0': CMAKE_PREFIX_PATH=${CMAKE_PREFIX_PATH}:/opt/ros/humble /usr/bin/cmake --build /home/mpinho/proj_ws/build/urg_node2 -- -j8 -l8
[1.171s] DEBUG:colcon.colcon_core.event_handler.log_command:Invoking command in '/home/mpinho/proj_ws/build/serial': CMAKE_PREFIX_PATH=${CMAKE_PREFIX_PATH}:/opt/ros/humble /usr/bin/cmake --install /home/mpinho/proj_ws/build/serial
[1.209s] Level 1:colcon.colcon_core.environment:create_environment_scripts_only(serial)
[1.210s] DEBUG:colcon.colcon_core.event_handler.log_command:Invoked command in '/home/mpinho/proj_ws/build/serial' returned '0': CMAKE_PREFIX_PATH=${CMAKE_PREFIX_PATH}:/opt/ros/humble /usr/bin/cmake --install /home/mpinho/proj_ws/build/serial
[1.214s] Level 1:colcon.colcon_core.environment:checking '/home/mpinho/proj_ws/install/serial' for CMake module files
[1.215s] Level 1:colcon.colcon_core.environment:checking '/home/mpinho/proj_ws/install/serial' for CMake config files
[1.216s] Level 1:colcon.colcon_core.shell:create_environment_hook('serial', 'cmake_prefix_path')
[1.216s] INFO:colcon.colcon_core.shell:Creating environment hook '/home/mpinho/proj_ws/install/serial/share/serial/hook/cmake_prefix_path.ps1'
[1.217s] INFO:colcon.colcon_core.shell:Creating environment descriptor '/home/mpinho/proj_ws/install/serial/share/serial/hook/cmake_prefix_path.dsv'
[1.219s] INFO:colcon.colcon_core.shell:Creating environment hook '/home/mpinho/proj_ws/install/serial/share/serial/hook/cmake_prefix_path.sh'
[1.221s] Level 1:colcon.colcon_core.environment:checking '/home/mpinho/proj_ws/install/serial/lib'
[1.221s] Level 1:colcon.colcon_core.environment:checking '/home/mpinho/proj_ws/install/serial/bin'
[1.221s] Level 1:colcon.colcon_core.environment:checking '/home/mpinho/proj_ws/install/serial/lib/pkgconfig/serial.pc'
[1.222s] Level 1:colcon.colcon_core.environment:checking '/home/mpinho/proj_ws/install/serial/lib/python3.10/site-packages'
[1.222s] Level 1:colcon.colcon_core.environment:checking '/home/mpinho/proj_ws/install/serial/bin'
[1.223s] INFO:colcon.colcon_core.shell:Creating package script '/home/mpinho/proj_ws/install/serial/share/serial/package.ps1'
[1.228s] INFO:colcon.colcon_core.shell:Creating package descriptor '/home/mpinho/proj_ws/install/serial/share/serial/package.dsv'
[1.229s] INFO:colcon.colcon_core.shell:Creating package script '/home/mpinho/proj_ws/install/serial/share/serial/package.sh'
[1.231s] INFO:colcon.colcon_core.shell:Creating package script '/home/mpinho/proj_ws/install/serial/share/serial/package.bash'
[1.232s] INFO:colcon.colcon_core.shell:Creating package script '/home/mpinho/proj_ws/install/serial/share/serial/package.zsh'
[1.238s] Level 1:colcon.colcon_core.environment:create_file_with_runtime_dependencies(/home/mpinho/proj_ws/install/serial/share/colcon-core/packages/serial)
[1.243s] DEBUG:colcon.colcon_core.event_handler.log_command:Invoking command in '/home/mpinho/proj_ws/build/urg_node2': CMAKE_PREFIX_PATH=${CMAKE_PREFIX_PATH}:/opt/ros/humble /usr/bin/cmake --install /home/mpinho/proj_ws/build/urg_node2
[1.298s] Level 1:colcon.colcon_core.environment:create_environment_scripts_only(urg_node2)
[1.299s] DEBUG:colcon.colcon_core.event_handler.log_command:Invoked command in '/home/mpinho/proj_ws/build/urg_node2' returned '0': CMAKE_PREFIX_PATH=${CMAKE_PREFIX_PATH}:/opt/ros/humble /usr/bin/cmake --install /home/mpinho/proj_ws/build/urg_node2
[1.300s] Level 1:colcon.colcon_core.environment:checking '/home/mpinho/proj_ws/install/urg_node2' for CMake module files
[1.301s] Level 1:colcon.colcon_core.environment:checking '/home/mpinho/proj_ws/install/urg_node2' for CMake config files
[1.302s] Level 1:colcon.colcon_core.shell:create_environment_hook('urg_node2', 'cmake_prefix_path')
[1.302s] INFO:colcon.colcon_core.shell:Creating environment hook '/home/mpinho/proj_ws/install/urg_node2/share/urg_node2/hook/cmake_prefix_path.ps1'
[1.303s] INFO:colcon.colcon_core.shell:Creating environment descriptor '/home/mpinho/proj_ws/install/urg_node2/share/urg_node2/hook/cmake_prefix_path.dsv'
[1.304s] INFO:colcon.colcon_core.shell:Creating environment hook '/home/mpinho/proj_ws/install/urg_node2/share/urg_node2/hook/cmake_prefix_path.sh'
[1.305s] Level 1:colcon.colcon_core.environment:checking '/home/mpinho/proj_ws/install/urg_node2/lib'
[1.305s] Level 1:colcon.colcon_core.shell:create_environment_hook('urg_node2', 'ld_library_path_lib')
[1.306s] INFO:colcon.colcon_core.shell:Creating environment hook '/home/mpinho/proj_ws/install/urg_node2/share/urg_node2/hook/ld_library_path_lib.ps1'
[1.307s] INFO:colcon.colcon_core.shell:Creating environment descriptor '/home/mpinho/proj_ws/install/urg_node2/share/urg_node2/hook/ld_library_path_lib.dsv'
[1.307s] INFO:colcon.colcon_core.shell:Creating environment hook '/home/mpinho/proj_ws/install/urg_node2/share/urg_node2/hook/ld_library_path_lib.sh'
[1.308s] Level 1:colcon.colcon_core.environment:checking '/home/mpinho/proj_ws/install/urg_node2/bin'
[1.308s] Level 1:colcon.colcon_core.environment:checking '/home/mpinho/proj_ws/install/urg_node2/lib/pkgconfig/urg_node2.pc'
[1.309s] Level 1:colcon.colcon_core.environment:checking '/home/mpinho/proj_ws/install/urg_node2/lib/python3.10/site-packages'
[1.309s] Level 1:colcon.colcon_core.environment:checking '/home/mpinho/proj_ws/install/urg_node2/bin'
[1.310s] INFO:colcon.colcon_core.shell:Creating package script '/home/mpinho/proj_ws/install/urg_node2/share/urg_node2/package.ps1'
[1.311s] INFO:colcon.colcon_core.shell:Creating package descriptor '/home/mpinho/proj_ws/install/urg_node2/share/urg_node2/package.dsv'
[1.312s] INFO:colcon.colcon_core.shell:Creating package script '/home/mpinho/proj_ws/install/urg_node2/share/urg_node2/package.sh'
[1.313s] INFO:colcon.colcon_core.shell:Creating package script '/home/mpinho/proj_ws/install/urg_node2/share/urg_node2/package.bash'
[1.314s] INFO:colcon.colcon_core.shell:Creating package script '/home/mpinho/proj_ws/install/urg_node2/share/urg_node2/package.zsh'
[1.315s] Level 1:colcon.colcon_core.environment:create_file_with_runtime_dependencies(/home/mpinho/proj_ws/install/urg_node2/share/colcon-core/packages/urg_node2)
[1.326s] Level 1:colcon.colcon_core.environment:create_environment_scripts_only(serial)
[1.326s] Level 1:colcon.colcon_core.environment:checking '/home/mpinho/proj_ws/install/serial' for CMake module files
[1.327s] Level 1:colcon.colcon_core.environment:checking '/home/mpinho/proj_ws/install/serial' for CMake config files
[1.328s] Level 1:colcon.colcon_core.shell:create_environment_hook('serial', 'cmake_prefix_path')
[1.328s] INFO:colcon.colcon_core.shell:Creating environment hook '/home/mpinho/proj_ws/install/serial/share/serial/hook/cmake_prefix_path.ps1'
[1.329s] INFO:colcon.colcon_core.shell:Creating environment descriptor '/home/mpinho/proj_ws/install/serial/share/serial/hook/cmake_prefix_path.dsv'
[1.330s] INFO:colcon.colcon_core.shell:Creating environment hook '/home/mpinho/proj_ws/install/serial/share/serial/hook/cmake_prefix_path.sh'
[1.331s] Level 1:colcon.colcon_core.environment:checking '/home/mpinho/proj_ws/install/serial/lib'
[1.331s] Level 1:colcon.colcon_core.environment:checking '/home/mpinho/proj_ws/install/serial/bin'
[1.331s] Level 1:colcon.colcon_core.environment:checking '/home/mpinho/proj_ws/install/serial/lib/pkgconfig/serial.pc'
[1.332s] Level 1:colcon.colcon_core.environment:checking '/home/mpinho/proj_ws/install/serial/lib/python3.10/site-packages'
[1.332s] Level 1:colcon.colcon_core.environment:checking '/home/mpinho/proj_ws/install/serial/bin'
[1.333s] INFO:colcon.colcon_core.shell:Creating package script '/home/mpinho/proj_ws/install/serial/share/serial/package.ps1'
[1.334s] INFO:colcon.colcon_core.shell:Creating package descriptor '/home/mpinho/proj_ws/install/serial/share/serial/package.dsv'
[1.335s] INFO:colcon.colcon_core.shell:Creating package script '/home/mpinho/proj_ws/install/serial/share/serial/package.sh'
[1.336s] INFO:colcon.colcon_core.shell:Creating package script '/home/mpinho/proj_ws/install/serial/share/serial/package.bash'
[1.337s] INFO:colcon.colcon_core.shell:Creating package script '/home/mpinho/proj_ws/install/serial/share/serial/package.zsh'
[1.338s] Level 1:colcon.colcon_core.environment:create_file_with_runtime_dependencies(/home/mpinho/proj_ws/install/serial/share/colcon-core/packages/serial)
[1.338s] INFO:colcon.colcon_ros.task.ament_cmake.build:Building ROS package in '/home/mpinho/proj_ws/src/diffdrive_arduino' with build type 'ament_cmake'
[1.339s] INFO:colcon.colcon_cmake.task.cmake.build:Building CMake package in '/home/mpinho/proj_ws/src/diffdrive_arduino'
[1.339s] INFO:colcon.colcon_core.shell:Skip shell extension 'powershell' for command environment: Not usable outside of PowerShell
[1.339s] DEBUG:colcon.colcon_core.shell:Skip shell extension 'dsv' for command environment
[1.367s] DEBUG:colcon.colcon_core.event_handler.log_command:Invoking command in '/home/mpinho/proj_ws/build/diffdrive_arduino': CMAKE_PREFIX_PATH=/home/mpinho/proj_ws/install/serial:/home/mpinho/proj_ws/install/urg_node2:/home/mpinho/proj_ws/install/diffdrive_arduino:/home/mpinho/proj_ws/install/msc_aut_vehicles:/opt/ros/humble /usr/bin/cmake --build /home/mpinho/proj_ws/build/diffdrive_arduino -- -j8 -l8
[1.432s] Level 1:colcon.colcon_core.environment:create_environment_scripts_only(urg_node2)
[1.433s] Level 1:colcon.colcon_core.environment:checking '/home/mpinho/proj_ws/install/urg_node2' for CMake module files
[1.434s] Level 1:colcon.colcon_core.environment:checking '/home/mpinho/proj_ws/install/urg_node2' for CMake config files
[1.435s] Level 1:colcon.colcon_core.shell:create_environment_hook('urg_node2', 'cmake_prefix_path')
[1.436s] INFO:colcon.colcon_core.shell:Creating environment hook '/home/mpinho/proj_ws/install/urg_node2/share/urg_node2/hook/cmake_prefix_path.ps1'
[1.436s] INFO:colcon.colcon_core.shell:Creating environment descriptor '/home/mpinho/proj_ws/install/urg_node2/share/urg_node2/hook/cmake_prefix_path.dsv'
[1.437s] INFO:colcon.colcon_core.shell:Creating environment hook '/home/mpinho/proj_ws/install/urg_node2/share/urg_node2/hook/cmake_prefix_path.sh'
[1.439s] Level 1:colcon.colcon_core.environment:checking '/home/mpinho/proj_ws/install/urg_node2/lib'
[1.439s] Level 1:colcon.colcon_core.shell:create_environment_hook('urg_node2', 'ld_library_path_lib')
[1.440s] INFO:colcon.colcon_core.shell:Creating environment hook '/home/mpinho/proj_ws/install/urg_node2/share/urg_node2/hook/ld_library_path_lib.ps1'
[1.441s] INFO:colcon.colcon_core.shell:Creating environment descriptor '/home/mpinho/proj_ws/install/urg_node2/share/urg_node2/hook/ld_library_path_lib.dsv'
[1.442s] INFO:colcon.colcon_core.shell:Creating environment hook '/home/mpinho/proj_ws/install/urg_node2/share/urg_node2/hook/ld_library_path_lib.sh'
[1.443s] Level 1:colcon.colcon_core.environment:checking '/home/mpinho/proj_ws/install/urg_node2/bin'
[1.443s] Level 1:colcon.colcon_core.environment:checking '/home/mpinho/proj_ws/install/urg_node2/lib/pkgconfig/urg_node2.pc'
[1.444s] Level 1:colcon.colcon_core.environment:checking '/home/mpinho/proj_ws/install/urg_node2/lib/python3.10/site-packages'
[1.444s] Level 1:colcon.colcon_core.environment:checking '/home/mpinho/proj_ws/install/urg_node2/bin'
[1.445s] INFO:colcon.colcon_core.shell:Creating package script '/home/mpinho/proj_ws/install/urg_node2/share/urg_node2/package.ps1'
[1.447s] INFO:colcon.colcon_core.shell:Creating package descriptor '/home/mpinho/proj_ws/install/urg_node2/share/urg_node2/package.dsv'
[1.448s] INFO:colcon.colcon_core.shell:Creating package script '/home/mpinho/proj_ws/install/urg_node2/share/urg_node2/package.sh'
[1.449s] INFO:colcon.colcon_core.shell:Creating package script '/home/mpinho/proj_ws/install/urg_node2/share/urg_node2/package.bash'
[1.455s] INFO:colcon.colcon_core.shell:Creating package script '/home/mpinho/proj_ws/install/urg_node2/share/urg_node2/package.zsh'
[1.456s] Level 1:colcon.colcon_core.environment:create_file_with_runtime_dependencies(/home/mpinho/proj_ws/install/urg_node2/share/colcon-core/packages/urg_node2)
[1.521s] DEBUG:colcon.colcon_core.event_handler.log_command:Invoked command in '/home/mpinho/proj_ws/build/diffdrive_arduino' returned '0': CMAKE_PREFIX_PATH=/home/mpinho/proj_ws/install/serial:/home/mpinho/proj_ws/install/urg_node2:/home/mpinho/proj_ws/install/diffdrive_arduino:/home/mpinho/proj_ws/install/msc_aut_vehicles:/opt/ros/humble /usr/bin/cmake --build /home/mpinho/proj_ws/build/diffdrive_arduino -- -j8 -l8
[1.591s] DEBUG:colcon.colcon_core.event_handler.log_command:Invoking command in '/home/mpinho/proj_ws/build/diffdrive_arduino': CMAKE_PREFIX_PATH=/home/mpinho/proj_ws/install/serial:/home/mpinho/proj_ws/install/urg_node2:/home/mpinho/proj_ws/install/diffdrive_arduino:/home/mpinho/proj_ws/install/msc_aut_vehicles:/opt/ros/humble /usr/bin/cmake --install /home/mpinho/proj_ws/build/diffdrive_arduino
[1.628s] Level 1:colcon.colcon_core.environment:create_environment_scripts_only(diffdrive_arduino)
[1.628s] DEBUG:colcon.colcon_core.event_handler.log_command:Invoked command in '/home/mpinho/proj_ws/build/diffdrive_arduino' returned '0': CMAKE_PREFIX_PATH=/home/mpinho/proj_ws/install/serial:/home/mpinho/proj_ws/install/urg_node2:/home/mpinho/proj_ws/install/diffdrive_arduino:/home/mpinho/proj_ws/install/msc_aut_vehicles:/opt/ros/humble /usr/bin/cmake --install /home/mpinho/proj_ws/build/diffdrive_arduino
[1.628s] Level 1:colcon.colcon_core.environment:checking '/home/mpinho/proj_ws/install/diffdrive_arduino' for CMake module files
[1.629s] Level 1:colcon.colcon_core.environment:checking '/home/mpinho/proj_ws/install/diffdrive_arduino' for CMake config files
[1.630s] Level 1:colcon.colcon_core.shell:create_environment_hook('diffdrive_arduino', 'cmake_prefix_path')
[1.630s] INFO:colcon.colcon_core.shell:Creating environment hook '/home/mpinho/proj_ws/install/diffdrive_arduino/share/diffdrive_arduino/hook/cmake_prefix_path.ps1'
[1.631s] INFO:colcon.colcon_core.shell:Creating environment descriptor '/home/mpinho/proj_ws/install/diffdrive_arduino/share/diffdrive_arduino/hook/cmake_prefix_path.dsv'
[1.632s] INFO:colcon.colcon_core.shell:Creating environment hook '/home/mpinho/proj_ws/install/diffdrive_arduino/share/diffdrive_arduino/hook/cmake_prefix_path.sh'
[1.633s] Level 1:colcon.colcon_core.environment:checking '/home/mpinho/proj_ws/install/diffdrive_arduino/lib'
[1.633s] Level 1:colcon.colcon_core.shell:create_environment_hook('diffdrive_arduino', 'ld_library_path_lib')
[1.633s] INFO:colcon.colcon_core.shell:Creating environment hook '/home/mpinho/proj_ws/install/diffdrive_arduino/share/diffdrive_arduino/hook/ld_library_path_lib.ps1'
[1.634s] INFO:colcon.colcon_core.shell:Creating environment descriptor '/home/mpinho/proj_ws/install/diffdrive_arduino/share/diffdrive_arduino/hook/ld_library_path_lib.dsv'
[1.635s] INFO:colcon.colcon_core.shell:Creating environment hook '/home/mpinho/proj_ws/install/diffdrive_arduino/share/diffdrive_arduino/hook/ld_library_path_lib.sh'
[1.635s] Level 1:colcon.colcon_core.environment:checking '/home/mpinho/proj_ws/install/diffdrive_arduino/bin'
[1.636s] Level 1:colcon.colcon_core.environment:checking '/home/mpinho/proj_ws/install/diffdrive_arduino/lib/pkgconfig/diffdrive_arduino.pc'
[1.636s] Level 1:colcon.colcon_core.environment:checking '/home/mpinho/proj_ws/install/diffdrive_arduino/lib/python3.10/site-packages'
[1.636s] Level 1:colcon.colcon_core.environment:checking '/home/mpinho/proj_ws/install/diffdrive_arduino/bin'
[1.637s] INFO:colcon.colcon_core.shell:Creating package script '/home/mpinho/proj_ws/install/diffdrive_arduino/share/diffdrive_arduino/package.ps1'
[1.638s] INFO:colcon.colcon_core.shell:Creating package descriptor '/home/mpinho/proj_ws/install/diffdrive_arduino/share/diffdrive_arduino/package.dsv'
[1.639s] INFO:colcon.colcon_core.shell:Creating package script '/home/mpinho/proj_ws/install/diffdrive_arduino/share/diffdrive_arduino/package.sh'
[1.641s] INFO:colcon.colcon_core.shell:Creating package script '/home/mpinho/proj_ws/install/diffdrive_arduino/share/diffdrive_arduino/package.bash'
[1.642s] INFO:colcon.colcon_core.shell:Creating package script '/home/mpinho/proj_ws/install/diffdrive_arduino/share/diffdrive_arduino/package.zsh'
[1.643s] Level 1:colcon.colcon_core.environment:create_file_with_runtime_dependencies(/home/mpinho/proj_ws/install/diffdrive_arduino/share/colcon-core/packages/diffdrive_arduino)
[1.690s] DEBUG:colcon.colcon_core.event_handler.log_command:Invoked command in '/home/mpinho/proj_ws/build/msc_aut_vehicles' returned '0': CMAKE_PREFIX_PATH=${CMAKE_PREFIX_PATH}:/opt/ros/humble /usr/bin/cmake --build /home/mpinho/proj_ws/build/msc_aut_vehicles -- -j8 -l8
[1.706s] Level 1:colcon.colcon_core.environment:create_environment_scripts_only(diffdrive_arduino)
[1.707s] Level 1:colcon.colcon_core.environment:checking '/home/mpinho/proj_ws/install/diffdrive_arduino' for CMake module files
[1.708s] Level 1:colcon.colcon_core.environment:checking '/home/mpinho/proj_ws/install/diffdrive_arduino' for CMake config files
[1.709s] Level 1:colcon.colcon_core.shell:create_environment_hook('diffdrive_arduino', 'cmake_prefix_path')
[1.709s] INFO:colcon.colcon_core.shell:Creating environment hook '/home/mpinho/proj_ws/install/diffdrive_arduino/share/diffdrive_arduino/hook/cmake_prefix_path.ps1'
[1.710s] INFO:colcon.colcon_core.shell:Creating environment descriptor '/home/mpinho/proj_ws/install/diffdrive_arduino/share/diffdrive_arduino/hook/cmake_prefix_path.dsv'
[1.711s] INFO:colcon.colcon_core.shell:Creating environment hook '/home/mpinho/proj_ws/install/diffdrive_arduino/share/diffdrive_arduino/hook/cmake_prefix_path.sh'
[1.712s] Level 1:colcon.colcon_core.environment:checking '/home/mpinho/proj_ws/install/diffdrive_arduino/lib'
[1.712s] Level 1:colcon.colcon_core.shell:create_environment_hook('diffdrive_arduino', 'ld_library_path_lib')
[1.712s] INFO:colcon.colcon_core.shell:Creating environment hook '/home/mpinho/proj_ws/install/diffdrive_arduino/share/diffdrive_arduino/hook/ld_library_path_lib.ps1'
[1.713s] INFO:colcon.colcon_core.shell:Creating environment descriptor '/home/mpinho/proj_ws/install/diffdrive_arduino/share/diffdrive_arduino/hook/ld_library_path_lib.dsv'
[1.714s] INFO:colcon.colcon_core.shell:Creating environment hook '/home/mpinho/proj_ws/install/diffdrive_arduino/share/diffdrive_arduino/hook/ld_library_path_lib.sh'
[1.715s] Level 1:colcon.colcon_core.environment:checking '/home/mpinho/proj_ws/install/diffdrive_arduino/bin'
[1.715s] Level 1:colcon.colcon_core.environment:checking '/home/mpinho/proj_ws/install/diffdrive_arduino/lib/pkgconfig/diffdrive_arduino.pc'
[1.715s] Level 1:colcon.colcon_core.environment:checking '/home/mpinho/proj_ws/install/diffdrive_arduino/lib/python3.10/site-packages'
[1.716s] Level 1:colcon.colcon_core.environment:checking '/home/mpinho/proj_ws/install/diffdrive_arduino/bin'
[1.717s] INFO:colcon.colcon_core.shell:Creating package script '/home/mpinho/proj_ws/install/diffdrive_arduino/share/diffdrive_arduino/package.ps1'
[1.718s] INFO:colcon.colcon_core.shell:Creating package descriptor '/home/mpinho/proj_ws/install/diffdrive_arduino/share/diffdrive_arduino/package.dsv'
[1.719s] INFO:colcon.colcon_core.shell:Creating package script '/home/mpinho/proj_ws/install/diffdrive_arduino/share/diffdrive_arduino/package.sh'
[1.720s] INFO:colcon.colcon_core.shell:Creating package script '/home/mpinho/proj_ws/install/diffdrive_arduino/share/diffdrive_arduino/package.bash'
[1.721s] INFO:colcon.colcon_core.shell:Creating package script '/home/mpinho/proj_ws/install/diffdrive_arduino/share/diffdrive_arduino/package.zsh'
[1.721s] Level 1:colcon.colcon_core.environment:create_file_with_runtime_dependencies(/home/mpinho/proj_ws/install/diffdrive_arduino/share/colcon-core/packages/diffdrive_arduino)
[1.732s] DEBUG:colcon.colcon_core.event_handler.log_command:Invoking command in '/home/mpinho/proj_ws/build/msc_aut_vehicles': CMAKE_PREFIX_PATH=${CMAKE_PREFIX_PATH}:/opt/ros/humble /usr/bin/cmake --install /home/mpinho/proj_ws/build/msc_aut_vehicles
[1.846s] Level 1:colcon.colcon_core.environment:create_environment_scripts_only(msc_aut_vehicles)
[1.847s] Level 1:colcon.colcon_core.environment:checking '/home/mpinho/proj_ws/install/msc_aut_vehicles' for CMake module files
[1.848s] DEBUG:colcon.colcon_core.event_handler.log_command:Invoked command in '/home/mpinho/proj_ws/build/msc_aut_vehicles' returned '0': CMAKE_PREFIX_PATH=${CMAKE_PREFIX_PATH}:/opt/ros/humble /usr/bin/cmake --install /home/mpinho/proj_ws/build/msc_aut_vehicles
[1.848s] Level 1:colcon.colcon_core.environment:checking '/home/mpinho/proj_ws/install/msc_aut_vehicles' for CMake config files
[1.850s] Level 1:colcon.colcon_core.shell:create_environment_hook('msc_aut_vehicles', 'cmake_prefix_path')
[1.850s] INFO:colcon.colcon_core.shell:Creating environment hook '/home/mpinho/proj_ws/install/msc_aut_vehicles/share/msc_aut_vehicles/hook/cmake_prefix_path.ps1'
[1.851s] INFO:colcon.colcon_core.shell:Creating environment descriptor '/home/mpinho/proj_ws/install/msc_aut_vehicles/share/msc_aut_vehicles/hook/cmake_prefix_path.dsv'
[1.852s] INFO:colcon.colcon_core.shell:Creating environment hook '/home/mpinho/proj_ws/install/msc_aut_vehicles/share/msc_aut_vehicles/hook/cmake_prefix_path.sh'
[1.853s] Level 1:colcon.colcon_core.environment:checking '/home/mpinho/proj_ws/install/msc_aut_vehicles/lib'
[1.853s] Level 1:colcon.colcon_core.environment:checking '/home/mpinho/proj_ws/install/msc_aut_vehicles/bin'
[1.853s] Level 1:colcon.colcon_core.environment:checking '/home/mpinho/proj_ws/install/msc_aut_vehicles/lib/pkgconfig/msc_aut_vehicles.pc'
[1.853s] Level 1:colcon.colcon_core.environment:checking '/home/mpinho/proj_ws/install/msc_aut_vehicles/lib/python3.10/site-packages'
[1.854s] Level 1:colcon.colcon_core.environment:checking '/home/mpinho/proj_ws/install/msc_aut_vehicles/bin'
[1.854s] INFO:colcon.colcon_core.shell:Creating package script '/home/mpinho/proj_ws/install/msc_aut_vehicles/share/msc_aut_vehicles/package.ps1'
[1.855s] INFO:colcon.colcon_core.shell:Creating package descriptor '/home/mpinho/proj_ws/install/msc_aut_vehicles/share/msc_aut_vehicles/package.dsv'
[1.856s] INFO:colcon.colcon_core.shell:Creating package script '/home/mpinho/proj_ws/install/msc_aut_vehicles/share/msc_aut_vehicles/package.sh'
[1.857s] INFO:colcon.colcon_core.shell:Creating package script '/home/mpinho/proj_ws/install/msc_aut_vehicles/share/msc_aut_vehicles/package.bash'
[1.857s] INFO:colcon.colcon_core.shell:Creating package script '/home/mpinho/proj_ws/install/msc_aut_vehicles/share/msc_aut_vehicles/package.zsh'
[1.858s] Level 1:colcon.colcon_core.environment:create_file_with_runtime_dependencies(/home/mpinho/proj_ws/install/msc_aut_vehicles/share/colcon-core/packages/msc_aut_vehicles)
[1.903s] Level 1:colcon.colcon_core.environment:create_environment_scripts_only(msc_aut_vehicles)
[1.903s] Level 1:colcon.colcon_core.environment:checking '/home/mpinho/proj_ws/install/msc_aut_vehicles' for CMake module files
[1.904s] Level 1:colcon.colcon_core.environment:checking '/home/mpinho/proj_ws/install/msc_aut_vehicles' for CMake config files
[1.905s] Level 1:colcon.colcon_core.shell:create_environment_hook('msc_aut_vehicles', 'cmake_prefix_path')
[1.906s] INFO:colcon.colcon_core.shell:Creating environment hook '/home/mpinho/proj_ws/install/msc_aut_vehicles/share/msc_aut_vehicles/hook/cmake_prefix_path.ps1'
[1.907s] INFO:colcon.colcon_core.shell:Creating environment descriptor '/home/mpinho/proj_ws/install/msc_aut_vehicles/share/msc_aut_vehicles/hook/cmake_prefix_path.dsv'
[1.908s] INFO:colcon.colcon_core.shell:Creating environment hook '/home/mpinho/proj_ws/install/msc_aut_vehicles/share/msc_aut_vehicles/hook/cmake_prefix_path.sh'
[1.909s] Level 1:colcon.colcon_core.environment:checking '/home/mpinho/proj_ws/install/msc_aut_vehicles/lib'
[1.909s] Level 1:colcon.colcon_core.environment:checking '/home/mpinho/proj_ws/install/msc_aut_vehicles/bin'
[1.909s] Level 1:colcon.colcon_core.environment:checking '/home/mpinho/proj_ws/install/msc_aut_vehicles/lib/pkgconfig/msc_aut_vehicles.pc'
[1.909s] Level 1:colcon.colcon_core.environment:checking '/home/mpinho/proj_ws/install/msc_aut_vehicles/lib/python3.10/site-packages'
[1.909s] Level 1:colcon.colcon_core.environment:checking '/home/mpinho/proj_ws/install/msc_aut_vehicles/bin'
[1.910s] INFO:colcon.colcon_core.shell:Creating package script '/home/mpinho/proj_ws/install/msc_aut_vehicles/share/msc_aut_vehicles/package.ps1'
[1.911s] INFO:colcon.colcon_core.shell:Creating package descriptor '/home/mpinho/proj_ws/install/msc_aut_vehicles/share/msc_aut_vehicles/package.dsv'
[1.912s] INFO:colcon.colcon_core.shell:Creating package script '/home/mpinho/proj_ws/install/msc_aut_vehicles/share/msc_aut_vehicles/package.sh'
[1.913s] INFO:colcon.colcon_core.shell:Creating package script '/home/mpinho/proj_ws/install/msc_aut_vehicles/share/msc_aut_vehicles/package.bash'
[1.914s] INFO:colcon.colcon_core.shell:Creating package script '/home/mpinho/proj_ws/install/msc_aut_vehicles/share/msc_aut_vehicles/package.zsh'
[1.915s] Level 1:colcon.colcon_core.environment:create_file_with_runtime_dependencies(/home/mpinho/proj_ws/install/msc_aut_vehicles/share/colcon-core/packages/msc_aut_vehicles)
[1.915s] DEBUG:colcon.colcon_parallel_executor.executor.parallel:closing loop
[1.915s] DEBUG:colcon.colcon_parallel_executor.executor.parallel:loop closed
[1.915s] DEBUG:colcon.colcon_parallel_executor.executor.parallel:run_until_complete finished with '0'
[1.916s] DEBUG:colcon.colcon_core.event_reactor:joining thread
[1.924s] INFO:colcon.colcon_core.plugin_system:Skipping extension 'colcon_notification.desktop_notification.terminal_notifier': Not used on non-Darwin systems
[1.924s] INFO:colcon.colcon_core.plugin_system:Skipping extension 'colcon_notification.desktop_notification.win32': Not used on non-Windows systems
[1.924s] INFO:colcon.colcon_notification.desktop_notification:Sending desktop notification using 'notify2'
[1.941s] DEBUG:colcon.colcon_core.event_reactor:joined thread
[1.942s] INFO:colcon.colcon_core.shell:Creating prefix script '/home/mpinho/proj_ws/install/local_setup.ps1'
[1.944s] INFO:colcon.colcon_core.shell:Creating prefix util module '/home/mpinho/proj_ws/install/_local_setup_util_ps1.py'
[1.947s] INFO:colcon.colcon_core.shell:Creating prefix chain script '/home/mpinho/proj_ws/install/setup.ps1'
[1.950s] INFO:colcon.colcon_core.shell:Creating prefix script '/home/mpinho/proj_ws/install/local_setup.sh'
[1.952s] INFO:colcon.colcon_core.shell:Creating prefix util module '/home/mpinho/proj_ws/install/_local_setup_util_sh.py'
[1.953s] INFO:colcon.colcon_core.shell:Creating prefix chain script '/home/mpinho/proj_ws/install/setup.sh'
[1.956s] INFO:colcon.colcon_core.shell:Creating prefix script '/home/mpinho/proj_ws/install/local_setup.bash'
[1.957s] INFO:colcon.colcon_core.shell:Creating prefix chain script '/home/mpinho/proj_ws/install/setup.bash'
[1.963s] INFO:colcon.colcon_core.shell:Creating prefix script '/home/mpinho/proj_ws/install/local_setup.zsh'
[1.965s] INFO:colcon.colcon_core.shell:Creating prefix chain script '/home/mpinho/proj_ws/install/setup.zsh'
