[0.041s] Invoking command in '/home/mpinho/proj_ws/src/build/diffdrive_arduino': AMENT_PREFIX_PATH=/home/mpinho/proj_ws/src/install/serial:${AMENT_PREFIX_PATH} CMAKE_PREFIX_PATH=/home/mpinho/proj_ws/src/install/serial:/home/mpinho/proj_ws/install/urg_node2:/home/mpinho/proj_ws/install/diffdrive_arduino:/home/mpinho/proj_ws/install/serial:/home/mpinho/proj_ws/install/msc_aut_vehicles:/opt/ros/humble LD_LIBRARY_PATH=/home/mpinho/proj_ws/src/install/serial/lib:${LD_LIBRARY_PATH} /usr/bin/cmake --build /home/mpinho/proj_ws/src/build/diffdrive_arduino -- -j8 -l8
[0.220s] [ 14%] [32mBuilding CXX object CMakeFiles/diffdrive_arduino.dir/src/diffdrive_arduino.cpp.o[0m
[0.224s] [ 28%] [32mBuilding CXX object CMakeFiles/fake_robot.dir/src/fake_robot.cpp.o[0m
[0.224s] [ 42%] [32mBuilding CXX object CMakeFiles/diffdrive_arduino.dir/src/wheel.cpp.o[0m
[0.227s] [ 57%] [32mBuilding CXX object CMakeFiles/fake_robot.dir/src/wheel.cpp.o[0m
[0.251s] [ 71%] [32mBuilding CXX object CMakeFiles/diffdrive_arduino.dir/src/arduino_comms.cpp.o[0m
[9.363s] [ 85%] [32m[1mLinking CXX shared library libfake_robot.so[0m
[9.562s] [100%] [32m[1mLinking CXX shared library libdiffdrive_arduino.so[0m
[10.099s] [100%] Built target fake_robot
[10.219s] [100%] Built target diffdrive_arduino
[10.247s] Invoked command in '/home/mpinho/proj_ws/src/build/diffdrive_arduino' returned '0': AMENT_PREFIX_PATH=/home/mpinho/proj_ws/src/install/serial:${AMENT_PREFIX_PATH} CMAKE_PREFIX_PATH=/home/mpinho/proj_ws/src/install/serial:/home/mpinho/proj_ws/install/urg_node2:/home/mpinho/proj_ws/install/diffdrive_arduino:/home/mpinho/proj_ws/install/serial:/home/mpinho/proj_ws/install/msc_aut_vehicles:/opt/ros/humble LD_LIBRARY_PATH=/home/mpinho/proj_ws/src/install/serial/lib:${LD_LIBRARY_PATH} /usr/bin/cmake --build /home/mpinho/proj_ws/src/build/diffdrive_arduino -- -j8 -l8
[10.350s] Invoking command in '/home/mpinho/proj_ws/src/build/diffdrive_arduino': AMENT_PREFIX_PATH=/home/mpinho/proj_ws/src/install/serial:${AMENT_PREFIX_PATH} CMAKE_PREFIX_PATH=/home/mpinho/proj_ws/src/install/serial:/home/mpinho/proj_ws/install/urg_node2:/home/mpinho/proj_ws/install/diffdrive_arduino:/home/mpinho/proj_ws/install/serial:/home/mpinho/proj_ws/install/msc_aut_vehicles:/opt/ros/humble LD_LIBRARY_PATH=/home/mpinho/proj_ws/src/install/serial/lib:${LD_LIBRARY_PATH} /usr/bin/cmake --install /home/mpinho/proj_ws/src/build/diffdrive_arduino
[10.382s] -- Install configuration: ""
[10.392s] -- Execute custom install script
[10.393s] -- Up-to-date symlink: /home/mpinho/proj_ws/src/install/diffdrive_arduino/share/diffdrive_arduino//robot_hardware.xml
[10.394s] -- Up-to-date symlink: /home/mpinho/proj_ws/src/install/diffdrive_arduino/share/diffdrive_arduino//fake_robot_hardware.xml
[10.401s] -- Up-to-date symlink: /home/mpinho/proj_ws/src/install/diffdrive_arduino/lib/libdiffdrive_arduino.so
[10.401s] -- Up-to-date symlink: /home/mpinho/proj_ws/src/install/diffdrive_arduino/lib/libfake_robot.so
[10.402s] -- Up-to-date symlink: /home/mpinho/proj_ws/src/install/diffdrive_arduino/share/diffdrive_arduino/controllers/robot_controller_example.yaml
[10.402s] -- Up-to-date symlink: /home/mpinho/proj_ws/src/install/diffdrive_arduino/share/diffdrive_arduino/fake_robot.launch.py
[10.402s] -- Up-to-date symlink: /home/mpinho/proj_ws/src/install/diffdrive_arduino/share/diffdrive_arduino/test_robot.launch.py
[10.403s] -- Up-to-date symlink: /home/mpinho/proj_ws/src/install/diffdrive_arduino/share/diffdrive_arduino/environment/library_path.sh
[10.403s] -- Up-to-date symlink: /home/mpinho/proj_ws/src/install/diffdrive_arduino/share/diffdrive_arduino/environment/library_path.dsv
[10.405s] -- Up-to-date symlink: /home/mpinho/proj_ws/src/install/diffdrive_arduino/share/ament_index/resource_index/package_run_dependencies/diffdrive_arduino
[10.406s] -- Up-to-date symlink: /home/mpinho/proj_ws/src/install/diffdrive_arduino/share/ament_index/resource_index/parent_prefix_path/diffdrive_arduino
[10.406s] -- Up-to-date symlink: /home/mpinho/proj_ws/src/install/diffdrive_arduino/share/diffdrive_arduino/environment/ament_prefix_path.sh
[10.408s] -- Up-to-date symlink: /home/mpinho/proj_ws/src/install/diffdrive_arduino/share/diffdrive_arduino/environment/ament_prefix_path.dsv
[10.408s] -- Up-to-date symlink: /home/mpinho/proj_ws/src/install/diffdrive_arduino/share/diffdrive_arduino/environment/path.sh
[10.408s] -- Up-to-date symlink: /home/mpinho/proj_ws/src/install/diffdrive_arduino/share/diffdrive_arduino/environment/path.dsv
[10.408s] -- Up-to-date symlink: /home/mpinho/proj_ws/src/install/diffdrive_arduino/share/diffdrive_arduino/local_setup.bash
[10.409s] -- Up-to-date symlink: /home/mpinho/proj_ws/src/install/diffdrive_arduino/share/diffdrive_arduino/local_setup.sh
[10.409s] -- Up-to-date symlink: /home/mpinho/proj_ws/src/install/diffdrive_arduino/share/diffdrive_arduino/local_setup.zsh
[10.409s] -- Up-to-date symlink: /home/mpinho/proj_ws/src/install/diffdrive_arduino/share/diffdrive_arduino/local_setup.dsv
[10.409s] -- Symlinking: /home/mpinho/proj_ws/src/install/diffdrive_arduino/share/diffdrive_arduino/package.dsv
[10.430s] -- Up-to-date symlink: /home/mpinho/proj_ws/src/install/diffdrive_arduino/share/ament_index/resource_index/packages/diffdrive_arduino
[10.431s] -- Up-to-date symlink: /home/mpinho/proj_ws/src/install/diffdrive_arduino/share/ament_index/resource_index/hardware_interface__pluginlib__plugin/diffdrive_arduino
[10.431s] -- Up-to-date symlink: /home/mpinho/proj_ws/src/install/diffdrive_arduino/share/diffdrive_arduino/cmake/ament_cmake_export_libraries-extras.cmake
[10.431s] -- Up-to-date symlink: /home/mpinho/proj_ws/src/install/diffdrive_arduino/share/diffdrive_arduino/cmake/ament_cmake_export_dependencies-extras.cmake
[10.432s] -- Up-to-date symlink: /home/mpinho/proj_ws/src/install/diffdrive_arduino/share/diffdrive_arduino/cmake/diffdrive_arduinoConfig.cmake
[10.432s] -- Up-to-date symlink: /home/mpinho/proj_ws/src/install/diffdrive_arduino/share/diffdrive_arduino/cmake/diffdrive_arduinoConfig-version.cmake
[10.432s] -- Up-to-date symlink: /home/mpinho/proj_ws/src/install/diffdrive_arduino/share/diffdrive_arduino/package.xml
[10.444s] Invoked command in '/home/mpinho/proj_ws/src/build/diffdrive_arduino' returned '0': AMENT_PREFIX_PATH=/home/mpinho/proj_ws/src/install/serial:${AMENT_PREFIX_PATH} CMAKE_PREFIX_PATH=/home/mpinho/proj_ws/src/install/serial:/home/mpinho/proj_ws/install/urg_node2:/home/mpinho/proj_ws/install/diffdrive_arduino:/home/mpinho/proj_ws/install/serial:/home/mpinho/proj_ws/install/msc_aut_vehicles:/opt/ros/humble LD_LIBRARY_PATH=/home/mpinho/proj_ws/src/install/serial/lib:${LD_LIBRARY_PATH} /usr/bin/cmake --install /home/mpinho/proj_ws/src/build/diffdrive_arduino
