[0.172s] DEBUG:colcon:Command line arguments: ['/usr/bin/colcon', 'build', '--symlink-install']
[0.172s] DEBUG:colcon:Parsed command line arguments: Namespace(log_base=None, log_level=None, verb_name='build', build_base='build', install_base='install', merge_install=False, symlink_install=True, test_result_base=None, continue_on_error=False, executor='parallel', parallel_workers=8, event_handlers=None, ignore_user_meta=False, metas=['./colcon.meta'], base_paths=['.'], packages_ignore=None, packages_ignore_regex=None, paths=None, packages_up_to=None, packages_up_to_regex=None, packages_above=None, packages_above_and_dependencies=None, packages_above_depth=None, packages_select_by_dep=None, packages_skip_by_dep=None, packages_skip_up_to=None, packages_select_build_failed=False, packages_skip_build_finished=False, packages_select_test_failures=False, packages_skip_test_passed=False, packages_select=None, packages_skip=None, packages_select_regex=None, packages_skip_regex=None, packages_start=None, packages_end=None, allow_overriding=[], cmake_args=None, cmake_target=None, cmake_target_skip_unavailable=False, cmake_clean_cache=False, cmake_clean_first=False, cmake_force_configure=False, ament_cmake_args=None, catkin_cmake_args=None, catkin_skip_building_tests=False, verb_parser=<colcon_defaults.argument_parser.defaults.DefaultArgumentsDecorator object at 0x7ca9eab552d0>, verb_extension=<colcon_core.verb.build.BuildVerb object at 0x7ca9eac69de0>, main=<bound method BuildVerb.main of <colcon_core.verb.build.BuildVerb object at 0x7ca9eac69de0>>)
[0.444s] Level 1:colcon.colcon_core.package_discovery:discover_packages(colcon_meta) check parameters
[0.444s] Level 1:colcon.colcon_core.package_discovery:discover_packages(recursive) check parameters
[0.444s] Level 1:colcon.colcon_core.package_discovery:discover_packages(ignore) check parameters
[0.444s] Level 1:colcon.colcon_core.package_discovery:discover_packages(path) check parameters
[0.444s] Level 1:colcon.colcon_core.package_discovery:discover_packages(colcon_meta) discover
[0.444s] Level 1:colcon.colcon_core.package_discovery:discover_packages(recursive) discover
[0.444s] INFO:colcon.colcon_core.package_discovery:Crawling recursively for packages in '/home/mpinho/proj_ws'
[0.444s] Level 1:colcon.colcon_core.package_identification:_identify(.) by extensions ['ignore', 'ignore_ament_install']
[0.445s] Level 1:colcon.colcon_core.package_identification:_identify(.) by extension 'ignore'
[0.445s] Level 1:colcon.colcon_core.package_identification:_identify(.) by extension 'ignore_ament_install'
[0.445s] Level 1:colcon.colcon_core.package_identification:_identify(.) by extensions ['colcon_pkg']
[0.445s] Level 1:colcon.colcon_core.package_identification:_identify(.) by extension 'colcon_pkg'
[0.445s] Level 1:colcon.colcon_core.package_identification:_identify(.) by extensions ['colcon_meta']
[0.445s] Level 1:colcon.colcon_core.package_identification:_identify(.) by extension 'colcon_meta'
[0.445s] Level 1:colcon.colcon_core.package_identification:_identify(.) by extensions ['ros']
[0.445s] Level 1:colcon.colcon_core.package_identification:_identify(.) by extension 'ros'
[0.459s] Level 1:colcon.colcon_core.package_identification:_identify(.) by extensions ['cmake', 'python']
[0.459s] Level 1:colcon.colcon_core.package_identification:_identify(.) by extension 'cmake'
[0.459s] Level 1:colcon.colcon_core.package_identification:_identify(.) by extension 'python'
[0.459s] Level 1:colcon.colcon_core.package_identification:_identify(.) by extensions ['python_setup_py']
[0.460s] Level 1:colcon.colcon_core.package_identification:_identify(.) by extension 'python_setup_py'
[0.460s] Level 1:colcon.colcon_core.package_identification:_identify(build) by extensions ['ignore', 'ignore_ament_install']
[0.460s] Level 1:colcon.colcon_core.package_identification:_identify(build) by extension 'ignore'
[0.460s] Level 1:colcon.colcon_core.package_identification:_identify(build) ignored
[0.460s] Level 1:colcon.colcon_core.package_identification:_identify(install) by extensions ['ignore', 'ignore_ament_install']
[0.460s] Level 1:colcon.colcon_core.package_identification:_identify(install) by extension 'ignore'
[0.460s] Level 1:colcon.colcon_core.package_identification:_identify(install) ignored
[0.460s] Level 1:colcon.colcon_core.package_identification:_identify(log) by extensions ['ignore', 'ignore_ament_install']
[0.460s] Level 1:colcon.colcon_core.package_identification:_identify(log) by extension 'ignore'
[0.460s] Level 1:colcon.colcon_core.package_identification:_identify(log) ignored
[0.460s] Level 1:colcon.colcon_core.package_identification:_identify(src) by extensions ['ignore', 'ignore_ament_install']
[0.461s] Level 1:colcon.colcon_core.package_identification:_identify(src) by extension 'ignore'
[0.461s] Level 1:colcon.colcon_core.package_identification:_identify(src) by extension 'ignore_ament_install'
[0.461s] Level 1:colcon.colcon_core.package_identification:_identify(src) by extensions ['colcon_pkg']
[0.461s] Level 1:colcon.colcon_core.package_identification:_identify(src) by extension 'colcon_pkg'
[0.461s] Level 1:colcon.colcon_core.package_identification:_identify(src) by extensions ['colcon_meta']
[0.461s] Level 1:colcon.colcon_core.package_identification:_identify(src) by extension 'colcon_meta'
[0.461s] Level 1:colcon.colcon_core.package_identification:_identify(src) by extensions ['ros']
[0.461s] Level 1:colcon.colcon_core.package_identification:_identify(src) by extension 'ros'
[0.461s] Level 1:colcon.colcon_core.package_identification:_identify(src) by extensions ['cmake', 'python']
[0.461s] Level 1:colcon.colcon_core.package_identification:_identify(src) by extension 'cmake'
[0.461s] Level 1:colcon.colcon_core.package_identification:_identify(src) by extension 'python'
[0.461s] Level 1:colcon.colcon_core.package_identification:_identify(src) by extensions ['python_setup_py']
[0.461s] Level 1:colcon.colcon_core.package_identification:_identify(src) by extension 'python_setup_py'
[0.462s] Level 1:colcon.colcon_core.package_identification:_identify(src/build) by extensions ['ignore', 'ignore_ament_install']
[0.462s] Level 1:colcon.colcon_core.package_identification:_identify(src/build) by extension 'ignore'
[0.462s] Level 1:colcon.colcon_core.package_identification:_identify(src/build) ignored
[0.462s] Level 1:colcon.colcon_core.package_identification:_identify(src/diffdrive_arduino) by extensions ['ignore', 'ignore_ament_install']
[0.463s] Level 1:colcon.colcon_core.package_identification:_identify(src/diffdrive_arduino) by extension 'ignore'
[0.463s] Level 1:colcon.colcon_core.package_identification:_identify(src/diffdrive_arduino) by extension 'ignore_ament_install'
[0.463s] Level 1:colcon.colcon_core.package_identification:_identify(src/diffdrive_arduino) by extensions ['colcon_pkg']
[0.463s] Level 1:colcon.colcon_core.package_identification:_identify(src/diffdrive_arduino) by extension 'colcon_pkg'
[0.463s] Level 1:colcon.colcon_core.package_identification:_identify(src/diffdrive_arduino) by extensions ['colcon_meta']
[0.463s] Level 1:colcon.colcon_core.package_identification:_identify(src/diffdrive_arduino) by extension 'colcon_meta'
[0.463s] Level 1:colcon.colcon_core.package_identification:_identify(src/diffdrive_arduino) by extensions ['ros']
[0.463s] Level 1:colcon.colcon_core.package_identification:_identify(src/diffdrive_arduino) by extension 'ros'
[0.466s] DEBUG:colcon.colcon_core.package_identification:Package 'src/diffdrive_arduino' with type 'ros.ament_cmake' and name 'diffdrive_arduino'
[0.467s] Level 1:colcon.colcon_core.package_identification:_identify(src/install) by extensions ['ignore', 'ignore_ament_install']
[0.467s] Level 1:colcon.colcon_core.package_identification:_identify(src/install) by extension 'ignore'
[0.467s] Level 1:colcon.colcon_core.package_identification:_identify(src/install) ignored
[0.467s] Level 1:colcon.colcon_core.package_identification:_identify(src/log) by extensions ['ignore', 'ignore_ament_install']
[0.467s] Level 1:colcon.colcon_core.package_identification:_identify(src/log) by extension 'ignore'
[0.467s] Level 1:colcon.colcon_core.package_identification:_identify(src/log) ignored
[0.467s] Level 1:colcon.colcon_core.package_identification:_identify(src/msc_aut_vehicles) by extensions ['ignore', 'ignore_ament_install']
[0.467s] Level 1:colcon.colcon_core.package_identification:_identify(src/msc_aut_vehicles) by extension 'ignore'
[0.467s] Level 1:colcon.colcon_core.package_identification:_identify(src/msc_aut_vehicles) by extension 'ignore_ament_install'
[0.467s] Level 1:colcon.colcon_core.package_identification:_identify(src/msc_aut_vehicles) by extensions ['colcon_pkg']
[0.467s] Level 1:colcon.colcon_core.package_identification:_identify(src/msc_aut_vehicles) by extension 'colcon_pkg'
[0.468s] Level 1:colcon.colcon_core.package_identification:_identify(src/msc_aut_vehicles) by extensions ['colcon_meta']
[0.468s] Level 1:colcon.colcon_core.package_identification:_identify(src/msc_aut_vehicles) by extension 'colcon_meta'
[0.468s] Level 1:colcon.colcon_core.package_identification:_identify(src/msc_aut_vehicles) by extensions ['ros']
[0.468s] Level 1:colcon.colcon_core.package_identification:_identify(src/msc_aut_vehicles) by extension 'ros'
[0.469s] DEBUG:colcon.colcon_core.package_identification:Package 'src/msc_aut_vehicles' with type 'ros.ament_cmake' and name 'msc_aut_vehicles'
[0.469s] Level 1:colcon.colcon_core.package_identification:_identify(src/serial) by extensions ['ignore', 'ignore_ament_install']
[0.469s] Level 1:colcon.colcon_core.package_identification:_identify(src/serial) by extension 'ignore'
[0.469s] Level 1:colcon.colcon_core.package_identification:_identify(src/serial) by extension 'ignore_ament_install'
[0.469s] Level 1:colcon.colcon_core.package_identification:_identify(src/serial) by extensions ['colcon_pkg']
[0.469s] Level 1:colcon.colcon_core.package_identification:_identify(src/serial) by extension 'colcon_pkg'
[0.469s] Level 1:colcon.colcon_core.package_identification:_identify(src/serial) by extensions ['colcon_meta']
[0.469s] Level 1:colcon.colcon_core.package_identification:_identify(src/serial) by extension 'colcon_meta'
[0.469s] Level 1:colcon.colcon_core.package_identification:_identify(src/serial) by extensions ['ros']
[0.469s] Level 1:colcon.colcon_core.package_identification:_identify(src/serial) by extension 'ros'
[0.472s] DEBUG:colcon.colcon_core.package_identification:Package 'src/serial' with type 'ros.ament_cmake' and name 'serial'
[0.472s] Level 1:colcon.colcon_core.package_identification:_identify(src/urg_node2) by extensions ['ignore', 'ignore_ament_install']
[0.473s] Level 1:colcon.colcon_core.package_identification:_identify(src/urg_node2) by extension 'ignore'
[0.473s] Level 1:colcon.colcon_core.package_identification:_identify(src/urg_node2) by extension 'ignore_ament_install'
[0.473s] Level 1:colcon.colcon_core.package_identification:_identify(src/urg_node2) by extensions ['colcon_pkg']
[0.473s] Level 1:colcon.colcon_core.package_identification:_identify(src/urg_node2) by extension 'colcon_pkg'
[0.473s] Level 1:colcon.colcon_core.package_identification:_identify(src/urg_node2) by extensions ['colcon_meta']
[0.473s] Level 1:colcon.colcon_core.package_identification:_identify(src/urg_node2) by extension 'colcon_meta'
[0.473s] Level 1:colcon.colcon_core.package_identification:_identify(src/urg_node2) by extensions ['ros']
[0.473s] Level 1:colcon.colcon_core.package_identification:_identify(src/urg_node2) by extension 'ros'
[0.475s] DEBUG:colcon.colcon_core.package_identification:Package 'src/urg_node2' with type 'ros.ament_cmake' and name 'urg_node2'
[0.475s] Level 1:colcon.colcon_core.package_discovery:discover_packages(recursive) using defaults
[0.475s] Level 1:colcon.colcon_core.package_discovery:discover_packages(ignore) discover
[0.475s] Level 1:colcon.colcon_core.package_discovery:discover_packages(ignore) using defaults
[0.475s] Level 1:colcon.colcon_core.package_discovery:discover_packages(path) discover
[0.475s] Level 1:colcon.colcon_core.package_discovery:discover_packages(path) using defaults
[0.520s] Level 1:colcon.colcon_core.package_discovery:discover_packages(prefix_path) check parameters
[0.521s] Level 1:colcon.colcon_core.package_discovery:discover_packages(prefix_path) discover
[0.527s] DEBUG:colcon.colcon_installed_package_information.package_discovery:Found 4 installed packages in /home/mpinho/proj_ws/install
[0.529s] DEBUG:colcon.colcon_installed_package_information.package_discovery:Found 421 installed packages in /opt/ros/humble
[0.533s] Level 1:colcon.colcon_core.package_discovery:discover_packages(prefix_path) using defaults
[0.612s] Level 5:colcon.colcon_core.verb:set package 'msc_aut_vehicles' build argument 'cmake_args' from command line to 'None'
[0.612s] Level 5:colcon.colcon_core.verb:set package 'msc_aut_vehicles' build argument 'cmake_target' from command line to 'None'
[0.612s] Level 5:colcon.colcon_core.verb:set package 'msc_aut_vehicles' build argument 'cmake_target_skip_unavailable' from command line to 'False'
[0.612s] Level 5:colcon.colcon_core.verb:set package 'msc_aut_vehicles' build argument 'cmake_clean_cache' from command line to 'False'
[0.612s] Level 5:colcon.colcon_core.verb:set package 'msc_aut_vehicles' build argument 'cmake_clean_first' from command line to 'False'
[0.612s] Level 5:colcon.colcon_core.verb:set package 'msc_aut_vehicles' build argument 'cmake_force_configure' from command line to 'False'
[0.612s] Level 5:colcon.colcon_core.verb:set package 'msc_aut_vehicles' build argument 'ament_cmake_args' from command line to 'None'
[0.612s] Level 5:colcon.colcon_core.verb:set package 'msc_aut_vehicles' build argument 'catkin_cmake_args' from command line to 'None'
[0.612s] Level 5:colcon.colcon_core.verb:set package 'msc_aut_vehicles' build argument 'catkin_skip_building_tests' from command line to 'False'
[0.612s] DEBUG:colcon.colcon_core.verb:Building package 'msc_aut_vehicles' with the following arguments: {'ament_cmake_args': None, 'build_base': '/home/mpinho/proj_ws/build/msc_aut_vehicles', 'catkin_cmake_args': None, 'catkin_skip_building_tests': False, 'cmake_args': None, 'cmake_clean_cache': False, 'cmake_clean_first': False, 'cmake_force_configure': False, 'cmake_target': None, 'cmake_target_skip_unavailable': False, 'install_base': '/home/mpinho/proj_ws/install/msc_aut_vehicles', 'merge_install': False, 'path': '/home/mpinho/proj_ws/src/msc_aut_vehicles', 'symlink_install': True, 'test_result_base': None}
[0.613s] Level 5:colcon.colcon_core.verb:set package 'serial' build argument 'cmake_args' from command line to 'None'
[0.613s] Level 5:colcon.colcon_core.verb:set package 'serial' build argument 'cmake_target' from command line to 'None'
[0.613s] Level 5:colcon.colcon_core.verb:set package 'serial' build argument 'cmake_target_skip_unavailable' from command line to 'False'
[0.613s] Level 5:colcon.colcon_core.verb:set package 'serial' build argument 'cmake_clean_cache' from command line to 'False'
[0.613s] Level 5:colcon.colcon_core.verb:set package 'serial' build argument 'cmake_clean_first' from command line to 'False'
[0.613s] Level 5:colcon.colcon_core.verb:set package 'serial' build argument 'cmake_force_configure' from command line to 'False'
[0.613s] Level 5:colcon.colcon_core.verb:set package 'serial' build argument 'ament_cmake_args' from command line to 'None'
[0.613s] Level 5:colcon.colcon_core.verb:set package 'serial' build argument 'catkin_cmake_args' from command line to 'None'
[0.613s] Level 5:colcon.colcon_core.verb:set package 'serial' build argument 'catkin_skip_building_tests' from command line to 'False'
[0.613s] DEBUG:colcon.colcon_core.verb:Building package 'serial' with the following arguments: {'ament_cmake_args': None, 'build_base': '/home/mpinho/proj_ws/build/serial', 'catkin_cmake_args': None, 'catkin_skip_building_tests': False, 'cmake_args': None, 'cmake_clean_cache': False, 'cmake_clean_first': False, 'cmake_force_configure': False, 'cmake_target': None, 'cmake_target_skip_unavailable': False, 'install_base': '/home/mpinho/proj_ws/install/serial', 'merge_install': False, 'path': '/home/mpinho/proj_ws/src/serial', 'symlink_install': True, 'test_result_base': None}
[0.613s] Level 5:colcon.colcon_core.verb:set package 'urg_node2' build argument 'cmake_args' from command line to 'None'
[0.613s] Level 5:colcon.colcon_core.verb:set package 'urg_node2' build argument 'cmake_target' from command line to 'None'
[0.614s] Level 5:colcon.colcon_core.verb:set package 'urg_node2' build argument 'cmake_target_skip_unavailable' from command line to 'False'
[0.614s] Level 5:colcon.colcon_core.verb:set package 'urg_node2' build argument 'cmake_clean_cache' from command line to 'False'
[0.614s] Level 5:colcon.colcon_core.verb:set package 'urg_node2' build argument 'cmake_clean_first' from command line to 'False'
[0.614s] Level 5:colcon.colcon_core.verb:set package 'urg_node2' build argument 'cmake_force_configure' from command line to 'False'
[0.614s] Level 5:colcon.colcon_core.verb:set package 'urg_node2' build argument 'ament_cmake_args' from command line to 'None'
[0.614s] Level 5:colcon.colcon_core.verb:set package 'urg_node2' build argument 'catkin_cmake_args' from command line to 'None'
[0.614s] Level 5:colcon.colcon_core.verb:set package 'urg_node2' build argument 'catkin_skip_building_tests' from command line to 'False'
[0.614s] DEBUG:colcon.colcon_core.verb:Building package 'urg_node2' with the following arguments: {'ament_cmake_args': None, 'build_base': '/home/mpinho/proj_ws/build/urg_node2', 'catkin_cmake_args': None, 'catkin_skip_building_tests': False, 'cmake_args': None, 'cmake_clean_cache': False, 'cmake_clean_first': False, 'cmake_force_configure': False, 'cmake_target': None, 'cmake_target_skip_unavailable': False, 'install_base': '/home/mpinho/proj_ws/install/urg_node2', 'merge_install': False, 'path': '/home/mpinho/proj_ws/src/urg_node2', 'symlink_install': True, 'test_result_base': None}
[0.614s] Level 5:colcon.colcon_core.verb:set package 'diffdrive_arduino' build argument 'cmake_args' from command line to 'None'
[0.614s] Level 5:colcon.colcon_core.verb:set package 'diffdrive_arduino' build argument 'cmake_target' from command line to 'None'
[0.614s] Level 5:colcon.colcon_core.verb:set package 'diffdrive_arduino' build argument 'cmake_target_skip_unavailable' from command line to 'False'
[0.614s] Level 5:colcon.colcon_core.verb:set package 'diffdrive_arduino' build argument 'cmake_clean_cache' from command line to 'False'
[0.614s] Level 5:colcon.colcon_core.verb:set package 'diffdrive_arduino' build argument 'cmake_clean_first' from command line to 'False'
[0.614s] Level 5:colcon.colcon_core.verb:set package 'diffdrive_arduino' build argument 'cmake_force_configure' from command line to 'False'
[0.614s] Level 5:colcon.colcon_core.verb:set package 'diffdrive_arduino' build argument 'ament_cmake_args' from command line to 'None'
[0.614s] Level 5:colcon.colcon_core.verb:set package 'diffdrive_arduino' build argument 'catkin_cmake_args' from command line to 'None'
[0.614s] Level 5:colcon.colcon_core.verb:set package 'diffdrive_arduino' build argument 'catkin_skip_building_tests' from command line to 'False'
[0.615s] DEBUG:colcon.colcon_core.verb:Building package 'diffdrive_arduino' with the following arguments: {'ament_cmake_args': None, 'build_base': '/home/mpinho/proj_ws/build/diffdrive_arduino', 'catkin_cmake_args': None, 'catkin_skip_building_tests': False, 'cmake_args': None, 'cmake_clean_cache': False, 'cmake_clean_first': False, 'cmake_force_configure': False, 'cmake_target': None, 'cmake_target_skip_unavailable': False, 'install_base': '/home/mpinho/proj_ws/install/diffdrive_arduino', 'merge_install': False, 'path': '/home/mpinho/proj_ws/src/diffdrive_arduino', 'symlink_install': True, 'test_result_base': None}
[0.615s] INFO:colcon.colcon_core.executor:Executing jobs using 'parallel' executor
[0.616s] DEBUG:colcon.colcon_parallel_executor.executor.parallel:run_until_complete
[0.617s] INFO:colcon.colcon_ros.task.ament_cmake.build:Building ROS package in '/home/mpinho/proj_ws/src/serial' with build type 'ament_cmake'
[0.617s] INFO:colcon.colcon_cmake.task.cmake.build:Building CMake package in '/home/mpinho/proj_ws/src/serial'
[0.624s] INFO:colcon.colcon_core.plugin_system:Skipping extension 'colcon_core.shell.bat': Not used on non-Windows systems
[0.624s] INFO:colcon.colcon_core.shell:Skip shell extension 'powershell' for command environment: Not usable outside of PowerShell
[0.624s] DEBUG:colcon.colcon_core.shell:Skip shell extension 'dsv' for command environment
[0.632s] INFO:colcon.colcon_ros.task.ament_cmake.build:Building ROS package in '/home/mpinho/proj_ws/src/msc_aut_vehicles' with build type 'ament_cmake'
[0.632s] INFO:colcon.colcon_cmake.task.cmake.build:Building CMake package in '/home/mpinho/proj_ws/src/msc_aut_vehicles'
[0.632s] INFO:colcon.colcon_core.shell:Skip shell extension 'powershell' for command environment: Not usable outside of PowerShell
[0.632s] DEBUG:colcon.colcon_core.shell:Skip shell extension 'dsv' for command environment
[0.638s] INFO:colcon.colcon_ros.task.ament_cmake.build:Building ROS package in '/home/mpinho/proj_ws/src/urg_node2' with build type 'ament_cmake'
[0.639s] INFO:colcon.colcon_cmake.task.cmake.build:Building CMake package in '/home/mpinho/proj_ws/src/urg_node2'
[0.639s] INFO:colcon.colcon_core.shell:Skip shell extension 'powershell' for command environment: Not usable outside of PowerShell
[0.639s] DEBUG:colcon.colcon_core.shell:Skip shell extension 'dsv' for command environment
[0.655s] DEBUG:colcon.colcon_core.event_handler.log_command:Invoking command in '/home/mpinho/proj_ws/build/serial': CMAKE_PREFIX_PATH=${CMAKE_PREFIX_PATH}:/opt/ros/humble /usr/bin/cmake --build /home/mpinho/proj_ws/build/serial -- -j8 -l8
[0.661s] DEBUG:colcon.colcon_core.event_handler.log_command:Invoking command in '/home/mpinho/proj_ws/build/msc_aut_vehicles': CMAKE_PREFIX_PATH=${CMAKE_PREFIX_PATH}:/opt/ros/humble /usr/bin/cmake --build /home/mpinho/proj_ws/build/msc_aut_vehicles -- -j8 -l8
[0.671s] DEBUG:colcon.colcon_core.event_handler.log_command:Invoking command in '/home/mpinho/proj_ws/build/urg_node2': CMAKE_PREFIX_PATH=${CMAKE_PREFIX_PATH}:/opt/ros/humble /usr/bin/cmake --build /home/mpinho/proj_ws/build/urg_node2 -- -j8 -l8
[0.836s] DEBUG:colcon.colcon_core.event_handler.log_command:Invoked command in '/home/mpinho/proj_ws/build/serial' returned '0': CMAKE_PREFIX_PATH=${CMAKE_PREFIX_PATH}:/opt/ros/humble /usr/bin/cmake --build /home/mpinho/proj_ws/build/serial -- -j8 -l8
[0.881s] DEBUG:colcon.colcon_core.event_handler.log_command:Invoked command in '/home/mpinho/proj_ws/build/urg_node2' returned '0': CMAKE_PREFIX_PATH=${CMAKE_PREFIX_PATH}:/opt/ros/humble /usr/bin/cmake --build /home/mpinho/proj_ws/build/urg_node2 -- -j8 -l8
[0.912s] DEBUG:colcon.colcon_core.event_handler.log_command:Invoking command in '/home/mpinho/proj_ws/build/serial': CMAKE_PREFIX_PATH=${CMAKE_PREFIX_PATH}:/opt/ros/humble /usr/bin/cmake --install /home/mpinho/proj_ws/build/serial
[0.948s] Level 1:colcon.colcon_core.environment:create_environment_scripts_only(serial)
[0.950s] DEBUG:colcon.colcon_core.event_handler.log_command:Invoked command in '/home/mpinho/proj_ws/build/serial' returned '0': CMAKE_PREFIX_PATH=${CMAKE_PREFIX_PATH}:/opt/ros/humble /usr/bin/cmake --install /home/mpinho/proj_ws/build/serial
[0.959s] Level 1:colcon.colcon_core.environment:checking '/home/mpinho/proj_ws/install/serial' for CMake module files
[0.960s] Level 1:colcon.colcon_core.environment:checking '/home/mpinho/proj_ws/install/serial' for CMake config files
[0.961s] Level 1:colcon.colcon_core.shell:create_environment_hook('serial', 'cmake_prefix_path')
[0.962s] INFO:colcon.colcon_core.shell:Creating environment hook '/home/mpinho/proj_ws/install/serial/share/serial/hook/cmake_prefix_path.ps1'
[0.964s] INFO:colcon.colcon_core.shell:Creating environment descriptor '/home/mpinho/proj_ws/install/serial/share/serial/hook/cmake_prefix_path.dsv'
[0.965s] INFO:colcon.colcon_core.shell:Creating environment hook '/home/mpinho/proj_ws/install/serial/share/serial/hook/cmake_prefix_path.sh'
[0.968s] Level 1:colcon.colcon_core.environment:checking '/home/mpinho/proj_ws/install/serial/lib'
[0.968s] Level 1:colcon.colcon_core.environment:checking '/home/mpinho/proj_ws/install/serial/bin'
[0.968s] Level 1:colcon.colcon_core.environment:checking '/home/mpinho/proj_ws/install/serial/lib/pkgconfig/serial.pc'
[0.968s] Level 1:colcon.colcon_core.environment:checking '/home/mpinho/proj_ws/install/serial/lib/python3.10/site-packages'
[0.969s] Level 1:colcon.colcon_core.environment:checking '/home/mpinho/proj_ws/install/serial/bin'
[0.969s] INFO:colcon.colcon_core.shell:Creating package script '/home/mpinho/proj_ws/install/serial/share/serial/package.ps1'
[0.971s] INFO:colcon.colcon_core.shell:Creating package descriptor '/home/mpinho/proj_ws/install/serial/share/serial/package.dsv'
[0.972s] INFO:colcon.colcon_core.shell:Creating package script '/home/mpinho/proj_ws/install/serial/share/serial/package.sh'
[0.974s] INFO:colcon.colcon_core.shell:Creating package script '/home/mpinho/proj_ws/install/serial/share/serial/package.bash'
[0.975s] INFO:colcon.colcon_core.shell:Creating package script '/home/mpinho/proj_ws/install/serial/share/serial/package.zsh'
[0.976s] Level 1:colcon.colcon_core.environment:create_file_with_runtime_dependencies(/home/mpinho/proj_ws/install/serial/share/colcon-core/packages/serial)
[0.980s] DEBUG:colcon.colcon_core.event_handler.log_command:Invoking command in '/home/mpinho/proj_ws/build/urg_node2': CMAKE_PREFIX_PATH=${CMAKE_PREFIX_PATH}:/opt/ros/humble /usr/bin/cmake --install /home/mpinho/proj_ws/build/urg_node2
[1.014s] Level 1:colcon.colcon_core.environment:create_environment_scripts_only(urg_node2)
[1.014s] DEBUG:colcon.colcon_core.event_handler.log_command:Invoked command in '/home/mpinho/proj_ws/build/urg_node2' returned '0': CMAKE_PREFIX_PATH=${CMAKE_PREFIX_PATH}:/opt/ros/humble /usr/bin/cmake --install /home/mpinho/proj_ws/build/urg_node2
[1.015s] Level 1:colcon.colcon_core.environment:checking '/home/mpinho/proj_ws/install/urg_node2' for CMake module files
[1.016s] Level 1:colcon.colcon_core.environment:checking '/home/mpinho/proj_ws/install/urg_node2' for CMake config files
[1.017s] Level 1:colcon.colcon_core.shell:create_environment_hook('urg_node2', 'cmake_prefix_path')
[1.018s] INFO:colcon.colcon_core.shell:Creating environment hook '/home/mpinho/proj_ws/install/urg_node2/share/urg_node2/hook/cmake_prefix_path.ps1'
[1.018s] INFO:colcon.colcon_core.shell:Creating environment descriptor '/home/mpinho/proj_ws/install/urg_node2/share/urg_node2/hook/cmake_prefix_path.dsv'
[1.019s] INFO:colcon.colcon_core.shell:Creating environment hook '/home/mpinho/proj_ws/install/urg_node2/share/urg_node2/hook/cmake_prefix_path.sh'
[1.019s] Level 1:colcon.colcon_core.environment:checking '/home/mpinho/proj_ws/install/urg_node2/lib'
[1.019s] Level 1:colcon.colcon_core.shell:create_environment_hook('urg_node2', 'ld_library_path_lib')
[1.020s] INFO:colcon.colcon_core.shell:Creating environment hook '/home/mpinho/proj_ws/install/urg_node2/share/urg_node2/hook/ld_library_path_lib.ps1'
[1.020s] INFO:colcon.colcon_core.shell:Creating environment descriptor '/home/mpinho/proj_ws/install/urg_node2/share/urg_node2/hook/ld_library_path_lib.dsv'
[1.020s] INFO:colcon.colcon_core.shell:Creating environment hook '/home/mpinho/proj_ws/install/urg_node2/share/urg_node2/hook/ld_library_path_lib.sh'
[1.021s] Level 1:colcon.colcon_core.environment:checking '/home/mpinho/proj_ws/install/urg_node2/bin'
[1.021s] Level 1:colcon.colcon_core.environment:checking '/home/mpinho/proj_ws/install/urg_node2/lib/pkgconfig/urg_node2.pc'
[1.021s] Level 1:colcon.colcon_core.environment:checking '/home/mpinho/proj_ws/install/urg_node2/lib/python3.10/site-packages'
[1.022s] Level 1:colcon.colcon_core.environment:checking '/home/mpinho/proj_ws/install/urg_node2/bin'
[1.022s] INFO:colcon.colcon_core.shell:Creating package script '/home/mpinho/proj_ws/install/urg_node2/share/urg_node2/package.ps1'
[1.023s] INFO:colcon.colcon_core.shell:Creating package descriptor '/home/mpinho/proj_ws/install/urg_node2/share/urg_node2/package.dsv'
[1.023s] INFO:colcon.colcon_core.shell:Creating package script '/home/mpinho/proj_ws/install/urg_node2/share/urg_node2/package.sh'
[1.024s] INFO:colcon.colcon_core.shell:Creating package script '/home/mpinho/proj_ws/install/urg_node2/share/urg_node2/package.bash'
[1.024s] INFO:colcon.colcon_core.shell:Creating package script '/home/mpinho/proj_ws/install/urg_node2/share/urg_node2/package.zsh'
[1.025s] Level 1:colcon.colcon_core.environment:create_file_with_runtime_dependencies(/home/mpinho/proj_ws/install/urg_node2/share/colcon-core/packages/urg_node2)
[1.029s] Level 1:colcon.colcon_core.environment:create_environment_scripts_only(serial)
[1.030s] Level 1:colcon.colcon_core.environment:checking '/home/mpinho/proj_ws/install/serial' for CMake module files
[1.031s] Level 1:colcon.colcon_core.environment:checking '/home/mpinho/proj_ws/install/serial' for CMake config files
[1.031s] Level 1:colcon.colcon_core.shell:create_environment_hook('serial', 'cmake_prefix_path')
[1.032s] INFO:colcon.colcon_core.shell:Creating environment hook '/home/mpinho/proj_ws/install/serial/share/serial/hook/cmake_prefix_path.ps1'
[1.032s] INFO:colcon.colcon_core.shell:Creating environment descriptor '/home/mpinho/proj_ws/install/serial/share/serial/hook/cmake_prefix_path.dsv'
[1.033s] INFO:colcon.colcon_core.shell:Creating environment hook '/home/mpinho/proj_ws/install/serial/share/serial/hook/cmake_prefix_path.sh'
[1.034s] Level 1:colcon.colcon_core.environment:checking '/home/mpinho/proj_ws/install/serial/lib'
[1.034s] Level 1:colcon.colcon_core.environment:checking '/home/mpinho/proj_ws/install/serial/bin'
[1.034s] Level 1:colcon.colcon_core.environment:checking '/home/mpinho/proj_ws/install/serial/lib/pkgconfig/serial.pc'
[1.034s] Level 1:colcon.colcon_core.environment:checking '/home/mpinho/proj_ws/install/serial/lib/python3.10/site-packages'
[1.034s] Level 1:colcon.colcon_core.environment:checking '/home/mpinho/proj_ws/install/serial/bin'
[1.035s] INFO:colcon.colcon_core.shell:Creating package script '/home/mpinho/proj_ws/install/serial/share/serial/package.ps1'
[1.036s] INFO:colcon.colcon_core.shell:Creating package descriptor '/home/mpinho/proj_ws/install/serial/share/serial/package.dsv'
[1.036s] INFO:colcon.colcon_core.shell:Creating package script '/home/mpinho/proj_ws/install/serial/share/serial/package.sh'
[1.037s] INFO:colcon.colcon_core.shell:Creating package script '/home/mpinho/proj_ws/install/serial/share/serial/package.bash'
[1.037s] INFO:colcon.colcon_core.shell:Creating package script '/home/mpinho/proj_ws/install/serial/share/serial/package.zsh'
[1.038s] Level 1:colcon.colcon_core.environment:create_file_with_runtime_dependencies(/home/mpinho/proj_ws/install/serial/share/colcon-core/packages/serial)
[1.038s] INFO:colcon.colcon_ros.task.ament_cmake.build:Building ROS package in '/home/mpinho/proj_ws/src/diffdrive_arduino' with build type 'ament_cmake'
[1.039s] INFO:colcon.colcon_cmake.task.cmake.build:Building CMake package in '/home/mpinho/proj_ws/src/diffdrive_arduino'
[1.039s] INFO:colcon.colcon_core.shell:Skip shell extension 'powershell' for command environment: Not usable outside of PowerShell
[1.039s] DEBUG:colcon.colcon_core.shell:Skip shell extension 'dsv' for command environment
[1.057s] DEBUG:colcon.colcon_core.event_handler.log_command:Invoking command in '/home/mpinho/proj_ws/build/diffdrive_arduino': CMAKE_PREFIX_PATH=/home/mpinho/proj_ws/install/serial:/home/mpinho/proj_ws/install/urg_node2:/home/mpinho/proj_ws/install/diffdrive_arduino:/home/mpinho/proj_ws/install/msc_aut_vehicles:/opt/ros/humble /usr/bin/cmake --build /home/mpinho/proj_ws/build/diffdrive_arduino -- -j8 -l8
[1.107s] Level 1:colcon.colcon_core.environment:create_environment_scripts_only(urg_node2)
[1.107s] Level 1:colcon.colcon_core.environment:checking '/home/mpinho/proj_ws/install/urg_node2' for CMake module files
[1.108s] Level 1:colcon.colcon_core.environment:checking '/home/mpinho/proj_ws/install/urg_node2' for CMake config files
[1.109s] Level 1:colcon.colcon_core.shell:create_environment_hook('urg_node2', 'cmake_prefix_path')
[1.109s] INFO:colcon.colcon_core.shell:Creating environment hook '/home/mpinho/proj_ws/install/urg_node2/share/urg_node2/hook/cmake_prefix_path.ps1'
[1.110s] INFO:colcon.colcon_core.shell:Creating environment descriptor '/home/mpinho/proj_ws/install/urg_node2/share/urg_node2/hook/cmake_prefix_path.dsv'
[1.111s] INFO:colcon.colcon_core.shell:Creating environment hook '/home/mpinho/proj_ws/install/urg_node2/share/urg_node2/hook/cmake_prefix_path.sh'
[1.111s] Level 1:colcon.colcon_core.environment:checking '/home/mpinho/proj_ws/install/urg_node2/lib'
[1.112s] Level 1:colcon.colcon_core.shell:create_environment_hook('urg_node2', 'ld_library_path_lib')
[1.112s] INFO:colcon.colcon_core.shell:Creating environment hook '/home/mpinho/proj_ws/install/urg_node2/share/urg_node2/hook/ld_library_path_lib.ps1'
[1.113s] INFO:colcon.colcon_core.shell:Creating environment descriptor '/home/mpinho/proj_ws/install/urg_node2/share/urg_node2/hook/ld_library_path_lib.dsv'
[1.113s] INFO:colcon.colcon_core.shell:Creating environment hook '/home/mpinho/proj_ws/install/urg_node2/share/urg_node2/hook/ld_library_path_lib.sh'
[1.114s] Level 1:colcon.colcon_core.environment:checking '/home/mpinho/proj_ws/install/urg_node2/bin'
[1.114s] Level 1:colcon.colcon_core.environment:checking '/home/mpinho/proj_ws/install/urg_node2/lib/pkgconfig/urg_node2.pc'
[1.114s] Level 1:colcon.colcon_core.environment:checking '/home/mpinho/proj_ws/install/urg_node2/lib/python3.10/site-packages'
[1.115s] Level 1:colcon.colcon_core.environment:checking '/home/mpinho/proj_ws/install/urg_node2/bin'
[1.115s] INFO:colcon.colcon_core.shell:Creating package script '/home/mpinho/proj_ws/install/urg_node2/share/urg_node2/package.ps1'
[1.116s] INFO:colcon.colcon_core.shell:Creating package descriptor '/home/mpinho/proj_ws/install/urg_node2/share/urg_node2/package.dsv'
[1.118s] INFO:colcon.colcon_core.shell:Creating package script '/home/mpinho/proj_ws/install/urg_node2/share/urg_node2/package.sh'
[1.118s] INFO:colcon.colcon_core.shell:Creating package script '/home/mpinho/proj_ws/install/urg_node2/share/urg_node2/package.bash'
[1.119s] INFO:colcon.colcon_core.shell:Creating package script '/home/mpinho/proj_ws/install/urg_node2/share/urg_node2/package.zsh'
[1.120s] Level 1:colcon.colcon_core.environment:create_file_with_runtime_dependencies(/home/mpinho/proj_ws/install/urg_node2/share/colcon-core/packages/urg_node2)
[1.166s] DEBUG:colcon.colcon_core.event_handler.log_command:Invoked command in '/home/mpinho/proj_ws/build/diffdrive_arduino' returned '0': CMAKE_PREFIX_PATH=/home/mpinho/proj_ws/install/serial:/home/mpinho/proj_ws/install/urg_node2:/home/mpinho/proj_ws/install/diffdrive_arduino:/home/mpinho/proj_ws/install/msc_aut_vehicles:/opt/ros/humble /usr/bin/cmake --build /home/mpinho/proj_ws/build/diffdrive_arduino -- -j8 -l8
[1.221s] DEBUG:colcon.colcon_core.event_handler.log_command:Invoking command in '/home/mpinho/proj_ws/build/diffdrive_arduino': CMAKE_PREFIX_PATH=/home/mpinho/proj_ws/install/serial:/home/mpinho/proj_ws/install/urg_node2:/home/mpinho/proj_ws/install/diffdrive_arduino:/home/mpinho/proj_ws/install/msc_aut_vehicles:/opt/ros/humble /usr/bin/cmake --install /home/mpinho/proj_ws/build/diffdrive_arduino
[1.253s] Level 1:colcon.colcon_core.environment:create_environment_scripts_only(diffdrive_arduino)
[1.254s] Level 1:colcon.colcon_core.environment:checking '/home/mpinho/proj_ws/install/diffdrive_arduino' for CMake module files
[1.255s] DEBUG:colcon.colcon_core.event_handler.log_command:Invoked command in '/home/mpinho/proj_ws/build/diffdrive_arduino' returned '0': CMAKE_PREFIX_PATH=/home/mpinho/proj_ws/install/serial:/home/mpinho/proj_ws/install/urg_node2:/home/mpinho/proj_ws/install/diffdrive_arduino:/home/mpinho/proj_ws/install/msc_aut_vehicles:/opt/ros/humble /usr/bin/cmake --install /home/mpinho/proj_ws/build/diffdrive_arduino
[1.256s] Level 1:colcon.colcon_core.environment:checking '/home/mpinho/proj_ws/install/diffdrive_arduino' for CMake config files
[1.256s] Level 1:colcon.colcon_core.shell:create_environment_hook('diffdrive_arduino', 'cmake_prefix_path')
[1.257s] INFO:colcon.colcon_core.shell:Creating environment hook '/home/mpinho/proj_ws/install/diffdrive_arduino/share/diffdrive_arduino/hook/cmake_prefix_path.ps1'
[1.258s] INFO:colcon.colcon_core.shell:Creating environment descriptor '/home/mpinho/proj_ws/install/diffdrive_arduino/share/diffdrive_arduino/hook/cmake_prefix_path.dsv'
[1.258s] INFO:colcon.colcon_core.shell:Creating environment hook '/home/mpinho/proj_ws/install/diffdrive_arduino/share/diffdrive_arduino/hook/cmake_prefix_path.sh'
[1.259s] Level 1:colcon.colcon_core.environment:checking '/home/mpinho/proj_ws/install/diffdrive_arduino/lib'
[1.259s] Level 1:colcon.colcon_core.shell:create_environment_hook('diffdrive_arduino', 'ld_library_path_lib')
[1.259s] INFO:colcon.colcon_core.shell:Creating environment hook '/home/mpinho/proj_ws/install/diffdrive_arduino/share/diffdrive_arduino/hook/ld_library_path_lib.ps1'
[1.260s] INFO:colcon.colcon_core.shell:Creating environment descriptor '/home/mpinho/proj_ws/install/diffdrive_arduino/share/diffdrive_arduino/hook/ld_library_path_lib.dsv'
[1.260s] INFO:colcon.colcon_core.shell:Creating environment hook '/home/mpinho/proj_ws/install/diffdrive_arduino/share/diffdrive_arduino/hook/ld_library_path_lib.sh'
[1.261s] Level 1:colcon.colcon_core.environment:checking '/home/mpinho/proj_ws/install/diffdrive_arduino/bin'
[1.261s] Level 1:colcon.colcon_core.environment:checking '/home/mpinho/proj_ws/install/diffdrive_arduino/lib/pkgconfig/diffdrive_arduino.pc'
[1.261s] Level 1:colcon.colcon_core.environment:checking '/home/mpinho/proj_ws/install/diffdrive_arduino/lib/python3.10/site-packages'
[1.261s] Level 1:colcon.colcon_core.environment:checking '/home/mpinho/proj_ws/install/diffdrive_arduino/bin'
[1.262s] INFO:colcon.colcon_core.shell:Creating package script '/home/mpinho/proj_ws/install/diffdrive_arduino/share/diffdrive_arduino/package.ps1'
[1.263s] INFO:colcon.colcon_core.shell:Creating package descriptor '/home/mpinho/proj_ws/install/diffdrive_arduino/share/diffdrive_arduino/package.dsv'
[1.263s] INFO:colcon.colcon_core.shell:Creating package script '/home/mpinho/proj_ws/install/diffdrive_arduino/share/diffdrive_arduino/package.sh'
[1.264s] INFO:colcon.colcon_core.shell:Creating package script '/home/mpinho/proj_ws/install/diffdrive_arduino/share/diffdrive_arduino/package.bash'
[1.264s] INFO:colcon.colcon_core.shell:Creating package script '/home/mpinho/proj_ws/install/diffdrive_arduino/share/diffdrive_arduino/package.zsh'
[1.264s] Level 1:colcon.colcon_core.environment:create_file_with_runtime_dependencies(/home/mpinho/proj_ws/install/diffdrive_arduino/share/colcon-core/packages/diffdrive_arduino)
[1.306s] DEBUG:colcon.colcon_core.event_handler.log_command:Invoked command in '/home/mpinho/proj_ws/build/msc_aut_vehicles' returned '0': CMAKE_PREFIX_PATH=${CMAKE_PREFIX_PATH}:/opt/ros/humble /usr/bin/cmake --build /home/mpinho/proj_ws/build/msc_aut_vehicles -- -j8 -l8
[1.316s] Level 1:colcon.colcon_core.environment:create_environment_scripts_only(diffdrive_arduino)
[1.316s] Level 1:colcon.colcon_core.environment:checking '/home/mpinho/proj_ws/install/diffdrive_arduino' for CMake module files
[1.317s] Level 1:colcon.colcon_core.environment:checking '/home/mpinho/proj_ws/install/diffdrive_arduino' for CMake config files
[1.317s] Level 1:colcon.colcon_core.shell:create_environment_hook('diffdrive_arduino', 'cmake_prefix_path')
[1.318s] INFO:colcon.colcon_core.shell:Creating environment hook '/home/mpinho/proj_ws/install/diffdrive_arduino/share/diffdrive_arduino/hook/cmake_prefix_path.ps1'
[1.319s] INFO:colcon.colcon_core.shell:Creating environment descriptor '/home/mpinho/proj_ws/install/diffdrive_arduino/share/diffdrive_arduino/hook/cmake_prefix_path.dsv'
[1.319s] INFO:colcon.colcon_core.shell:Creating environment hook '/home/mpinho/proj_ws/install/diffdrive_arduino/share/diffdrive_arduino/hook/cmake_prefix_path.sh'
[1.320s] Level 1:colcon.colcon_core.environment:checking '/home/mpinho/proj_ws/install/diffdrive_arduino/lib'
[1.320s] Level 1:colcon.colcon_core.shell:create_environment_hook('diffdrive_arduino', 'ld_library_path_lib')
[1.320s] INFO:colcon.colcon_core.shell:Creating environment hook '/home/mpinho/proj_ws/install/diffdrive_arduino/share/diffdrive_arduino/hook/ld_library_path_lib.ps1'
[1.321s] INFO:colcon.colcon_core.shell:Creating environment descriptor '/home/mpinho/proj_ws/install/diffdrive_arduino/share/diffdrive_arduino/hook/ld_library_path_lib.dsv'
[1.322s] INFO:colcon.colcon_core.shell:Creating environment hook '/home/mpinho/proj_ws/install/diffdrive_arduino/share/diffdrive_arduino/hook/ld_library_path_lib.sh'
[1.322s] Level 1:colcon.colcon_core.environment:checking '/home/mpinho/proj_ws/install/diffdrive_arduino/bin'
[1.322s] Level 1:colcon.colcon_core.environment:checking '/home/mpinho/proj_ws/install/diffdrive_arduino/lib/pkgconfig/diffdrive_arduino.pc'
[1.322s] Level 1:colcon.colcon_core.environment:checking '/home/mpinho/proj_ws/install/diffdrive_arduino/lib/python3.10/site-packages'
[1.323s] Level 1:colcon.colcon_core.environment:checking '/home/mpinho/proj_ws/install/diffdrive_arduino/bin'
[1.323s] INFO:colcon.colcon_core.shell:Creating package script '/home/mpinho/proj_ws/install/diffdrive_arduino/share/diffdrive_arduino/package.ps1'
[1.324s] INFO:colcon.colcon_core.shell:Creating package descriptor '/home/mpinho/proj_ws/install/diffdrive_arduino/share/diffdrive_arduino/package.dsv'
[1.324s] INFO:colcon.colcon_core.shell:Creating package script '/home/mpinho/proj_ws/install/diffdrive_arduino/share/diffdrive_arduino/package.sh'
[1.325s] INFO:colcon.colcon_core.shell:Creating package script '/home/mpinho/proj_ws/install/diffdrive_arduino/share/diffdrive_arduino/package.bash'
[1.325s] INFO:colcon.colcon_core.shell:Creating package script '/home/mpinho/proj_ws/install/diffdrive_arduino/share/diffdrive_arduino/package.zsh'
[1.326s] Level 1:colcon.colcon_core.environment:create_file_with_runtime_dependencies(/home/mpinho/proj_ws/install/diffdrive_arduino/share/colcon-core/packages/diffdrive_arduino)
[1.340s] DEBUG:colcon.colcon_core.event_handler.log_command:Invoking command in '/home/mpinho/proj_ws/build/msc_aut_vehicles': CMAKE_PREFIX_PATH=${CMAKE_PREFIX_PATH}:/opt/ros/humble /usr/bin/cmake --install /home/mpinho/proj_ws/build/msc_aut_vehicles
[1.426s] Level 1:colcon.colcon_core.environment:create_environment_scripts_only(msc_aut_vehicles)
[1.426s] DEBUG:colcon.colcon_core.event_handler.log_command:Invoked command in '/home/mpinho/proj_ws/build/msc_aut_vehicles' returned '0': CMAKE_PREFIX_PATH=${CMAKE_PREFIX_PATH}:/opt/ros/humble /usr/bin/cmake --install /home/mpinho/proj_ws/build/msc_aut_vehicles
[1.426s] Level 1:colcon.colcon_core.environment:checking '/home/mpinho/proj_ws/install/msc_aut_vehicles' for CMake module files
[1.427s] Level 1:colcon.colcon_core.environment:checking '/home/mpinho/proj_ws/install/msc_aut_vehicles' for CMake config files
[1.428s] Level 1:colcon.colcon_core.shell:create_environment_hook('msc_aut_vehicles', 'cmake_prefix_path')
[1.428s] INFO:colcon.colcon_core.shell:Creating environment hook '/home/mpinho/proj_ws/install/msc_aut_vehicles/share/msc_aut_vehicles/hook/cmake_prefix_path.ps1'
[1.429s] INFO:colcon.colcon_core.shell:Creating environment descriptor '/home/mpinho/proj_ws/install/msc_aut_vehicles/share/msc_aut_vehicles/hook/cmake_prefix_path.dsv'
[1.430s] INFO:colcon.colcon_core.shell:Creating environment hook '/home/mpinho/proj_ws/install/msc_aut_vehicles/share/msc_aut_vehicles/hook/cmake_prefix_path.sh'
[1.430s] Level 1:colcon.colcon_core.environment:checking '/home/mpinho/proj_ws/install/msc_aut_vehicles/lib'
[1.430s] Level 1:colcon.colcon_core.environment:checking '/home/mpinho/proj_ws/install/msc_aut_vehicles/bin'
[1.431s] Level 1:colcon.colcon_core.environment:checking '/home/mpinho/proj_ws/install/msc_aut_vehicles/lib/pkgconfig/msc_aut_vehicles.pc'
[1.431s] Level 1:colcon.colcon_core.environment:checking '/home/mpinho/proj_ws/install/msc_aut_vehicles/lib/python3.10/site-packages'
[1.431s] Level 1:colcon.colcon_core.environment:checking '/home/mpinho/proj_ws/install/msc_aut_vehicles/bin'
[1.432s] INFO:colcon.colcon_core.shell:Creating package script '/home/mpinho/proj_ws/install/msc_aut_vehicles/share/msc_aut_vehicles/package.ps1'
[1.432s] INFO:colcon.colcon_core.shell:Creating package descriptor '/home/mpinho/proj_ws/install/msc_aut_vehicles/share/msc_aut_vehicles/package.dsv'
[1.433s] INFO:colcon.colcon_core.shell:Creating package script '/home/mpinho/proj_ws/install/msc_aut_vehicles/share/msc_aut_vehicles/package.sh'
[1.433s] INFO:colcon.colcon_core.shell:Creating package script '/home/mpinho/proj_ws/install/msc_aut_vehicles/share/msc_aut_vehicles/package.bash'
[1.434s] INFO:colcon.colcon_core.shell:Creating package script '/home/mpinho/proj_ws/install/msc_aut_vehicles/share/msc_aut_vehicles/package.zsh'
[1.434s] Level 1:colcon.colcon_core.environment:create_file_with_runtime_dependencies(/home/mpinho/proj_ws/install/msc_aut_vehicles/share/colcon-core/packages/msc_aut_vehicles)
[1.470s] Level 1:colcon.colcon_core.environment:create_environment_scripts_only(msc_aut_vehicles)
[1.470s] Level 1:colcon.colcon_core.environment:checking '/home/mpinho/proj_ws/install/msc_aut_vehicles' for CMake module files
[1.471s] Level 1:colcon.colcon_core.environment:checking '/home/mpinho/proj_ws/install/msc_aut_vehicles' for CMake config files
[1.472s] Level 1:colcon.colcon_core.shell:create_environment_hook('msc_aut_vehicles', 'cmake_prefix_path')
[1.472s] INFO:colcon.colcon_core.shell:Creating environment hook '/home/mpinho/proj_ws/install/msc_aut_vehicles/share/msc_aut_vehicles/hook/cmake_prefix_path.ps1'
[1.473s] INFO:colcon.colcon_core.shell:Creating environment descriptor '/home/mpinho/proj_ws/install/msc_aut_vehicles/share/msc_aut_vehicles/hook/cmake_prefix_path.dsv'
[1.474s] INFO:colcon.colcon_core.shell:Creating environment hook '/home/mpinho/proj_ws/install/msc_aut_vehicles/share/msc_aut_vehicles/hook/cmake_prefix_path.sh'
[1.474s] Level 1:colcon.colcon_core.environment:checking '/home/mpinho/proj_ws/install/msc_aut_vehicles/lib'
[1.474s] Level 1:colcon.colcon_core.environment:checking '/home/mpinho/proj_ws/install/msc_aut_vehicles/bin'
[1.474s] Level 1:colcon.colcon_core.environment:checking '/home/mpinho/proj_ws/install/msc_aut_vehicles/lib/pkgconfig/msc_aut_vehicles.pc'
[1.475s] Level 1:colcon.colcon_core.environment:checking '/home/mpinho/proj_ws/install/msc_aut_vehicles/lib/python3.10/site-packages'
[1.475s] Level 1:colcon.colcon_core.environment:checking '/home/mpinho/proj_ws/install/msc_aut_vehicles/bin'
[1.475s] INFO:colcon.colcon_core.shell:Creating package script '/home/mpinho/proj_ws/install/msc_aut_vehicles/share/msc_aut_vehicles/package.ps1'
[1.476s] INFO:colcon.colcon_core.shell:Creating package descriptor '/home/mpinho/proj_ws/install/msc_aut_vehicles/share/msc_aut_vehicles/package.dsv'
[1.477s] INFO:colcon.colcon_core.shell:Creating package script '/home/mpinho/proj_ws/install/msc_aut_vehicles/share/msc_aut_vehicles/package.sh'
[1.477s] INFO:colcon.colcon_core.shell:Creating package script '/home/mpinho/proj_ws/install/msc_aut_vehicles/share/msc_aut_vehicles/package.bash'
[1.478s] INFO:colcon.colcon_core.shell:Creating package script '/home/mpinho/proj_ws/install/msc_aut_vehicles/share/msc_aut_vehicles/package.zsh'
[1.479s] Level 1:colcon.colcon_core.environment:create_file_with_runtime_dependencies(/home/mpinho/proj_ws/install/msc_aut_vehicles/share/colcon-core/packages/msc_aut_vehicles)
[1.479s] DEBUG:colcon.colcon_parallel_executor.executor.parallel:closing loop
[1.480s] DEBUG:colcon.colcon_parallel_executor.executor.parallel:loop closed
[1.480s] DEBUG:colcon.colcon_parallel_executor.executor.parallel:run_until_complete finished with '0'
[1.480s] DEBUG:colcon.colcon_core.event_reactor:joining thread
[1.490s] INFO:colcon.colcon_core.plugin_system:Skipping extension 'colcon_notification.desktop_notification.terminal_notifier': Not used on non-Darwin systems
[1.490s] INFO:colcon.colcon_core.plugin_system:Skipping extension 'colcon_notification.desktop_notification.win32': Not used on non-Windows systems
[1.490s] INFO:colcon.colcon_notification.desktop_notification:Sending desktop notification using 'notify2'
[1.508s] DEBUG:colcon.colcon_core.event_reactor:joined thread
[1.508s] INFO:colcon.colcon_core.shell:Creating prefix script '/home/mpinho/proj_ws/install/local_setup.ps1'
[1.510s] INFO:colcon.colcon_core.shell:Creating prefix util module '/home/mpinho/proj_ws/install/_local_setup_util_ps1.py'
[1.513s] INFO:colcon.colcon_core.shell:Creating prefix chain script '/home/mpinho/proj_ws/install/setup.ps1'
[1.516s] INFO:colcon.colcon_core.shell:Creating prefix script '/home/mpinho/proj_ws/install/local_setup.sh'
[1.518s] INFO:colcon.colcon_core.shell:Creating prefix util module '/home/mpinho/proj_ws/install/_local_setup_util_sh.py'
[1.519s] INFO:colcon.colcon_core.shell:Creating prefix chain script '/home/mpinho/proj_ws/install/setup.sh'
[1.521s] INFO:colcon.colcon_core.shell:Creating prefix script '/home/mpinho/proj_ws/install/local_setup.bash'
[1.522s] INFO:colcon.colcon_core.shell:Creating prefix chain script '/home/mpinho/proj_ws/install/setup.bash'
[1.524s] INFO:colcon.colcon_core.shell:Creating prefix script '/home/mpinho/proj_ws/install/local_setup.zsh'
[1.525s] INFO:colcon.colcon_core.shell:Creating prefix chain script '/home/mpinho/proj_ws/install/setup.zsh'
