[0.043s] Invoking command in '/home/mpinho/proj_ws/src/build/serial': CMAKE_PREFIX_PATH=${CMAKE_PREFIX_PATH}:/opt/ros/humble /usr/bin/cmake --build /home/mpinho/proj_ws/src/build/serial -- -j8 -l8
[0.137s] [35m[1mConsolidate compiler generated dependencies of target gtest_main[0m
[0.144s] [35m[1mConsolidate compiler generated dependencies of target serial[0m
[0.165s] [35m[1mConsolidate compiler generated dependencies of target gtest[0m
[0.206s] [ 14%] Built target gtest_main
[0.223s] [ 28%] Built target gtest
[0.228s] [ 57%] Built target serial
[0.333s] [35m[1mConsolidate compiler generated dependencies of target serial_example[0m
[0.346s] [35m[1mConsolidate compiler generated dependencies of target serial-test-timer[0m
[0.356s] [35m[1mConsolidate compiler generated dependencies of target serial-test[0m
[0.366s] [ 71%] Built target serial_example
[0.397s] [ 85%] Built target serial-test-timer
[0.417s] [100%] Built target serial-test
[0.476s] Invoked command in '/home/mpinho/proj_ws/src/build/serial' returned '0': CMAKE_PREFIX_PATH=${CMAKE_PREFIX_PATH}:/opt/ros/humble /usr/bin/cmake --build /home/mpinho/proj_ws/src/build/serial -- -j8 -l8
[0.605s] Invoking command in '/home/mpinho/proj_ws/src/build/serial': CMAKE_PREFIX_PATH=${CMAKE_PREFIX_PATH}:/opt/ros/humble /usr/bin/cmake --install /home/mpinho/proj_ws/src/build/serial
[0.624s] -- Install configuration: ""
[0.624s] -- Execute custom install script
[0.624s] -- Up-to-date symlink: /home/mpinho/proj_ws/src/install/serial/lib/libserial.a
[0.626s] -- Up-to-date symlink: /home/mpinho/proj_ws/src/install/serial/include/serial/serial.h
[0.626s] -- Up-to-date symlink: /home/mpinho/proj_ws/src/install/serial/include/serial/v8stdint.h
[0.627s] -- Up-to-date symlink: /home/mpinho/proj_ws/src/install/serial/share/serial/environment/library_path.sh
[0.627s] -- Up-to-date symlink: /home/mpinho/proj_ws/src/install/serial/share/serial/environment/library_path.dsv
[0.627s] -- Up-to-date symlink: /home/mpinho/proj_ws/src/install/serial/share/ament_index/resource_index/package_run_dependencies/serial
[0.628s] -- Up-to-date symlink: /home/mpinho/proj_ws/src/install/serial/share/ament_index/resource_index/parent_prefix_path/serial
[0.628s] -- Up-to-date symlink: /home/mpinho/proj_ws/src/install/serial/share/serial/environment/ament_prefix_path.sh
[0.629s] -- Up-to-date symlink: /home/mpinho/proj_ws/src/install/serial/share/serial/environment/ament_prefix_path.dsv
[0.629s] -- Up-to-date symlink: /home/mpinho/proj_ws/src/install/serial/share/serial/environment/path.sh
[0.631s] -- Up-to-date symlink: /home/mpinho/proj_ws/src/install/serial/share/serial/environment/path.dsv
[0.632s] -- Up-to-date symlink: /home/mpinho/proj_ws/src/install/serial/share/serial/local_setup.bash
[0.632s] -- Up-to-date symlink: /home/mpinho/proj_ws/src/install/serial/share/serial/local_setup.sh
[0.632s] -- Up-to-date symlink: /home/mpinho/proj_ws/src/install/serial/share/serial/local_setup.zsh
[0.633s] -- Up-to-date symlink: /home/mpinho/proj_ws/src/install/serial/share/serial/local_setup.dsv
[0.633s] -- Symlinking: /home/mpinho/proj_ws/src/install/serial/share/serial/package.dsv
[0.661s] -- Up-to-date symlink: /home/mpinho/proj_ws/src/install/serial/share/ament_index/resource_index/packages/serial
[0.662s] -- Up-to-date symlink: /home/mpinho/proj_ws/src/install/serial/share/serial/cmake/ament_cmake_export_include_directories-extras.cmake
[0.663s] -- Up-to-date symlink: /home/mpinho/proj_ws/src/install/serial/share/serial/cmake/ament_cmake_export_libraries-extras.cmake
[0.663s] -- Up-to-date symlink: /home/mpinho/proj_ws/src/install/serial/share/serial/cmake/serialConfig.cmake
[0.673s] -- Up-to-date symlink: /home/mpinho/proj_ws/src/install/serial/share/serial/cmake/serialConfig-version.cmake
[0.673s] -- Up-to-date symlink: /home/mpinho/proj_ws/src/install/serial/share/serial/package.xml
[0.683s] Invoked command in '/home/mpinho/proj_ws/src/build/serial' returned '0': CMAKE_PREFIX_PATH=${CMAKE_PREFIX_PATH}:/opt/ros/humble /usr/bin/cmake --install /home/mpinho/proj_ws/src/build/serial
