[0.054s] Invoking command in '/home/mpinho/proj_ws/src/build/urg_node2': CMAKE_PREFIX_PATH=${CMAKE_PREFIX_PATH}:/opt/ros/humble /usr/bin/cmake /home/mpinho/proj_ws/src/urg_node2 -DAMENT_CMAKE_SYMLINK_INSTALL=1 -DCMAKE_INSTALL_PREFIX=/home/mpinho/proj_ws/src/install/urg_node2
[0.430s] -- The C compiler identification is GNU 11.4.0
[0.684s] -- The CXX compiler identification is GNU 11.4.0
[0.720s] -- Detecting C compiler ABI info
[1.075s] -- Detecting C compiler ABI info - done
[1.095s] -- Check for working C compiler: /usr/bin/cc - skipped
[1.097s] -- Detecting C compile features
[1.097s] -- Detecting C compile features - done
[1.111s] -- Detecting CXX compiler ABI info
[1.400s] -- Detecting CXX compiler ABI info - done
[1.455s] -- Check for working CXX compiler: /usr/bin/c++ - skipped
[1.455s] -- Detecting CXX compile features
[1.456s] -- Detecting CXX compile features - done
[1.456s] -- Found ament_cmake: 1.3.9 (/opt/ros/humble/share/ament_cmake/cmake)
[1.878s] -- Found Python3: /usr/bin/python3 (found version "3.10.12") found components: Interpreter 
[2.044s] -- Override CMake install command with custom implementation using symlinks instead of copying resources
[2.124s] -- Found rclcpp: 16.0.9 (/opt/ros/humble/share/rclcpp/cmake)
[2.335s] -- Found rosidl_generator_c: 3.1.5 (/opt/ros/humble/share/rosidl_generator_c/cmake)
[2.357s] -- Found rosidl_adapter: 3.1.5 (/opt/ros/humble/share/rosidl_adapter/cmake)
[2.398s] -- Found rosidl_generator_cpp: 3.1.5 (/opt/ros/humble/share/rosidl_generator_cpp/cmake)
[2.471s] -- Using all available rosidl_typesupport_c: rosidl_typesupport_fastrtps_c;rosidl_typesupport_introspection_c
[2.523s] -- Using all available rosidl_typesupport_cpp: rosidl_typesupport_fastrtps_cpp;rosidl_typesupport_introspection_cpp
[2.814s] -- Found rmw_implementation_cmake: 6.1.2 (/opt/ros/humble/share/rmw_implementation_cmake/cmake)
[2.827s] -- Found rmw_fastrtps_cpp: 6.2.6 (/opt/ros/humble/share/rmw_fastrtps_cpp/cmake)
[3.155s] -- Found OpenSSL: /usr/lib/x86_64-linux-gnu/libcrypto.so (found version "3.0.2")  
[3.240s] -- Found FastRTPS: /opt/ros/humble/include  
[3.356s] -- Using RMW implementation 'rmw_fastrtps_cpp' as default
[3.416s] -- Looking for pthread.h
[3.750s] -- Looking for pthread.h - found
[3.751s] -- Performing Test CMAKE_HAVE_LIBC_PTHREAD
[4.008s] -- Performing Test CMAKE_HAVE_LIBC_PTHREAD - Success
[4.012s] -- Found Threads: TRUE  
[4.678s] -- Found rclcpp_components: 16.0.9 (/opt/ros/humble/share/rclcpp_components/cmake)
[4.959s] -- Found rclcpp_lifecycle: 16.0.9 (/opt/ros/humble/share/rclcpp_lifecycle/cmake)
[5.200s] -- Found sensor_msgs: 4.2.4 (/opt/ros/humble/share/sensor_msgs/cmake)
[5.954s] -- Found diagnostic_updater: 3.1.2 (/opt/ros/humble/share/diagnostic_updater/cmake)
[6.307s] -- Found laser_proc: 1.0.2 (/opt/ros/humble/share/laser_proc/cmake)
[6.387s] -- Found ament_cmake_gtest: 1.3.9 (/opt/ros/humble/share/ament_cmake_gtest/cmake)
[6.397s] -- Found gtest sources under '/opt/ros/humble/src/gtest_vendor': C++ tests using 'Google Test' will be built
[6.701s] -- Configuring done
[6.910s] -- Generating done
[6.910s] -- Build files have been written to: /home/mpinho/proj_ws/src/build/urg_node2
[6.966s] Invoked command in '/home/mpinho/proj_ws/src/build/urg_node2' returned '0': CMAKE_PREFIX_PATH=${CMAKE_PREFIX_PATH}:/opt/ros/humble /usr/bin/cmake /home/mpinho/proj_ws/src/urg_node2 -DAMENT_CMAKE_SYMLINK_INSTALL=1 -DCMAKE_INSTALL_PREFIX=/home/mpinho/proj_ws/src/install/urg_node2
[6.968s] Invoking command in '/home/mpinho/proj_ws/src/build/urg_node2': CMAKE_PREFIX_PATH=${CMAKE_PREFIX_PATH}:/opt/ros/humble /usr/bin/cmake --build /home/mpinho/proj_ws/src/build/urg_node2 -- -j8 -l8
[7.261s] [  5%] [32mBuilding CXX object CMakeFiles/urg_node2_node.dir/rclcpp_components/node_main_urg_node2_node.cpp.o[0m
[7.266s] [ 10%] [32mBuilding C object CMakeFiles/urg_c.dir/urg_library/current/src/urg_utils.c.o[0m
[7.273s] [ 15%] [32mBuilding CXX object gtest/CMakeFiles/gtest_main.dir/src/gtest_main.cc.o[0m
[7.273s] [ 20%] [32mBuilding C object CMakeFiles/urg_c.dir/urg_library/current/src/urg_sensor.c.o[0m
[7.291s] [ 25%] [32mBuilding CXX object gtest/CMakeFiles/gtest.dir/src/gtest-all.cc.o[0m
[7.295s] [ 30%] [32mBuilding C object CMakeFiles/urg_c.dir/urg_library/current/src/urg_connection.c.o[0m
[7.301s] [ 35%] [32mBuilding C object CMakeFiles/urg_c.dir/urg_library/current/src/urg_debug.c.o[0m
[7.342s] [ 40%] [32mBuilding C object CMakeFiles/urg_c.dir/urg_library/current/src/urg_ring_buffer.c.o[0m
[7.487s] [01m[K/home/mpinho/proj_ws/src/urg_node2/urg_library/current/src/urg_sensor.c:1349:8:[m[K [01;35m[Kwarning: [m[Ktype qualifiers ignored on function return type [[01;35m[K]8;;https://gcc.gnu.org/onlinedocs/gcc/Warning-Options.html#index-Wignored-qualifiers-Wignored-qualifiers]8;;[m[K]
[7.487s]  1349 | static [01;35m[Kconst[m[K int receive_II_command_response(urg_t *urg,
[7.487s]       |        [01;35m[K^~~~~[m[K
[7.506s] [ 45%] [32mBuilding C object CMakeFiles/urg_c.dir/urg_library/current/src/urg_serial.c.o[0m
[7.507s] [ 50%] [32mBuilding C object CMakeFiles/urg_c.dir/urg_library/current/src/urg_serial_utils.c.o[0m
[7.511s] [01m[K/home/mpinho/proj_ws/src/urg_node2/urg_library/current/src/urg_utils.c:[m[K In function ‘[01m[Kurg_delay[m[K’:
[7.513s] [01m[K/home/mpinho/proj_ws/src/urg_node2/urg_library/current/src/urg_utils.c:224:5:[m[K [01;35m[Kwarning: [m[Kimplicit declaration of function ‘[01m[Kusleep[m[K’; did you mean ‘[01m[Kurg_sleep[m[K’? [[01;35m[K]8;;https://gcc.gnu.org/onlinedocs/gcc/Warning-Options.html#index-Wimplicit-function-declaration-Wimplicit-function-declaration]8;;[m[K]
[7.513s]   224 |     [01;35m[Kusleep[m[K(1000 * delay_msec);
[7.513s]       |     [01;35m[K^~~~~~[m[K
[7.513s]       |     [32m[Kurg_sleep[m[K
[7.573s] [ 55%] [32mBuilding C object CMakeFiles/urg_c.dir/urg_library/current/src/urg_tcpclient.c.o[0m
[7.798s] [ 60%] [32m[1mLinking C shared library liburg_c.so[0m
[8.047s] [ 60%] Built target urg_c
[8.130s] [ 65%] [32mBuilding CXX object CMakeFiles/urg_node2.dir/src/urg_node2.cpp.o[0m
[10.755s] [ 70%] [32m[1mLinking CXX static library libgtest_main.a[0m
[10.965s] [ 70%] Built target gtest_main
[16.203s] [ 75%] [32m[1mLinking CXX static library libgtest.a[0m
[16.489s] [ 75%] Built target gtest
[16.540s] [ 80%] [32mBuilding CXX object CMakeFiles/urg_node2_test.dir/src/urg_node2.cpp.o[0m
[16.574s] [ 85%] [32mBuilding CXX object CMakeFiles/urg_node2_test.dir/test/urg_node2_test.cpp.o[0m
[17.778s] [ 90%] [32m[1mLinking CXX executable urg_node2_node[0m
[18.591s] [ 90%] Built target urg_node2_node
[26.854s] [ 95%] [32m[1mLinking CXX shared library liburg_node2.so[0m
[27.992s] [ 95%] Built target urg_node2
[39.514s] [100%] [32m[1mLinking CXX executable urg_node2_test[0m
[41.468s] [100%] Built target urg_node2_test
[41.488s] Invoked command in '/home/mpinho/proj_ws/src/build/urg_node2' returned '0': CMAKE_PREFIX_PATH=${CMAKE_PREFIX_PATH}:/opt/ros/humble /usr/bin/cmake --build /home/mpinho/proj_ws/src/build/urg_node2 -- -j8 -l8
[41.585s] Invoking command in '/home/mpinho/proj_ws/src/build/urg_node2': CMAKE_PREFIX_PATH=${CMAKE_PREFIX_PATH}:/opt/ros/humble /usr/bin/cmake --install /home/mpinho/proj_ws/src/build/urg_node2
[41.596s] -- Install configuration: ""
[41.597s] -- Execute custom install script
[41.597s] -- Symlinking: /home/mpinho/proj_ws/src/install/urg_node2/lib/urg_node2/urg_node2_node
[41.612s] -- Symlinking: /home/mpinho/proj_ws/src/install/urg_node2/lib/liburg_node2.so
[41.626s] -- Symlinking: /home/mpinho/proj_ws/src/install/urg_node2/lib/liburg_c.so
[41.640s] -- Symlinking: /home/mpinho/proj_ws/src/install/urg_node2/share/urg_node2/launch/urg_node2.launch.py
[41.653s] -- Symlinking: /home/mpinho/proj_ws/src/install/urg_node2/share/urg_node2/launch/urg_node2_2lidar.launch.py
[41.667s] -- Symlinking: /home/mpinho/proj_ws/src/install/urg_node2/share/urg_node2/launch/urg_node2_component.launch.py
[41.682s] -- Symlinking: /home/mpinho/proj_ws/src/install/urg_node2/share/urg_node2/config/params_ether.yaml
[41.695s] -- Symlinking: /home/mpinho/proj_ws/src/install/urg_node2/share/urg_node2/config/params_ether_2nd.yaml
[41.708s] -- Symlinking: /home/mpinho/proj_ws/src/install/urg_node2/share/urg_node2/config/params_serial.yaml
[41.722s] -- Symlinking: /home/mpinho/proj_ws/src/install/urg_node2/share/ament_index/resource_index/package_run_dependencies/urg_node2
[41.735s] -- Symlinking: /home/mpinho/proj_ws/src/install/urg_node2/share/ament_index/resource_index/parent_prefix_path/urg_node2
[41.748s] -- Symlinking: /home/mpinho/proj_ws/src/install/urg_node2/share/urg_node2/environment/ament_prefix_path.sh
[41.761s] -- Symlinking: /home/mpinho/proj_ws/src/install/urg_node2/share/urg_node2/environment/ament_prefix_path.dsv
[41.776s] -- Symlinking: /home/mpinho/proj_ws/src/install/urg_node2/share/urg_node2/environment/path.sh
[41.792s] -- Symlinking: /home/mpinho/proj_ws/src/install/urg_node2/share/urg_node2/environment/path.dsv
[41.808s] -- Symlinking: /home/mpinho/proj_ws/src/install/urg_node2/share/urg_node2/local_setup.bash
[41.826s] -- Symlinking: /home/mpinho/proj_ws/src/install/urg_node2/share/urg_node2/local_setup.sh
[41.841s] -- Symlinking: /home/mpinho/proj_ws/src/install/urg_node2/share/urg_node2/local_setup.zsh
[41.857s] -- Symlinking: /home/mpinho/proj_ws/src/install/urg_node2/share/urg_node2/local_setup.dsv
[41.872s] -- Symlinking: /home/mpinho/proj_ws/src/install/urg_node2/share/urg_node2/package.dsv
[41.888s] -- Symlinking: /home/mpinho/proj_ws/src/install/urg_node2/share/ament_index/resource_index/packages/urg_node2
[41.908s] -- Symlinking: /home/mpinho/proj_ws/src/install/urg_node2/share/ament_index/resource_index/rclcpp_components/urg_node2
[41.927s] -- Symlinking: /home/mpinho/proj_ws/src/install/urg_node2/share/urg_node2/cmake/urg_node2Config.cmake
[41.947s] -- Symlinking: /home/mpinho/proj_ws/src/install/urg_node2/share/urg_node2/cmake/urg_node2Config-version.cmake
[41.962s] -- Symlinking: /home/mpinho/proj_ws/src/install/urg_node2/share/urg_node2/package.xml
[41.978s] Invoked command in '/home/mpinho/proj_ws/src/build/urg_node2' returned '0': CMAKE_PREFIX_PATH=${CMAKE_PREFIX_PATH}:/opt/ros/humble /usr/bin/cmake --install /home/mpinho/proj_ws/src/build/urg_node2
