[0.028s] Invoking command in '/home/mpinho/proj_ws/build/diffdrive_arduino': CMAKE_PREFIX_PATH=/home/mpinho/proj_ws/install/serial:/home/mpinho/proj_ws/install/urg_node2:/home/mpinho/proj_ws/install/diffdrive_arduino:/home/mpinho/proj_ws/install/msc_aut_vehicles:/opt/ros/humble /usr/bin/cmake /home/mpinho/proj_ws/src/diffdrive_arduino -DAMENT_CMAKE_SYMLINK_INSTALL=1 -DCMAKE_INSTALL_PREFIX=/home/mpinho/proj_ws/install/diffdrive_arduino
[0.055s] -- Found ament_cmake: 1.3.10 (/opt/ros/humble/share/ament_cmake/cmake)
[0.340s] -- Override CMake install command with custom implementation using symlinks instead of copying resources
[0.357s] -- Found serial: 1.2.1 (/home/mpinho/proj_ws/install/serial/share/serial/cmake)
[0.363s] -- Found hardware_interface: 2.43.1 (/opt/ros/humble/share/hardware_interface/cmake)
[0.444s] -- Found rosidl_generator_c: 3.1.5 (/opt/ros/humble/share/rosidl_generator_c/cmake)
[0.451s] -- Found rosidl_adapter: 3.1.5 (/opt/ros/humble/share/rosidl_adapter/cmake)
[0.466s] -- Found rosidl_generator_cpp: 3.1.5 (/opt/ros/humble/share/rosidl_generator_cpp/cmake)
[0.492s] -- Using all available rosidl_typesupport_c: rosidl_typesupport_fastrtps_c;rosidl_typesupport_introspection_c
[0.523s] -- Using all available rosidl_typesupport_cpp: rosidl_typesupport_fastrtps_cpp;rosidl_typesupport_introspection_cpp
[1.120s] -- Found rmw_implementation_cmake: 6.1.2 (/opt/ros/humble/share/rmw_implementation_cmake/cmake)
[1.123s] -- Found rmw_fastrtps_cpp: 6.2.7 (/opt/ros/humble/share/rmw_fastrtps_cpp/cmake)
[1.190s] -- Found TinyXML2 via Config file: TinyXML2_DIR-NOTFOUND
[1.210s] -- Found TinyXML2 via Config file: TinyXML2_DIR-NOTFOUND
[1.249s] -- Found TinyXML2 via Config file: TinyXML2_DIR-NOTFOUND
[1.271s] -- Found TinyXML2 via Config file: TinyXML2_DIR-NOTFOUND
[1.297s] -- Using RMW implementation 'rmw_fastrtps_cpp' as default
[1.432s] -- Found controller_manager: 2.43.1 (/opt/ros/humble/share/controller_manager/cmake)
[1.889s] -- Configuring done
[2.048s] -- Generating done
[2.053s] -- Build files have been written to: /home/mpinho/proj_ws/build/diffdrive_arduino
[2.080s] Invoked command in '/home/mpinho/proj_ws/build/diffdrive_arduino' returned '0': CMAKE_PREFIX_PATH=/home/mpinho/proj_ws/install/serial:/home/mpinho/proj_ws/install/urg_node2:/home/mpinho/proj_ws/install/diffdrive_arduino:/home/mpinho/proj_ws/install/msc_aut_vehicles:/opt/ros/humble /usr/bin/cmake /home/mpinho/proj_ws/src/diffdrive_arduino -DAMENT_CMAKE_SYMLINK_INSTALL=1 -DCMAKE_INSTALL_PREFIX=/home/mpinho/proj_ws/install/diffdrive_arduino
[2.081s] Invoking command in '/home/mpinho/proj_ws/build/diffdrive_arduino': CMAKE_PREFIX_PATH=/home/mpinho/proj_ws/install/serial:/home/mpinho/proj_ws/install/urg_node2:/home/mpinho/proj_ws/install/diffdrive_arduino:/home/mpinho/proj_ws/install/msc_aut_vehicles:/opt/ros/humble /usr/bin/cmake --build /home/mpinho/proj_ws/build/diffdrive_arduino -- -j8 -l8
[2.174s] [35m[1mConsolidate compiler generated dependencies of target fake_robot[0m
[2.175s] [35m[1mConsolidate compiler generated dependencies of target diffdrive_arduino[0m
[2.219s] [ 42%] Built target fake_robot
[2.226s] [100%] Built target diffdrive_arduino
[2.252s] Invoked command in '/home/mpinho/proj_ws/build/diffdrive_arduino' returned '0': CMAKE_PREFIX_PATH=/home/mpinho/proj_ws/install/serial:/home/mpinho/proj_ws/install/urg_node2:/home/mpinho/proj_ws/install/diffdrive_arduino:/home/mpinho/proj_ws/install/msc_aut_vehicles:/opt/ros/humble /usr/bin/cmake --build /home/mpinho/proj_ws/build/diffdrive_arduino -- -j8 -l8
[2.340s] Invoking command in '/home/mpinho/proj_ws/build/diffdrive_arduino': CMAKE_PREFIX_PATH=/home/mpinho/proj_ws/install/serial:/home/mpinho/proj_ws/install/urg_node2:/home/mpinho/proj_ws/install/diffdrive_arduino:/home/mpinho/proj_ws/install/msc_aut_vehicles:/opt/ros/humble /usr/bin/cmake --install /home/mpinho/proj_ws/build/diffdrive_arduino
[2.355s] -- Install configuration: ""
[2.356s] -- Execute custom install script
[2.357s] -- Up-to-date symlink: /home/mpinho/proj_ws/install/diffdrive_arduino/share/diffdrive_arduino//robot_hardware.xml
[2.357s] -- Up-to-date symlink: /home/mpinho/proj_ws/install/diffdrive_arduino/share/diffdrive_arduino//fake_robot_hardware.xml
[2.358s] -- Up-to-date symlink: /home/mpinho/proj_ws/install/diffdrive_arduino/lib/libdiffdrive_arduino.so
[2.358s] -- Up-to-date symlink: /home/mpinho/proj_ws/install/diffdrive_arduino/lib/libfake_robot.so
[2.359s] -- Up-to-date symlink: /home/mpinho/proj_ws/install/diffdrive_arduino/share/diffdrive_arduino/controllers/robot_controller_example.yaml
[2.359s] -- Up-to-date symlink: /home/mpinho/proj_ws/install/diffdrive_arduino/share/diffdrive_arduino/fake_robot.launch.py
[2.360s] -- Up-to-date symlink: /home/mpinho/proj_ws/install/diffdrive_arduino/share/diffdrive_arduino/test_robot.launch.py
[2.360s] -- Up-to-date symlink: /home/mpinho/proj_ws/install/diffdrive_arduino/share/diffdrive_arduino/environment/library_path.sh
[2.361s] -- Up-to-date symlink: /home/mpinho/proj_ws/install/diffdrive_arduino/share/diffdrive_arduino/environment/library_path.dsv
[2.361s] -- Up-to-date symlink: /home/mpinho/proj_ws/install/diffdrive_arduino/share/ament_index/resource_index/package_run_dependencies/diffdrive_arduino
[2.361s] -- Up-to-date symlink: /home/mpinho/proj_ws/install/diffdrive_arduino/share/ament_index/resource_index/parent_prefix_path/diffdrive_arduino
[2.362s] -- Up-to-date symlink: /home/mpinho/proj_ws/install/diffdrive_arduino/share/diffdrive_arduino/environment/ament_prefix_path.sh
[2.362s] -- Up-to-date symlink: /home/mpinho/proj_ws/install/diffdrive_arduino/share/diffdrive_arduino/environment/ament_prefix_path.dsv
[2.362s] -- Up-to-date symlink: /home/mpinho/proj_ws/install/diffdrive_arduino/share/diffdrive_arduino/environment/path.sh
[2.363s] -- Up-to-date symlink: /home/mpinho/proj_ws/install/diffdrive_arduino/share/diffdrive_arduino/environment/path.dsv
[2.363s] -- Up-to-date symlink: /home/mpinho/proj_ws/install/diffdrive_arduino/share/diffdrive_arduino/local_setup.bash
[2.363s] -- Up-to-date symlink: /home/mpinho/proj_ws/install/diffdrive_arduino/share/diffdrive_arduino/local_setup.sh
[2.364s] -- Up-to-date symlink: /home/mpinho/proj_ws/install/diffdrive_arduino/share/diffdrive_arduino/local_setup.zsh
[2.364s] -- Up-to-date symlink: /home/mpinho/proj_ws/install/diffdrive_arduino/share/diffdrive_arduino/local_setup.dsv
[2.364s] -- Symlinking: /home/mpinho/proj_ws/install/diffdrive_arduino/share/diffdrive_arduino/package.dsv
[2.387s] -- Up-to-date symlink: /home/mpinho/proj_ws/install/diffdrive_arduino/share/ament_index/resource_index/packages/diffdrive_arduino
[2.387s] -- Up-to-date symlink: /home/mpinho/proj_ws/install/diffdrive_arduino/share/ament_index/resource_index/hardware_interface__pluginlib__plugin/diffdrive_arduino
[2.388s] -- Up-to-date symlink: /home/mpinho/proj_ws/install/diffdrive_arduino/share/diffdrive_arduino/cmake/ament_cmake_export_libraries-extras.cmake
[2.388s] -- Up-to-date symlink: /home/mpinho/proj_ws/install/diffdrive_arduino/share/diffdrive_arduino/cmake/ament_cmake_export_dependencies-extras.cmake
[2.388s] -- Up-to-date symlink: /home/mpinho/proj_ws/install/diffdrive_arduino/share/diffdrive_arduino/cmake/diffdrive_arduinoConfig.cmake
[2.388s] -- Up-to-date symlink: /home/mpinho/proj_ws/install/diffdrive_arduino/share/diffdrive_arduino/cmake/diffdrive_arduinoConfig-version.cmake
[2.389s] -- Up-to-date symlink: /home/mpinho/proj_ws/install/diffdrive_arduino/share/diffdrive_arduino/package.xml
[2.392s] Invoked command in '/home/mpinho/proj_ws/build/diffdrive_arduino' returned '0': CMAKE_PREFIX_PATH=/home/mpinho/proj_ws/install/serial:/home/mpinho/proj_ws/install/urg_node2:/home/mpinho/proj_ws/install/diffdrive_arduino:/home/mpinho/proj_ws/install/msc_aut_vehicles:/opt/ros/humble /usr/bin/cmake --install /home/mpinho/proj_ws/build/diffdrive_arduino
