[0.054s] Invoking command in '/home/mpinho/proj_ws/build/serial': CMAKE_PREFIX_PATH=${CMAKE_PREFIX_PATH}:/opt/ros/humble /usr/bin/cmake --build /home/mpinho/proj_ws/build/serial -- -j8 -l8
[0.277s] [  7%] [32mBuilding CXX object CMakeFiles/serial.dir/src/serial.cc.o[0m
[0.284s] [ 14%] [32mBuilding CXX object CMakeFiles/serial.dir/src/impl/list_ports/list_ports_linux.cc.o[0m
[0.284s] [ 21%] [32mBuilding CXX object gtest/CMakeFiles/gtest_main.dir/src/gtest_main.cc.o[0m
[0.285s] [ 28%] [32mBuilding CXX object gtest/CMakeFiles/gtest.dir/src/gtest-all.cc.o[0m
[0.285s] [ 35%] [32mBuilding CXX object CMakeFiles/serial.dir/src/impl/unix.cc.o[0m
[2.948s] [ 42%] [32m[1mLinking CXX static library libserial.a[0m
[3.137s] [ 42%] Built target serial
[3.211s] [ 50%] [32mBuilding CXX object CMakeFiles/serial_example.dir/examples/serial_example.cc.o[0m
[4.321s] [ 57%] [32m[1mLinking CXX executable serial_example[0m
[4.456s] [ 64%] [32m[1mLinking CXX static library libgtest_main.a[0m
[4.638s] [ 64%] Built target gtest_main
[4.917s] [ 64%] Built target serial_example
[10.396s] [ 71%] [32m[1mLinking CXX static library libgtest.a[0m
[10.574s] [ 71%] Built target gtest
[10.643s] [ 78%] [32mBuilding CXX object tests/CMakeFiles/serial-test-timer.dir/unit/unix_timer_tests.cc.o[0m
[10.648s] [ 85%] [32mBuilding CXX object tests/CMakeFiles/serial-test.dir/unix_serial_tests.cc.o[0m
[12.972s] [ 92%] [32m[1mLinking CXX executable serial-test-timer[0m
[13.094s] In file included from [01m[K/usr/include/boost/bind.hpp:30[m[K,
[13.095s]                  from [01m[K/home/mpinho/proj_ws/src/serial/tests/unix_serial_tests.cc:23[m[K:
[13.095s] [01m[K/usr/include/boost/bind.hpp:36:1:[m[K [01;36m[Knote: [m[K‘[01m[K#pragma message: The practice of declaring the Bind placeholders (_1, _2, ...) in the global namespace is deprecated. Please use <boost/bind/bind.hpp> + using namespace boost::placeholders, or define BOOST_BIND_GLOBAL_PLACEHOLDERS to retain the current behavior.[m[K’
[13.095s]    36 | [01;36m[KBOOST_PRAGMA_MESSAGE[m[K(
[13.095s]       | [01;36m[K^~~~~~~~~~~~~~~~~~~~[m[K
[13.454s] [ 92%] Built target serial-test-timer
[13.627s] [100%] [32m[1mLinking CXX executable serial-test[0m
[14.059s] [100%] Built target serial-test
[14.091s] Invoked command in '/home/mpinho/proj_ws/build/serial' returned '0': CMAKE_PREFIX_PATH=${CMAKE_PREFIX_PATH}:/opt/ros/humble /usr/bin/cmake --build /home/mpinho/proj_ws/build/serial -- -j8 -l8
[14.199s] Invoking command in '/home/mpinho/proj_ws/build/serial': CMAKE_PREFIX_PATH=${CMAKE_PREFIX_PATH}:/opt/ros/humble /usr/bin/cmake --install /home/mpinho/proj_ws/build/serial
[14.216s] -- Install configuration: ""
[14.217s] -- Execute custom install script
[14.218s] -- Up-to-date symlink: /home/mpinho/proj_ws/install/serial/lib/libserial.a
[14.219s] -- Up-to-date symlink: /home/mpinho/proj_ws/install/serial/include/serial/serial.h
[14.220s] -- Up-to-date symlink: /home/mpinho/proj_ws/install/serial/include/serial/v8stdint.h
[14.223s] -- Up-to-date symlink: /home/mpinho/proj_ws/install/serial/share/serial/environment/library_path.sh
[14.223s] -- Up-to-date symlink: /home/mpinho/proj_ws/install/serial/share/serial/environment/library_path.dsv
[14.224s] -- Up-to-date symlink: /home/mpinho/proj_ws/install/serial/share/ament_index/resource_index/package_run_dependencies/serial
[14.224s] -- Up-to-date symlink: /home/mpinho/proj_ws/install/serial/share/ament_index/resource_index/parent_prefix_path/serial
[14.224s] -- Up-to-date symlink: /home/mpinho/proj_ws/install/serial/share/serial/environment/ament_prefix_path.sh
[14.224s] -- Up-to-date symlink: /home/mpinho/proj_ws/install/serial/share/serial/environment/ament_prefix_path.dsv
[14.225s] -- Up-to-date symlink: /home/mpinho/proj_ws/install/serial/share/serial/environment/path.sh
[14.225s] -- Up-to-date symlink: /home/mpinho/proj_ws/install/serial/share/serial/environment/path.dsv
[14.225s] -- Up-to-date symlink: /home/mpinho/proj_ws/install/serial/share/serial/local_setup.bash
[14.225s] -- Up-to-date symlink: /home/mpinho/proj_ws/install/serial/share/serial/local_setup.sh
[14.226s] -- Up-to-date symlink: /home/mpinho/proj_ws/install/serial/share/serial/local_setup.zsh
[14.226s] -- Up-to-date symlink: /home/mpinho/proj_ws/install/serial/share/serial/local_setup.dsv
[14.226s] -- Symlinking: /home/mpinho/proj_ws/install/serial/share/serial/package.dsv
[14.244s] -- Up-to-date symlink: /home/mpinho/proj_ws/install/serial/share/ament_index/resource_index/packages/serial
[14.246s] -- Up-to-date symlink: /home/mpinho/proj_ws/install/serial/share/serial/cmake/ament_cmake_export_include_directories-extras.cmake
[14.248s] -- Up-to-date symlink: /home/mpinho/proj_ws/install/serial/share/serial/cmake/ament_cmake_export_libraries-extras.cmake
[14.250s] -- Up-to-date symlink: /home/mpinho/proj_ws/install/serial/share/serial/cmake/serialConfig.cmake
[14.250s] -- Up-to-date symlink: /home/mpinho/proj_ws/install/serial/share/serial/cmake/serialConfig-version.cmake
[14.250s] -- Up-to-date symlink: /home/mpinho/proj_ws/install/serial/share/serial/package.xml
[14.256s] Invoked command in '/home/mpinho/proj_ws/build/serial' returned '0': CMAKE_PREFIX_PATH=${CMAKE_PREFIX_PATH}:/opt/ros/humble /usr/bin/cmake --install /home/mpinho/proj_ws/build/serial
