Traceback (most recent call last):
  File "/home/mpinho/proj_ws/build/msc_aut_vehicles/ament_cmake_python/msc_aut_vehicles/setup.py", line 1, in <module>
    from setuptools import find_packages
  File "/home/mpinho/.local/lib/python3.10/site-packages/setuptools/__init__.py", line 16, in <module>
    import setuptools.version
  File "/home/mpinho/.local/lib/python3.10/site-packages/setuptools/version.py", line 1, in <module>
    import pkg_resources
  File "/home/mpinho/.local/lib/python3.10/site-packages/pkg_resources/__init__.py", line 76, in <module>
    __import__('pkg_resources.extern.packaging.version')
  File "/home/mpinho/.local/lib/python3.10/site-packages/pkg_resources/_vendor/packaging/version.py", line 267, in <module>
    class Version(_BaseVersion):
  File "/home/mpinho/.local/lib/python3.10/site-packages/pkg_resources/_vendor/packaging/version.py", line 269, in Version
    _regex = re.compile(r"^\s*" + VERSION_PATTERN + r"\s*$", re.VERBOSE | re.IGNORECASE)
  File "/usr/lib/python3.10/re.py", line 251, in compile
    return _compile(pattern, flags)
  File "/usr/lib/python3.10/re.py", line 303, in _compile
    p = sre_compile.compile(pattern, flags)
  File "/usr/lib/python3.10/sre_compile.py", line 788, in compile
    p = sre_parse.parse(p, flags)
  File "/usr/lib/python3.10/sre_parse.py", line 955, in parse
    p = _parse_sub(source, state, flags & SRE_FLAG_VERBOSE, 0)
  File "/usr/lib/python3.10/sre_parse.py", line 444, in _parse_sub
    itemsappend(_parse(source, state, verbose, nested + 1,
  File "/usr/lib/python3.10/sre_parse.py", line 841, in _parse
    p = _parse_sub(source, state, sub_verbose, nested + 1)
  File "/usr/lib/python3.10/sre_parse.py", line 444, in _parse_sub
    itemsappend(_parse(source, state, verbose, nested + 1,
  File "/usr/lib/python3.10/sre_parse.py", line 841, in _parse
    p = _parse_sub(source, state, sub_verbose, nested + 1)
  File "/usr/lib/python3.10/sre_parse.py", line 444, in _parse_sub
    itemsappend(_parse(source, state, verbose, nested + 1,
  File "/usr/lib/python3.10/sre_parse.py", line 841, in _parse
    p = _parse_sub(source, state, sub_verbose, nested + 1)
  File "/usr/lib/python3.10/sre_parse.py", line 444, in _parse_sub
    itemsappend(_parse(source, state, verbose, nested + 1,
  File "/usr/lib/python3.10/sre_parse.py", line 516, in _parse
    if this in WHITESPACE:
KeyboardInterrupt
gmake[2]: *** [CMakeFiles/ament_cmake_python_build_msc_aut_vehicles_egg.dir/build.make:70: CMakeFiles/ament_cmake_python_build_msc_aut_vehicles_egg] Interrupt
gmake[1]: *** [CMakeFiles/Makefile2:164: CMakeFiles/ament_cmake_python_build_msc_aut_vehicles_egg.dir/all] Interrupt
gmake: *** [Makefile:146: all] Interrupt
