[0.049s] Invoking command in '/home/mpinho/proj_ws/src/build/msc_aut_vehicles': CMAKE_PREFIX_PATH=${CMAKE_PREFIX_PATH}:/opt/ros/humble /usr/bin/cmake --build /home/mpinho/proj_ws/src/build/msc_aut_vehicles -- -j8 -l8
[0.142s] -- Found ament_cmake: 1.3.9 (/opt/ros/humble/share/ament_cmake/cmake)
[0.658s] -- Override CMake install command with custom implementation using symlinks instead of copying resources
[0.852s] -- Found rclpy: 3.3.13 (/opt/ros/humble/share/rclpy/cmake)
[0.855s] -- Found ament_lint_auto: 0.12.11 (/opt/ros/humble/share/ament_lint_auto/cmake)
[1.309s] -- Added test 'copyright' to check source files copyright and LICENSE
[1.414s] -- Added test 'flake8' to check Python code syntax and style conventions
[1.434s] -- Added test 'lint_cmake' to check CMake code style
[1.466s] -- Added test 'pep257' to check Python code against some of the docstring style conventions in PEP 257
[1.509s] -- Added test 'xmllint' to check XML markup files
[1.517s] -- Configuring done
[1.545s] -- Generating done
[1.549s] -- Build files have been written to: /home/mpinho/proj_ws/src/build/msc_aut_vehicles
[1.660s] Built target ament_cmake_python_symlink_msc_aut_vehicles
[2.445s] running egg_info
[2.445s] writing msc_aut_vehicles.egg-info/PKG-INFO
[2.446s] writing dependency_links to msc_aut_vehicles.egg-info/dependency_links.txt
[2.447s] writing top-level names to msc_aut_vehicles.egg-info/top_level.txt
[2.461s] reading manifest file 'msc_aut_vehicles.egg-info/SOURCES.txt'
[2.464s] writing manifest file 'msc_aut_vehicles.egg-info/SOURCES.txt'
[2.558s] Built target ament_cmake_python_build_msc_aut_vehicles_egg
[2.583s] Invoked command in '/home/mpinho/proj_ws/src/build/msc_aut_vehicles' returned '0': CMAKE_PREFIX_PATH=${CMAKE_PREFIX_PATH}:/opt/ros/humble /usr/bin/cmake --build /home/mpinho/proj_ws/src/build/msc_aut_vehicles -- -j8 -l8
[2.665s] Invoking command in '/home/mpinho/proj_ws/src/build/msc_aut_vehicles': CMAKE_PREFIX_PATH=${CMAKE_PREFIX_PATH}:/opt/ros/humble /usr/bin/cmake --install /home/mpinho/proj_ws/src/build/msc_aut_vehicles
[2.687s] -- Install configuration: ""
[2.689s] -- Execute custom install script
[2.691s] -- Up-to-date symlink: /home/mpinho/proj_ws/src/install/msc_aut_vehicles/share/msc_aut_vehicles/config/collision_monitor_params.yaml
[2.691s] -- Up-to-date symlink: /home/mpinho/proj_ws/src/install/msc_aut_vehicles/share/msc_aut_vehicles/config/cost_map.rviz
[2.692s] -- Up-to-date symlink: /home/mpinho/proj_ws/src/install/msc_aut_vehicles/share/msc_aut_vehicles/config/empty.yaml
[2.692s] -- Up-to-date symlink: /home/mpinho/proj_ws/src/install/msc_aut_vehicles/share/msc_aut_vehicles/config/gazebo_params.yaml
[2.692s] -- Up-to-date symlink: /home/mpinho/proj_ws/src/install/msc_aut_vehicles/share/msc_aut_vehicles/config/joint_names_Devastator2.yaml
[2.693s] -- Up-to-date symlink: /home/mpinho/proj_ws/src/install/msc_aut_vehicles/share/msc_aut_vehicles/config/joystick.yaml
[2.694s] -- Up-to-date symlink: /home/mpinho/proj_ws/src/install/msc_aut_vehicles/share/msc_aut_vehicles/config/mapper_params_online_async.yaml
[2.694s] -- Up-to-date symlink: /home/mpinho/proj_ws/src/install/msc_aut_vehicles/share/msc_aut_vehicles/config/mapper_params_online_sync.yaml
[2.694s] -- Up-to-date symlink: /home/mpinho/proj_ws/src/install/msc_aut_vehicles/share/msc_aut_vehicles/config/my_controllers.yaml
[2.694s] -- Up-to-date symlink: /home/mpinho/proj_ws/src/install/msc_aut_vehicles/share/msc_aut_vehicles/config/nav2_params.yaml
[2.698s] -- Up-to-date symlink: /home/mpinho/proj_ws/src/install/msc_aut_vehicles/share/msc_aut_vehicles/config/odom.rviz
[2.699s] -- Up-to-date symlink: /home/mpinho/proj_ws/src/install/msc_aut_vehicles/share/msc_aut_vehicles/config/poligons.rviz
[2.700s] -- Up-to-date symlink: /home/mpinho/proj_ws/src/install/msc_aut_vehicles/share/msc_aut_vehicles/config/slam.rviz
[2.700s] -- Up-to-date symlink: /home/mpinho/proj_ws/src/install/msc_aut_vehicles/share/msc_aut_vehicles/config/twist_mux.yaml
[2.700s] -- Up-to-date symlink: /home/mpinho/proj_ws/src/install/msc_aut_vehicles/share/msc_aut_vehicles/config/view_rviz.rviz
[2.700s] -- Up-to-date symlink: /home/mpinho/proj_ws/src/install/msc_aut_vehicles/share/msc_aut_vehicles/description/camera.xacro
[2.700s] -- Up-to-date symlink: /home/mpinho/proj_ws/src/install/msc_aut_vehicles/share/msc_aut_vehicles/description/depth_camera.xacro
[2.700s] -- Symlinking: /home/mpinho/proj_ws/src/install/msc_aut_vehicles/share/msc_aut_vehicles/description/devastator.urdf.xacro
[2.721s] -- Symlinking: /home/mpinho/proj_ws/src/install/msc_aut_vehicles/share/msc_aut_vehicles/description/devastator_solidworks.urdf.xacro
[2.743s] -- Up-to-date symlink: /home/mpinho/proj_ws/src/install/msc_aut_vehicles/share/msc_aut_vehicles/description/gazebo_control.xacro
[2.748s] -- Up-to-date symlink: /home/mpinho/proj_ws/src/install/msc_aut_vehicles/share/msc_aut_vehicles/description/inertial_macros.xacro
[2.748s] -- Up-to-date symlink: /home/mpinho/proj_ws/src/install/msc_aut_vehicles/share/msc_aut_vehicles/description/lidar.xacro
[2.749s] -- Up-to-date symlink: /home/mpinho/proj_ws/src/install/msc_aut_vehicles/share/msc_aut_vehicles/description/robot.urdf.xacro
[2.749s] -- Up-to-date symlink: /home/mpinho/proj_ws/src/install/msc_aut_vehicles/share/msc_aut_vehicles/description/robot_core.xacro
[2.749s] -- Up-to-date symlink: /home/mpinho/proj_ws/src/install/msc_aut_vehicles/share/msc_aut_vehicles/description/ros2_control.xacro
[2.750s] -- Up-to-date symlink: /home/mpinho/proj_ws/src/install/msc_aut_vehicles/share/msc_aut_vehicles/launch/collision_monitor_node.launch.py
[2.751s] -- Up-to-date symlink: /home/mpinho/proj_ws/src/install/msc_aut_vehicles/share/msc_aut_vehicles/launch/gazebo.launch.py
[2.751s] -- Up-to-date symlink: /home/mpinho/proj_ws/src/install/msc_aut_vehicles/share/msc_aut_vehicles/launch/joystick.launch.py
[2.751s] -- Up-to-date symlink: /home/mpinho/proj_ws/src/install/msc_aut_vehicles/share/msc_aut_vehicles/launch/launch_robot.launch.py
[2.751s] -- Up-to-date symlink: /home/mpinho/proj_ws/src/install/msc_aut_vehicles/share/msc_aut_vehicles/launch/launch_sim.launch.py
[2.751s] -- Up-to-date symlink: /home/mpinho/proj_ws/src/install/msc_aut_vehicles/share/msc_aut_vehicles/launch/localization_launch.py
[2.751s] -- Up-to-date symlink: /home/mpinho/proj_ws/src/install/msc_aut_vehicles/share/msc_aut_vehicles/launch/navigation_launch.py
[2.751s] -- Up-to-date symlink: /home/mpinho/proj_ws/src/install/msc_aut_vehicles/share/msc_aut_vehicles/launch/obstacle_avoidance.launch.py
[2.752s] -- Up-to-date symlink: /home/mpinho/proj_ws/src/install/msc_aut_vehicles/share/msc_aut_vehicles/launch/online_async_launch.py
[2.752s] -- Up-to-date symlink: /home/mpinho/proj_ws/src/install/msc_aut_vehicles/share/msc_aut_vehicles/launch/online_sync_launch.py
[2.752s] -- Up-to-date symlink: /home/mpinho/proj_ws/src/install/msc_aut_vehicles/share/msc_aut_vehicles/launch/rplidar.launch.py
[2.752s] -- Up-to-date symlink: /home/mpinho/proj_ws/src/install/msc_aut_vehicles/share/msc_aut_vehicles/launch/rsp.launch.py
[2.752s] -- Symlinking: /home/mpinho/proj_ws/src/install/msc_aut_vehicles/share/msc_aut_vehicles/launch/urg_node2.launch.py
[2.770s] -- Up-to-date symlink: /home/mpinho/proj_ws/src/install/msc_aut_vehicles/share/msc_aut_vehicles/worlds/empty.world
[2.770s] -- Up-to-date symlink: /home/mpinho/proj_ws/src/install/msc_aut_vehicles/share/msc_aut_vehicles/worlds/obstacles.world
[2.771s] -- Up-to-date symlink: /home/mpinho/proj_ws/src/install/msc_aut_vehicles/share/msc_aut_vehicles/worlds/small_house.world
[2.772s] -- Up-to-date symlink: /home/mpinho/proj_ws/src/install/msc_aut_vehicles/share/msc_aut_vehicles/worlds/world.model
[2.773s] -- Up-to-date symlink: /home/mpinho/proj_ws/src/install/msc_aut_vehicles/share/msc_aut_vehicles/environment/pythonpath.sh
[2.773s] -- Up-to-date symlink: /home/mpinho/proj_ws/src/install/msc_aut_vehicles/share/msc_aut_vehicles/environment/pythonpath.dsv
[2.773s] -- Up-to-date symlink: /home/mpinho/proj_ws/src/install/msc_aut_vehicles/local/lib/python3.10/dist-packages/msc_aut_vehicles-0.0.0-py3.10.egg-info/PKG-INFO
[2.774s] -- Up-to-date symlink: /home/mpinho/proj_ws/src/install/msc_aut_vehicles/local/lib/python3.10/dist-packages/msc_aut_vehicles-0.0.0-py3.10.egg-info/SOURCES.txt
[2.774s] -- Up-to-date symlink: /home/mpinho/proj_ws/src/install/msc_aut_vehicles/local/lib/python3.10/dist-packages/msc_aut_vehicles-0.0.0-py3.10.egg-info/dependency_links.txt
[2.776s] -- Up-to-date symlink: /home/mpinho/proj_ws/src/install/msc_aut_vehicles/local/lib/python3.10/dist-packages/msc_aut_vehicles-0.0.0-py3.10.egg-info/top_level.txt
[2.776s] -- Up-to-date symlink: /home/mpinho/proj_ws/src/install/msc_aut_vehicles/local/lib/python3.10/dist-packages/msc_aut_vehicles/__init__.py
[2.776s] -- Up-to-date symlink: /home/mpinho/proj_ws/src/install/msc_aut_vehicles/lib/msc_aut_vehicles/example_waypoint_follower.py
[2.778s] -- Symlinking: /home/mpinho/proj_ws/src/install/msc_aut_vehicles/share/msc_aut_vehicles/meshes/base_link.STL
[2.800s] -- Symlinking: /home/mpinho/proj_ws/src/install/msc_aut_vehicles/share/msc_aut_vehicles/meshes/left_wheel.STL
[2.819s] -- Symlinking: /home/mpinho/proj_ws/src/install/msc_aut_vehicles/share/msc_aut_vehicles/meshes/left_wheel2.STL
[2.839s] -- Symlinking: /home/mpinho/proj_ws/src/install/msc_aut_vehicles/share/msc_aut_vehicles/meshes/left_wheel3.STL
[2.859s] -- Symlinking: /home/mpinho/proj_ws/src/install/msc_aut_vehicles/share/msc_aut_vehicles/meshes/left_wheel4.STL
[2.881s] -- Symlinking: /home/mpinho/proj_ws/src/install/msc_aut_vehicles/share/msc_aut_vehicles/meshes/left_wheel5.STL
[2.898s] -- Symlinking: /home/mpinho/proj_ws/src/install/msc_aut_vehicles/share/msc_aut_vehicles/meshes/right_wheel.STL
[2.917s] -- Symlinking: /home/mpinho/proj_ws/src/install/msc_aut_vehicles/share/msc_aut_vehicles/meshes/right_wheel2.STL
[2.935s] -- Symlinking: /home/mpinho/proj_ws/src/install/msc_aut_vehicles/share/msc_aut_vehicles/meshes/right_wheel3.STL
[2.955s] -- Symlinking: /home/mpinho/proj_ws/src/install/msc_aut_vehicles/share/msc_aut_vehicles/meshes/right_wheel4.STL
[2.972s] -- Symlinking: /home/mpinho/proj_ws/src/install/msc_aut_vehicles/share/msc_aut_vehicles/meshes/right_wheel5.STL
[2.991s] -- Up-to-date symlink: /home/mpinho/proj_ws/src/install/msc_aut_vehicles/share/ament_index/resource_index/package_run_dependencies/msc_aut_vehicles
[2.992s] -- Up-to-date symlink: /home/mpinho/proj_ws/src/install/msc_aut_vehicles/share/ament_index/resource_index/parent_prefix_path/msc_aut_vehicles
[2.992s] -- Up-to-date symlink: /home/mpinho/proj_ws/src/install/msc_aut_vehicles/share/msc_aut_vehicles/environment/ament_prefix_path.sh
[2.993s] -- Up-to-date symlink: /home/mpinho/proj_ws/src/install/msc_aut_vehicles/share/msc_aut_vehicles/environment/ament_prefix_path.dsv
[2.993s] -- Up-to-date symlink: /home/mpinho/proj_ws/src/install/msc_aut_vehicles/share/msc_aut_vehicles/environment/path.sh
[2.993s] -- Up-to-date symlink: /home/mpinho/proj_ws/src/install/msc_aut_vehicles/share/msc_aut_vehicles/environment/path.dsv
[2.993s] -- Up-to-date symlink: /home/mpinho/proj_ws/src/install/msc_aut_vehicles/share/msc_aut_vehicles/local_setup.bash
[2.994s] -- Up-to-date symlink: /home/mpinho/proj_ws/src/install/msc_aut_vehicles/share/msc_aut_vehicles/local_setup.sh
[2.994s] -- Up-to-date symlink: /home/mpinho/proj_ws/src/install/msc_aut_vehicles/share/msc_aut_vehicles/local_setup.zsh
[2.994s] -- Up-to-date symlink: /home/mpinho/proj_ws/src/install/msc_aut_vehicles/share/msc_aut_vehicles/local_setup.dsv
[2.995s] -- Symlinking: /home/mpinho/proj_ws/src/install/msc_aut_vehicles/share/msc_aut_vehicles/package.dsv
[3.014s] -- Up-to-date symlink: /home/mpinho/proj_ws/src/install/msc_aut_vehicles/share/ament_index/resource_index/packages/msc_aut_vehicles
[3.016s] -- Up-to-date symlink: /home/mpinho/proj_ws/src/install/msc_aut_vehicles/share/msc_aut_vehicles/cmake/msc_aut_vehiclesConfig.cmake
[3.016s] -- Up-to-date symlink: /home/mpinho/proj_ws/src/install/msc_aut_vehicles/share/msc_aut_vehicles/cmake/msc_aut_vehiclesConfig-version.cmake
[3.016s] -- Up-to-date symlink: /home/mpinho/proj_ws/src/install/msc_aut_vehicles/share/msc_aut_vehicles/package.xml
[3.088s] Listing '/home/mpinho/proj_ws/src/install/msc_aut_vehicles/local/lib/python3.10/dist-packages/msc_aut_vehicles'...
[3.106s] Invoked command in '/home/mpinho/proj_ws/src/build/msc_aut_vehicles' returned '0': CMAKE_PREFIX_PATH=${CMAKE_PREFIX_PATH}:/opt/ros/humble /usr/bin/cmake --install /home/mpinho/proj_ws/src/build/msc_aut_vehicles
