[0.686s] Invoking command in '/home/mpinho/proj_ws/src/build/msc_aut_vehicles': CMAKE_PREFIX_PATH=${CMAKE_PREFIX_PATH}:/home/mpinho/proj_ws/install/joy_tester:/opt/ros/humble /usr/bin/cmake --build /home/mpinho/proj_ws/src/build/msc_aut_vehicles -- -j8 -l8
[0.800s] Built target ament_cmake_python_symlink_msc_aut_vehicles
[1.424s] running egg_info
[1.425s] writing msc_aut_vehicles.egg-info/PKG-INFO
[1.426s] writing dependency_links to msc_aut_vehicles.egg-info/dependency_links.txt
[1.426s] writing top-level names to msc_aut_vehicles.egg-info/top_level.txt
[1.432s] reading manifest file 'msc_aut_vehicles.egg-info/SOURCES.txt'
[1.434s] writing manifest file 'msc_aut_vehicles.egg-info/SOURCES.txt'
[1.503s] Built target ament_cmake_python_build_msc_aut_vehicles_egg
[1.532s] Invoked command in '/home/mpinho/proj_ws/src/build/msc_aut_vehicles' returned '0': CMAKE_PREFIX_PATH=${CMAKE_PREFIX_PATH}:/home/mpinho/proj_ws/install/joy_tester:/opt/ros/humble /usr/bin/cmake --build /home/mpinho/proj_ws/src/build/msc_aut_vehicles -- -j8 -l8
[1.590s] Invoking command in '/home/mpinho/proj_ws/src/build/msc_aut_vehicles': CMAKE_PREFIX_PATH=${CMAKE_PREFIX_PATH}:/home/mpinho/proj_ws/install/joy_tester:/opt/ros/humble /usr/bin/cmake --install /home/mpinho/proj_ws/src/build/msc_aut_vehicles
[1.606s] -- Install configuration: ""
[1.606s] -- Execute custom install script
[1.607s] -- Up-to-date symlink: /home/mpinho/proj_ws/src/install/msc_aut_vehicles/share/msc_aut_vehicles/config/collision_monitor_params.yaml
[1.607s] -- Up-to-date symlink: /home/mpinho/proj_ws/src/install/msc_aut_vehicles/share/msc_aut_vehicles/config/cost_map.rviz
[1.608s] -- Up-to-date symlink: /home/mpinho/proj_ws/src/install/msc_aut_vehicles/share/msc_aut_vehicles/config/empty.yaml
[1.608s] -- Up-to-date symlink: /home/mpinho/proj_ws/src/install/msc_aut_vehicles/share/msc_aut_vehicles/config/gazebo_params.yaml
[1.609s] -- Up-to-date symlink: /home/mpinho/proj_ws/src/install/msc_aut_vehicles/share/msc_aut_vehicles/config/joystick.yaml
[1.609s] -- Up-to-date symlink: /home/mpinho/proj_ws/src/install/msc_aut_vehicles/share/msc_aut_vehicles/config/mapper_params_online_async.yaml
[1.609s] -- Up-to-date symlink: /home/mpinho/proj_ws/src/install/msc_aut_vehicles/share/msc_aut_vehicles/config/mapper_params_online_sync.yaml
[1.609s] -- Up-to-date symlink: /home/mpinho/proj_ws/src/install/msc_aut_vehicles/share/msc_aut_vehicles/config/my_controllers.yaml
[1.610s] -- Up-to-date symlink: /home/mpinho/proj_ws/src/install/msc_aut_vehicles/share/msc_aut_vehicles/config/nav2_params.yaml
[1.610s] -- Up-to-date symlink: /home/mpinho/proj_ws/src/install/msc_aut_vehicles/share/msc_aut_vehicles/config/odom.rviz
[1.610s] -- Up-to-date symlink: /home/mpinho/proj_ws/src/install/msc_aut_vehicles/share/msc_aut_vehicles/config/poligons.rviz
[1.610s] -- Up-to-date symlink: /home/mpinho/proj_ws/src/install/msc_aut_vehicles/share/msc_aut_vehicles/config/slam.rviz
[1.610s] -- Up-to-date symlink: /home/mpinho/proj_ws/src/install/msc_aut_vehicles/share/msc_aut_vehicles/config/twist_mux.yaml
[1.610s] -- Up-to-date symlink: /home/mpinho/proj_ws/src/install/msc_aut_vehicles/share/msc_aut_vehicles/config/view_rviz.rviz
[1.611s] -- Up-to-date symlink: /home/mpinho/proj_ws/src/install/msc_aut_vehicles/share/msc_aut_vehicles/description/camera.xacro
[1.611s] -- Up-to-date symlink: /home/mpinho/proj_ws/src/install/msc_aut_vehicles/share/msc_aut_vehicles/description/depth_camera.xacro
[1.611s] -- Up-to-date symlink: /home/mpinho/proj_ws/src/install/msc_aut_vehicles/share/msc_aut_vehicles/description/gazebo_control.xacro
[1.611s] -- Up-to-date symlink: /home/mpinho/proj_ws/src/install/msc_aut_vehicles/share/msc_aut_vehicles/description/inertial_macros.xacro
[1.612s] -- Up-to-date symlink: /home/mpinho/proj_ws/src/install/msc_aut_vehicles/share/msc_aut_vehicles/description/lidar.xacro
[1.612s] -- Up-to-date symlink: /home/mpinho/proj_ws/src/install/msc_aut_vehicles/share/msc_aut_vehicles/description/robot.urdf.xacro
[1.612s] -- Up-to-date symlink: /home/mpinho/proj_ws/src/install/msc_aut_vehicles/share/msc_aut_vehicles/description/robot_core.xacro
[1.613s] -- Up-to-date symlink: /home/mpinho/proj_ws/src/install/msc_aut_vehicles/share/msc_aut_vehicles/description/ros2_control.xacro
[1.614s] -- Up-to-date symlink: /home/mpinho/proj_ws/src/install/msc_aut_vehicles/share/msc_aut_vehicles/launch/collision_monitor_node.launch.py
[1.614s] -- Up-to-date symlink: /home/mpinho/proj_ws/src/install/msc_aut_vehicles/share/msc_aut_vehicles/launch/joystick.launch.py
[1.615s] -- Up-to-date symlink: /home/mpinho/proj_ws/src/install/msc_aut_vehicles/share/msc_aut_vehicles/launch/launch_robot.launch.py
[1.615s] -- Up-to-date symlink: /home/mpinho/proj_ws/src/install/msc_aut_vehicles/share/msc_aut_vehicles/launch/launch_sim.launch.py
[1.615s] -- Up-to-date symlink: /home/mpinho/proj_ws/src/install/msc_aut_vehicles/share/msc_aut_vehicles/launch/localization_launch.py
[1.616s] -- Up-to-date symlink: /home/mpinho/proj_ws/src/install/msc_aut_vehicles/share/msc_aut_vehicles/launch/navigation_launch.py
[1.616s] -- Up-to-date symlink: /home/mpinho/proj_ws/src/install/msc_aut_vehicles/share/msc_aut_vehicles/launch/obstacle_avoidance.launch.py
[1.616s] -- Up-to-date symlink: /home/mpinho/proj_ws/src/install/msc_aut_vehicles/share/msc_aut_vehicles/launch/online_async_launch.py
[1.616s] -- Up-to-date symlink: /home/mpinho/proj_ws/src/install/msc_aut_vehicles/share/msc_aut_vehicles/launch/online_sync_launch.py
[1.617s] -- Up-to-date symlink: /home/mpinho/proj_ws/src/install/msc_aut_vehicles/share/msc_aut_vehicles/launch/rplidar.launch.py
[1.617s] -- Up-to-date symlink: /home/mpinho/proj_ws/src/install/msc_aut_vehicles/share/msc_aut_vehicles/launch/rsp.launch.py
[1.617s] -- Up-to-date symlink: /home/mpinho/proj_ws/src/install/msc_aut_vehicles/share/msc_aut_vehicles/worlds/empty.world
[1.617s] -- Up-to-date symlink: /home/mpinho/proj_ws/src/install/msc_aut_vehicles/share/msc_aut_vehicles/worlds/obstacles.world
[1.618s] -- Up-to-date symlink: /home/mpinho/proj_ws/src/install/msc_aut_vehicles/share/msc_aut_vehicles/worlds/small_house.world
[1.618s] -- Up-to-date symlink: /home/mpinho/proj_ws/src/install/msc_aut_vehicles/share/msc_aut_vehicles/worlds/world.model
[1.618s] -- Up-to-date symlink: /home/mpinho/proj_ws/src/install/msc_aut_vehicles/share/msc_aut_vehicles/environment/pythonpath.sh
[1.619s] -- Up-to-date symlink: /home/mpinho/proj_ws/src/install/msc_aut_vehicles/share/msc_aut_vehicles/environment/pythonpath.dsv
[1.619s] -- Up-to-date symlink: /home/mpinho/proj_ws/src/install/msc_aut_vehicles/local/lib/python3.10/dist-packages/msc_aut_vehicles-0.0.0-py3.10.egg-info/PKG-INFO
[1.620s] -- Up-to-date symlink: /home/mpinho/proj_ws/src/install/msc_aut_vehicles/local/lib/python3.10/dist-packages/msc_aut_vehicles-0.0.0-py3.10.egg-info/SOURCES.txt
[1.621s] -- Up-to-date symlink: /home/mpinho/proj_ws/src/install/msc_aut_vehicles/local/lib/python3.10/dist-packages/msc_aut_vehicles-0.0.0-py3.10.egg-info/dependency_links.txt
[1.621s] -- Up-to-date symlink: /home/mpinho/proj_ws/src/install/msc_aut_vehicles/local/lib/python3.10/dist-packages/msc_aut_vehicles-0.0.0-py3.10.egg-info/top_level.txt
[1.621s] -- Up-to-date symlink: /home/mpinho/proj_ws/src/install/msc_aut_vehicles/local/lib/python3.10/dist-packages/msc_aut_vehicles/__init__.py
[1.622s] -- Up-to-date symlink: /home/mpinho/proj_ws/src/install/msc_aut_vehicles/lib/msc_aut_vehicles/example_waypoint_follower.py
[1.687s] Listing '/home/mpinho/proj_ws/src/install/msc_aut_vehicles/local/lib/python3.10/dist-packages/msc_aut_vehicles'...
[1.703s] Invoked command in '/home/mpinho/proj_ws/src/build/msc_aut_vehicles' returned '0': CMAKE_PREFIX_PATH=${CMAKE_PREFIX_PATH}:/home/mpinho/proj_ws/install/joy_tester:/opt/ros/humble /usr/bin/cmake --install /home/mpinho/proj_ws/src/build/msc_aut_vehicles
