[0.125s] Invoking command in '/home/mpinho/proj_ws/build/serial': CMAKE_PREFIX_PATH=${CMAKE_PREFIX_PATH}:/opt/ros/humble /usr/bin/cmake /home/mpinho/proj_ws/src/serial -DAMENT_CMAKE_SYMLINK_INSTALL=1 -DCMAKE_INSTALL_PREFIX=/home/mpinho/proj_ws/install/serial
[0.528s] -- Found ament_cmake: 1.3.10 (/opt/ros/humble/share/ament_cmake/cmake)
[1.186s] -- Override CMake install command with custom implementation using symlinks instead of copying resources
[1.781s] -- Found ament_cmake_gtest: 1.3.10 (/opt/ros/humble/share/ament_cmake_gtest/cmake)
[1.940s] -- Found gtest sources under '/opt/ros/humble/src/gtest_vendor': C++ tests using 'Google Test' will be built
[2.314s] -- Configuring done
[2.414s] -- Generating done
[2.418s] -- Build files have been written to: /home/mpinho/proj_ws/build/serial
[2.424s] Invoked command in '/home/mpinho/proj_ws/build/serial' returned '0': CMAKE_PREFIX_PATH=${CMAKE_PREFIX_PATH}:/opt/ros/humble /usr/bin/cmake /home/mpinho/proj_ws/src/serial -DAMENT_CMAKE_SYMLINK_INSTALL=1 -DCMAKE_INSTALL_PREFIX=/home/mpinho/proj_ws/install/serial
[2.429s] Invoking command in '/home/mpinho/proj_ws/build/serial': CMAKE_PREFIX_PATH=${CMAKE_PREFIX_PATH}:/opt/ros/humble /usr/bin/cmake --build /home/mpinho/proj_ws/build/serial -- -j8 -l8
[2.545s] [35m[1mConsolidate compiler generated dependencies of target gtest_main[0m
[2.545s] [35m[1mConsolidate compiler generated dependencies of target gtest[0m
[2.546s] [35m[1mConsolidate compiler generated dependencies of target serial[0m
[2.579s] [ 14%] [32mBuilding CXX object CMakeFiles/serial.dir/src/impl/unix.cc.o[0m
[2.579s] [ 14%] [32mBuilding CXX object CMakeFiles/serial.dir/src/serial.cc.o[0m
[2.579s] [ 21%] [32mBuilding CXX object CMakeFiles/serial.dir/src/impl/list_ports/list_ports_linux.cc.o[0m
[2.609s] [ 35%] [32mBuilding CXX object gtest/CMakeFiles/gtest_main.dir/src/gtest_main.cc.o[0m
[2.609s] [ 35%] [32mBuilding CXX object gtest/CMakeFiles/gtest.dir/src/gtest-all.cc.o[0m
[6.742s] [ 42%] [32m[1mLinking CXX static library libserial.a[0m
[6.895s] [ 42%] Built target serial
[6.922s] [35m[1mConsolidate compiler generated dependencies of target serial_example[0m
[6.955s] [ 50%] [32mBuilding CXX object CMakeFiles/serial_example.dir/examples/serial_example.cc.o[0m
[7.558s] [ 57%] [32m[1mLinking CXX static library libgtest_main.a[0m
[7.620s] [ 64%] [32m[1mLinking CXX executable serial_example[0m
[7.645s] [ 64%] Built target gtest_main
[8.078s] [ 64%] Built target serial_example
[12.552s] [ 71%] [32m[1mLinking CXX static library libgtest.a[0m
[12.706s] [ 71%] Built target gtest
[12.728s] [35m[1mConsolidate compiler generated dependencies of target serial-test[0m
[12.728s] [35m[1mConsolidate compiler generated dependencies of target serial-test-timer[0m
[12.757s] [ 78%] [32mBuilding CXX object tests/CMakeFiles/serial-test.dir/unix_serial_tests.cc.o[0m
[12.758s] [ 85%] [32mBuilding CXX object tests/CMakeFiles/serial-test-timer.dir/unit/unix_timer_tests.cc.o[0m
[15.064s] In file included from [01m[K/usr/include/boost/bind.hpp:30[m[K,
[15.064s]                  from [01m[K/home/mpinho/proj_ws/src/serial/tests/unix_serial_tests.cc:23[m[K:
[15.064s] [01m[K/usr/include/boost/bind.hpp:36:1:[m[K [01;36m[Knote: [m[K‘[01m[K#pragma message: The practice of declaring the Bind placeholders (_1, _2, ...) in the global namespace is deprecated. Please use <boost/bind/bind.hpp> + using namespace boost::placeholders, or define BOOST_BIND_GLOBAL_PLACEHOLDERS to retain the current behavior.[m[K’
[15.064s]    36 | [01;36m[KBOOST_PRAGMA_MESSAGE[m[K(
[15.065s]       | [01;36m[K^~~~~~~~~~~~~~~~~~~~[m[K
[15.253s] [ 92%] [32m[1mLinking CXX executable serial-test-timer[0m
[15.538s] [100%] [32m[1mLinking CXX executable serial-test[0m
[15.685s] [100%] Built target serial-test-timer
[16.069s] [100%] Built target serial-test
[16.097s] Invoked command in '/home/mpinho/proj_ws/build/serial' returned '0': CMAKE_PREFIX_PATH=${CMAKE_PREFIX_PATH}:/opt/ros/humble /usr/bin/cmake --build /home/mpinho/proj_ws/build/serial -- -j8 -l8
[16.193s] Invoking command in '/home/mpinho/proj_ws/build/serial': CMAKE_PREFIX_PATH=${CMAKE_PREFIX_PATH}:/opt/ros/humble /usr/bin/cmake --install /home/mpinho/proj_ws/build/serial
[16.207s] -- Install configuration: ""
[16.209s] -- Execute custom install script
[16.210s] -- Up-to-date symlink: /home/mpinho/proj_ws/install/serial/lib/libserial.a
[16.211s] -- Up-to-date symlink: /home/mpinho/proj_ws/install/serial/include/serial/serial.h
[16.212s] -- Up-to-date symlink: /home/mpinho/proj_ws/install/serial/include/serial/v8stdint.h
[16.212s] -- Up-to-date symlink: /home/mpinho/proj_ws/install/serial/share/serial/environment/library_path.sh
[16.213s] -- Up-to-date symlink: /home/mpinho/proj_ws/install/serial/share/serial/environment/library_path.dsv
[16.213s] -- Up-to-date symlink: /home/mpinho/proj_ws/install/serial/share/ament_index/resource_index/package_run_dependencies/serial
[16.214s] -- Up-to-date symlink: /home/mpinho/proj_ws/install/serial/share/ament_index/resource_index/parent_prefix_path/serial
[16.214s] -- Up-to-date symlink: /home/mpinho/proj_ws/install/serial/share/serial/environment/ament_prefix_path.sh
[16.214s] -- Up-to-date symlink: /home/mpinho/proj_ws/install/serial/share/serial/environment/ament_prefix_path.dsv
[16.214s] -- Up-to-date symlink: /home/mpinho/proj_ws/install/serial/share/serial/environment/path.sh
[16.215s] -- Up-to-date symlink: /home/mpinho/proj_ws/install/serial/share/serial/environment/path.dsv
[16.215s] -- Up-to-date symlink: /home/mpinho/proj_ws/install/serial/share/serial/local_setup.bash
[16.215s] -- Up-to-date symlink: /home/mpinho/proj_ws/install/serial/share/serial/local_setup.sh
[16.216s] -- Up-to-date symlink: /home/mpinho/proj_ws/install/serial/share/serial/local_setup.zsh
[16.217s] -- Up-to-date symlink: /home/mpinho/proj_ws/install/serial/share/serial/local_setup.dsv
[16.217s] -- Symlinking: /home/mpinho/proj_ws/install/serial/share/serial/package.dsv
[16.240s] -- Up-to-date symlink: /home/mpinho/proj_ws/install/serial/share/ament_index/resource_index/packages/serial
[16.241s] -- Up-to-date symlink: /home/mpinho/proj_ws/install/serial/share/serial/cmake/ament_cmake_export_include_directories-extras.cmake
[16.243s] -- Up-to-date symlink: /home/mpinho/proj_ws/install/serial/share/serial/cmake/ament_cmake_export_libraries-extras.cmake
[16.243s] -- Up-to-date symlink: /home/mpinho/proj_ws/install/serial/share/serial/cmake/serialConfig.cmake
[16.243s] -- Up-to-date symlink: /home/mpinho/proj_ws/install/serial/share/serial/cmake/serialConfig-version.cmake
[16.243s] -- Up-to-date symlink: /home/mpinho/proj_ws/install/serial/share/serial/package.xml
[16.251s] Invoked command in '/home/mpinho/proj_ws/build/serial' returned '0': CMAKE_PREFIX_PATH=${CMAKE_PREFIX_PATH}:/opt/ros/humble /usr/bin/cmake --install /home/mpinho/proj_ws/build/serial
