[0.047s] Invoking command in '/home/mpinho/proj_ws/build/urg_node2': CMAKE_PREFIX_PATH=${CMAKE_PREFIX_PATH}:/opt/ros/humble /usr/bin/cmake /home/mpinho/proj_ws/src/urg_node2 -DCMAKE_INSTALL_PREFIX=/home/mpinho/proj_ws/install/urg_node2
[0.163s] -- Found ament_cmake: 1.3.10 (/opt/ros/humble/share/ament_cmake/cmake)
[0.531s] -- Override CMake install command with custom implementation using symlinks instead of copying resources
[0.619s] -- Found rclcpp: 16.0.10 (/opt/ros/humble/share/rclcpp/cmake)
[0.783s] -- Found rosidl_generator_c: 3.1.5 (/opt/ros/humble/share/rosidl_generator_c/cmake)
[0.800s] -- Found rosidl_adapter: 3.1.5 (/opt/ros/humble/share/rosidl_adapter/cmake)
[0.842s] -- Found rosidl_generator_cpp: 3.1.5 (/opt/ros/humble/share/rosidl_generator_cpp/cmake)
[0.895s] -- Using all available rosidl_typesupport_c: rosidl_typesupport_fastrtps_c;rosidl_typesupport_introspection_c
[0.967s] -- Using all available rosidl_typesupport_cpp: rosidl_typesupport_fastrtps_cpp;rosidl_typesupport_introspection_cpp
[1.271s] -- Found rmw_implementation_cmake: 6.1.2 (/opt/ros/humble/share/rmw_implementation_cmake/cmake)
[1.292s] -- Found rmw_fastrtps_cpp: 6.2.7 (/opt/ros/humble/share/rmw_fastrtps_cpp/cmake)
[1.897s] -- Using RMW implementation 'rmw_fastrtps_cpp' as default
[2.591s] -- Found rclcpp_components: 16.0.10 (/opt/ros/humble/share/rclcpp_components/cmake)
[2.831s] -- Found rclcpp_lifecycle: 16.0.10 (/opt/ros/humble/share/rclcpp_lifecycle/cmake)
[3.013s] -- Found sensor_msgs: 4.2.4 (/opt/ros/humble/share/sensor_msgs/cmake)
[3.262s] -- Found diagnostic_updater: 4.0.0 (/opt/ros/humble/share/diagnostic_updater/cmake)
[3.393s] -- Found laser_proc: 1.0.2 (/opt/ros/humble/share/laser_proc/cmake)
[3.430s] -- Found ament_cmake_gtest: 1.3.10 (/opt/ros/humble/share/ament_cmake_gtest/cmake)
[3.432s] -- Found gtest sources under '/opt/ros/humble/src/gtest_vendor': C++ tests using 'Google Test' will be built
[3.764s] -- Configuring done
[3.998s] -- Generating done
[4.008s] -- Build files have been written to: /home/mpinho/proj_ws/build/urg_node2
[4.054s] Invoked command in '/home/mpinho/proj_ws/build/urg_node2' returned '0': CMAKE_PREFIX_PATH=${CMAKE_PREFIX_PATH}:/opt/ros/humble /usr/bin/cmake /home/mpinho/proj_ws/src/urg_node2 -DCMAKE_INSTALL_PREFIX=/home/mpinho/proj_ws/install/urg_node2
[4.055s] Invoking command in '/home/mpinho/proj_ws/build/urg_node2': CMAKE_PREFIX_PATH=${CMAKE_PREFIX_PATH}:/opt/ros/humble /usr/bin/cmake --build /home/mpinho/proj_ws/build/urg_node2 -- -j8 -l8
[4.194s] [35m[1mConsolidate compiler generated dependencies of target gtest_main[0m
[4.202s] [35m[1mConsolidate compiler generated dependencies of target gtest[0m
[4.205s] [35m[1mConsolidate compiler generated dependencies of target urg_node2_node[0m
[4.221s] [35m[1mConsolidate compiler generated dependencies of target urg_c[0m
[4.268s] [  5%] [32mBuilding CXX object gtest/CMakeFiles/gtest.dir/src/gtest-all.cc.o[0m
[4.275s] [ 10%] [32mBuilding C object CMakeFiles/urg_c.dir/urg_library/current/src/urg_debug.c.o[0m
[4.275s] [ 15%] [32mBuilding CXX object gtest/CMakeFiles/gtest_main.dir/src/gtest_main.cc.o[0m
[4.296s] [ 20%] [32mBuilding CXX object CMakeFiles/urg_node2_node.dir/rclcpp_components/node_main_urg_node2_node.cpp.o[0m
[4.300s] [ 25%] [32mBuilding C object CMakeFiles/urg_c.dir/urg_library/current/src/urg_connection.c.o[0m
[4.301s] [ 30%] [32mBuilding C object CMakeFiles/urg_c.dir/urg_library/current/src/urg_sensor.c.o[0m
[4.302s] [ 35%] [32mBuilding C object CMakeFiles/urg_c.dir/urg_library/current/src/urg_utils.c.o[0m
[4.306s] [ 40%] [32mBuilding C object CMakeFiles/urg_c.dir/urg_library/current/src/urg_serial_utils.c.o[0m
[4.433s] [01m[K/home/mpinho/proj_ws/src/urg_node2/urg_library/current/src/urg_sensor.c:1349:8:[m[K [01;35m[Kwarning: [m[Ktype qualifiers ignored on function return type [[01;35m[K]8;;https://gcc.gnu.org/onlinedocs/gcc/Warning-Options.html#index-Wignored-qualifiers-Wignored-qualifiers]8;;[m[K]
[4.433s]  1349 | static [01;35m[Kconst[m[K int receive_II_command_response(urg_t *urg,
[4.433s]       |        [01;35m[K^~~~~[m[K
[4.481s] [01m[K/home/mpinho/proj_ws/src/urg_node2/urg_library/current/src/urg_utils.c:[m[K In function ‘[01m[Kurg_delay[m[K’:
[4.481s] [01m[K/home/mpinho/proj_ws/src/urg_node2/urg_library/current/src/urg_utils.c:224:5:[m[K [01;35m[Kwarning: [m[Kimplicit declaration of function ‘[01m[Kusleep[m[K’; did you mean ‘[01m[Kurg_sleep[m[K’? [[01;35m[K]8;;https://gcc.gnu.org/onlinedocs/gcc/Warning-Options.html#index-Wimplicit-function-declaration-Wimplicit-function-declaration]8;;[m[K]
[4.481s]   224 |     [01;35m[Kusleep[m[K(1000 * delay_msec);
[4.481s]       |     [01;35m[K^~~~~~[m[K
[4.481s]       |     [32m[Kurg_sleep[m[K
[4.544s] [ 45%] [32mBuilding C object CMakeFiles/urg_c.dir/urg_library/current/src/urg_tcpclient.c.o[0m
[4.764s] [ 50%] [32m[1mLinking C shared library liburg_c.so[0m
[4.937s] [ 60%] Built target urg_c
[4.971s] [35m[1mConsolidate compiler generated dependencies of target urg_node2[0m
[5.058s] [ 65%] [32mBuilding CXX object CMakeFiles/urg_node2.dir/src/urg_node2.cpp.o[0m
[6.353s] [ 70%] [32m[1mLinking CXX static library libgtest_main.a[0m
[6.452s] [ 70%] Built target gtest_main
[13.026s] [ 75%] [32m[1mLinking CXX static library libgtest.a[0m
[13.253s] [ 75%] Built target gtest
[13.288s] [35m[1mConsolidate compiler generated dependencies of target urg_node2_test[0m
[13.377s] [ 80%] [32mBuilding CXX object CMakeFiles/urg_node2_test.dir/src/urg_node2.cpp.o[0m
[13.394s] [ 85%] [32mBuilding CXX object CMakeFiles/urg_node2_test.dir/test/urg_node2_test.cpp.o[0m
[15.238s] [ 90%] [32m[1mLinking CXX executable urg_node2_node[0m
[15.760s] [ 90%] Built target urg_node2_node
[24.528s] [ 95%] [32m[1mLinking CXX shared library liburg_node2.so[0m
[25.715s] [ 95%] Built target urg_node2
[38.915s] [100%] [32m[1mLinking CXX executable urg_node2_test[0m
[41.507s] [100%] Built target urg_node2_test
[41.524s] Invoked command in '/home/mpinho/proj_ws/build/urg_node2' returned '0': CMAKE_PREFIX_PATH=${CMAKE_PREFIX_PATH}:/opt/ros/humble /usr/bin/cmake --build /home/mpinho/proj_ws/build/urg_node2 -- -j8 -l8
[41.670s] Invoking command in '/home/mpinho/proj_ws/build/urg_node2': CMAKE_PREFIX_PATH=${CMAKE_PREFIX_PATH}:/opt/ros/humble /usr/bin/cmake --install /home/mpinho/proj_ws/build/urg_node2
[41.683s] -- Install configuration: ""
[41.684s] -- Execute custom install script
[41.685s] -- Up-to-date symlink: /home/mpinho/proj_ws/install/urg_node2/lib/urg_node2/urg_node2_node
[41.685s] -- Up-to-date symlink: /home/mpinho/proj_ws/install/urg_node2/lib/liburg_node2.so
[41.685s] -- Up-to-date symlink: /home/mpinho/proj_ws/install/urg_node2/lib/liburg_c.so
[41.686s] -- Up-to-date symlink: /home/mpinho/proj_ws/install/urg_node2/share/urg_node2/launch/urg_node2.launch.py
[41.686s] -- Up-to-date symlink: /home/mpinho/proj_ws/install/urg_node2/share/urg_node2/launch/urg_node2_2lidar.launch.py
[41.687s] -- Up-to-date symlink: /home/mpinho/proj_ws/install/urg_node2/share/urg_node2/launch/urg_node2_component.launch.py
[41.687s] -- Up-to-date symlink: /home/mpinho/proj_ws/install/urg_node2/share/urg_node2/config/params_ether.yaml
[41.687s] -- Up-to-date symlink: /home/mpinho/proj_ws/install/urg_node2/share/urg_node2/config/params_ether_2nd.yaml
[41.688s] -- Up-to-date symlink: /home/mpinho/proj_ws/install/urg_node2/share/urg_node2/config/params_serial.yaml
[41.688s] -- Up-to-date symlink: /home/mpinho/proj_ws/install/urg_node2/share/ament_index/resource_index/package_run_dependencies/urg_node2
[41.688s] -- Up-to-date symlink: /home/mpinho/proj_ws/install/urg_node2/share/ament_index/resource_index/parent_prefix_path/urg_node2
[41.689s] -- Up-to-date symlink: /home/mpinho/proj_ws/install/urg_node2/share/urg_node2/environment/ament_prefix_path.sh
[41.689s] -- Up-to-date symlink: /home/mpinho/proj_ws/install/urg_node2/share/urg_node2/environment/ament_prefix_path.dsv
[41.689s] -- Up-to-date symlink: /home/mpinho/proj_ws/install/urg_node2/share/urg_node2/environment/path.sh
[41.690s] -- Up-to-date symlink: /home/mpinho/proj_ws/install/urg_node2/share/urg_node2/environment/path.dsv
[41.690s] -- Up-to-date symlink: /home/mpinho/proj_ws/install/urg_node2/share/urg_node2/local_setup.bash
[41.690s] -- Up-to-date symlink: /home/mpinho/proj_ws/install/urg_node2/share/urg_node2/local_setup.sh
[41.691s] -- Up-to-date symlink: /home/mpinho/proj_ws/install/urg_node2/share/urg_node2/local_setup.zsh
[41.691s] -- Up-to-date symlink: /home/mpinho/proj_ws/install/urg_node2/share/urg_node2/local_setup.dsv
[41.691s] -- Symlinking: /home/mpinho/proj_ws/install/urg_node2/share/urg_node2/package.dsv
[41.709s] -- Up-to-date symlink: /home/mpinho/proj_ws/install/urg_node2/share/ament_index/resource_index/packages/urg_node2
[41.709s] -- Up-to-date symlink: /home/mpinho/proj_ws/install/urg_node2/share/ament_index/resource_index/rclcpp_components/urg_node2
[41.710s] -- Up-to-date symlink: /home/mpinho/proj_ws/install/urg_node2/share/urg_node2/cmake/urg_node2Config.cmake
[41.710s] -- Up-to-date symlink: /home/mpinho/proj_ws/install/urg_node2/share/urg_node2/cmake/urg_node2Config-version.cmake
[41.710s] -- Up-to-date symlink: /home/mpinho/proj_ws/install/urg_node2/share/urg_node2/package.xml
[41.713s] Invoked command in '/home/mpinho/proj_ws/build/urg_node2' returned '0': CMAKE_PREFIX_PATH=${CMAKE_PREFIX_PATH}:/opt/ros/humble /usr/bin/cmake --install /home/mpinho/proj_ws/build/urg_node2
