[0.053s] Invoking command in '/home/mpinho/proj_ws/build/diffdrive_arduino': CMAKE_PREFIX_PATH=/home/mpinho/proj_ws/install/serial:/home/mpinho/proj_ws/install/urg_node2:/home/mpinho/proj_ws/install/diffdrive_arduino:/home/mpinho/proj_ws/install/msc_aut_vehicles:/opt/ros/humble /usr/bin/cmake --build /home/mpinho/proj_ws/build/diffdrive_arduino -- -j8 -l8
[0.256s] [ 42%] Built target fake_robot
[0.295s] [100%] Built target diffdrive_arduino
[0.335s] Invoked command in '/home/mpinho/proj_ws/build/diffdrive_arduino' returned '0': CMAKE_PREFIX_PATH=/home/mpinho/proj_ws/install/serial:/home/mpinho/proj_ws/install/urg_node2:/home/mpinho/proj_ws/install/diffdrive_arduino:/home/mpinho/proj_ws/install/msc_aut_vehicles:/opt/ros/humble /usr/bin/cmake --build /home/mpinho/proj_ws/build/diffdrive_arduino -- -j8 -l8
[0.487s] Invoking command in '/home/mpinho/proj_ws/build/diffdrive_arduino': CMAKE_PREFIX_PATH=/home/mpinho/proj_ws/install/serial:/home/mpinho/proj_ws/install/urg_node2:/home/mpinho/proj_ws/install/diffdrive_arduino:/home/mpinho/proj_ws/install/msc_aut_vehicles:/opt/ros/humble /usr/bin/cmake --install /home/mpinho/proj_ws/build/diffdrive_arduino
[0.502s] -- Install configuration: ""
[0.502s] -- Execute custom install script
[0.502s] -- Up-to-date symlink: /home/mpinho/proj_ws/install/diffdrive_arduino/share/diffdrive_arduino//robot_hardware.xml
[0.502s] -- Up-to-date symlink: /home/mpinho/proj_ws/install/diffdrive_arduino/share/diffdrive_arduino//fake_robot_hardware.xml
[0.511s] -- Up-to-date symlink: /home/mpinho/proj_ws/install/diffdrive_arduino/lib/libdiffdrive_arduino.so
[0.511s] -- Up-to-date symlink: /home/mpinho/proj_ws/install/diffdrive_arduino/lib/libfake_robot.so
[0.511s] -- Up-to-date symlink: /home/mpinho/proj_ws/install/diffdrive_arduino/share/diffdrive_arduino/controllers/robot_controller_example.yaml
[0.511s] -- Up-to-date symlink: /home/mpinho/proj_ws/install/diffdrive_arduino/share/diffdrive_arduino/fake_robot.launch.py
[0.511s] -- Up-to-date symlink: /home/mpinho/proj_ws/install/diffdrive_arduino/share/diffdrive_arduino/test_robot.launch.py
[0.511s] -- Up-to-date symlink: /home/mpinho/proj_ws/install/diffdrive_arduino/share/diffdrive_arduino/environment/library_path.sh
[0.512s] -- Up-to-date symlink: /home/mpinho/proj_ws/install/diffdrive_arduino/share/diffdrive_arduino/environment/library_path.dsv
[0.512s] -- Up-to-date symlink: /home/mpinho/proj_ws/install/diffdrive_arduino/share/ament_index/resource_index/package_run_dependencies/diffdrive_arduino
[0.512s] -- Up-to-date symlink: /home/mpinho/proj_ws/install/diffdrive_arduino/share/ament_index/resource_index/parent_prefix_path/diffdrive_arduino
[0.512s] -- Up-to-date symlink: /home/mpinho/proj_ws/install/diffdrive_arduino/share/diffdrive_arduino/environment/ament_prefix_path.sh
[0.512s] -- Up-to-date symlink: /home/mpinho/proj_ws/install/diffdrive_arduino/share/diffdrive_arduino/environment/ament_prefix_path.dsv
[0.512s] -- Up-to-date symlink: /home/mpinho/proj_ws/install/diffdrive_arduino/share/diffdrive_arduino/environment/path.sh
[0.513s] -- Up-to-date symlink: /home/mpinho/proj_ws/install/diffdrive_arduino/share/diffdrive_arduino/environment/path.dsv
[0.513s] -- Up-to-date symlink: /home/mpinho/proj_ws/install/diffdrive_arduino/share/diffdrive_arduino/local_setup.bash
[0.513s] -- Up-to-date symlink: /home/mpinho/proj_ws/install/diffdrive_arduino/share/diffdrive_arduino/local_setup.sh
[0.513s] -- Up-to-date symlink: /home/mpinho/proj_ws/install/diffdrive_arduino/share/diffdrive_arduino/local_setup.zsh
[0.513s] -- Up-to-date symlink: /home/mpinho/proj_ws/install/diffdrive_arduino/share/diffdrive_arduino/local_setup.dsv
[0.513s] -- Symlinking: /home/mpinho/proj_ws/install/diffdrive_arduino/share/diffdrive_arduino/package.dsv
[0.537s] -- Up-to-date symlink: /home/mpinho/proj_ws/install/diffdrive_arduino/share/ament_index/resource_index/packages/diffdrive_arduino
[0.537s] -- Up-to-date symlink: /home/mpinho/proj_ws/install/diffdrive_arduino/share/ament_index/resource_index/hardware_interface__pluginlib__plugin/diffdrive_arduino
[0.537s] -- Up-to-date symlink: /home/mpinho/proj_ws/install/diffdrive_arduino/share/diffdrive_arduino/cmake/ament_cmake_export_libraries-extras.cmake
[0.538s] -- Up-to-date symlink: /home/mpinho/proj_ws/install/diffdrive_arduino/share/diffdrive_arduino/cmake/ament_cmake_export_dependencies-extras.cmake
[0.538s] -- Up-to-date symlink: /home/mpinho/proj_ws/install/diffdrive_arduino/share/diffdrive_arduino/cmake/diffdrive_arduinoConfig.cmake
[0.538s] -- Up-to-date symlink: /home/mpinho/proj_ws/install/diffdrive_arduino/share/diffdrive_arduino/cmake/diffdrive_arduinoConfig-version.cmake
[0.538s] -- Up-to-date symlink: /home/mpinho/proj_ws/install/diffdrive_arduino/share/diffdrive_arduino/package.xml
[0.552s] Invoked command in '/home/mpinho/proj_ws/build/diffdrive_arduino' returned '0': CMAKE_PREFIX_PATH=/home/mpinho/proj_ws/install/serial:/home/mpinho/proj_ws/install/urg_node2:/home/mpinho/proj_ws/install/diffdrive_arduino:/home/mpinho/proj_ws/install/msc_aut_vehicles:/opt/ros/humble /usr/bin/cmake --install /home/mpinho/proj_ws/build/diffdrive_arduino
