[0.027s] Invoking command in '/home/mpinho/proj_ws/build/diffdrive_arduino': CMAKE_PREFIX_PATH=/home/mpinho/proj_ws/install/serial:/home/mpinho/proj_ws/install/urg_node2:/home/mpinho/proj_ws/install/diffdrive_arduino:/home/mpinho/proj_ws/install/msc_aut_vehicles:/opt/ros/humble /usr/bin/cmake --build /home/mpinho/proj_ws/build/diffdrive_arduino -- -j8 -l8
[0.145s] [ 28%] [32mBuilding CXX object CMakeFiles/fake_robot.dir/src/fake_robot.cpp.o[0m
[0.145s] [ 28%] [32mBuilding CXX object CMakeFiles/fake_robot.dir/src/wheel.cpp.o[0m
[0.152s] [ 42%] [32mBuilding CXX object CMakeFiles/diffdrive_arduino.dir/src/wheel.cpp.o[0m
[0.156s] [ 71%] [32mBuilding CXX object CMakeFiles/diffdrive_arduino.dir/src/diffdrive_arduino.cpp.o[0m
[0.156s] [ 71%] [32mBuilding CXX object CMakeFiles/diffdrive_arduino.dir/src/arduino_comms.cpp.o[0m
[6.452s] [ 85%] [32m[1mLinking CXX shared library libdiffdrive_arduino.so[0m
[6.527s] [100%] [32m[1mLinking CXX shared library libfake_robot.so[0m
[6.939s] [100%] Built target fake_robot
[6.959s] [100%] Built target diffdrive_arduino
[6.975s] Invoked command in '/home/mpinho/proj_ws/build/diffdrive_arduino' returned '0': CMAKE_PREFIX_PATH=/home/mpinho/proj_ws/install/serial:/home/mpinho/proj_ws/install/urg_node2:/home/mpinho/proj_ws/install/diffdrive_arduino:/home/mpinho/proj_ws/install/msc_aut_vehicles:/opt/ros/humble /usr/bin/cmake --build /home/mpinho/proj_ws/build/diffdrive_arduino -- -j8 -l8
[7.034s] Invoking command in '/home/mpinho/proj_ws/build/diffdrive_arduino': CMAKE_PREFIX_PATH=/home/mpinho/proj_ws/install/serial:/home/mpinho/proj_ws/install/urg_node2:/home/mpinho/proj_ws/install/diffdrive_arduino:/home/mpinho/proj_ws/install/msc_aut_vehicles:/opt/ros/humble /usr/bin/cmake --install /home/mpinho/proj_ws/build/diffdrive_arduino
[7.045s] -- Install configuration: ""
[7.047s] -- Execute custom install script
[7.048s] -- Up-to-date symlink: /home/mpinho/proj_ws/install/diffdrive_arduino/share/diffdrive_arduino//robot_hardware.xml
[7.049s] -- Up-to-date symlink: /home/mpinho/proj_ws/install/diffdrive_arduino/share/diffdrive_arduino//fake_robot_hardware.xml
[7.051s] -- Up-to-date symlink: /home/mpinho/proj_ws/install/diffdrive_arduino/lib/libdiffdrive_arduino.so
[7.051s] -- Up-to-date symlink: /home/mpinho/proj_ws/install/diffdrive_arduino/lib/libfake_robot.so
[7.054s] -- Up-to-date symlink: /home/mpinho/proj_ws/install/diffdrive_arduino/share/diffdrive_arduino/controllers/robot_controller_example.yaml
[7.055s] -- Up-to-date symlink: /home/mpinho/proj_ws/install/diffdrive_arduino/share/diffdrive_arduino/fake_robot.launch.py
[7.056s] -- Up-to-date symlink: /home/mpinho/proj_ws/install/diffdrive_arduino/share/diffdrive_arduino/test_robot.launch.py
[7.057s] -- Up-to-date symlink: /home/mpinho/proj_ws/install/diffdrive_arduino/share/diffdrive_arduino/environment/library_path.sh
[7.057s] -- Up-to-date symlink: /home/mpinho/proj_ws/install/diffdrive_arduino/share/diffdrive_arduino/environment/library_path.dsv
[7.057s] -- Up-to-date symlink: /home/mpinho/proj_ws/install/diffdrive_arduino/share/ament_index/resource_index/package_run_dependencies/diffdrive_arduino
[7.059s] -- Up-to-date symlink: /home/mpinho/proj_ws/install/diffdrive_arduino/share/ament_index/resource_index/parent_prefix_path/diffdrive_arduino
[7.059s] -- Up-to-date symlink: /home/mpinho/proj_ws/install/diffdrive_arduino/share/diffdrive_arduino/environment/ament_prefix_path.sh
[7.060s] -- Up-to-date symlink: /home/mpinho/proj_ws/install/diffdrive_arduino/share/diffdrive_arduino/environment/ament_prefix_path.dsv
[7.061s] -- Up-to-date symlink: /home/mpinho/proj_ws/install/diffdrive_arduino/share/diffdrive_arduino/environment/path.sh
[7.061s] -- Up-to-date symlink: /home/mpinho/proj_ws/install/diffdrive_arduino/share/diffdrive_arduino/environment/path.dsv
[7.061s] -- Up-to-date symlink: /home/mpinho/proj_ws/install/diffdrive_arduino/share/diffdrive_arduino/local_setup.bash
[7.062s] -- Up-to-date symlink: /home/mpinho/proj_ws/install/diffdrive_arduino/share/diffdrive_arduino/local_setup.sh
[7.063s] -- Up-to-date symlink: /home/mpinho/proj_ws/install/diffdrive_arduino/share/diffdrive_arduino/local_setup.zsh
[7.063s] -- Up-to-date symlink: /home/mpinho/proj_ws/install/diffdrive_arduino/share/diffdrive_arduino/local_setup.dsv
[7.063s] -- Symlinking: /home/mpinho/proj_ws/install/diffdrive_arduino/share/diffdrive_arduino/package.dsv
[7.076s] -- Up-to-date symlink: /home/mpinho/proj_ws/install/diffdrive_arduino/share/ament_index/resource_index/packages/diffdrive_arduino
[7.077s] -- Up-to-date symlink: /home/mpinho/proj_ws/install/diffdrive_arduino/share/ament_index/resource_index/hardware_interface__pluginlib__plugin/diffdrive_arduino
[7.080s] -- Up-to-date symlink: /home/mpinho/proj_ws/install/diffdrive_arduino/share/diffdrive_arduino/cmake/ament_cmake_export_libraries-extras.cmake
[7.081s] -- Up-to-date symlink: /home/mpinho/proj_ws/install/diffdrive_arduino/share/diffdrive_arduino/cmake/ament_cmake_export_dependencies-extras.cmake
[7.082s] -- Up-to-date symlink: /home/mpinho/proj_ws/install/diffdrive_arduino/share/diffdrive_arduino/cmake/diffdrive_arduinoConfig.cmake
[7.083s] -- Up-to-date symlink: /home/mpinho/proj_ws/install/diffdrive_arduino/share/diffdrive_arduino/cmake/diffdrive_arduinoConfig-version.cmake
[7.083s] -- Up-to-date symlink: /home/mpinho/proj_ws/install/diffdrive_arduino/share/diffdrive_arduino/package.xml
[7.087s] Invoked command in '/home/mpinho/proj_ws/build/diffdrive_arduino' returned '0': CMAKE_PREFIX_PATH=/home/mpinho/proj_ws/install/serial:/home/mpinho/proj_ws/install/urg_node2:/home/mpinho/proj_ws/install/diffdrive_arduino:/home/mpinho/proj_ws/install/msc_aut_vehicles:/opt/ros/humble /usr/bin/cmake --install /home/mpinho/proj_ws/build/diffdrive_arduino
