[0.084s] Invoking command in '/home/mpinho/proj_ws/build/msc_aut_vehicles': CMAKE_PREFIX_PATH=${CMAKE_PREFIX_PATH}:/opt/ros/humble /usr/bin/cmake --build /home/mpinho/proj_ws/build/msc_aut_vehicles -- -j8 -l8
[1.416s] Built target ament_cmake_python_symlink_msc_aut_vehicles
[1.995s] running egg_info
[1.997s] writing msc_aut_vehicles.egg-info/PKG-INFO
[1.997s] writing dependency_links to msc_aut_vehicles.egg-info/dependency_links.txt
[1.998s] writing top-level names to msc_aut_vehicles.egg-info/top_level.txt
[2.043s] reading manifest file 'msc_aut_vehicles.egg-info/SOURCES.txt'
[2.050s] writing manifest file 'msc_aut_vehicles.egg-info/SOURCES.txt'
[2.100s] Built target ament_cmake_python_build_msc_aut_vehicles_egg
[2.118s] Invoked command in '/home/mpinho/proj_ws/build/msc_aut_vehicles' returned '0': CMAKE_PREFIX_PATH=${CMAKE_PREFIX_PATH}:/opt/ros/humble /usr/bin/cmake --build /home/mpinho/proj_ws/build/msc_aut_vehicles -- -j8 -l8
[2.171s] Invoking command in '/home/mpinho/proj_ws/build/msc_aut_vehicles': CMAKE_PREFIX_PATH=${CMAKE_PREFIX_PATH}:/opt/ros/humble /usr/bin/cmake --install /home/mpinho/proj_ws/build/msc_aut_vehicles
[2.187s] -- Install configuration: ""
[2.213s] -- Execute custom install script
[2.270s] -- Up-to-date symlink: /home/mpinho/proj_ws/install/msc_aut_vehicles/share/msc_aut_vehicles/config/collision_monitor_params.yaml
[2.274s] -- Up-to-date symlink: /home/mpinho/proj_ws/install/msc_aut_vehicles/share/msc_aut_vehicles/config/cost_map.rviz
[2.298s] -- Up-to-date symlink: /home/mpinho/proj_ws/install/msc_aut_vehicles/share/msc_aut_vehicles/config/costmap2.rviz
[2.298s] -- Up-to-date symlink: /home/mpinho/proj_ws/install/msc_aut_vehicles/share/msc_aut_vehicles/config/empty.yaml
[2.298s] -- Up-to-date symlink: /home/mpinho/proj_ws/install/msc_aut_vehicles/share/msc_aut_vehicles/config/gazebo_params.yaml
[2.321s] -- Up-to-date symlink: /home/mpinho/proj_ws/install/msc_aut_vehicles/share/msc_aut_vehicles/config/joint_names_Devastator2.yaml
[2.325s] -- Up-to-date symlink: /home/mpinho/proj_ws/install/msc_aut_vehicles/share/msc_aut_vehicles/config/joystick.yaml
[2.327s] -- Up-to-date symlink: /home/mpinho/proj_ws/install/msc_aut_vehicles/share/msc_aut_vehicles/config/mapper_params_lifelong.yaml
[2.352s] -- Up-to-date symlink: /home/mpinho/proj_ws/install/msc_aut_vehicles/share/msc_aut_vehicles/config/mapper_params_online_async.yaml
[2.354s] -- Up-to-date symlink: /home/mpinho/proj_ws/install/msc_aut_vehicles/share/msc_aut_vehicles/config/mapper_params_online_sync.yaml
[2.367s] -- Up-to-date symlink: /home/mpinho/proj_ws/install/msc_aut_vehicles/share/msc_aut_vehicles/config/my_controllers.yaml
[2.381s] -- Up-to-date symlink: /home/mpinho/proj_ws/install/msc_aut_vehicles/share/msc_aut_vehicles/config/nav2_params.yaml
[2.407s] -- Up-to-date symlink: /home/mpinho/proj_ws/install/msc_aut_vehicles/share/msc_aut_vehicles/config/nav2_params1.yaml
[2.407s] -- Up-to-date symlink: /home/mpinho/proj_ws/install/msc_aut_vehicles/share/msc_aut_vehicles/config/odom.rviz
[2.410s] -- Up-to-date symlink: /home/mpinho/proj_ws/install/msc_aut_vehicles/share/msc_aut_vehicles/config/poligons.rviz
[2.411s] -- Up-to-date symlink: /home/mpinho/proj_ws/install/msc_aut_vehicles/share/msc_aut_vehicles/config/slam.rviz
[2.411s] -- Up-to-date symlink: /home/mpinho/proj_ws/install/msc_aut_vehicles/share/msc_aut_vehicles/config/twist_mux.yaml
[2.412s] -- Up-to-date symlink: /home/mpinho/proj_ws/install/msc_aut_vehicles/share/msc_aut_vehicles/config/view_rviz.rviz
[2.463s] -- Up-to-date symlink: /home/mpinho/proj_ws/install/msc_aut_vehicles/share/msc_aut_vehicles/description/camera.xacro
[2.466s] -- Up-to-date symlink: /home/mpinho/proj_ws/install/msc_aut_vehicles/share/msc_aut_vehicles/description/depth_camera.xacro
[2.490s] -- Up-to-date symlink: /home/mpinho/proj_ws/install/msc_aut_vehicles/share/msc_aut_vehicles/description/devastator.urdf.xacro
[2.491s] -- Up-to-date symlink: /home/mpinho/proj_ws/install/msc_aut_vehicles/share/msc_aut_vehicles/description/devastator_solidworks.urdf.xacro
[2.492s] -- Up-to-date symlink: /home/mpinho/proj_ws/install/msc_aut_vehicles/share/msc_aut_vehicles/description/gazebo_control.xacro
[2.495s] -- Up-to-date symlink: /home/mpinho/proj_ws/install/msc_aut_vehicles/share/msc_aut_vehicles/description/inertial_macros.xacro
[2.516s] -- Up-to-date symlink: /home/mpinho/proj_ws/install/msc_aut_vehicles/share/msc_aut_vehicles/description/lidar.xacro
[2.519s] -- Up-to-date symlink: /home/mpinho/proj_ws/install/msc_aut_vehicles/share/msc_aut_vehicles/description/robot.urdf.xacro
[2.522s] -- Up-to-date symlink: /home/mpinho/proj_ws/install/msc_aut_vehicles/share/msc_aut_vehicles/description/robot2.xacro
[2.545s] -- Up-to-date symlink: /home/mpinho/proj_ws/install/msc_aut_vehicles/share/msc_aut_vehicles/description/robot_core.xacro
[2.547s] -- Up-to-date symlink: /home/mpinho/proj_ws/install/msc_aut_vehicles/share/msc_aut_vehicles/description/ros2_control.xacro
[2.576s] -- Up-to-date symlink: /home/mpinho/proj_ws/install/msc_aut_vehicles/share/msc_aut_vehicles/launch/collision_monitor_node.launch.py
[2.578s] -- Up-to-date symlink: /home/mpinho/proj_ws/install/msc_aut_vehicles/share/msc_aut_vehicles/launch/gazebo.launch.py
[2.583s] -- Up-to-date symlink: /home/mpinho/proj_ws/install/msc_aut_vehicles/share/msc_aut_vehicles/launch/joystick.launch.py
[2.604s] -- Up-to-date symlink: /home/mpinho/proj_ws/install/msc_aut_vehicles/share/msc_aut_vehicles/launch/launch_heavy.py
[2.606s] -- Up-to-date symlink: /home/mpinho/proj_ws/install/msc_aut_vehicles/share/msc_aut_vehicles/launch/launch_robot.launch.py
[2.631s] -- Up-to-date symlink: /home/mpinho/proj_ws/install/msc_aut_vehicles/share/msc_aut_vehicles/launch/launch_sim.launch.py
[2.633s] -- Up-to-date symlink: /home/mpinho/proj_ws/install/msc_aut_vehicles/share/msc_aut_vehicles/launch/localization_launch.py
[2.633s] -- Up-to-date symlink: /home/mpinho/proj_ws/install/msc_aut_vehicles/share/msc_aut_vehicles/launch/navigation_launch.py
[2.658s] -- Up-to-date symlink: /home/mpinho/proj_ws/install/msc_aut_vehicles/share/msc_aut_vehicles/launch/obstacle_avoidance.launch.py
[2.659s] -- Up-to-date symlink: /home/mpinho/proj_ws/install/msc_aut_vehicles/share/msc_aut_vehicles/launch/online_async_launch.py
[2.660s] -- Up-to-date symlink: /home/mpinho/proj_ws/install/msc_aut_vehicles/share/msc_aut_vehicles/launch/online_sync_launch.py
[2.685s] -- Up-to-date symlink: /home/mpinho/proj_ws/install/msc_aut_vehicles/share/msc_aut_vehicles/launch/rplidar.launch.py
[2.686s] -- Up-to-date symlink: /home/mpinho/proj_ws/install/msc_aut_vehicles/share/msc_aut_vehicles/launch/rsp.launch.py
[2.687s] -- Up-to-date symlink: /home/mpinho/proj_ws/install/msc_aut_vehicles/share/msc_aut_vehicles/launch/urg_node2.launch.py
[2.742s] -- Up-to-date symlink: /home/mpinho/proj_ws/install/msc_aut_vehicles/share/msc_aut_vehicles/worlds/empty.world
[2.743s] -- Up-to-date symlink: /home/mpinho/proj_ws/install/msc_aut_vehicles/share/msc_aut_vehicles/worlds/obstacles.world
[2.744s] -- Up-to-date symlink: /home/mpinho/proj_ws/install/msc_aut_vehicles/share/msc_aut_vehicles/worlds/obstacles2.world
[2.768s] -- Up-to-date symlink: /home/mpinho/proj_ws/install/msc_aut_vehicles/share/msc_aut_vehicles/worlds/obstacles3.world
[2.770s] -- Up-to-date symlink: /home/mpinho/proj_ws/install/msc_aut_vehicles/share/msc_aut_vehicles/worlds/small_house.world
[2.771s] -- Up-to-date symlink: /home/mpinho/proj_ws/install/msc_aut_vehicles/share/msc_aut_vehicles/worlds/two_cones.world
[2.774s] -- Up-to-date symlink: /home/mpinho/proj_ws/install/msc_aut_vehicles/share/msc_aut_vehicles/worlds/world.model
[2.795s] -- Up-to-date symlink: /home/mpinho/proj_ws/install/msc_aut_vehicles/share/msc_aut_vehicles/environment/pythonpath.sh
[2.795s] -- Up-to-date symlink: /home/mpinho/proj_ws/install/msc_aut_vehicles/share/msc_aut_vehicles/environment/pythonpath.dsv
[2.796s] -- Up-to-date symlink: /home/mpinho/proj_ws/install/msc_aut_vehicles/local/lib/python3.10/dist-packages/msc_aut_vehicles-0.0.0-py3.10.egg-info/PKG-INFO
[2.797s] -- Up-to-date symlink: /home/mpinho/proj_ws/install/msc_aut_vehicles/local/lib/python3.10/dist-packages/msc_aut_vehicles-0.0.0-py3.10.egg-info/SOURCES.txt
[2.797s] -- Up-to-date symlink: /home/mpinho/proj_ws/install/msc_aut_vehicles/local/lib/python3.10/dist-packages/msc_aut_vehicles-0.0.0-py3.10.egg-info/dependency_links.txt
[2.813s] -- Up-to-date symlink: /home/mpinho/proj_ws/install/msc_aut_vehicles/local/lib/python3.10/dist-packages/msc_aut_vehicles-0.0.0-py3.10.egg-info/top_level.txt
[2.824s] -- Up-to-date symlink: /home/mpinho/proj_ws/install/msc_aut_vehicles/local/lib/python3.10/dist-packages/msc_aut_vehicles/__init__.py
[2.852s] -- Up-to-date symlink: /home/mpinho/proj_ws/install/msc_aut_vehicles/lib/msc_aut_vehicles/example_waypoint_follower.py
[2.879s] -- Up-to-date symlink: /home/mpinho/proj_ws/install/msc_aut_vehicles/share/msc_aut_vehicles/meshes/base_link.STL
[2.880s] -- Up-to-date symlink: /home/mpinho/proj_ws/install/msc_aut_vehicles/share/msc_aut_vehicles/meshes/left_wheel.STL
[2.881s] -- Up-to-date symlink: /home/mpinho/proj_ws/install/msc_aut_vehicles/share/msc_aut_vehicles/meshes/left_wheel2.STL
[2.893s] -- Up-to-date symlink: /home/mpinho/proj_ws/install/msc_aut_vehicles/share/msc_aut_vehicles/meshes/left_wheel3.STL
[2.908s] -- Up-to-date symlink: /home/mpinho/proj_ws/install/msc_aut_vehicles/share/msc_aut_vehicles/meshes/left_wheel4.STL
[2.909s] -- Up-to-date symlink: /home/mpinho/proj_ws/install/msc_aut_vehicles/share/msc_aut_vehicles/meshes/left_wheel5.STL
[2.933s] -- Up-to-date symlink: /home/mpinho/proj_ws/install/msc_aut_vehicles/share/msc_aut_vehicles/meshes/right_wheel.STL
[2.935s] -- Up-to-date symlink: /home/mpinho/proj_ws/install/msc_aut_vehicles/share/msc_aut_vehicles/meshes/right_wheel2.STL
[2.940s] -- Up-to-date symlink: /home/mpinho/proj_ws/install/msc_aut_vehicles/share/msc_aut_vehicles/meshes/right_wheel3.STL
[2.962s] -- Up-to-date symlink: /home/mpinho/proj_ws/install/msc_aut_vehicles/share/msc_aut_vehicles/meshes/right_wheel4.STL
[2.962s] -- Up-to-date symlink: /home/mpinho/proj_ws/install/msc_aut_vehicles/share/msc_aut_vehicles/meshes/right_wheel5.STL
[2.963s] -- Up-to-date symlink: /home/mpinho/proj_ws/install/msc_aut_vehicles/share/ament_index/resource_index/package_run_dependencies/msc_aut_vehicles
[2.989s] -- Up-to-date symlink: /home/mpinho/proj_ws/install/msc_aut_vehicles/share/ament_index/resource_index/parent_prefix_path/msc_aut_vehicles
[2.990s] -- Up-to-date symlink: /home/mpinho/proj_ws/install/msc_aut_vehicles/share/msc_aut_vehicles/environment/ament_prefix_path.sh
[2.990s] -- Up-to-date symlink: /home/mpinho/proj_ws/install/msc_aut_vehicles/share/msc_aut_vehicles/environment/ament_prefix_path.dsv
[3.003s] -- Up-to-date symlink: /home/mpinho/proj_ws/install/msc_aut_vehicles/share/msc_aut_vehicles/environment/path.sh
[3.003s] -- Up-to-date symlink: /home/mpinho/proj_ws/install/msc_aut_vehicles/share/msc_aut_vehicles/environment/path.dsv
[3.016s] -- Up-to-date symlink: /home/mpinho/proj_ws/install/msc_aut_vehicles/share/msc_aut_vehicles/local_setup.bash
[3.017s] -- Up-to-date symlink: /home/mpinho/proj_ws/install/msc_aut_vehicles/share/msc_aut_vehicles/local_setup.sh
[3.042s] -- Up-to-date symlink: /home/mpinho/proj_ws/install/msc_aut_vehicles/share/msc_aut_vehicles/local_setup.zsh
[3.043s] -- Up-to-date symlink: /home/mpinho/proj_ws/install/msc_aut_vehicles/share/msc_aut_vehicles/local_setup.dsv
[3.044s] -- Symlinking: /home/mpinho/proj_ws/install/msc_aut_vehicles/share/msc_aut_vehicles/package.dsv
[3.077s] -- Up-to-date symlink: /home/mpinho/proj_ws/install/msc_aut_vehicles/share/ament_index/resource_index/packages/msc_aut_vehicles
[3.107s] -- Up-to-date symlink: /home/mpinho/proj_ws/install/msc_aut_vehicles/share/msc_aut_vehicles/cmake/msc_aut_vehiclesConfig.cmake
[3.108s] -- Up-to-date symlink: /home/mpinho/proj_ws/install/msc_aut_vehicles/share/msc_aut_vehicles/cmake/msc_aut_vehiclesConfig-version.cmake
[3.109s] -- Up-to-date symlink: /home/mpinho/proj_ws/install/msc_aut_vehicles/share/msc_aut_vehicles/package.xml
[3.202s] Listing '/home/mpinho/proj_ws/install/msc_aut_vehicles/local/lib/python3.10/dist-packages/msc_aut_vehicles'...
[3.216s] Invoked command in '/home/mpinho/proj_ws/build/msc_aut_vehicles' returned '0': CMAKE_PREFIX_PATH=${CMAKE_PREFIX_PATH}:/opt/ros/humble /usr/bin/cmake --install /home/mpinho/proj_ws/build/msc_aut_vehicles
