[0.035s] Invoking command in '/home/mpinho/proj_ws/build/urg_node2': CMAKE_PREFIX_PATH=${CMAKE_PREFIX_PATH}:/opt/ros/humble /usr/bin/cmake --build /home/mpinho/proj_ws/build/urg_node2 -- -j8 -l8
[0.159s] [ 10%] Built target gtest_main
[0.159s] [ 20%] Built target urg_node2_node
[0.163s] [ 65%] Built target urg_c
[0.169s] [ 75%] Built target gtest
[0.222s] [ 85%] Built target urg_node2
[0.240s] [100%] Built target urg_node2_test
[0.268s] Invoked command in '/home/mpinho/proj_ws/build/urg_node2' returned '0': CMAKE_PREFIX_PATH=${CMAKE_PREFIX_PATH}:/opt/ros/humble /usr/bin/cmake --build /home/mpinho/proj_ws/build/urg_node2 -- -j8 -l8
[0.398s] Invoking command in '/home/mpinho/proj_ws/build/urg_node2': CMAKE_PREFIX_PATH=${CMAKE_PREFIX_PATH}:/opt/ros/humble /usr/bin/cmake --install /home/mpinho/proj_ws/build/urg_node2
[0.408s] -- Install configuration: ""
[0.409s] -- Execute custom install script
[0.409s] -- Up-to-date symlink: /home/mpinho/proj_ws/install/urg_node2/lib/urg_node2/urg_node2_node
[0.410s] -- Up-to-date symlink: /home/mpinho/proj_ws/install/urg_node2/lib/liburg_node2.so
[0.410s] -- Up-to-date symlink: /home/mpinho/proj_ws/install/urg_node2/lib/liburg_c.so
[0.413s] -- Up-to-date symlink: /home/mpinho/proj_ws/install/urg_node2/share/urg_node2/launch/urg_node2.launch.py
[0.413s] -- Up-to-date symlink: /home/mpinho/proj_ws/install/urg_node2/share/urg_node2/launch/urg_node2_2lidar.launch.py
[0.413s] -- Up-to-date symlink: /home/mpinho/proj_ws/install/urg_node2/share/urg_node2/launch/urg_node2_component.launch.py
[0.413s] -- Up-to-date symlink: /home/mpinho/proj_ws/install/urg_node2/share/urg_node2/config/params_ether.yaml
[0.413s] -- Up-to-date symlink: /home/mpinho/proj_ws/install/urg_node2/share/urg_node2/config/params_ether_2nd.yaml
[0.413s] -- Up-to-date symlink: /home/mpinho/proj_ws/install/urg_node2/share/urg_node2/config/params_serial.yaml
[0.413s] -- Up-to-date symlink: /home/mpinho/proj_ws/install/urg_node2/share/ament_index/resource_index/package_run_dependencies/urg_node2
[0.414s] -- Up-to-date symlink: /home/mpinho/proj_ws/install/urg_node2/share/ament_index/resource_index/parent_prefix_path/urg_node2
[0.414s] -- Up-to-date symlink: /home/mpinho/proj_ws/install/urg_node2/share/urg_node2/environment/ament_prefix_path.sh
[0.414s] -- Up-to-date symlink: /home/mpinho/proj_ws/install/urg_node2/share/urg_node2/environment/ament_prefix_path.dsv
[0.414s] -- Up-to-date symlink: /home/mpinho/proj_ws/install/urg_node2/share/urg_node2/environment/path.sh
[0.415s] -- Up-to-date symlink: /home/mpinho/proj_ws/install/urg_node2/share/urg_node2/environment/path.dsv
[0.415s] -- Up-to-date symlink: /home/mpinho/proj_ws/install/urg_node2/share/urg_node2/local_setup.bash
[0.415s] -- Up-to-date symlink: /home/mpinho/proj_ws/install/urg_node2/share/urg_node2/local_setup.sh
[0.416s] -- Up-to-date symlink: /home/mpinho/proj_ws/install/urg_node2/share/urg_node2/local_setup.zsh
[0.416s] -- Up-to-date symlink: /home/mpinho/proj_ws/install/urg_node2/share/urg_node2/local_setup.dsv
[0.417s] -- Symlinking: /home/mpinho/proj_ws/install/urg_node2/share/urg_node2/package.dsv
[0.432s] -- Up-to-date symlink: /home/mpinho/proj_ws/install/urg_node2/share/ament_index/resource_index/packages/urg_node2
[0.433s] -- Up-to-date symlink: /home/mpinho/proj_ws/install/urg_node2/share/ament_index/resource_index/rclcpp_components/urg_node2
[0.433s] -- Up-to-date symlink: /home/mpinho/proj_ws/install/urg_node2/share/urg_node2/cmake/urg_node2Config.cmake
[0.433s] -- Up-to-date symlink: /home/mpinho/proj_ws/install/urg_node2/share/urg_node2/cmake/urg_node2Config-version.cmake
[0.433s] -- Up-to-date symlink: /home/mpinho/proj_ws/install/urg_node2/share/urg_node2/package.xml
[0.438s] Invoked command in '/home/mpinho/proj_ws/build/urg_node2' returned '0': CMAKE_PREFIX_PATH=${CMAKE_PREFIX_PATH}:/opt/ros/humble /usr/bin/cmake --install /home/mpinho/proj_ws/build/urg_node2
