[0.074s] Invoking command in '/home/mpinho/proj_ws/build/diffdrive_arduino': CMAKE_PREFIX_PATH=/home/mpinho/proj_ws/install/serial:/home/mpinho/proj_ws/install/urg_node2:/home/mpinho/proj_ws/install/diffdrive_arduino:/home/mpinho/proj_ws/install/msc_aut_vehicles:/opt/ros/humble /usr/bin/cmake --build /home/mpinho/proj_ws/build/diffdrive_arduino -- -j8 -l8
[0.774s] [ 57%] Built target diffdrive_arduino
[0.774s] [100%] Built target fake_robot
[0.791s] Invoked command in '/home/mpinho/proj_ws/build/diffdrive_arduino' returned '0': CMAKE_PREFIX_PATH=/home/mpinho/proj_ws/install/serial:/home/mpinho/proj_ws/install/urg_node2:/home/mpinho/proj_ws/install/diffdrive_arduino:/home/mpinho/proj_ws/install/msc_aut_vehicles:/opt/ros/humble /usr/bin/cmake --build /home/mpinho/proj_ws/build/diffdrive_arduino -- -j8 -l8
[0.844s] Invoking command in '/home/mpinho/proj_ws/build/diffdrive_arduino': CMAKE_PREFIX_PATH=/home/mpinho/proj_ws/install/serial:/home/mpinho/proj_ws/install/urg_node2:/home/mpinho/proj_ws/install/diffdrive_arduino:/home/mpinho/proj_ws/install/msc_aut_vehicles:/opt/ros/humble /usr/bin/cmake --install /home/mpinho/proj_ws/build/diffdrive_arduino
[0.864s] -- Install configuration: ""
[0.871s] -- Execute custom install script
[0.897s] -- Up-to-date symlink: /home/mpinho/proj_ws/install/diffdrive_arduino/share/diffdrive_arduino//robot_hardware.xml
[0.898s] -- Up-to-date symlink: /home/mpinho/proj_ws/install/diffdrive_arduino/share/diffdrive_arduino//fake_robot_hardware.xml
[0.929s] -- Up-to-date symlink: /home/mpinho/proj_ws/install/diffdrive_arduino/lib/libdiffdrive_arduino.so
[0.931s] -- Up-to-date symlink: /home/mpinho/proj_ws/install/diffdrive_arduino/lib/libfake_robot.so
[0.965s] -- Up-to-date symlink: /home/mpinho/proj_ws/install/diffdrive_arduino/share/diffdrive_arduino/controllers/robot_controller_example.yaml
[0.996s] -- Up-to-date symlink: /home/mpinho/proj_ws/install/diffdrive_arduino/share/diffdrive_arduino/fake_robot.launch.py
[0.998s] -- Up-to-date symlink: /home/mpinho/proj_ws/install/diffdrive_arduino/share/diffdrive_arduino/test_robot.launch.py
[1.014s] -- Up-to-date symlink: /home/mpinho/proj_ws/install/diffdrive_arduino/share/diffdrive_arduino/environment/library_path.sh
[1.015s] -- Up-to-date symlink: /home/mpinho/proj_ws/install/diffdrive_arduino/share/diffdrive_arduino/environment/library_path.dsv
[1.015s] -- Up-to-date symlink: /home/mpinho/proj_ws/install/diffdrive_arduino/share/ament_index/resource_index/package_run_dependencies/diffdrive_arduino
[1.041s] -- Up-to-date symlink: /home/mpinho/proj_ws/install/diffdrive_arduino/share/ament_index/resource_index/parent_prefix_path/diffdrive_arduino
[1.043s] -- Up-to-date symlink: /home/mpinho/proj_ws/install/diffdrive_arduino/share/diffdrive_arduino/environment/ament_prefix_path.sh
[1.043s] -- Up-to-date symlink: /home/mpinho/proj_ws/install/diffdrive_arduino/share/diffdrive_arduino/environment/ament_prefix_path.dsv
[1.044s] -- Up-to-date symlink: /home/mpinho/proj_ws/install/diffdrive_arduino/share/diffdrive_arduino/environment/path.sh
[1.044s] -- Up-to-date symlink: /home/mpinho/proj_ws/install/diffdrive_arduino/share/diffdrive_arduino/environment/path.dsv
[1.081s] -- Up-to-date symlink: /home/mpinho/proj_ws/install/diffdrive_arduino/share/diffdrive_arduino/local_setup.bash
[1.104s] -- Up-to-date symlink: /home/mpinho/proj_ws/install/diffdrive_arduino/share/diffdrive_arduino/local_setup.sh
[1.105s] -- Up-to-date symlink: /home/mpinho/proj_ws/install/diffdrive_arduino/share/diffdrive_arduino/local_setup.zsh
[1.105s] -- Up-to-date symlink: /home/mpinho/proj_ws/install/diffdrive_arduino/share/diffdrive_arduino/local_setup.dsv
[1.106s] -- Symlinking: /home/mpinho/proj_ws/install/diffdrive_arduino/share/diffdrive_arduino/package.dsv
[1.160s] -- Up-to-date symlink: /home/mpinho/proj_ws/install/diffdrive_arduino/share/ament_index/resource_index/packages/diffdrive_arduino
[1.162s] -- Up-to-date symlink: /home/mpinho/proj_ws/install/diffdrive_arduino/share/ament_index/resource_index/hardware_interface__pluginlib__plugin/diffdrive_arduino
[1.164s] -- Up-to-date symlink: /home/mpinho/proj_ws/install/diffdrive_arduino/share/diffdrive_arduino/cmake/ament_cmake_export_libraries-extras.cmake
[1.165s] -- Up-to-date symlink: /home/mpinho/proj_ws/install/diffdrive_arduino/share/diffdrive_arduino/cmake/ament_cmake_export_dependencies-extras.cmake
[1.165s] -- Up-to-date symlink: /home/mpinho/proj_ws/install/diffdrive_arduino/share/diffdrive_arduino/cmake/diffdrive_arduinoConfig.cmake
[1.166s] -- Up-to-date symlink: /home/mpinho/proj_ws/install/diffdrive_arduino/share/diffdrive_arduino/cmake/diffdrive_arduinoConfig-version.cmake
[1.166s] -- Up-to-date symlink: /home/mpinho/proj_ws/install/diffdrive_arduino/share/diffdrive_arduino/package.xml
[1.171s] Invoked command in '/home/mpinho/proj_ws/build/diffdrive_arduino' returned '0': CMAKE_PREFIX_PATH=/home/mpinho/proj_ws/install/serial:/home/mpinho/proj_ws/install/urg_node2:/home/mpinho/proj_ws/install/diffdrive_arduino:/home/mpinho/proj_ws/install/msc_aut_vehicles:/opt/ros/humble /usr/bin/cmake --install /home/mpinho/proj_ws/build/diffdrive_arduino
