[0.046s] Invoking command in '/home/mpinho/proj_ws/src/build/serial': CMAKE_PREFIX_PATH=${CMAKE_PREFIX_PATH}:/home/mpinho/proj_ws/install/joy_tester:/opt/ros/humble /usr/bin/cmake --build /home/mpinho/proj_ws/src/build/serial -- -j8 -l8
[0.705s] [35m[1mConsolidate compiler generated dependencies of target gtest_main[0m
[0.706s] [35m[1mConsolidate compiler generated dependencies of target gtest[0m
[0.706s] [35m[1mConsolidate compiler generated dependencies of target serial[0m
[0.706s] [ 14%] Built target gtest_main
[0.706s] [ 28%] Built target gtest
[0.706s] [ 57%] Built target serial
[0.706s] [35m[1mConsolidate compiler generated dependencies of target serial_example[0m
[0.707s] [35m[1mConsolidate compiler generated dependencies of target serial-test[0m
[0.707s] [35m[1mConsolidate compiler generated dependencies of target serial-test-timer[0m
[0.707s] [ 71%] Built target serial_example
[0.707s] [ 85%] Built target serial-test-timer
[0.707s] [100%] Built target serial-test
[0.716s] Invoked command in '/home/mpinho/proj_ws/src/build/serial' returned '0': CMAKE_PREFIX_PATH=${CMAKE_PREFIX_PATH}:/home/mpinho/proj_ws/install/joy_tester:/opt/ros/humble /usr/bin/cmake --build /home/mpinho/proj_ws/src/build/serial -- -j8 -l8
[0.815s] Invoking command in '/home/mpinho/proj_ws/src/build/serial': CMAKE_PREFIX_PATH=${CMAKE_PREFIX_PATH}:/home/mpinho/proj_ws/install/joy_tester:/opt/ros/humble /usr/bin/cmake --install /home/mpinho/proj_ws/src/build/serial
[0.830s] -- Install configuration: ""
[0.830s] -- Execute custom install script
[0.831s] -- Up-to-date symlink: /home/mpinho/proj_ws/src/install/serial/lib/libserial.a
[0.831s] -- Up-to-date symlink: /home/mpinho/proj_ws/src/install/serial/include/serial/serial.h
[0.832s] -- Up-to-date symlink: /home/mpinho/proj_ws/src/install/serial/include/serial/v8stdint.h
[0.832s] -- Up-to-date symlink: /home/mpinho/proj_ws/src/install/serial/share/serial/environment/library_path.sh
[0.833s] -- Up-to-date symlink: /home/mpinho/proj_ws/src/install/serial/share/serial/environment/library_path.dsv
[0.833s] -- Up-to-date symlink: /home/mpinho/proj_ws/src/install/serial/share/ament_index/resource_index/package_run_dependencies/serial
[0.834s] -- Up-to-date symlink: /home/mpinho/proj_ws/src/install/serial/share/ament_index/resource_index/parent_prefix_path/serial
[0.834s] -- Up-to-date symlink: /home/mpinho/proj_ws/src/install/serial/share/serial/environment/ament_prefix_path.sh
[0.835s] -- Up-to-date symlink: /home/mpinho/proj_ws/src/install/serial/share/serial/environment/ament_prefix_path.dsv
[0.835s] -- Up-to-date symlink: /home/mpinho/proj_ws/src/install/serial/share/serial/environment/path.sh
[0.836s] -- Up-to-date symlink: /home/mpinho/proj_ws/src/install/serial/share/serial/environment/path.dsv
[0.837s] -- Up-to-date symlink: /home/mpinho/proj_ws/src/install/serial/share/serial/local_setup.bash
[0.837s] -- Up-to-date symlink: /home/mpinho/proj_ws/src/install/serial/share/serial/local_setup.sh
[0.837s] -- Up-to-date symlink: /home/mpinho/proj_ws/src/install/serial/share/serial/local_setup.zsh
[0.842s] -- Up-to-date symlink: /home/mpinho/proj_ws/src/install/serial/share/serial/local_setup.dsv
[0.842s] -- Symlinking: /home/mpinho/proj_ws/src/install/serial/share/serial/package.dsv
[0.860s] -- Up-to-date symlink: /home/mpinho/proj_ws/src/install/serial/share/ament_index/resource_index/packages/serial
[0.861s] -- Up-to-date symlink: /home/mpinho/proj_ws/src/install/serial/share/serial/cmake/ament_cmake_export_include_directories-extras.cmake
[0.862s] -- Up-to-date symlink: /home/mpinho/proj_ws/src/install/serial/share/serial/cmake/ament_cmake_export_libraries-extras.cmake
[0.862s] -- Up-to-date symlink: /home/mpinho/proj_ws/src/install/serial/share/serial/cmake/serialConfig.cmake
[0.863s] -- Up-to-date symlink: /home/mpinho/proj_ws/src/install/serial/share/serial/cmake/serialConfig-version.cmake
[0.863s] -- Up-to-date symlink: /home/mpinho/proj_ws/src/install/serial/share/serial/package.xml
[0.869s] Invoked command in '/home/mpinho/proj_ws/src/build/serial' returned '0': CMAKE_PREFIX_PATH=${CMAKE_PREFIX_PATH}:/home/mpinho/proj_ws/install/joy_tester:/opt/ros/humble /usr/bin/cmake --install /home/mpinho/proj_ws/src/build/serial
