[0.040s] Invoking command in '/home/mpinho/proj_ws/build/serial': CMAKE_PREFIX_PATH=${CMAKE_PREFIX_PATH}:/opt/ros/humble /usr/bin/cmake --build /home/mpinho/proj_ws/build/serial -- -j8 -l8
[0.157s] [ 28%] Built target serial
[0.159s] [ 42%] Built target gtest_main
[0.159s] [ 57%] Built target gtest
[0.199s] [ 71%] Built target serial_example
[0.207s] [ 85%] Built target serial-test
[0.211s] [100%] Built target serial-test-timer
[0.235s] Invoked command in '/home/mpinho/proj_ws/build/serial' returned '0': CMAKE_PREFIX_PATH=${CMAKE_PREFIX_PATH}:/opt/ros/humble /usr/bin/cmake --build /home/mpinho/proj_ws/build/serial -- -j8 -l8
[0.330s] Invoking command in '/home/mpinho/proj_ws/build/serial': CMAKE_PREFIX_PATH=${CMAKE_PREFIX_PATH}:/opt/ros/humble /usr/bin/cmake --install /home/mpinho/proj_ws/build/serial
[0.344s] -- Install configuration: ""
[0.346s] -- Execute custom install script
[0.347s] -- Up-to-date symlink: /home/mpinho/proj_ws/install/serial/lib/libserial.a
[0.347s] -- Up-to-date symlink: /home/mpinho/proj_ws/install/serial/include/serial/serial.h
[0.347s] -- Up-to-date symlink: /home/mpinho/proj_ws/install/serial/include/serial/v8stdint.h
[0.347s] -- Up-to-date symlink: /home/mpinho/proj_ws/install/serial/share/serial/environment/library_path.sh
[0.348s] -- Up-to-date symlink: /home/mpinho/proj_ws/install/serial/share/serial/environment/library_path.dsv
[0.348s] -- Up-to-date symlink: /home/mpinho/proj_ws/install/serial/share/ament_index/resource_index/package_run_dependencies/serial
[0.348s] -- Up-to-date symlink: /home/mpinho/proj_ws/install/serial/share/ament_index/resource_index/parent_prefix_path/serial
[0.348s] -- Up-to-date symlink: /home/mpinho/proj_ws/install/serial/share/serial/environment/ament_prefix_path.sh
[0.348s] -- Up-to-date symlink: /home/mpinho/proj_ws/install/serial/share/serial/environment/ament_prefix_path.dsv
[0.349s] -- Up-to-date symlink: /home/mpinho/proj_ws/install/serial/share/serial/environment/path.sh
[0.349s] -- Up-to-date symlink: /home/mpinho/proj_ws/install/serial/share/serial/environment/path.dsv
[0.349s] -- Up-to-date symlink: /home/mpinho/proj_ws/install/serial/share/serial/local_setup.bash
[0.350s] -- Up-to-date symlink: /home/mpinho/proj_ws/install/serial/share/serial/local_setup.sh
[0.350s] -- Up-to-date symlink: /home/mpinho/proj_ws/install/serial/share/serial/local_setup.zsh
[0.350s] -- Up-to-date symlink: /home/mpinho/proj_ws/install/serial/share/serial/local_setup.dsv
[0.350s] -- Symlinking: /home/mpinho/proj_ws/install/serial/share/serial/package.dsv
[0.364s] -- Up-to-date symlink: /home/mpinho/proj_ws/install/serial/share/ament_index/resource_index/packages/serial
[0.365s] -- Up-to-date symlink: /home/mpinho/proj_ws/install/serial/share/serial/cmake/ament_cmake_export_include_directories-extras.cmake
[0.365s] -- Up-to-date symlink: /home/mpinho/proj_ws/install/serial/share/serial/cmake/ament_cmake_export_libraries-extras.cmake
[0.365s] -- Up-to-date symlink: /home/mpinho/proj_ws/install/serial/share/serial/cmake/serialConfig.cmake
[0.365s] -- Up-to-date symlink: /home/mpinho/proj_ws/install/serial/share/serial/cmake/serialConfig-version.cmake
[0.365s] -- Up-to-date symlink: /home/mpinho/proj_ws/install/serial/share/serial/package.xml
[0.370s] Invoked command in '/home/mpinho/proj_ws/build/serial' returned '0': CMAKE_PREFIX_PATH=${CMAKE_PREFIX_PATH}:/opt/ros/humble /usr/bin/cmake --install /home/mpinho/proj_ws/build/serial
