[0.041s] Invoking command in '/home/mpinho/proj_ws/build/msc_aut_vehicles': CMAKE_PREFIX_PATH=${CMAKE_PREFIX_PATH}:/opt/ros/humble /usr/bin/cmake --build /home/mpinho/proj_ws/build/msc_aut_vehicles -- -j8 -l8
[0.586s] Built target ament_cmake_python_symlink_msc_aut_vehicles
[1.129s] running egg_info
[1.129s] writing msc_aut_vehicles.egg-info/PKG-INFO
[1.129s] writing dependency_links to msc_aut_vehicles.egg-info/dependency_links.txt
[1.130s] writing top-level names to msc_aut_vehicles.egg-info/top_level.txt
[1.175s] reading manifest file 'msc_aut_vehicles.egg-info/SOURCES.txt'
[1.176s] writing manifest file 'msc_aut_vehicles.egg-info/SOURCES.txt'
[1.241s] Built target ament_cmake_python_build_msc_aut_vehicles_egg
[1.260s] Invoked command in '/home/mpinho/proj_ws/build/msc_aut_vehicles' returned '0': CMAKE_PREFIX_PATH=${CMAKE_PREFIX_PATH}:/opt/ros/humble /usr/bin/cmake --build /home/mpinho/proj_ws/build/msc_aut_vehicles -- -j8 -l8
[1.311s] Invoking command in '/home/mpinho/proj_ws/build/msc_aut_vehicles': CMAKE_PREFIX_PATH=${CMAKE_PREFIX_PATH}:/opt/ros/humble /usr/bin/cmake --install /home/mpinho/proj_ws/build/msc_aut_vehicles
[1.322s] -- Install configuration: ""
[1.328s] -- Execute custom install script
[1.354s] -- Up-to-date symlink: /home/mpinho/proj_ws/install/msc_aut_vehicles/share/msc_aut_vehicles/config/collision_monitor_params.yaml
[1.354s] -- Up-to-date symlink: /home/mpinho/proj_ws/install/msc_aut_vehicles/share/msc_aut_vehicles/config/cost_map.rviz
[1.355s] -- Up-to-date symlink: /home/mpinho/proj_ws/install/msc_aut_vehicles/share/msc_aut_vehicles/config/costmap2.rviz
[1.355s] -- Up-to-date symlink: /home/mpinho/proj_ws/install/msc_aut_vehicles/share/msc_aut_vehicles/config/empty.yaml
[1.355s] -- Up-to-date symlink: /home/mpinho/proj_ws/install/msc_aut_vehicles/share/msc_aut_vehicles/config/gazebo_params.yaml
[1.355s] -- Up-to-date symlink: /home/mpinho/proj_ws/install/msc_aut_vehicles/share/msc_aut_vehicles/config/joint_names_Devastator2.yaml
[1.356s] -- Up-to-date symlink: /home/mpinho/proj_ws/install/msc_aut_vehicles/share/msc_aut_vehicles/config/joystick.yaml
[1.356s] -- Up-to-date symlink: /home/mpinho/proj_ws/install/msc_aut_vehicles/share/msc_aut_vehicles/config/mapper_params_lifelong.yaml
[1.356s] -- Up-to-date symlink: /home/mpinho/proj_ws/install/msc_aut_vehicles/share/msc_aut_vehicles/config/mapper_params_online_async.yaml
[1.356s] -- Up-to-date symlink: /home/mpinho/proj_ws/install/msc_aut_vehicles/share/msc_aut_vehicles/config/mapper_params_online_sync.yaml
[1.356s] -- Up-to-date symlink: /home/mpinho/proj_ws/install/msc_aut_vehicles/share/msc_aut_vehicles/config/my_controllers.yaml
[1.356s] -- Up-to-date symlink: /home/mpinho/proj_ws/install/msc_aut_vehicles/share/msc_aut_vehicles/config/nav2_params.yaml
[1.356s] -- Up-to-date symlink: /home/mpinho/proj_ws/install/msc_aut_vehicles/share/msc_aut_vehicles/config/nav2_params1.yaml
[1.357s] -- Up-to-date symlink: /home/mpinho/proj_ws/install/msc_aut_vehicles/share/msc_aut_vehicles/config/odom.rviz
[1.357s] -- Up-to-date symlink: /home/mpinho/proj_ws/install/msc_aut_vehicles/share/msc_aut_vehicles/config/poligons.rviz
[1.357s] -- Up-to-date symlink: /home/mpinho/proj_ws/install/msc_aut_vehicles/share/msc_aut_vehicles/config/slam.rviz
[1.357s] -- Up-to-date symlink: /home/mpinho/proj_ws/install/msc_aut_vehicles/share/msc_aut_vehicles/config/twist_mux.yaml
[1.357s] -- Up-to-date symlink: /home/mpinho/proj_ws/install/msc_aut_vehicles/share/msc_aut_vehicles/config/view_rviz.rviz
[1.357s] -- Up-to-date symlink: /home/mpinho/proj_ws/install/msc_aut_vehicles/share/msc_aut_vehicles/description/camera.xacro
[1.358s] -- Up-to-date symlink: /home/mpinho/proj_ws/install/msc_aut_vehicles/share/msc_aut_vehicles/description/depth_camera.xacro
[1.358s] -- Up-to-date symlink: /home/mpinho/proj_ws/install/msc_aut_vehicles/share/msc_aut_vehicles/description/devastator.urdf.xacro
[1.358s] -- Up-to-date symlink: /home/mpinho/proj_ws/install/msc_aut_vehicles/share/msc_aut_vehicles/description/devastator_solidworks.urdf.xacro
[1.358s] -- Up-to-date symlink: /home/mpinho/proj_ws/install/msc_aut_vehicles/share/msc_aut_vehicles/description/gazebo_control.xacro
[1.358s] -- Up-to-date symlink: /home/mpinho/proj_ws/install/msc_aut_vehicles/share/msc_aut_vehicles/description/inertial_macros.xacro
[1.358s] -- Up-to-date symlink: /home/mpinho/proj_ws/install/msc_aut_vehicles/share/msc_aut_vehicles/description/lidar.xacro
[1.359s] -- Up-to-date symlink: /home/mpinho/proj_ws/install/msc_aut_vehicles/share/msc_aut_vehicles/description/robot.urdf.xacro
[1.359s] -- Up-to-date symlink: /home/mpinho/proj_ws/install/msc_aut_vehicles/share/msc_aut_vehicles/description/robot2.xacro
[1.359s] -- Up-to-date symlink: /home/mpinho/proj_ws/install/msc_aut_vehicles/share/msc_aut_vehicles/description/robot_core.xacro
[1.359s] -- Up-to-date symlink: /home/mpinho/proj_ws/install/msc_aut_vehicles/share/msc_aut_vehicles/description/ros2_control.xacro
[1.359s] -- Up-to-date symlink: /home/mpinho/proj_ws/install/msc_aut_vehicles/share/msc_aut_vehicles/launch/collision_monitor_node.launch.py
[1.359s] -- Up-to-date symlink: /home/mpinho/proj_ws/install/msc_aut_vehicles/share/msc_aut_vehicles/launch/gazebo.launch.py
[1.360s] -- Up-to-date symlink: /home/mpinho/proj_ws/install/msc_aut_vehicles/share/msc_aut_vehicles/launch/joystick.launch.py
[1.360s] -- Up-to-date symlink: /home/mpinho/proj_ws/install/msc_aut_vehicles/share/msc_aut_vehicles/launch/launch_heavy.py
[1.360s] -- Up-to-date symlink: /home/mpinho/proj_ws/install/msc_aut_vehicles/share/msc_aut_vehicles/launch/launch_robot.launch.py
[1.360s] -- Up-to-date symlink: /home/mpinho/proj_ws/install/msc_aut_vehicles/share/msc_aut_vehicles/launch/launch_sim.launch.py
[1.361s] -- Up-to-date symlink: /home/mpinho/proj_ws/install/msc_aut_vehicles/share/msc_aut_vehicles/launch/localization_launch.py
[1.361s] -- Up-to-date symlink: /home/mpinho/proj_ws/install/msc_aut_vehicles/share/msc_aut_vehicles/launch/navigation_launch.py
[1.361s] -- Up-to-date symlink: /home/mpinho/proj_ws/install/msc_aut_vehicles/share/msc_aut_vehicles/launch/obstacle_avoidance.launch.py
[1.361s] -- Up-to-date symlink: /home/mpinho/proj_ws/install/msc_aut_vehicles/share/msc_aut_vehicles/launch/online_async_launch.py
[1.361s] -- Up-to-date symlink: /home/mpinho/proj_ws/install/msc_aut_vehicles/share/msc_aut_vehicles/launch/online_sync_launch.py
[1.361s] -- Up-to-date symlink: /home/mpinho/proj_ws/install/msc_aut_vehicles/share/msc_aut_vehicles/launch/rplidar.launch.py
[1.361s] -- Up-to-date symlink: /home/mpinho/proj_ws/install/msc_aut_vehicles/share/msc_aut_vehicles/launch/rsp.launch.py
[1.361s] -- Up-to-date symlink: /home/mpinho/proj_ws/install/msc_aut_vehicles/share/msc_aut_vehicles/launch/urg_node2.launch.py
[1.363s] -- Up-to-date symlink: /home/mpinho/proj_ws/install/msc_aut_vehicles/share/msc_aut_vehicles/worlds/empty.world
[1.364s] -- Up-to-date symlink: /home/mpinho/proj_ws/install/msc_aut_vehicles/share/msc_aut_vehicles/worlds/obstacles.world
[1.364s] -- Up-to-date symlink: /home/mpinho/proj_ws/install/msc_aut_vehicles/share/msc_aut_vehicles/worlds/obstacles2.world
[1.364s] -- Up-to-date symlink: /home/mpinho/proj_ws/install/msc_aut_vehicles/share/msc_aut_vehicles/worlds/obstacles3.world
[1.364s] -- Up-to-date symlink: /home/mpinho/proj_ws/install/msc_aut_vehicles/share/msc_aut_vehicles/worlds/small_house.world
[1.364s] -- Up-to-date symlink: /home/mpinho/proj_ws/install/msc_aut_vehicles/share/msc_aut_vehicles/worlds/two_cones.world
[1.364s] -- Up-to-date symlink: /home/mpinho/proj_ws/install/msc_aut_vehicles/share/msc_aut_vehicles/worlds/world.model
[1.364s] -- Up-to-date symlink: /home/mpinho/proj_ws/install/msc_aut_vehicles/share/msc_aut_vehicles/environment/pythonpath.sh
[1.364s] -- Up-to-date symlink: /home/mpinho/proj_ws/install/msc_aut_vehicles/share/msc_aut_vehicles/environment/pythonpath.dsv
[1.366s] -- Up-to-date symlink: /home/mpinho/proj_ws/install/msc_aut_vehicles/local/lib/python3.10/dist-packages/msc_aut_vehicles-0.0.0-py3.10.egg-info/PKG-INFO
[1.366s] -- Up-to-date symlink: /home/mpinho/proj_ws/install/msc_aut_vehicles/local/lib/python3.10/dist-packages/msc_aut_vehicles-0.0.0-py3.10.egg-info/SOURCES.txt
[1.366s] -- Up-to-date symlink: /home/mpinho/proj_ws/install/msc_aut_vehicles/local/lib/python3.10/dist-packages/msc_aut_vehicles-0.0.0-py3.10.egg-info/dependency_links.txt
[1.366s] -- Up-to-date symlink: /home/mpinho/proj_ws/install/msc_aut_vehicles/local/lib/python3.10/dist-packages/msc_aut_vehicles-0.0.0-py3.10.egg-info/top_level.txt
[1.366s] -- Up-to-date symlink: /home/mpinho/proj_ws/install/msc_aut_vehicles/local/lib/python3.10/dist-packages/msc_aut_vehicles/__init__.py
[1.366s] -- Up-to-date symlink: /home/mpinho/proj_ws/install/msc_aut_vehicles/lib/msc_aut_vehicles/example_waypoint_follower.py
[1.367s] -- Up-to-date symlink: /home/mpinho/proj_ws/install/msc_aut_vehicles/share/msc_aut_vehicles/meshes/base_link.STL
[1.367s] -- Up-to-date symlink: /home/mpinho/proj_ws/install/msc_aut_vehicles/share/msc_aut_vehicles/meshes/left_wheel.STL
[1.367s] -- Up-to-date symlink: /home/mpinho/proj_ws/install/msc_aut_vehicles/share/msc_aut_vehicles/meshes/left_wheel2.STL
[1.367s] -- Up-to-date symlink: /home/mpinho/proj_ws/install/msc_aut_vehicles/share/msc_aut_vehicles/meshes/left_wheel3.STL
[1.367s] -- Up-to-date symlink: /home/mpinho/proj_ws/install/msc_aut_vehicles/share/msc_aut_vehicles/meshes/left_wheel4.STL
[1.368s] -- Up-to-date symlink: /home/mpinho/proj_ws/install/msc_aut_vehicles/share/msc_aut_vehicles/meshes/left_wheel5.STL
[1.368s] -- Up-to-date symlink: /home/mpinho/proj_ws/install/msc_aut_vehicles/share/msc_aut_vehicles/meshes/right_wheel.STL
[1.368s] -- Up-to-date symlink: /home/mpinho/proj_ws/install/msc_aut_vehicles/share/msc_aut_vehicles/meshes/right_wheel2.STL
[1.368s] -- Up-to-date symlink: /home/mpinho/proj_ws/install/msc_aut_vehicles/share/msc_aut_vehicles/meshes/right_wheel3.STL
[1.368s] -- Up-to-date symlink: /home/mpinho/proj_ws/install/msc_aut_vehicles/share/msc_aut_vehicles/meshes/right_wheel4.STL
[1.369s] -- Up-to-date symlink: /home/mpinho/proj_ws/install/msc_aut_vehicles/share/msc_aut_vehicles/meshes/right_wheel5.STL
[1.369s] -- Up-to-date symlink: /home/mpinho/proj_ws/install/msc_aut_vehicles/share/ament_index/resource_index/package_run_dependencies/msc_aut_vehicles
[1.369s] -- Up-to-date symlink: /home/mpinho/proj_ws/install/msc_aut_vehicles/share/ament_index/resource_index/parent_prefix_path/msc_aut_vehicles
[1.369s] -- Up-to-date symlink: /home/mpinho/proj_ws/install/msc_aut_vehicles/share/msc_aut_vehicles/environment/ament_prefix_path.sh
[1.370s] -- Up-to-date symlink: /home/mpinho/proj_ws/install/msc_aut_vehicles/share/msc_aut_vehicles/environment/ament_prefix_path.dsv
[1.370s] -- Up-to-date symlink: /home/mpinho/proj_ws/install/msc_aut_vehicles/share/msc_aut_vehicles/environment/path.sh
[1.370s] -- Up-to-date symlink: /home/mpinho/proj_ws/install/msc_aut_vehicles/share/msc_aut_vehicles/environment/path.dsv
[1.370s] -- Up-to-date symlink: /home/mpinho/proj_ws/install/msc_aut_vehicles/share/msc_aut_vehicles/local_setup.bash
[1.370s] -- Up-to-date symlink: /home/mpinho/proj_ws/install/msc_aut_vehicles/share/msc_aut_vehicles/local_setup.sh
[1.371s] -- Up-to-date symlink: /home/mpinho/proj_ws/install/msc_aut_vehicles/share/msc_aut_vehicles/local_setup.zsh
[1.371s] -- Up-to-date symlink: /home/mpinho/proj_ws/install/msc_aut_vehicles/share/msc_aut_vehicles/local_setup.dsv
[1.371s] -- Symlinking: /home/mpinho/proj_ws/install/msc_aut_vehicles/share/msc_aut_vehicles/package.dsv
[1.387s] -- Up-to-date symlink: /home/mpinho/proj_ws/install/msc_aut_vehicles/share/ament_index/resource_index/packages/msc_aut_vehicles
[1.388s] -- Up-to-date symlink: /home/mpinho/proj_ws/install/msc_aut_vehicles/share/msc_aut_vehicles/cmake/msc_aut_vehiclesConfig.cmake
[1.388s] -- Up-to-date symlink: /home/mpinho/proj_ws/install/msc_aut_vehicles/share/msc_aut_vehicles/cmake/msc_aut_vehiclesConfig-version.cmake
[1.388s] -- Up-to-date symlink: /home/mpinho/proj_ws/install/msc_aut_vehicles/share/msc_aut_vehicles/package.xml
[1.474s] Listing '/home/mpinho/proj_ws/install/msc_aut_vehicles/local/lib/python3.10/dist-packages/msc_aut_vehicles'...
[1.494s] Invoked command in '/home/mpinho/proj_ws/build/msc_aut_vehicles' returned '0': CMAKE_PREFIX_PATH=${CMAKE_PREFIX_PATH}:/opt/ros/humble /usr/bin/cmake --install /home/mpinho/proj_ws/build/msc_aut_vehicles
