[0.046s] Invoking command in '/home/mpinho/proj_ws/src/build/urg_node2': CMAKE_PREFIX_PATH=${CMAKE_PREFIX_PATH}:/opt/ros/humble /usr/bin/cmake --build /home/mpinho/proj_ws/src/build/urg_node2 -- -j8 -l8
[0.160s] [35m[1mConsolidate compiler generated dependencies of target urg_c[0m
[0.166s] [35m[1mConsolidate compiler generated dependencies of target gtest_main[0m
[0.172s] [35m[1mConsolidate compiler generated dependencies of target gtest[0m
[0.177s] [35m[1mConsolidate compiler generated dependencies of target urg_node2_node[0m
[0.295s] [ 10%] Built target gtest_main
[0.308s] [ 55%] Built target urg_c
[0.312s] [ 65%] Built target gtest
[0.323s] [ 75%] Built target urg_node2_node
[0.361s] [35m[1mConsolidate compiler generated dependencies of target urg_node2_test[0m
[0.366s] [35m[1mConsolidate compiler generated dependencies of target urg_node2[0m
[0.416s] [ 90%] Built target urg_node2_test
[0.434s] [100%] Built target urg_node2
[0.494s] Invoked command in '/home/mpinho/proj_ws/src/build/urg_node2' returned '0': CMAKE_PREFIX_PATH=${CMAKE_PREFIX_PATH}:/opt/ros/humble /usr/bin/cmake --build /home/mpinho/proj_ws/src/build/urg_node2 -- -j8 -l8
[0.647s] Invoking command in '/home/mpinho/proj_ws/src/build/urg_node2': CMAKE_PREFIX_PATH=${CMAKE_PREFIX_PATH}:/opt/ros/humble /usr/bin/cmake --install /home/mpinho/proj_ws/src/build/urg_node2
[0.666s] -- Install configuration: ""
[0.667s] -- Execute custom install script
[0.667s] -- Up-to-date symlink: /home/mpinho/proj_ws/src/install/urg_node2/lib/urg_node2/urg_node2_node
[0.668s] -- Up-to-date symlink: /home/mpinho/proj_ws/src/install/urg_node2/lib/liburg_node2.so
[0.669s] -- Up-to-date symlink: /home/mpinho/proj_ws/src/install/urg_node2/lib/liburg_c.so
[0.669s] -- Up-to-date symlink: /home/mpinho/proj_ws/src/install/urg_node2/share/urg_node2/launch/urg_node2.launch.py
[0.669s] -- Up-to-date symlink: /home/mpinho/proj_ws/src/install/urg_node2/share/urg_node2/launch/urg_node2_2lidar.launch.py
[0.673s] -- Up-to-date symlink: /home/mpinho/proj_ws/src/install/urg_node2/share/urg_node2/launch/urg_node2_component.launch.py
[0.673s] -- Up-to-date symlink: /home/mpinho/proj_ws/src/install/urg_node2/share/urg_node2/config/params_ether.yaml
[0.674s] -- Up-to-date symlink: /home/mpinho/proj_ws/src/install/urg_node2/share/urg_node2/config/params_ether_2nd.yaml
[0.674s] -- Up-to-date symlink: /home/mpinho/proj_ws/src/install/urg_node2/share/urg_node2/config/params_serial.yaml
[0.674s] -- Up-to-date symlink: /home/mpinho/proj_ws/src/install/urg_node2/share/ament_index/resource_index/package_run_dependencies/urg_node2
[0.674s] -- Up-to-date symlink: /home/mpinho/proj_ws/src/install/urg_node2/share/ament_index/resource_index/parent_prefix_path/urg_node2
[0.674s] -- Up-to-date symlink: /home/mpinho/proj_ws/src/install/urg_node2/share/urg_node2/environment/ament_prefix_path.sh
[0.675s] -- Up-to-date symlink: /home/mpinho/proj_ws/src/install/urg_node2/share/urg_node2/environment/ament_prefix_path.dsv
[0.675s] -- Up-to-date symlink: /home/mpinho/proj_ws/src/install/urg_node2/share/urg_node2/environment/path.sh
[0.675s] -- Up-to-date symlink: /home/mpinho/proj_ws/src/install/urg_node2/share/urg_node2/environment/path.dsv
[0.676s] -- Up-to-date symlink: /home/mpinho/proj_ws/src/install/urg_node2/share/urg_node2/local_setup.bash
[0.676s] -- Up-to-date symlink: /home/mpinho/proj_ws/src/install/urg_node2/share/urg_node2/local_setup.sh
[0.676s] -- Up-to-date symlink: /home/mpinho/proj_ws/src/install/urg_node2/share/urg_node2/local_setup.zsh
[0.676s] -- Up-to-date symlink: /home/mpinho/proj_ws/src/install/urg_node2/share/urg_node2/local_setup.dsv
[0.676s] -- Symlinking: /home/mpinho/proj_ws/src/install/urg_node2/share/urg_node2/package.dsv
[0.689s] -- Up-to-date symlink: /home/mpinho/proj_ws/src/install/urg_node2/share/ament_index/resource_index/packages/urg_node2
[0.690s] -- Up-to-date symlink: /home/mpinho/proj_ws/src/install/urg_node2/share/ament_index/resource_index/rclcpp_components/urg_node2
[0.690s] -- Up-to-date symlink: /home/mpinho/proj_ws/src/install/urg_node2/share/urg_node2/cmake/urg_node2Config.cmake
[0.690s] -- Up-to-date symlink: /home/mpinho/proj_ws/src/install/urg_node2/share/urg_node2/cmake/urg_node2Config-version.cmake
[0.691s] -- Up-to-date symlink: /home/mpinho/proj_ws/src/install/urg_node2/share/urg_node2/package.xml
[0.696s] Invoked command in '/home/mpinho/proj_ws/src/build/urg_node2' returned '0': CMAKE_PREFIX_PATH=${CMAKE_PREFIX_PATH}:/opt/ros/humble /usr/bin/cmake --install /home/mpinho/proj_ws/src/build/urg_node2
