[0.049s] Invoking command in '/home/mpinho/proj_ws/build/serial': CMAKE_PREFIX_PATH=${CMAKE_PREFIX_PATH}:/opt/ros/humble /usr/bin/cmake --build /home/mpinho/proj_ws/build/serial -- -j8 -l8
[0.123s] [35m[1mConsolidate compiler generated dependencies of target gtest_main[0m
[0.131s] [35m[1mConsolidate compiler generated dependencies of target gtest[0m
[0.131s] [35m[1mConsolidate compiler generated dependencies of target serial[0m
[0.166s] [ 14%] Built target gtest_main
[0.169s] [ 28%] Built target gtest
[0.181s] [ 57%] Built target serial
[0.218s] [35m[1mConsolidate compiler generated dependencies of target serial-test[0m
[0.218s] [35m[1mConsolidate compiler generated dependencies of target serial_example[0m
[0.226s] [35m[1mConsolidate compiler generated dependencies of target serial-test-timer[0m
[0.246s] [ 71%] Built target serial_example
[0.264s] [ 85%] Built target serial-test
[0.269s] [100%] Built target serial-test-timer
[0.304s] Invoked command in '/home/mpinho/proj_ws/build/serial' returned '0': CMAKE_PREFIX_PATH=${CMAKE_PREFIX_PATH}:/opt/ros/humble /usr/bin/cmake --build /home/mpinho/proj_ws/build/serial -- -j8 -l8
[0.418s] Invoking command in '/home/mpinho/proj_ws/build/serial': CMAKE_PREFIX_PATH=${CMAKE_PREFIX_PATH}:/opt/ros/humble /usr/bin/cmake --install /home/mpinho/proj_ws/build/serial
[0.436s] -- Install configuration: ""
[0.436s] -- Execute custom install script
[0.437s] -- Up-to-date symlink: /home/mpinho/proj_ws/install/serial/lib/libserial.a
[0.437s] -- Up-to-date symlink: /home/mpinho/proj_ws/install/serial/include/serial/serial.h
[0.437s] -- Up-to-date symlink: /home/mpinho/proj_ws/install/serial/include/serial/v8stdint.h
[0.437s] -- Up-to-date symlink: /home/mpinho/proj_ws/install/serial/share/serial/environment/library_path.sh
[0.438s] -- Up-to-date symlink: /home/mpinho/proj_ws/install/serial/share/serial/environment/library_path.dsv
[0.438s] -- Up-to-date symlink: /home/mpinho/proj_ws/install/serial/share/ament_index/resource_index/package_run_dependencies/serial
[0.439s] -- Up-to-date symlink: /home/mpinho/proj_ws/install/serial/share/ament_index/resource_index/parent_prefix_path/serial
[0.441s] -- Up-to-date symlink: /home/mpinho/proj_ws/install/serial/share/serial/environment/ament_prefix_path.sh
[0.441s] -- Up-to-date symlink: /home/mpinho/proj_ws/install/serial/share/serial/environment/ament_prefix_path.dsv
[0.441s] -- Up-to-date symlink: /home/mpinho/proj_ws/install/serial/share/serial/environment/path.sh
[0.441s] -- Up-to-date symlink: /home/mpinho/proj_ws/install/serial/share/serial/environment/path.dsv
[0.441s] -- Up-to-date symlink: /home/mpinho/proj_ws/install/serial/share/serial/local_setup.bash
[0.442s] -- Up-to-date symlink: /home/mpinho/proj_ws/install/serial/share/serial/local_setup.sh
[0.442s] -- Up-to-date symlink: /home/mpinho/proj_ws/install/serial/share/serial/local_setup.zsh
[0.442s] -- Up-to-date symlink: /home/mpinho/proj_ws/install/serial/share/serial/local_setup.dsv
[0.443s] -- Symlinking: /home/mpinho/proj_ws/install/serial/share/serial/package.dsv
[0.461s] -- Up-to-date symlink: /home/mpinho/proj_ws/install/serial/share/ament_index/resource_index/packages/serial
[0.461s] -- Up-to-date symlink: /home/mpinho/proj_ws/install/serial/share/serial/cmake/ament_cmake_export_include_directories-extras.cmake
[0.462s] -- Up-to-date symlink: /home/mpinho/proj_ws/install/serial/share/serial/cmake/ament_cmake_export_libraries-extras.cmake
[0.462s] -- Up-to-date symlink: /home/mpinho/proj_ws/install/serial/share/serial/cmake/serialConfig.cmake
[0.463s] -- Up-to-date symlink: /home/mpinho/proj_ws/install/serial/share/serial/cmake/serialConfig-version.cmake
[0.464s] -- Up-to-date symlink: /home/mpinho/proj_ws/install/serial/share/serial/package.xml
[0.471s] Invoked command in '/home/mpinho/proj_ws/build/serial' returned '0': CMAKE_PREFIX_PATH=${CMAKE_PREFIX_PATH}:/opt/ros/humble /usr/bin/cmake --install /home/mpinho/proj_ws/build/serial
