[0.020s] Invoking command in '/home/mpinho/proj_ws/build/diffdrive_arduino': CMAKE_PREFIX_PATH=/home/mpinho/proj_ws/install/serial:/home/mpinho/proj_ws/install/urg_node2:/home/mpinho/proj_ws/install/diffdrive_arduino:/home/mpinho/proj_ws/install/msc_aut_vehicles:/opt/ros/humble /usr/bin/cmake /home/mpinho/proj_ws/src/diffdrive_arduino -DAMENT_CMAKE_SYMLINK_INSTALL=1 -DCMAKE_INSTALL_PREFIX=/home/mpinho/proj_ws/install/diffdrive_arduino
[0.043s] -- Found ament_cmake: 1.3.10 (/opt/ros/humble/share/ament_cmake/cmake)
[0.247s] -- Override CMake install command with custom implementation using symlinks instead of copying resources
[0.261s] -- Found serial: 1.2.1 (/home/mpinho/proj_ws/install/serial/share/serial/cmake)
[0.265s] -- Found hardware_interface: 2.43.1 (/opt/ros/humble/share/hardware_interface/cmake)
[0.322s] -- Found rosidl_generator_c: 3.1.5 (/opt/ros/humble/share/rosidl_generator_c/cmake)
[0.325s] -- Found rosidl_adapter: 3.1.5 (/opt/ros/humble/share/rosidl_adapter/cmake)
[0.335s] -- Found rosidl_generator_cpp: 3.1.5 (/opt/ros/humble/share/rosidl_generator_cpp/cmake)
[0.352s] -- Using all available rosidl_typesupport_c: rosidl_typesupport_fastrtps_c;rosidl_typesupport_introspection_c
[0.374s] -- Using all available rosidl_typesupport_cpp: rosidl_typesupport_fastrtps_cpp;rosidl_typesupport_introspection_cpp
[0.771s] -- Found rmw_implementation_cmake: 6.1.2 (/opt/ros/humble/share/rmw_implementation_cmake/cmake)
[0.773s] -- Found rmw_fastrtps_cpp: 6.2.7 (/opt/ros/humble/share/rmw_fastrtps_cpp/cmake)
[0.807s] -- Found TinyXML2 via Config file: TinyXML2_DIR-NOTFOUND
[0.821s] -- Found TinyXML2 via Config file: TinyXML2_DIR-NOTFOUND
[0.847s] -- Found TinyXML2 via Config file: TinyXML2_DIR-NOTFOUND
[0.862s] -- Found TinyXML2 via Config file: TinyXML2_DIR-NOTFOUND
[0.880s] -- Using RMW implementation 'rmw_fastrtps_cpp' as default
[0.967s] -- Found controller_manager: 2.43.1 (/opt/ros/humble/share/controller_manager/cmake)
[1.273s] -- Configuring done
[1.500s] -- Generating done
[1.504s] -- Build files have been written to: /home/mpinho/proj_ws/build/diffdrive_arduino
[1.525s] Invoked command in '/home/mpinho/proj_ws/build/diffdrive_arduino' returned '0': CMAKE_PREFIX_PATH=/home/mpinho/proj_ws/install/serial:/home/mpinho/proj_ws/install/urg_node2:/home/mpinho/proj_ws/install/diffdrive_arduino:/home/mpinho/proj_ws/install/msc_aut_vehicles:/opt/ros/humble /usr/bin/cmake /home/mpinho/proj_ws/src/diffdrive_arduino -DAMENT_CMAKE_SYMLINK_INSTALL=1 -DCMAKE_INSTALL_PREFIX=/home/mpinho/proj_ws/install/diffdrive_arduino
[1.527s] Invoking command in '/home/mpinho/proj_ws/build/diffdrive_arduino': CMAKE_PREFIX_PATH=/home/mpinho/proj_ws/install/serial:/home/mpinho/proj_ws/install/urg_node2:/home/mpinho/proj_ws/install/diffdrive_arduino:/home/mpinho/proj_ws/install/msc_aut_vehicles:/opt/ros/humble /usr/bin/cmake --build /home/mpinho/proj_ws/build/diffdrive_arduino -- -j8 -l8
[1.600s] [35m[1mConsolidate compiler generated dependencies of target fake_robot[0m
[1.603s] [35m[1mConsolidate compiler generated dependencies of target diffdrive_arduino[0m
[1.633s] [ 42%] Built target fake_robot
[1.635s] [100%] Built target diffdrive_arduino
[1.656s] Invoked command in '/home/mpinho/proj_ws/build/diffdrive_arduino' returned '0': CMAKE_PREFIX_PATH=/home/mpinho/proj_ws/install/serial:/home/mpinho/proj_ws/install/urg_node2:/home/mpinho/proj_ws/install/diffdrive_arduino:/home/mpinho/proj_ws/install/msc_aut_vehicles:/opt/ros/humble /usr/bin/cmake --build /home/mpinho/proj_ws/build/diffdrive_arduino -- -j8 -l8
[1.721s] Invoking command in '/home/mpinho/proj_ws/build/diffdrive_arduino': CMAKE_PREFIX_PATH=/home/mpinho/proj_ws/install/serial:/home/mpinho/proj_ws/install/urg_node2:/home/mpinho/proj_ws/install/diffdrive_arduino:/home/mpinho/proj_ws/install/msc_aut_vehicles:/opt/ros/humble /usr/bin/cmake --install /home/mpinho/proj_ws/build/diffdrive_arduino
[1.731s] -- Install configuration: ""
[1.732s] -- Execute custom install script
[1.733s] -- Up-to-date symlink: /home/mpinho/proj_ws/install/diffdrive_arduino/share/diffdrive_arduino//robot_hardware.xml
[1.734s] -- Up-to-date symlink: /home/mpinho/proj_ws/install/diffdrive_arduino/share/diffdrive_arduino//fake_robot_hardware.xml
[1.735s] -- Up-to-date symlink: /home/mpinho/proj_ws/install/diffdrive_arduino/lib/libdiffdrive_arduino.so
[1.736s] -- Up-to-date symlink: /home/mpinho/proj_ws/install/diffdrive_arduino/lib/libfake_robot.so
[1.739s] -- Up-to-date symlink: /home/mpinho/proj_ws/install/diffdrive_arduino/share/diffdrive_arduino/controllers/robot_controller_example.yaml
[1.740s] -- Up-to-date symlink: /home/mpinho/proj_ws/install/diffdrive_arduino/share/diffdrive_arduino/fake_robot.launch.py
[1.741s] -- Up-to-date symlink: /home/mpinho/proj_ws/install/diffdrive_arduino/share/diffdrive_arduino/test_robot.launch.py
[1.742s] -- Up-to-date symlink: /home/mpinho/proj_ws/install/diffdrive_arduino/share/diffdrive_arduino/environment/library_path.sh
[1.742s] -- Up-to-date symlink: /home/mpinho/proj_ws/install/diffdrive_arduino/share/diffdrive_arduino/environment/library_path.dsv
[1.742s] -- Up-to-date symlink: /home/mpinho/proj_ws/install/diffdrive_arduino/share/ament_index/resource_index/package_run_dependencies/diffdrive_arduino
[1.744s] -- Up-to-date symlink: /home/mpinho/proj_ws/install/diffdrive_arduino/share/ament_index/resource_index/parent_prefix_path/diffdrive_arduino
[1.745s] -- Up-to-date symlink: /home/mpinho/proj_ws/install/diffdrive_arduino/share/diffdrive_arduino/environment/ament_prefix_path.sh
[1.745s] -- Up-to-date symlink: /home/mpinho/proj_ws/install/diffdrive_arduino/share/diffdrive_arduino/environment/ament_prefix_path.dsv
[1.746s] -- Up-to-date symlink: /home/mpinho/proj_ws/install/diffdrive_arduino/share/diffdrive_arduino/environment/path.sh
[1.746s] -- Up-to-date symlink: /home/mpinho/proj_ws/install/diffdrive_arduino/share/diffdrive_arduino/environment/path.dsv
[1.747s] -- Up-to-date symlink: /home/mpinho/proj_ws/install/diffdrive_arduino/share/diffdrive_arduino/local_setup.bash
[1.748s] -- Up-to-date symlink: /home/mpinho/proj_ws/install/diffdrive_arduino/share/diffdrive_arduino/local_setup.sh
[1.748s] -- Up-to-date symlink: /home/mpinho/proj_ws/install/diffdrive_arduino/share/diffdrive_arduino/local_setup.zsh
[1.749s] -- Up-to-date symlink: /home/mpinho/proj_ws/install/diffdrive_arduino/share/diffdrive_arduino/local_setup.dsv
[1.749s] -- Symlinking: /home/mpinho/proj_ws/install/diffdrive_arduino/share/diffdrive_arduino/package.dsv
[1.766s] -- Up-to-date symlink: /home/mpinho/proj_ws/install/diffdrive_arduino/share/ament_index/resource_index/packages/diffdrive_arduino
[1.767s] -- Up-to-date symlink: /home/mpinho/proj_ws/install/diffdrive_arduino/share/ament_index/resource_index/hardware_interface__pluginlib__plugin/diffdrive_arduino
[1.768s] -- Up-to-date symlink: /home/mpinho/proj_ws/install/diffdrive_arduino/share/diffdrive_arduino/cmake/ament_cmake_export_libraries-extras.cmake
[1.769s] -- Up-to-date symlink: /home/mpinho/proj_ws/install/diffdrive_arduino/share/diffdrive_arduino/cmake/ament_cmake_export_dependencies-extras.cmake
[1.770s] -- Up-to-date symlink: /home/mpinho/proj_ws/install/diffdrive_arduino/share/diffdrive_arduino/cmake/diffdrive_arduinoConfig.cmake
[1.771s] -- Up-to-date symlink: /home/mpinho/proj_ws/install/diffdrive_arduino/share/diffdrive_arduino/cmake/diffdrive_arduinoConfig-version.cmake
[1.771s] -- Up-to-date symlink: /home/mpinho/proj_ws/install/diffdrive_arduino/share/diffdrive_arduino/package.xml
[1.775s] Invoked command in '/home/mpinho/proj_ws/build/diffdrive_arduino' returned '0': CMAKE_PREFIX_PATH=/home/mpinho/proj_ws/install/serial:/home/mpinho/proj_ws/install/urg_node2:/home/mpinho/proj_ws/install/diffdrive_arduino:/home/mpinho/proj_ws/install/msc_aut_vehicles:/opt/ros/humble /usr/bin/cmake --install /home/mpinho/proj_ws/build/diffdrive_arduino
