[0.045s] Invoking command in '/home/mpinho/proj_ws/src/build/serial': CMAKE_PREFIX_PATH=${CMAKE_PREFIX_PATH}:/home/mpinho/proj_ws/install/joy_tester:/opt/ros/humble /usr/bin/cmake --build /home/mpinho/proj_ws/src/build/serial -- -j8 -l8
[0.592s] [ 28%] Built target serial
[0.592s] [ 57%] Built target gtest
[0.592s] [ 57%] Built target gtest_main
[0.592s] [ 71%] Built target serial_example
[0.592s] [ 85%] Built target serial-test
[0.593s] [100%] Built target serial-test-timer
[0.593s] Invoked command in '/home/mpinho/proj_ws/src/build/serial' returned '0': CMAKE_PREFIX_PATH=${CMAKE_PREFIX_PATH}:/home/mpinho/proj_ws/install/joy_tester:/opt/ros/humble /usr/bin/cmake --build /home/mpinho/proj_ws/src/build/serial -- -j8 -l8
[0.680s] Invoking command in '/home/mpinho/proj_ws/src/build/serial': CMAKE_PREFIX_PATH=${CMAKE_PREFIX_PATH}:/home/mpinho/proj_ws/install/joy_tester:/opt/ros/humble /usr/bin/cmake --install /home/mpinho/proj_ws/src/build/serial
[0.692s] -- Install configuration: ""
[0.694s] -- Execute custom install script
[0.695s] -- Up-to-date symlink: /home/mpinho/proj_ws/src/install/serial/lib/libserial.a
[0.695s] -- Up-to-date symlink: /home/mpinho/proj_ws/src/install/serial/include/serial/serial.h
[0.695s] -- Up-to-date symlink: /home/mpinho/proj_ws/src/install/serial/include/serial/v8stdint.h
[0.696s] -- Up-to-date symlink: /home/mpinho/proj_ws/src/install/serial/share/serial/environment/library_path.sh
[0.696s] -- Up-to-date symlink: /home/mpinho/proj_ws/src/install/serial/share/serial/environment/library_path.dsv
[0.696s] -- Up-to-date symlink: /home/mpinho/proj_ws/src/install/serial/share/ament_index/resource_index/package_run_dependencies/serial
[0.697s] -- Up-to-date symlink: /home/mpinho/proj_ws/src/install/serial/share/ament_index/resource_index/parent_prefix_path/serial
[0.697s] -- Up-to-date symlink: /home/mpinho/proj_ws/src/install/serial/share/serial/environment/ament_prefix_path.sh
[0.697s] -- Up-to-date symlink: /home/mpinho/proj_ws/src/install/serial/share/serial/environment/ament_prefix_path.dsv
[0.697s] -- Up-to-date symlink: /home/mpinho/proj_ws/src/install/serial/share/serial/environment/path.sh
[0.698s] -- Up-to-date symlink: /home/mpinho/proj_ws/src/install/serial/share/serial/environment/path.dsv
[0.698s] -- Up-to-date symlink: /home/mpinho/proj_ws/src/install/serial/share/serial/local_setup.bash
[0.699s] -- Up-to-date symlink: /home/mpinho/proj_ws/src/install/serial/share/serial/local_setup.sh
[0.699s] -- Up-to-date symlink: /home/mpinho/proj_ws/src/install/serial/share/serial/local_setup.zsh
[0.699s] -- Up-to-date symlink: /home/mpinho/proj_ws/src/install/serial/share/serial/local_setup.dsv
[0.699s] -- Symlinking: /home/mpinho/proj_ws/src/install/serial/share/serial/package.dsv
[0.716s] -- Up-to-date symlink: /home/mpinho/proj_ws/src/install/serial/share/ament_index/resource_index/packages/serial
[0.716s] -- Up-to-date symlink: /home/mpinho/proj_ws/src/install/serial/share/serial/cmake/ament_cmake_export_include_directories-extras.cmake
[0.716s] -- Up-to-date symlink: /home/mpinho/proj_ws/src/install/serial/share/serial/cmake/ament_cmake_export_libraries-extras.cmake
[0.716s] -- Up-to-date symlink: /home/mpinho/proj_ws/src/install/serial/share/serial/cmake/serialConfig.cmake
[0.717s] -- Up-to-date symlink: /home/mpinho/proj_ws/src/install/serial/share/serial/cmake/serialConfig-version.cmake
[0.717s] -- Up-to-date symlink: /home/mpinho/proj_ws/src/install/serial/share/serial/package.xml
[0.723s] Invoked command in '/home/mpinho/proj_ws/src/build/serial' returned '0': CMAKE_PREFIX_PATH=${CMAKE_PREFIX_PATH}:/home/mpinho/proj_ws/install/joy_tester:/opt/ros/humble /usr/bin/cmake --install /home/mpinho/proj_ws/src/build/serial
