[0.249s] DEBUG:colcon:Command line arguments: ['/usr/bin/colcon', 'build', '--symlink-install']
[0.250s] DEBUG:colcon:Parsed command line arguments: Namespace(log_base=None, log_level=None, verb_name='build', build_base='build', install_base='install', merge_install=False, symlink_install=True, test_result_base=None, continue_on_error=False, executor='parallel', parallel_workers=8, event_handlers=None, ignore_user_meta=False, metas=['./colcon.meta'], base_paths=['.'], packages_ignore=None, packages_ignore_regex=None, paths=None, packages_up_to=None, packages_up_to_regex=None, packages_above=None, packages_above_and_dependencies=None, packages_above_depth=None, packages_select_by_dep=None, packages_skip_by_dep=None, packages_skip_up_to=None, packages_select_build_failed=False, packages_skip_build_finished=False, packages_select_test_failures=False, packages_skip_test_passed=False, packages_select=None, packages_skip=None, packages_select_regex=None, packages_skip_regex=None, packages_start=None, packages_end=None, allow_overriding=[], cmake_args=None, cmake_target=None, cmake_target_skip_unavailable=False, cmake_clean_cache=False, cmake_clean_first=False, cmake_force_configure=False, ament_cmake_args=None, catkin_cmake_args=None, catkin_skip_building_tests=False, verb_parser=<colcon_defaults.argument_parser.defaults.DefaultArgumentsDecorator object at 0x7a07dc225390>, verb_extension=<colcon_core.verb.build.BuildVerb object at 0x7a07dc359e10>, main=<bound method BuildVerb.main of <colcon_core.verb.build.BuildVerb object at 0x7a07dc359e10>>)
[0.628s] Level 1:colcon.colcon_core.package_discovery:discover_packages(colcon_meta) check parameters
[0.629s] Level 1:colcon.colcon_core.package_discovery:discover_packages(recursive) check parameters
[0.629s] Level 1:colcon.colcon_core.package_discovery:discover_packages(ignore) check parameters
[0.629s] Level 1:colcon.colcon_core.package_discovery:discover_packages(path) check parameters
[0.629s] Level 1:colcon.colcon_core.package_discovery:discover_packages(colcon_meta) discover
[0.629s] Level 1:colcon.colcon_core.package_discovery:discover_packages(recursive) discover
[0.629s] INFO:colcon.colcon_core.package_discovery:Crawling recursively for packages in '/home/mpinho/proj_ws'
[0.629s] Level 1:colcon.colcon_core.package_identification:_identify(.) by extensions ['ignore', 'ignore_ament_install']
[0.629s] Level 1:colcon.colcon_core.package_identification:_identify(.) by extension 'ignore'
[0.629s] Level 1:colcon.colcon_core.package_identification:_identify(.) by extension 'ignore_ament_install'
[0.629s] Level 1:colcon.colcon_core.package_identification:_identify(.) by extensions ['colcon_pkg']
[0.630s] Level 1:colcon.colcon_core.package_identification:_identify(.) by extension 'colcon_pkg'
[0.630s] Level 1:colcon.colcon_core.package_identification:_identify(.) by extensions ['colcon_meta']
[0.630s] Level 1:colcon.colcon_core.package_identification:_identify(.) by extension 'colcon_meta'
[0.630s] Level 1:colcon.colcon_core.package_identification:_identify(.) by extensions ['ros']
[0.630s] Level 1:colcon.colcon_core.package_identification:_identify(.) by extension 'ros'
[0.648s] Level 1:colcon.colcon_core.package_identification:_identify(.) by extensions ['cmake', 'python']
[0.649s] Level 1:colcon.colcon_core.package_identification:_identify(.) by extension 'cmake'
[0.649s] Level 1:colcon.colcon_core.package_identification:_identify(.) by extension 'python'
[0.649s] Level 1:colcon.colcon_core.package_identification:_identify(.) by extensions ['python_setup_py']
[0.649s] Level 1:colcon.colcon_core.package_identification:_identify(.) by extension 'python_setup_py'
[0.649s] Level 1:colcon.colcon_core.package_identification:_identify(build) by extensions ['ignore', 'ignore_ament_install']
[0.649s] Level 1:colcon.colcon_core.package_identification:_identify(build) by extension 'ignore'
[0.649s] Level 1:colcon.colcon_core.package_identification:_identify(build) ignored
[0.649s] Level 1:colcon.colcon_core.package_identification:_identify(install) by extensions ['ignore', 'ignore_ament_install']
[0.650s] Level 1:colcon.colcon_core.package_identification:_identify(install) by extension 'ignore'
[0.650s] Level 1:colcon.colcon_core.package_identification:_identify(install) ignored
[0.650s] Level 1:colcon.colcon_core.package_identification:_identify(log) by extensions ['ignore', 'ignore_ament_install']
[0.650s] Level 1:colcon.colcon_core.package_identification:_identify(log) by extension 'ignore'
[0.650s] Level 1:colcon.colcon_core.package_identification:_identify(log) ignored
[0.650s] Level 1:colcon.colcon_core.package_identification:_identify(src) by extensions ['ignore', 'ignore_ament_install']
[0.650s] Level 1:colcon.colcon_core.package_identification:_identify(src) by extension 'ignore'
[0.651s] Level 1:colcon.colcon_core.package_identification:_identify(src) by extension 'ignore_ament_install'
[0.651s] Level 1:colcon.colcon_core.package_identification:_identify(src) by extensions ['colcon_pkg']
[0.651s] Level 1:colcon.colcon_core.package_identification:_identify(src) by extension 'colcon_pkg'
[0.651s] Level 1:colcon.colcon_core.package_identification:_identify(src) by extensions ['colcon_meta']
[0.651s] Level 1:colcon.colcon_core.package_identification:_identify(src) by extension 'colcon_meta'
[0.651s] Level 1:colcon.colcon_core.package_identification:_identify(src) by extensions ['ros']
[0.651s] Level 1:colcon.colcon_core.package_identification:_identify(src) by extension 'ros'
[0.651s] Level 1:colcon.colcon_core.package_identification:_identify(src) by extensions ['cmake', 'python']
[0.651s] Level 1:colcon.colcon_core.package_identification:_identify(src) by extension 'cmake'
[0.651s] Level 1:colcon.colcon_core.package_identification:_identify(src) by extension 'python'
[0.651s] Level 1:colcon.colcon_core.package_identification:_identify(src) by extensions ['python_setup_py']
[0.651s] Level 1:colcon.colcon_core.package_identification:_identify(src) by extension 'python_setup_py'
[0.652s] Level 1:colcon.colcon_core.package_identification:_identify(src/build) by extensions ['ignore', 'ignore_ament_install']
[0.652s] Level 1:colcon.colcon_core.package_identification:_identify(src/build) by extension 'ignore'
[0.652s] Level 1:colcon.colcon_core.package_identification:_identify(src/build) ignored
[0.652s] Level 1:colcon.colcon_core.package_identification:_identify(src/diffdrive_arduino) by extensions ['ignore', 'ignore_ament_install']
[0.652s] Level 1:colcon.colcon_core.package_identification:_identify(src/diffdrive_arduino) by extension 'ignore'
[0.652s] Level 1:colcon.colcon_core.package_identification:_identify(src/diffdrive_arduino) by extension 'ignore_ament_install'
[0.652s] Level 1:colcon.colcon_core.package_identification:_identify(src/diffdrive_arduino) by extensions ['colcon_pkg']
[0.652s] Level 1:colcon.colcon_core.package_identification:_identify(src/diffdrive_arduino) by extension 'colcon_pkg'
[0.652s] Level 1:colcon.colcon_core.package_identification:_identify(src/diffdrive_arduino) by extensions ['colcon_meta']
[0.652s] Level 1:colcon.colcon_core.package_identification:_identify(src/diffdrive_arduino) by extension 'colcon_meta'
[0.652s] Level 1:colcon.colcon_core.package_identification:_identify(src/diffdrive_arduino) by extensions ['ros']
[0.653s] Level 1:colcon.colcon_core.package_identification:_identify(src/diffdrive_arduino) by extension 'ros'
[0.658s] DEBUG:colcon.colcon_core.package_identification:Package 'src/diffdrive_arduino' with type 'ros.ament_cmake' and name 'diffdrive_arduino'
[0.658s] Level 1:colcon.colcon_core.package_identification:_identify(src/install) by extensions ['ignore', 'ignore_ament_install']
[0.658s] Level 1:colcon.colcon_core.package_identification:_identify(src/install) by extension 'ignore'
[0.658s] Level 1:colcon.colcon_core.package_identification:_identify(src/install) ignored
[0.659s] Level 1:colcon.colcon_core.package_identification:_identify(src/log) by extensions ['ignore', 'ignore_ament_install']
[0.659s] Level 1:colcon.colcon_core.package_identification:_identify(src/log) by extension 'ignore'
[0.659s] Level 1:colcon.colcon_core.package_identification:_identify(src/log) ignored
[0.659s] Level 1:colcon.colcon_core.package_identification:_identify(src/msc_aut_vehicles) by extensions ['ignore', 'ignore_ament_install']
[0.659s] Level 1:colcon.colcon_core.package_identification:_identify(src/msc_aut_vehicles) by extension 'ignore'
[0.659s] Level 1:colcon.colcon_core.package_identification:_identify(src/msc_aut_vehicles) by extension 'ignore_ament_install'
[0.659s] Level 1:colcon.colcon_core.package_identification:_identify(src/msc_aut_vehicles) by extensions ['colcon_pkg']
[0.659s] Level 1:colcon.colcon_core.package_identification:_identify(src/msc_aut_vehicles) by extension 'colcon_pkg'
[0.659s] Level 1:colcon.colcon_core.package_identification:_identify(src/msc_aut_vehicles) by extensions ['colcon_meta']
[0.659s] Level 1:colcon.colcon_core.package_identification:_identify(src/msc_aut_vehicles) by extension 'colcon_meta'
[0.660s] Level 1:colcon.colcon_core.package_identification:_identify(src/msc_aut_vehicles) by extensions ['ros']
[0.660s] Level 1:colcon.colcon_core.package_identification:_identify(src/msc_aut_vehicles) by extension 'ros'
[0.661s] DEBUG:colcon.colcon_core.package_identification:Package 'src/msc_aut_vehicles' with type 'ros.ament_cmake' and name 'msc_aut_vehicles'
[0.661s] Level 1:colcon.colcon_core.package_identification:_identify(src/serial) by extensions ['ignore', 'ignore_ament_install']
[0.662s] Level 1:colcon.colcon_core.package_identification:_identify(src/serial) by extension 'ignore'
[0.662s] Level 1:colcon.colcon_core.package_identification:_identify(src/serial) by extension 'ignore_ament_install'
[0.662s] Level 1:colcon.colcon_core.package_identification:_identify(src/serial) by extensions ['colcon_pkg']
[0.662s] Level 1:colcon.colcon_core.package_identification:_identify(src/serial) by extension 'colcon_pkg'
[0.662s] Level 1:colcon.colcon_core.package_identification:_identify(src/serial) by extensions ['colcon_meta']
[0.662s] Level 1:colcon.colcon_core.package_identification:_identify(src/serial) by extension 'colcon_meta'
[0.662s] Level 1:colcon.colcon_core.package_identification:_identify(src/serial) by extensions ['ros']
[0.662s] Level 1:colcon.colcon_core.package_identification:_identify(src/serial) by extension 'ros'
[0.668s] DEBUG:colcon.colcon_core.package_identification:Package 'src/serial' with type 'ros.ament_cmake' and name 'serial'
[0.668s] Level 1:colcon.colcon_core.package_identification:_identify(src/urg_node2) by extensions ['ignore', 'ignore_ament_install']
[0.668s] Level 1:colcon.colcon_core.package_identification:_identify(src/urg_node2) by extension 'ignore'
[0.668s] Level 1:colcon.colcon_core.package_identification:_identify(src/urg_node2) by extension 'ignore_ament_install'
[0.669s] Level 1:colcon.colcon_core.package_identification:_identify(src/urg_node2) by extensions ['colcon_pkg']
[0.669s] Level 1:colcon.colcon_core.package_identification:_identify(src/urg_node2) by extension 'colcon_pkg'
[0.669s] Level 1:colcon.colcon_core.package_identification:_identify(src/urg_node2) by extensions ['colcon_meta']
[0.669s] Level 1:colcon.colcon_core.package_identification:_identify(src/urg_node2) by extension 'colcon_meta'
[0.669s] Level 1:colcon.colcon_core.package_identification:_identify(src/urg_node2) by extensions ['ros']
[0.669s] Level 1:colcon.colcon_core.package_identification:_identify(src/urg_node2) by extension 'ros'
[0.671s] DEBUG:colcon.colcon_core.package_identification:Package 'src/urg_node2' with type 'ros.ament_cmake' and name 'urg_node2'
[0.671s] Level 1:colcon.colcon_core.package_discovery:discover_packages(recursive) using defaults
[0.672s] Level 1:colcon.colcon_core.package_discovery:discover_packages(ignore) discover
[0.672s] Level 1:colcon.colcon_core.package_discovery:discover_packages(ignore) using defaults
[0.672s] Level 1:colcon.colcon_core.package_discovery:discover_packages(path) discover
[0.672s] Level 1:colcon.colcon_core.package_discovery:discover_packages(path) using defaults
[0.741s] Level 1:colcon.colcon_core.package_discovery:discover_packages(prefix_path) check parameters
[0.741s] Level 1:colcon.colcon_core.package_discovery:discover_packages(prefix_path) discover
[0.745s] DEBUG:colcon.colcon_installed_package_information.package_discovery:Found 4 installed packages in /home/mpinho/proj_ws/install
[0.749s] DEBUG:colcon.colcon_installed_package_information.package_discovery:Found 421 installed packages in /opt/ros/humble
[0.753s] Level 1:colcon.colcon_core.package_discovery:discover_packages(prefix_path) using defaults
[0.854s] Level 5:colcon.colcon_core.verb:set package 'msc_aut_vehicles' build argument 'cmake_args' from command line to 'None'
[0.854s] Level 5:colcon.colcon_core.verb:set package 'msc_aut_vehicles' build argument 'cmake_target' from command line to 'None'
[0.854s] Level 5:colcon.colcon_core.verb:set package 'msc_aut_vehicles' build argument 'cmake_target_skip_unavailable' from command line to 'False'
[0.854s] Level 5:colcon.colcon_core.verb:set package 'msc_aut_vehicles' build argument 'cmake_clean_cache' from command line to 'False'
[0.854s] Level 5:colcon.colcon_core.verb:set package 'msc_aut_vehicles' build argument 'cmake_clean_first' from command line to 'False'
[0.854s] Level 5:colcon.colcon_core.verb:set package 'msc_aut_vehicles' build argument 'cmake_force_configure' from command line to 'False'
[0.854s] Level 5:colcon.colcon_core.verb:set package 'msc_aut_vehicles' build argument 'ament_cmake_args' from command line to 'None'
[0.855s] Level 5:colcon.colcon_core.verb:set package 'msc_aut_vehicles' build argument 'catkin_cmake_args' from command line to 'None'
[0.855s] Level 5:colcon.colcon_core.verb:set package 'msc_aut_vehicles' build argument 'catkin_skip_building_tests' from command line to 'False'
[0.855s] DEBUG:colcon.colcon_core.verb:Building package 'msc_aut_vehicles' with the following arguments: {'ament_cmake_args': None, 'build_base': '/home/mpinho/proj_ws/build/msc_aut_vehicles', 'catkin_cmake_args': None, 'catkin_skip_building_tests': False, 'cmake_args': None, 'cmake_clean_cache': False, 'cmake_clean_first': False, 'cmake_force_configure': False, 'cmake_target': None, 'cmake_target_skip_unavailable': False, 'install_base': '/home/mpinho/proj_ws/install/msc_aut_vehicles', 'merge_install': False, 'path': '/home/mpinho/proj_ws/src/msc_aut_vehicles', 'symlink_install': True, 'test_result_base': None}
[0.856s] Level 5:colcon.colcon_core.verb:set package 'serial' build argument 'cmake_args' from command line to 'None'
[0.856s] Level 5:colcon.colcon_core.verb:set package 'serial' build argument 'cmake_target' from command line to 'None'
[0.856s] Level 5:colcon.colcon_core.verb:set package 'serial' build argument 'cmake_target_skip_unavailable' from command line to 'False'
[0.856s] Level 5:colcon.colcon_core.verb:set package 'serial' build argument 'cmake_clean_cache' from command line to 'False'
[0.856s] Level 5:colcon.colcon_core.verb:set package 'serial' build argument 'cmake_clean_first' from command line to 'False'
[0.856s] Level 5:colcon.colcon_core.verb:set package 'serial' build argument 'cmake_force_configure' from command line to 'False'
[0.856s] Level 5:colcon.colcon_core.verb:set package 'serial' build argument 'ament_cmake_args' from command line to 'None'
[0.856s] Level 5:colcon.colcon_core.verb:set package 'serial' build argument 'catkin_cmake_args' from command line to 'None'
[0.856s] Level 5:colcon.colcon_core.verb:set package 'serial' build argument 'catkin_skip_building_tests' from command line to 'False'
[0.856s] DEBUG:colcon.colcon_core.verb:Building package 'serial' with the following arguments: {'ament_cmake_args': None, 'build_base': '/home/mpinho/proj_ws/build/serial', 'catkin_cmake_args': None, 'catkin_skip_building_tests': False, 'cmake_args': None, 'cmake_clean_cache': False, 'cmake_clean_first': False, 'cmake_force_configure': False, 'cmake_target': None, 'cmake_target_skip_unavailable': False, 'install_base': '/home/mpinho/proj_ws/install/serial', 'merge_install': False, 'path': '/home/mpinho/proj_ws/src/serial', 'symlink_install': True, 'test_result_base': None}
[0.857s] Level 5:colcon.colcon_core.verb:set package 'urg_node2' build argument 'cmake_args' from command line to 'None'
[0.858s] Level 5:colcon.colcon_core.verb:set package 'urg_node2' build argument 'cmake_target' from command line to 'None'
[0.858s] Level 5:colcon.colcon_core.verb:set package 'urg_node2' build argument 'cmake_target_skip_unavailable' from command line to 'False'
[0.858s] Level 5:colcon.colcon_core.verb:set package 'urg_node2' build argument 'cmake_clean_cache' from command line to 'False'
[0.858s] Level 5:colcon.colcon_core.verb:set package 'urg_node2' build argument 'cmake_clean_first' from command line to 'False'
[0.858s] Level 5:colcon.colcon_core.verb:set package 'urg_node2' build argument 'cmake_force_configure' from command line to 'False'
[0.858s] Level 5:colcon.colcon_core.verb:set package 'urg_node2' build argument 'ament_cmake_args' from command line to 'None'
[0.858s] Level 5:colcon.colcon_core.verb:set package 'urg_node2' build argument 'catkin_cmake_args' from command line to 'None'
[0.858s] Level 5:colcon.colcon_core.verb:set package 'urg_node2' build argument 'catkin_skip_building_tests' from command line to 'False'
[0.858s] DEBUG:colcon.colcon_core.verb:Building package 'urg_node2' with the following arguments: {'ament_cmake_args': None, 'build_base': '/home/mpinho/proj_ws/build/urg_node2', 'catkin_cmake_args': None, 'catkin_skip_building_tests': False, 'cmake_args': None, 'cmake_clean_cache': False, 'cmake_clean_first': False, 'cmake_force_configure': False, 'cmake_target': None, 'cmake_target_skip_unavailable': False, 'install_base': '/home/mpinho/proj_ws/install/urg_node2', 'merge_install': False, 'path': '/home/mpinho/proj_ws/src/urg_node2', 'symlink_install': True, 'test_result_base': None}
[0.860s] Level 5:colcon.colcon_core.verb:set package 'diffdrive_arduino' build argument 'cmake_args' from command line to 'None'
[0.860s] Level 5:colcon.colcon_core.verb:set package 'diffdrive_arduino' build argument 'cmake_target' from command line to 'None'
[0.860s] Level 5:colcon.colcon_core.verb:set package 'diffdrive_arduino' build argument 'cmake_target_skip_unavailable' from command line to 'False'
[0.860s] Level 5:colcon.colcon_core.verb:set package 'diffdrive_arduino' build argument 'cmake_clean_cache' from command line to 'False'
[0.860s] Level 5:colcon.colcon_core.verb:set package 'diffdrive_arduino' build argument 'cmake_clean_first' from command line to 'False'
[0.860s] Level 5:colcon.colcon_core.verb:set package 'diffdrive_arduino' build argument 'cmake_force_configure' from command line to 'False'
[0.860s] Level 5:colcon.colcon_core.verb:set package 'diffdrive_arduino' build argument 'ament_cmake_args' from command line to 'None'
[0.860s] Level 5:colcon.colcon_core.verb:set package 'diffdrive_arduino' build argument 'catkin_cmake_args' from command line to 'None'
[0.860s] Level 5:colcon.colcon_core.verb:set package 'diffdrive_arduino' build argument 'catkin_skip_building_tests' from command line to 'False'
[0.860s] DEBUG:colcon.colcon_core.verb:Building package 'diffdrive_arduino' with the following arguments: {'ament_cmake_args': None, 'build_base': '/home/mpinho/proj_ws/build/diffdrive_arduino', 'catkin_cmake_args': None, 'catkin_skip_building_tests': False, 'cmake_args': None, 'cmake_clean_cache': False, 'cmake_clean_first': False, 'cmake_force_configure': False, 'cmake_target': None, 'cmake_target_skip_unavailable': False, 'install_base': '/home/mpinho/proj_ws/install/diffdrive_arduino', 'merge_install': False, 'path': '/home/mpinho/proj_ws/src/diffdrive_arduino', 'symlink_install': True, 'test_result_base': None}
[0.861s] INFO:colcon.colcon_core.executor:Executing jobs using 'parallel' executor
[0.863s] DEBUG:colcon.colcon_parallel_executor.executor.parallel:run_until_complete
[0.864s] INFO:colcon.colcon_ros.task.ament_cmake.build:Building ROS package in '/home/mpinho/proj_ws/src/serial' with build type 'ament_cmake'
[0.865s] INFO:colcon.colcon_cmake.task.cmake.build:Building CMake package in '/home/mpinho/proj_ws/src/serial'
[0.869s] INFO:colcon.colcon_core.plugin_system:Skipping extension 'colcon_core.shell.bat': Not used on non-Windows systems
[0.870s] INFO:colcon.colcon_core.shell:Skip shell extension 'powershell' for command environment: Not usable outside of PowerShell
[0.870s] DEBUG:colcon.colcon_core.shell:Skip shell extension 'dsv' for command environment
[0.880s] INFO:colcon.colcon_ros.task.ament_cmake.build:Building ROS package in '/home/mpinho/proj_ws/src/msc_aut_vehicles' with build type 'ament_cmake'
[0.881s] INFO:colcon.colcon_cmake.task.cmake.build:Building CMake package in '/home/mpinho/proj_ws/src/msc_aut_vehicles'
[0.882s] INFO:colcon.colcon_core.shell:Skip shell extension 'powershell' for command environment: Not usable outside of PowerShell
[0.882s] DEBUG:colcon.colcon_core.shell:Skip shell extension 'dsv' for command environment
[0.892s] INFO:colcon.colcon_ros.task.ament_cmake.build:Building ROS package in '/home/mpinho/proj_ws/src/urg_node2' with build type 'ament_cmake'
[0.893s] INFO:colcon.colcon_cmake.task.cmake.build:Building CMake package in '/home/mpinho/proj_ws/src/urg_node2'
[0.894s] INFO:colcon.colcon_core.shell:Skip shell extension 'powershell' for command environment: Not usable outside of PowerShell
[0.894s] DEBUG:colcon.colcon_core.shell:Skip shell extension 'dsv' for command environment
[0.920s] DEBUG:colcon.colcon_core.event_handler.log_command:Invoking command in '/home/mpinho/proj_ws/build/serial': CMAKE_PREFIX_PATH=${CMAKE_PREFIX_PATH}:/opt/ros/humble /usr/bin/cmake --build /home/mpinho/proj_ws/build/serial -- -j8 -l8
[0.932s] DEBUG:colcon.colcon_core.event_handler.log_command:Invoking command in '/home/mpinho/proj_ws/build/msc_aut_vehicles': CMAKE_PREFIX_PATH=${CMAKE_PREFIX_PATH}:/opt/ros/humble /usr/bin/cmake --build /home/mpinho/proj_ws/build/msc_aut_vehicles -- -j8 -l8
[0.938s] DEBUG:colcon.colcon_core.event_handler.log_command:Invoking command in '/home/mpinho/proj_ws/build/urg_node2': CMAKE_PREFIX_PATH=${CMAKE_PREFIX_PATH}:/opt/ros/humble /usr/bin/cmake --build /home/mpinho/proj_ws/build/urg_node2 -- -j8 -l8
[1.221s] DEBUG:colcon.colcon_core.event_handler.log_command:Invoked command in '/home/mpinho/proj_ws/build/serial' returned '0': CMAKE_PREFIX_PATH=${CMAKE_PREFIX_PATH}:/opt/ros/humble /usr/bin/cmake --build /home/mpinho/proj_ws/build/serial -- -j8 -l8
[1.232s] DEBUG:colcon.colcon_core.event_handler.log_command:Invoked command in '/home/mpinho/proj_ws/build/urg_node2' returned '0': CMAKE_PREFIX_PATH=${CMAKE_PREFIX_PATH}:/opt/ros/humble /usr/bin/cmake --build /home/mpinho/proj_ws/build/urg_node2 -- -j8 -l8
[1.322s] DEBUG:colcon.colcon_core.event_handler.log_command:Invoking command in '/home/mpinho/proj_ws/build/serial': CMAKE_PREFIX_PATH=${CMAKE_PREFIX_PATH}:/opt/ros/humble /usr/bin/cmake --install /home/mpinho/proj_ws/build/serial
[1.351s] DEBUG:colcon.colcon_core.event_handler.log_command:Invoking command in '/home/mpinho/proj_ws/build/urg_node2': CMAKE_PREFIX_PATH=${CMAKE_PREFIX_PATH}:/opt/ros/humble /usr/bin/cmake --install /home/mpinho/proj_ws/build/urg_node2
[1.368s] Level 1:colcon.colcon_core.environment:create_environment_scripts_only(serial)
[1.371s] DEBUG:colcon.colcon_core.event_handler.log_command:Invoked command in '/home/mpinho/proj_ws/build/serial' returned '0': CMAKE_PREFIX_PATH=${CMAKE_PREFIX_PATH}:/opt/ros/humble /usr/bin/cmake --install /home/mpinho/proj_ws/build/serial
[1.376s] Level 1:colcon.colcon_core.environment:checking '/home/mpinho/proj_ws/install/serial' for CMake module files
[1.378s] Level 1:colcon.colcon_core.environment:checking '/home/mpinho/proj_ws/install/serial' for CMake config files
[1.378s] Level 1:colcon.colcon_core.shell:create_environment_hook('serial', 'cmake_prefix_path')
[1.379s] INFO:colcon.colcon_core.shell:Creating environment hook '/home/mpinho/proj_ws/install/serial/share/serial/hook/cmake_prefix_path.ps1'
[1.380s] INFO:colcon.colcon_core.shell:Creating environment descriptor '/home/mpinho/proj_ws/install/serial/share/serial/hook/cmake_prefix_path.dsv'
[1.381s] INFO:colcon.colcon_core.shell:Creating environment hook '/home/mpinho/proj_ws/install/serial/share/serial/hook/cmake_prefix_path.sh'
[1.383s] Level 1:colcon.colcon_core.environment:checking '/home/mpinho/proj_ws/install/serial/lib'
[1.383s] Level 1:colcon.colcon_core.environment:checking '/home/mpinho/proj_ws/install/serial/bin'
[1.384s] Level 1:colcon.colcon_core.environment:checking '/home/mpinho/proj_ws/install/serial/lib/pkgconfig/serial.pc'
[1.384s] Level 1:colcon.colcon_core.environment:checking '/home/mpinho/proj_ws/install/serial/lib/python3.10/site-packages'
[1.385s] Level 1:colcon.colcon_core.environment:checking '/home/mpinho/proj_ws/install/serial/bin'
[1.385s] INFO:colcon.colcon_core.shell:Creating package script '/home/mpinho/proj_ws/install/serial/share/serial/package.ps1'
[1.387s] INFO:colcon.colcon_core.shell:Creating package descriptor '/home/mpinho/proj_ws/install/serial/share/serial/package.dsv'
[1.388s] INFO:colcon.colcon_core.shell:Creating package script '/home/mpinho/proj_ws/install/serial/share/serial/package.sh'
[1.390s] INFO:colcon.colcon_core.shell:Creating package script '/home/mpinho/proj_ws/install/serial/share/serial/package.bash'
[1.393s] INFO:colcon.colcon_core.shell:Creating package script '/home/mpinho/proj_ws/install/serial/share/serial/package.zsh'
[1.397s] Level 1:colcon.colcon_core.environment:create_file_with_runtime_dependencies(/home/mpinho/proj_ws/install/serial/share/colcon-core/packages/serial)
[1.401s] Level 1:colcon.colcon_core.environment:create_environment_scripts_only(urg_node2)
[1.402s] DEBUG:colcon.colcon_core.event_handler.log_command:Invoked command in '/home/mpinho/proj_ws/build/urg_node2' returned '0': CMAKE_PREFIX_PATH=${CMAKE_PREFIX_PATH}:/opt/ros/humble /usr/bin/cmake --install /home/mpinho/proj_ws/build/urg_node2
[1.402s] Level 1:colcon.colcon_core.environment:checking '/home/mpinho/proj_ws/install/urg_node2' for CMake module files
[1.403s] Level 1:colcon.colcon_core.environment:checking '/home/mpinho/proj_ws/install/urg_node2' for CMake config files
[1.404s] Level 1:colcon.colcon_core.shell:create_environment_hook('urg_node2', 'cmake_prefix_path')
[1.405s] INFO:colcon.colcon_core.shell:Creating environment hook '/home/mpinho/proj_ws/install/urg_node2/share/urg_node2/hook/cmake_prefix_path.ps1'
[1.405s] INFO:colcon.colcon_core.shell:Creating environment descriptor '/home/mpinho/proj_ws/install/urg_node2/share/urg_node2/hook/cmake_prefix_path.dsv'
[1.406s] INFO:colcon.colcon_core.shell:Creating environment hook '/home/mpinho/proj_ws/install/urg_node2/share/urg_node2/hook/cmake_prefix_path.sh'
[1.407s] Level 1:colcon.colcon_core.environment:checking '/home/mpinho/proj_ws/install/urg_node2/lib'
[1.407s] Level 1:colcon.colcon_core.shell:create_environment_hook('urg_node2', 'ld_library_path_lib')
[1.408s] INFO:colcon.colcon_core.shell:Creating environment hook '/home/mpinho/proj_ws/install/urg_node2/share/urg_node2/hook/ld_library_path_lib.ps1'
[1.409s] INFO:colcon.colcon_core.shell:Creating environment descriptor '/home/mpinho/proj_ws/install/urg_node2/share/urg_node2/hook/ld_library_path_lib.dsv'
[1.410s] INFO:colcon.colcon_core.shell:Creating environment hook '/home/mpinho/proj_ws/install/urg_node2/share/urg_node2/hook/ld_library_path_lib.sh'
[1.410s] Level 1:colcon.colcon_core.environment:checking '/home/mpinho/proj_ws/install/urg_node2/bin'
[1.410s] Level 1:colcon.colcon_core.environment:checking '/home/mpinho/proj_ws/install/urg_node2/lib/pkgconfig/urg_node2.pc'
[1.411s] Level 1:colcon.colcon_core.environment:checking '/home/mpinho/proj_ws/install/urg_node2/lib/python3.10/site-packages'
[1.411s] Level 1:colcon.colcon_core.environment:checking '/home/mpinho/proj_ws/install/urg_node2/bin'
[1.412s] INFO:colcon.colcon_core.shell:Creating package script '/home/mpinho/proj_ws/install/urg_node2/share/urg_node2/package.ps1'
[1.413s] INFO:colcon.colcon_core.shell:Creating package descriptor '/home/mpinho/proj_ws/install/urg_node2/share/urg_node2/package.dsv'
[1.414s] INFO:colcon.colcon_core.shell:Creating package script '/home/mpinho/proj_ws/install/urg_node2/share/urg_node2/package.sh'
[1.415s] INFO:colcon.colcon_core.shell:Creating package script '/home/mpinho/proj_ws/install/urg_node2/share/urg_node2/package.bash'
[1.416s] INFO:colcon.colcon_core.shell:Creating package script '/home/mpinho/proj_ws/install/urg_node2/share/urg_node2/package.zsh'
[1.416s] Level 1:colcon.colcon_core.environment:create_file_with_runtime_dependencies(/home/mpinho/proj_ws/install/urg_node2/share/colcon-core/packages/urg_node2)
[1.474s] Level 1:colcon.colcon_core.environment:create_environment_scripts_only(serial)
[1.475s] Level 1:colcon.colcon_core.environment:checking '/home/mpinho/proj_ws/install/serial' for CMake module files
[1.476s] Level 1:colcon.colcon_core.environment:checking '/home/mpinho/proj_ws/install/serial' for CMake config files
[1.476s] Level 1:colcon.colcon_core.shell:create_environment_hook('serial', 'cmake_prefix_path')
[1.477s] INFO:colcon.colcon_core.shell:Creating environment hook '/home/mpinho/proj_ws/install/serial/share/serial/hook/cmake_prefix_path.ps1'
[1.478s] INFO:colcon.colcon_core.shell:Creating environment descriptor '/home/mpinho/proj_ws/install/serial/share/serial/hook/cmake_prefix_path.dsv'
[1.479s] INFO:colcon.colcon_core.shell:Creating environment hook '/home/mpinho/proj_ws/install/serial/share/serial/hook/cmake_prefix_path.sh'
[1.480s] Level 1:colcon.colcon_core.environment:checking '/home/mpinho/proj_ws/install/serial/lib'
[1.480s] Level 1:colcon.colcon_core.environment:checking '/home/mpinho/proj_ws/install/serial/bin'
[1.480s] Level 1:colcon.colcon_core.environment:checking '/home/mpinho/proj_ws/install/serial/lib/pkgconfig/serial.pc'
[1.481s] Level 1:colcon.colcon_core.environment:checking '/home/mpinho/proj_ws/install/serial/lib/python3.10/site-packages'
[1.481s] Level 1:colcon.colcon_core.environment:checking '/home/mpinho/proj_ws/install/serial/bin'
[1.482s] INFO:colcon.colcon_core.shell:Creating package script '/home/mpinho/proj_ws/install/serial/share/serial/package.ps1'
[1.483s] INFO:colcon.colcon_core.shell:Creating package descriptor '/home/mpinho/proj_ws/install/serial/share/serial/package.dsv'
[1.484s] INFO:colcon.colcon_core.shell:Creating package script '/home/mpinho/proj_ws/install/serial/share/serial/package.sh'
[1.485s] INFO:colcon.colcon_core.shell:Creating package script '/home/mpinho/proj_ws/install/serial/share/serial/package.bash'
[1.486s] INFO:colcon.colcon_core.shell:Creating package script '/home/mpinho/proj_ws/install/serial/share/serial/package.zsh'
[1.487s] Level 1:colcon.colcon_core.environment:create_file_with_runtime_dependencies(/home/mpinho/proj_ws/install/serial/share/colcon-core/packages/serial)
[1.487s] INFO:colcon.colcon_ros.task.ament_cmake.build:Building ROS package in '/home/mpinho/proj_ws/src/diffdrive_arduino' with build type 'ament_cmake'
[1.488s] INFO:colcon.colcon_cmake.task.cmake.build:Building CMake package in '/home/mpinho/proj_ws/src/diffdrive_arduino'
[1.488s] INFO:colcon.colcon_core.shell:Skip shell extension 'powershell' for command environment: Not usable outside of PowerShell
[1.488s] DEBUG:colcon.colcon_core.shell:Skip shell extension 'dsv' for command environment
[1.513s] DEBUG:colcon.colcon_core.event_handler.log_command:Invoking command in '/home/mpinho/proj_ws/build/diffdrive_arduino': CMAKE_PREFIX_PATH=/home/mpinho/proj_ws/install/serial:/home/mpinho/proj_ws/install/urg_node2:/home/mpinho/proj_ws/install/diffdrive_arduino:/home/mpinho/proj_ws/install/msc_aut_vehicles:/opt/ros/humble /usr/bin/cmake --build /home/mpinho/proj_ws/build/diffdrive_arduino -- -j8 -l8
[1.532s] Level 1:colcon.colcon_core.environment:create_environment_scripts_only(urg_node2)
[1.532s] Level 1:colcon.colcon_core.environment:checking '/home/mpinho/proj_ws/install/urg_node2' for CMake module files
[1.533s] Level 1:colcon.colcon_core.environment:checking '/home/mpinho/proj_ws/install/urg_node2' for CMake config files
[1.534s] Level 1:colcon.colcon_core.shell:create_environment_hook('urg_node2', 'cmake_prefix_path')
[1.535s] INFO:colcon.colcon_core.shell:Creating environment hook '/home/mpinho/proj_ws/install/urg_node2/share/urg_node2/hook/cmake_prefix_path.ps1'
[1.536s] INFO:colcon.colcon_core.shell:Creating environment descriptor '/home/mpinho/proj_ws/install/urg_node2/share/urg_node2/hook/cmake_prefix_path.dsv'
[1.537s] INFO:colcon.colcon_core.shell:Creating environment hook '/home/mpinho/proj_ws/install/urg_node2/share/urg_node2/hook/cmake_prefix_path.sh'
[1.538s] Level 1:colcon.colcon_core.environment:checking '/home/mpinho/proj_ws/install/urg_node2/lib'
[1.538s] Level 1:colcon.colcon_core.shell:create_environment_hook('urg_node2', 'ld_library_path_lib')
[1.538s] INFO:colcon.colcon_core.shell:Creating environment hook '/home/mpinho/proj_ws/install/urg_node2/share/urg_node2/hook/ld_library_path_lib.ps1'
[1.539s] INFO:colcon.colcon_core.shell:Creating environment descriptor '/home/mpinho/proj_ws/install/urg_node2/share/urg_node2/hook/ld_library_path_lib.dsv'
[1.540s] INFO:colcon.colcon_core.shell:Creating environment hook '/home/mpinho/proj_ws/install/urg_node2/share/urg_node2/hook/ld_library_path_lib.sh'
[1.541s] Level 1:colcon.colcon_core.environment:checking '/home/mpinho/proj_ws/install/urg_node2/bin'
[1.541s] Level 1:colcon.colcon_core.environment:checking '/home/mpinho/proj_ws/install/urg_node2/lib/pkgconfig/urg_node2.pc'
[1.542s] Level 1:colcon.colcon_core.environment:checking '/home/mpinho/proj_ws/install/urg_node2/lib/python3.10/site-packages'
[1.542s] Level 1:colcon.colcon_core.environment:checking '/home/mpinho/proj_ws/install/urg_node2/bin'
[1.543s] INFO:colcon.colcon_core.shell:Creating package script '/home/mpinho/proj_ws/install/urg_node2/share/urg_node2/package.ps1'
[1.544s] INFO:colcon.colcon_core.shell:Creating package descriptor '/home/mpinho/proj_ws/install/urg_node2/share/urg_node2/package.dsv'
[1.545s] INFO:colcon.colcon_core.shell:Creating package script '/home/mpinho/proj_ws/install/urg_node2/share/urg_node2/package.sh'
[1.546s] INFO:colcon.colcon_core.shell:Creating package script '/home/mpinho/proj_ws/install/urg_node2/share/urg_node2/package.bash'
[1.547s] INFO:colcon.colcon_core.shell:Creating package script '/home/mpinho/proj_ws/install/urg_node2/share/urg_node2/package.zsh'
[1.548s] Level 1:colcon.colcon_core.environment:create_file_with_runtime_dependencies(/home/mpinho/proj_ws/install/urg_node2/share/colcon-core/packages/urg_node2)
[1.681s] DEBUG:colcon.colcon_core.event_handler.log_command:Invoked command in '/home/mpinho/proj_ws/build/diffdrive_arduino' returned '0': CMAKE_PREFIX_PATH=/home/mpinho/proj_ws/install/serial:/home/mpinho/proj_ws/install/urg_node2:/home/mpinho/proj_ws/install/diffdrive_arduino:/home/mpinho/proj_ws/install/msc_aut_vehicles:/opt/ros/humble /usr/bin/cmake --build /home/mpinho/proj_ws/build/diffdrive_arduino -- -j8 -l8
[1.756s] DEBUG:colcon.colcon_core.event_handler.log_command:Invoking command in '/home/mpinho/proj_ws/build/diffdrive_arduino': CMAKE_PREFIX_PATH=/home/mpinho/proj_ws/install/serial:/home/mpinho/proj_ws/install/urg_node2:/home/mpinho/proj_ws/install/diffdrive_arduino:/home/mpinho/proj_ws/install/msc_aut_vehicles:/opt/ros/humble /usr/bin/cmake --install /home/mpinho/proj_ws/build/diffdrive_arduino
[1.763s] DEBUG:colcon.colcon_core.event_handler.log_command:Invoked command in '/home/mpinho/proj_ws/build/msc_aut_vehicles' returned '0': CMAKE_PREFIX_PATH=${CMAKE_PREFIX_PATH}:/opt/ros/humble /usr/bin/cmake --build /home/mpinho/proj_ws/build/msc_aut_vehicles -- -j8 -l8
[1.798s] Level 1:colcon.colcon_core.environment:create_environment_scripts_only(diffdrive_arduino)
[1.799s] Level 1:colcon.colcon_core.environment:checking '/home/mpinho/proj_ws/install/diffdrive_arduino' for CMake module files
[1.800s] DEBUG:colcon.colcon_core.event_handler.log_command:Invoked command in '/home/mpinho/proj_ws/build/diffdrive_arduino' returned '0': CMAKE_PREFIX_PATH=/home/mpinho/proj_ws/install/serial:/home/mpinho/proj_ws/install/urg_node2:/home/mpinho/proj_ws/install/diffdrive_arduino:/home/mpinho/proj_ws/install/msc_aut_vehicles:/opt/ros/humble /usr/bin/cmake --install /home/mpinho/proj_ws/build/diffdrive_arduino
[1.801s] Level 1:colcon.colcon_core.environment:checking '/home/mpinho/proj_ws/install/diffdrive_arduino' for CMake config files
[1.802s] Level 1:colcon.colcon_core.shell:create_environment_hook('diffdrive_arduino', 'cmake_prefix_path')
[1.802s] INFO:colcon.colcon_core.shell:Creating environment hook '/home/mpinho/proj_ws/install/diffdrive_arduino/share/diffdrive_arduino/hook/cmake_prefix_path.ps1'
[1.803s] INFO:colcon.colcon_core.shell:Creating environment descriptor '/home/mpinho/proj_ws/install/diffdrive_arduino/share/diffdrive_arduino/hook/cmake_prefix_path.dsv'
[1.804s] INFO:colcon.colcon_core.shell:Creating environment hook '/home/mpinho/proj_ws/install/diffdrive_arduino/share/diffdrive_arduino/hook/cmake_prefix_path.sh'
[1.805s] Level 1:colcon.colcon_core.environment:checking '/home/mpinho/proj_ws/install/diffdrive_arduino/lib'
[1.805s] Level 1:colcon.colcon_core.shell:create_environment_hook('diffdrive_arduino', 'ld_library_path_lib')
[1.806s] INFO:colcon.colcon_core.shell:Creating environment hook '/home/mpinho/proj_ws/install/diffdrive_arduino/share/diffdrive_arduino/hook/ld_library_path_lib.ps1'
[1.807s] INFO:colcon.colcon_core.shell:Creating environment descriptor '/home/mpinho/proj_ws/install/diffdrive_arduino/share/diffdrive_arduino/hook/ld_library_path_lib.dsv'
[1.808s] INFO:colcon.colcon_core.shell:Creating environment hook '/home/mpinho/proj_ws/install/diffdrive_arduino/share/diffdrive_arduino/hook/ld_library_path_lib.sh'
[1.809s] Level 1:colcon.colcon_core.environment:checking '/home/mpinho/proj_ws/install/diffdrive_arduino/bin'
[1.809s] Level 1:colcon.colcon_core.environment:checking '/home/mpinho/proj_ws/install/diffdrive_arduino/lib/pkgconfig/diffdrive_arduino.pc'
[1.810s] Level 1:colcon.colcon_core.environment:checking '/home/mpinho/proj_ws/install/diffdrive_arduino/lib/python3.10/site-packages'
[1.810s] Level 1:colcon.colcon_core.environment:checking '/home/mpinho/proj_ws/install/diffdrive_arduino/bin'
[1.811s] INFO:colcon.colcon_core.shell:Creating package script '/home/mpinho/proj_ws/install/diffdrive_arduino/share/diffdrive_arduino/package.ps1'
[1.812s] INFO:colcon.colcon_core.shell:Creating package descriptor '/home/mpinho/proj_ws/install/diffdrive_arduino/share/diffdrive_arduino/package.dsv'
[1.813s] INFO:colcon.colcon_core.shell:Creating package script '/home/mpinho/proj_ws/install/diffdrive_arduino/share/diffdrive_arduino/package.sh'
[1.814s] INFO:colcon.colcon_core.shell:Creating package script '/home/mpinho/proj_ws/install/diffdrive_arduino/share/diffdrive_arduino/package.bash'
[1.815s] INFO:colcon.colcon_core.shell:Creating package script '/home/mpinho/proj_ws/install/diffdrive_arduino/share/diffdrive_arduino/package.zsh'
[1.816s] Level 1:colcon.colcon_core.environment:create_file_with_runtime_dependencies(/home/mpinho/proj_ws/install/diffdrive_arduino/share/colcon-core/packages/diffdrive_arduino)
[1.822s] DEBUG:colcon.colcon_core.event_handler.log_command:Invoking command in '/home/mpinho/proj_ws/build/msc_aut_vehicles': CMAKE_PREFIX_PATH=${CMAKE_PREFIX_PATH}:/opt/ros/humble /usr/bin/cmake --install /home/mpinho/proj_ws/build/msc_aut_vehicles
[1.889s] Level 1:colcon.colcon_core.environment:create_environment_scripts_only(diffdrive_arduino)
[1.889s] Level 1:colcon.colcon_core.environment:checking '/home/mpinho/proj_ws/install/diffdrive_arduino' for CMake module files
[1.890s] Level 1:colcon.colcon_core.environment:checking '/home/mpinho/proj_ws/install/diffdrive_arduino' for CMake config files
[1.891s] Level 1:colcon.colcon_core.shell:create_environment_hook('diffdrive_arduino', 'cmake_prefix_path')
[1.891s] INFO:colcon.colcon_core.shell:Creating environment hook '/home/mpinho/proj_ws/install/diffdrive_arduino/share/diffdrive_arduino/hook/cmake_prefix_path.ps1'
[1.892s] INFO:colcon.colcon_core.shell:Creating environment descriptor '/home/mpinho/proj_ws/install/diffdrive_arduino/share/diffdrive_arduino/hook/cmake_prefix_path.dsv'
[1.893s] INFO:colcon.colcon_core.shell:Creating environment hook '/home/mpinho/proj_ws/install/diffdrive_arduino/share/diffdrive_arduino/hook/cmake_prefix_path.sh'
[1.894s] Level 1:colcon.colcon_core.environment:checking '/home/mpinho/proj_ws/install/diffdrive_arduino/lib'
[1.894s] Level 1:colcon.colcon_core.shell:create_environment_hook('diffdrive_arduino', 'ld_library_path_lib')
[1.895s] INFO:colcon.colcon_core.shell:Creating environment hook '/home/mpinho/proj_ws/install/diffdrive_arduino/share/diffdrive_arduino/hook/ld_library_path_lib.ps1'
[1.896s] INFO:colcon.colcon_core.shell:Creating environment descriptor '/home/mpinho/proj_ws/install/diffdrive_arduino/share/diffdrive_arduino/hook/ld_library_path_lib.dsv'
[1.897s] INFO:colcon.colcon_core.shell:Creating environment hook '/home/mpinho/proj_ws/install/diffdrive_arduino/share/diffdrive_arduino/hook/ld_library_path_lib.sh'
[1.898s] Level 1:colcon.colcon_core.environment:checking '/home/mpinho/proj_ws/install/diffdrive_arduino/bin'
[1.898s] Level 1:colcon.colcon_core.environment:checking '/home/mpinho/proj_ws/install/diffdrive_arduino/lib/pkgconfig/diffdrive_arduino.pc'
[1.899s] Level 1:colcon.colcon_core.environment:checking '/home/mpinho/proj_ws/install/diffdrive_arduino/lib/python3.10/site-packages'
[1.899s] Level 1:colcon.colcon_core.environment:checking '/home/mpinho/proj_ws/install/diffdrive_arduino/bin'
[1.900s] INFO:colcon.colcon_core.shell:Creating package script '/home/mpinho/proj_ws/install/diffdrive_arduino/share/diffdrive_arduino/package.ps1'
[1.901s] INFO:colcon.colcon_core.shell:Creating package descriptor '/home/mpinho/proj_ws/install/diffdrive_arduino/share/diffdrive_arduino/package.dsv'
[1.902s] INFO:colcon.colcon_core.shell:Creating package script '/home/mpinho/proj_ws/install/diffdrive_arduino/share/diffdrive_arduino/package.sh'
[1.904s] INFO:colcon.colcon_core.shell:Creating package script '/home/mpinho/proj_ws/install/diffdrive_arduino/share/diffdrive_arduino/package.bash'
[1.904s] INFO:colcon.colcon_core.shell:Creating package script '/home/mpinho/proj_ws/install/diffdrive_arduino/share/diffdrive_arduino/package.zsh'
[1.905s] Level 1:colcon.colcon_core.environment:create_file_with_runtime_dependencies(/home/mpinho/proj_ws/install/diffdrive_arduino/share/colcon-core/packages/diffdrive_arduino)
[1.948s] Level 1:colcon.colcon_core.environment:create_environment_scripts_only(msc_aut_vehicles)
[1.948s] DEBUG:colcon.colcon_core.event_handler.log_command:Invoked command in '/home/mpinho/proj_ws/build/msc_aut_vehicles' returned '0': CMAKE_PREFIX_PATH=${CMAKE_PREFIX_PATH}:/opt/ros/humble /usr/bin/cmake --install /home/mpinho/proj_ws/build/msc_aut_vehicles
[1.949s] Level 1:colcon.colcon_core.environment:checking '/home/mpinho/proj_ws/install/msc_aut_vehicles' for CMake module files
[1.950s] Level 1:colcon.colcon_core.environment:checking '/home/mpinho/proj_ws/install/msc_aut_vehicles' for CMake config files
[1.952s] Level 1:colcon.colcon_core.shell:create_environment_hook('msc_aut_vehicles', 'cmake_prefix_path')
[1.952s] INFO:colcon.colcon_core.shell:Creating environment hook '/home/mpinho/proj_ws/install/msc_aut_vehicles/share/msc_aut_vehicles/hook/cmake_prefix_path.ps1'
[1.953s] INFO:colcon.colcon_core.shell:Creating environment descriptor '/home/mpinho/proj_ws/install/msc_aut_vehicles/share/msc_aut_vehicles/hook/cmake_prefix_path.dsv'
[1.954s] INFO:colcon.colcon_core.shell:Creating environment hook '/home/mpinho/proj_ws/install/msc_aut_vehicles/share/msc_aut_vehicles/hook/cmake_prefix_path.sh'
[1.956s] Level 1:colcon.colcon_core.environment:checking '/home/mpinho/proj_ws/install/msc_aut_vehicles/lib'
[1.956s] Level 1:colcon.colcon_core.environment:checking '/home/mpinho/proj_ws/install/msc_aut_vehicles/bin'
[1.957s] Level 1:colcon.colcon_core.environment:checking '/home/mpinho/proj_ws/install/msc_aut_vehicles/lib/pkgconfig/msc_aut_vehicles.pc'
[1.957s] Level 1:colcon.colcon_core.environment:checking '/home/mpinho/proj_ws/install/msc_aut_vehicles/lib/python3.10/site-packages'
[1.957s] Level 1:colcon.colcon_core.environment:checking '/home/mpinho/proj_ws/install/msc_aut_vehicles/bin'
[1.958s] INFO:colcon.colcon_core.shell:Creating package script '/home/mpinho/proj_ws/install/msc_aut_vehicles/share/msc_aut_vehicles/package.ps1'
[1.959s] INFO:colcon.colcon_core.shell:Creating package descriptor '/home/mpinho/proj_ws/install/msc_aut_vehicles/share/msc_aut_vehicles/package.dsv'
[1.960s] INFO:colcon.colcon_core.shell:Creating package script '/home/mpinho/proj_ws/install/msc_aut_vehicles/share/msc_aut_vehicles/package.sh'
[1.960s] INFO:colcon.colcon_core.shell:Creating package script '/home/mpinho/proj_ws/install/msc_aut_vehicles/share/msc_aut_vehicles/package.bash'
[1.961s] INFO:colcon.colcon_core.shell:Creating package script '/home/mpinho/proj_ws/install/msc_aut_vehicles/share/msc_aut_vehicles/package.zsh'
[1.962s] Level 1:colcon.colcon_core.environment:create_file_with_runtime_dependencies(/home/mpinho/proj_ws/install/msc_aut_vehicles/share/colcon-core/packages/msc_aut_vehicles)
[2.010s] Level 1:colcon.colcon_core.environment:create_environment_scripts_only(msc_aut_vehicles)
[2.011s] Level 1:colcon.colcon_core.environment:checking '/home/mpinho/proj_ws/install/msc_aut_vehicles' for CMake module files
[2.012s] Level 1:colcon.colcon_core.environment:checking '/home/mpinho/proj_ws/install/msc_aut_vehicles' for CMake config files
[2.013s] Level 1:colcon.colcon_core.shell:create_environment_hook('msc_aut_vehicles', 'cmake_prefix_path')
[2.014s] INFO:colcon.colcon_core.shell:Creating environment hook '/home/mpinho/proj_ws/install/msc_aut_vehicles/share/msc_aut_vehicles/hook/cmake_prefix_path.ps1'
[2.015s] INFO:colcon.colcon_core.shell:Creating environment descriptor '/home/mpinho/proj_ws/install/msc_aut_vehicles/share/msc_aut_vehicles/hook/cmake_prefix_path.dsv'
[2.016s] INFO:colcon.colcon_core.shell:Creating environment hook '/home/mpinho/proj_ws/install/msc_aut_vehicles/share/msc_aut_vehicles/hook/cmake_prefix_path.sh'
[2.017s] Level 1:colcon.colcon_core.environment:checking '/home/mpinho/proj_ws/install/msc_aut_vehicles/lib'
[2.017s] Level 1:colcon.colcon_core.environment:checking '/home/mpinho/proj_ws/install/msc_aut_vehicles/bin'
[2.017s] Level 1:colcon.colcon_core.environment:checking '/home/mpinho/proj_ws/install/msc_aut_vehicles/lib/pkgconfig/msc_aut_vehicles.pc'
[2.017s] Level 1:colcon.colcon_core.environment:checking '/home/mpinho/proj_ws/install/msc_aut_vehicles/lib/python3.10/site-packages'
[2.018s] Level 1:colcon.colcon_core.environment:checking '/home/mpinho/proj_ws/install/msc_aut_vehicles/bin'
[2.018s] INFO:colcon.colcon_core.shell:Creating package script '/home/mpinho/proj_ws/install/msc_aut_vehicles/share/msc_aut_vehicles/package.ps1'
[2.019s] INFO:colcon.colcon_core.shell:Creating package descriptor '/home/mpinho/proj_ws/install/msc_aut_vehicles/share/msc_aut_vehicles/package.dsv'
[2.020s] INFO:colcon.colcon_core.shell:Creating package script '/home/mpinho/proj_ws/install/msc_aut_vehicles/share/msc_aut_vehicles/package.sh'
[2.021s] INFO:colcon.colcon_core.shell:Creating package script '/home/mpinho/proj_ws/install/msc_aut_vehicles/share/msc_aut_vehicles/package.bash'
[2.022s] INFO:colcon.colcon_core.shell:Creating package script '/home/mpinho/proj_ws/install/msc_aut_vehicles/share/msc_aut_vehicles/package.zsh'
[2.022s] Level 1:colcon.colcon_core.environment:create_file_with_runtime_dependencies(/home/mpinho/proj_ws/install/msc_aut_vehicles/share/colcon-core/packages/msc_aut_vehicles)
[2.023s] DEBUG:colcon.colcon_parallel_executor.executor.parallel:closing loop
[2.023s] DEBUG:colcon.colcon_parallel_executor.executor.parallel:loop closed
[2.024s] DEBUG:colcon.colcon_parallel_executor.executor.parallel:run_until_complete finished with '0'
[2.024s] DEBUG:colcon.colcon_core.event_reactor:joining thread
[2.032s] INFO:colcon.colcon_core.plugin_system:Skipping extension 'colcon_notification.desktop_notification.terminal_notifier': Not used on non-Darwin systems
[2.033s] INFO:colcon.colcon_core.plugin_system:Skipping extension 'colcon_notification.desktop_notification.win32': Not used on non-Windows systems
[2.033s] INFO:colcon.colcon_notification.desktop_notification:Sending desktop notification using 'notify2'
[2.049s] DEBUG:colcon.colcon_core.event_reactor:joined thread
[2.049s] INFO:colcon.colcon_core.shell:Creating prefix script '/home/mpinho/proj_ws/install/local_setup.ps1'
[2.051s] INFO:colcon.colcon_core.shell:Creating prefix util module '/home/mpinho/proj_ws/install/_local_setup_util_ps1.py'
[2.053s] INFO:colcon.colcon_core.shell:Creating prefix chain script '/home/mpinho/proj_ws/install/setup.ps1'
[2.056s] INFO:colcon.colcon_core.shell:Creating prefix script '/home/mpinho/proj_ws/install/local_setup.sh'
[2.057s] INFO:colcon.colcon_core.shell:Creating prefix util module '/home/mpinho/proj_ws/install/_local_setup_util_sh.py'
[2.058s] INFO:colcon.colcon_core.shell:Creating prefix chain script '/home/mpinho/proj_ws/install/setup.sh'
[2.061s] INFO:colcon.colcon_core.shell:Creating prefix script '/home/mpinho/proj_ws/install/local_setup.bash'
[2.062s] INFO:colcon.colcon_core.shell:Creating prefix chain script '/home/mpinho/proj_ws/install/setup.bash'
[2.065s] INFO:colcon.colcon_core.shell:Creating prefix script '/home/mpinho/proj_ws/install/local_setup.zsh'
[2.066s] INFO:colcon.colcon_core.shell:Creating prefix chain script '/home/mpinho/proj_ws/install/setup.zsh'
