[0.240s] DEBUG:colcon:Command line arguments: ['/usr/bin/colcon', 'build', '--symlink-install']
[0.240s] DEBUG:colcon:Parsed command line arguments: Namespace(log_base=None, log_level=None, verb_name='build', build_base='build', install_base='install', merge_install=False, symlink_install=True, test_result_base=None, continue_on_error=False, executor='parallel', parallel_workers=8, event_handlers=None, ignore_user_meta=False, metas=['./colcon.meta'], base_paths=['.'], packages_ignore=None, packages_ignore_regex=None, paths=None, packages_up_to=None, packages_up_to_regex=None, packages_above=None, packages_above_and_dependencies=None, packages_above_depth=None, packages_select_by_dep=None, packages_skip_by_dep=None, packages_skip_up_to=None, packages_select_build_failed=False, packages_skip_build_finished=False, packages_select_test_failures=False, packages_skip_test_passed=False, packages_select=None, packages_skip=None, packages_select_regex=None, packages_skip_regex=None, packages_start=None, packages_end=None, allow_overriding=[], cmake_args=None, cmake_target=None, cmake_target_skip_unavailable=False, cmake_clean_cache=False, cmake_clean_first=False, cmake_force_configure=False, ament_cmake_args=None, catkin_cmake_args=None, catkin_skip_building_tests=False, verb_parser=<colcon_defaults.argument_parser.defaults.DefaultArgumentsDecorator object at 0x727f0f6b0fd0>, verb_extension=<colcon_core.verb.build.BuildVerb object at 0x727f0f841b70>, main=<bound method BuildVerb.main of <colcon_core.verb.build.BuildVerb object at 0x727f0f841b70>>)
[0.745s] Level 1:colcon.colcon_core.package_discovery:discover_packages(colcon_meta) check parameters
[0.745s] Level 1:colcon.colcon_core.package_discovery:discover_packages(recursive) check parameters
[0.745s] Level 1:colcon.colcon_core.package_discovery:discover_packages(ignore) check parameters
[0.745s] Level 1:colcon.colcon_core.package_discovery:discover_packages(path) check parameters
[0.745s] Level 1:colcon.colcon_core.package_discovery:discover_packages(colcon_meta) discover
[0.745s] Level 1:colcon.colcon_core.package_discovery:discover_packages(recursive) discover
[0.745s] INFO:colcon.colcon_core.package_discovery:Crawling recursively for packages in '/home/mpinho/proj_ws/src'
[0.746s] Level 1:colcon.colcon_core.package_identification:_identify(.) by extensions ['ignore', 'ignore_ament_install']
[0.746s] Level 1:colcon.colcon_core.package_identification:_identify(.) by extension 'ignore'
[0.746s] Level 1:colcon.colcon_core.package_identification:_identify(.) by extension 'ignore_ament_install'
[0.746s] Level 1:colcon.colcon_core.package_identification:_identify(.) by extensions ['colcon_pkg']
[0.746s] Level 1:colcon.colcon_core.package_identification:_identify(.) by extension 'colcon_pkg'
[0.746s] Level 1:colcon.colcon_core.package_identification:_identify(.) by extensions ['colcon_meta']
[0.746s] Level 1:colcon.colcon_core.package_identification:_identify(.) by extension 'colcon_meta'
[0.746s] Level 1:colcon.colcon_core.package_identification:_identify(.) by extensions ['ros']
[0.746s] Level 1:colcon.colcon_core.package_identification:_identify(.) by extension 'ros'
[0.770s] Level 1:colcon.colcon_core.package_identification:_identify(.) by extensions ['cmake', 'python']
[0.770s] Level 1:colcon.colcon_core.package_identification:_identify(.) by extension 'cmake'
[0.770s] Level 1:colcon.colcon_core.package_identification:_identify(.) by extension 'python'
[0.770s] Level 1:colcon.colcon_core.package_identification:_identify(.) by extensions ['python_setup_py']
[0.770s] Level 1:colcon.colcon_core.package_identification:_identify(.) by extension 'python_setup_py'
[0.770s] Level 1:colcon.colcon_core.package_identification:_identify(build) by extensions ['ignore', 'ignore_ament_install']
[0.771s] Level 1:colcon.colcon_core.package_identification:_identify(build) by extension 'ignore'
[0.771s] Level 1:colcon.colcon_core.package_identification:_identify(build) ignored
[0.771s] Level 1:colcon.colcon_core.package_identification:_identify(diffdrive_arduino) by extensions ['ignore', 'ignore_ament_install']
[0.771s] Level 1:colcon.colcon_core.package_identification:_identify(diffdrive_arduino) by extension 'ignore'
[0.771s] Level 1:colcon.colcon_core.package_identification:_identify(diffdrive_arduino) by extension 'ignore_ament_install'
[0.771s] Level 1:colcon.colcon_core.package_identification:_identify(diffdrive_arduino) by extensions ['colcon_pkg']
[0.771s] Level 1:colcon.colcon_core.package_identification:_identify(diffdrive_arduino) by extension 'colcon_pkg'
[0.771s] Level 1:colcon.colcon_core.package_identification:_identify(diffdrive_arduino) by extensions ['colcon_meta']
[0.772s] Level 1:colcon.colcon_core.package_identification:_identify(diffdrive_arduino) by extension 'colcon_meta'
[0.772s] Level 1:colcon.colcon_core.package_identification:_identify(diffdrive_arduino) by extensions ['ros']
[0.772s] Level 1:colcon.colcon_core.package_identification:_identify(diffdrive_arduino) by extension 'ros'
[0.780s] DEBUG:colcon.colcon_core.package_identification:Package 'diffdrive_arduino' with type 'ros.ament_cmake' and name 'diffdrive_arduino'
[0.780s] Level 1:colcon.colcon_core.package_identification:_identify(install) by extensions ['ignore', 'ignore_ament_install']
[0.781s] Level 1:colcon.colcon_core.package_identification:_identify(install) by extension 'ignore'
[0.781s] Level 1:colcon.colcon_core.package_identification:_identify(install) ignored
[0.781s] Level 1:colcon.colcon_core.package_identification:_identify(joy_tester) by extensions ['ignore', 'ignore_ament_install']
[0.781s] Level 1:colcon.colcon_core.package_identification:_identify(joy_tester) by extension 'ignore'
[0.781s] Level 1:colcon.colcon_core.package_identification:_identify(joy_tester) by extension 'ignore_ament_install'
[0.781s] Level 1:colcon.colcon_core.package_identification:_identify(joy_tester) by extensions ['colcon_pkg']
[0.781s] Level 1:colcon.colcon_core.package_identification:_identify(joy_tester) by extension 'colcon_pkg'
[0.781s] Level 1:colcon.colcon_core.package_identification:_identify(joy_tester) by extensions ['colcon_meta']
[0.782s] Level 1:colcon.colcon_core.package_identification:_identify(joy_tester) by extension 'colcon_meta'
[0.782s] Level 1:colcon.colcon_core.package_identification:_identify(joy_tester) by extensions ['ros']
[0.782s] Level 1:colcon.colcon_core.package_identification:_identify(joy_tester) by extension 'ros'
[0.783s] DEBUG:colcon.colcon_core.package_identification:Package 'joy_tester' with type 'ros.ament_python' and name 'joy_tester'
[0.784s] Level 1:colcon.colcon_core.package_identification:_identify(log) by extensions ['ignore', 'ignore_ament_install']
[0.784s] Level 1:colcon.colcon_core.package_identification:_identify(log) by extension 'ignore'
[0.784s] Level 1:colcon.colcon_core.package_identification:_identify(log) ignored
[0.784s] Level 1:colcon.colcon_core.package_identification:_identify(msc_aut_vehicles) by extensions ['ignore', 'ignore_ament_install']
[0.784s] Level 1:colcon.colcon_core.package_identification:_identify(msc_aut_vehicles) by extension 'ignore'
[0.784s] Level 1:colcon.colcon_core.package_identification:_identify(msc_aut_vehicles) by extension 'ignore_ament_install'
[0.784s] Level 1:colcon.colcon_core.package_identification:_identify(msc_aut_vehicles) by extensions ['colcon_pkg']
[0.784s] Level 1:colcon.colcon_core.package_identification:_identify(msc_aut_vehicles) by extension 'colcon_pkg'
[0.785s] Level 1:colcon.colcon_core.package_identification:_identify(msc_aut_vehicles) by extensions ['colcon_meta']
[0.785s] Level 1:colcon.colcon_core.package_identification:_identify(msc_aut_vehicles) by extension 'colcon_meta'
[0.785s] Level 1:colcon.colcon_core.package_identification:_identify(msc_aut_vehicles) by extensions ['ros']
[0.785s] Level 1:colcon.colcon_core.package_identification:_identify(msc_aut_vehicles) by extension 'ros'
[0.786s] DEBUG:colcon.colcon_core.package_identification:Package 'msc_aut_vehicles' with type 'ros.ament_cmake' and name 'msc_aut_vehicles'
[0.787s] Level 1:colcon.colcon_core.package_identification:_identify(serial) by extensions ['ignore', 'ignore_ament_install']
[0.787s] Level 1:colcon.colcon_core.package_identification:_identify(serial) by extension 'ignore'
[0.787s] Level 1:colcon.colcon_core.package_identification:_identify(serial) by extension 'ignore_ament_install'
[0.787s] Level 1:colcon.colcon_core.package_identification:_identify(serial) by extensions ['colcon_pkg']
[0.787s] Level 1:colcon.colcon_core.package_identification:_identify(serial) by extension 'colcon_pkg'
[0.787s] Level 1:colcon.colcon_core.package_identification:_identify(serial) by extensions ['colcon_meta']
[0.787s] Level 1:colcon.colcon_core.package_identification:_identify(serial) by extension 'colcon_meta'
[0.787s] Level 1:colcon.colcon_core.package_identification:_identify(serial) by extensions ['ros']
[0.787s] Level 1:colcon.colcon_core.package_identification:_identify(serial) by extension 'ros'
[0.789s] DEBUG:colcon.colcon_core.package_identification:Package 'serial' with type 'ros.ament_cmake' and name 'serial'
[0.789s] Level 1:colcon.colcon_core.package_discovery:discover_packages(recursive) using defaults
[0.789s] Level 1:colcon.colcon_core.package_discovery:discover_packages(ignore) discover
[0.789s] Level 1:colcon.colcon_core.package_discovery:discover_packages(ignore) using defaults
[0.789s] Level 1:colcon.colcon_core.package_discovery:discover_packages(path) discover
[0.789s] Level 1:colcon.colcon_core.package_discovery:discover_packages(path) using defaults
[0.867s] Level 1:colcon.colcon_core.package_discovery:discover_packages(prefix_path) check parameters
[0.867s] Level 1:colcon.colcon_core.package_discovery:discover_packages(prefix_path) discover
[0.870s] WARNING:colcon.colcon_core.prefix_path.colcon:The path '/home/mpinho/real_bot_ws/install' in the environment variable COLCON_PREFIX_PATH doesn't exist
[0.872s] DEBUG:colcon.colcon_installed_package_information.package_discovery:Found 2 installed packages in /home/mpinho/proj_ws/install
[0.877s] DEBUG:colcon.colcon_installed_package_information.package_discovery:Found 413 installed packages in /opt/ros/humble
[0.882s] Level 1:colcon.colcon_core.package_discovery:discover_packages(prefix_path) using defaults
[1.030s] Level 5:colcon.colcon_core.verb:set package 'joy_tester' build argument 'cmake_args' from command line to 'None'
[1.030s] Level 5:colcon.colcon_core.verb:set package 'joy_tester' build argument 'cmake_target' from command line to 'None'
[1.030s] Level 5:colcon.colcon_core.verb:set package 'joy_tester' build argument 'cmake_target_skip_unavailable' from command line to 'False'
[1.030s] Level 5:colcon.colcon_core.verb:set package 'joy_tester' build argument 'cmake_clean_cache' from command line to 'False'
[1.030s] Level 5:colcon.colcon_core.verb:set package 'joy_tester' build argument 'cmake_clean_first' from command line to 'False'
[1.030s] Level 5:colcon.colcon_core.verb:set package 'joy_tester' build argument 'cmake_force_configure' from command line to 'False'
[1.030s] Level 5:colcon.colcon_core.verb:set package 'joy_tester' build argument 'ament_cmake_args' from command line to 'None'
[1.030s] Level 5:colcon.colcon_core.verb:set package 'joy_tester' build argument 'catkin_cmake_args' from command line to 'None'
[1.030s] Level 5:colcon.colcon_core.verb:set package 'joy_tester' build argument 'catkin_skip_building_tests' from command line to 'False'
[1.031s] DEBUG:colcon.colcon_core.verb:Building package 'joy_tester' with the following arguments: {'ament_cmake_args': None, 'build_base': '/home/mpinho/proj_ws/src/build/joy_tester', 'catkin_cmake_args': None, 'catkin_skip_building_tests': False, 'cmake_args': None, 'cmake_clean_cache': False, 'cmake_clean_first': False, 'cmake_force_configure': False, 'cmake_target': None, 'cmake_target_skip_unavailable': False, 'install_base': '/home/mpinho/proj_ws/src/install/joy_tester', 'merge_install': False, 'path': '/home/mpinho/proj_ws/src/joy_tester', 'symlink_install': True, 'test_result_base': None}
[1.032s] Level 5:colcon.colcon_core.verb:set package 'msc_aut_vehicles' build argument 'cmake_args' from command line to 'None'
[1.032s] Level 5:colcon.colcon_core.verb:set package 'msc_aut_vehicles' build argument 'cmake_target' from command line to 'None'
[1.032s] Level 5:colcon.colcon_core.verb:set package 'msc_aut_vehicles' build argument 'cmake_target_skip_unavailable' from command line to 'False'
[1.032s] Level 5:colcon.colcon_core.verb:set package 'msc_aut_vehicles' build argument 'cmake_clean_cache' from command line to 'False'
[1.032s] Level 5:colcon.colcon_core.verb:set package 'msc_aut_vehicles' build argument 'cmake_clean_first' from command line to 'False'
[1.032s] Level 5:colcon.colcon_core.verb:set package 'msc_aut_vehicles' build argument 'cmake_force_configure' from command line to 'False'
[1.032s] Level 5:colcon.colcon_core.verb:set package 'msc_aut_vehicles' build argument 'ament_cmake_args' from command line to 'None'
[1.032s] Level 5:colcon.colcon_core.verb:set package 'msc_aut_vehicles' build argument 'catkin_cmake_args' from command line to 'None'
[1.033s] Level 5:colcon.colcon_core.verb:set package 'msc_aut_vehicles' build argument 'catkin_skip_building_tests' from command line to 'False'
[1.033s] DEBUG:colcon.colcon_core.verb:Building package 'msc_aut_vehicles' with the following arguments: {'ament_cmake_args': None, 'build_base': '/home/mpinho/proj_ws/src/build/msc_aut_vehicles', 'catkin_cmake_args': None, 'catkin_skip_building_tests': False, 'cmake_args': None, 'cmake_clean_cache': False, 'cmake_clean_first': False, 'cmake_force_configure': False, 'cmake_target': None, 'cmake_target_skip_unavailable': False, 'install_base': '/home/mpinho/proj_ws/src/install/msc_aut_vehicles', 'merge_install': False, 'path': '/home/mpinho/proj_ws/src/msc_aut_vehicles', 'symlink_install': True, 'test_result_base': None}
[1.034s] Level 5:colcon.colcon_core.verb:set package 'serial' build argument 'cmake_args' from command line to 'None'
[1.034s] Level 5:colcon.colcon_core.verb:set package 'serial' build argument 'cmake_target' from command line to 'None'
[1.034s] Level 5:colcon.colcon_core.verb:set package 'serial' build argument 'cmake_target_skip_unavailable' from command line to 'False'
[1.035s] Level 5:colcon.colcon_core.verb:set package 'serial' build argument 'cmake_clean_cache' from command line to 'False'
[1.035s] Level 5:colcon.colcon_core.verb:set package 'serial' build argument 'cmake_clean_first' from command line to 'False'
[1.035s] Level 5:colcon.colcon_core.verb:set package 'serial' build argument 'cmake_force_configure' from command line to 'False'
[1.035s] Level 5:colcon.colcon_core.verb:set package 'serial' build argument 'ament_cmake_args' from command line to 'None'
[1.035s] Level 5:colcon.colcon_core.verb:set package 'serial' build argument 'catkin_cmake_args' from command line to 'None'
[1.035s] Level 5:colcon.colcon_core.verb:set package 'serial' build argument 'catkin_skip_building_tests' from command line to 'False'
[1.035s] DEBUG:colcon.colcon_core.verb:Building package 'serial' with the following arguments: {'ament_cmake_args': None, 'build_base': '/home/mpinho/proj_ws/src/build/serial', 'catkin_cmake_args': None, 'catkin_skip_building_tests': False, 'cmake_args': None, 'cmake_clean_cache': False, 'cmake_clean_first': False, 'cmake_force_configure': False, 'cmake_target': None, 'cmake_target_skip_unavailable': False, 'install_base': '/home/mpinho/proj_ws/src/install/serial', 'merge_install': False, 'path': '/home/mpinho/proj_ws/src/serial', 'symlink_install': True, 'test_result_base': None}
[1.036s] Level 5:colcon.colcon_core.verb:set package 'diffdrive_arduino' build argument 'cmake_args' from command line to 'None'
[1.036s] Level 5:colcon.colcon_core.verb:set package 'diffdrive_arduino' build argument 'cmake_target' from command line to 'None'
[1.036s] Level 5:colcon.colcon_core.verb:set package 'diffdrive_arduino' build argument 'cmake_target_skip_unavailable' from command line to 'False'
[1.036s] Level 5:colcon.colcon_core.verb:set package 'diffdrive_arduino' build argument 'cmake_clean_cache' from command line to 'False'
[1.036s] Level 5:colcon.colcon_core.verb:set package 'diffdrive_arduino' build argument 'cmake_clean_first' from command line to 'False'
[1.036s] Level 5:colcon.colcon_core.verb:set package 'diffdrive_arduino' build argument 'cmake_force_configure' from command line to 'False'
[1.037s] Level 5:colcon.colcon_core.verb:set package 'diffdrive_arduino' build argument 'ament_cmake_args' from command line to 'None'
[1.037s] Level 5:colcon.colcon_core.verb:set package 'diffdrive_arduino' build argument 'catkin_cmake_args' from command line to 'None'
[1.037s] Level 5:colcon.colcon_core.verb:set package 'diffdrive_arduino' build argument 'catkin_skip_building_tests' from command line to 'False'
[1.037s] DEBUG:colcon.colcon_core.verb:Building package 'diffdrive_arduino' with the following arguments: {'ament_cmake_args': None, 'build_base': '/home/mpinho/proj_ws/src/build/diffdrive_arduino', 'catkin_cmake_args': None, 'catkin_skip_building_tests': False, 'cmake_args': None, 'cmake_clean_cache': False, 'cmake_clean_first': False, 'cmake_force_configure': False, 'cmake_target': None, 'cmake_target_skip_unavailable': False, 'install_base': '/home/mpinho/proj_ws/src/install/diffdrive_arduino', 'merge_install': False, 'path': '/home/mpinho/proj_ws/src/diffdrive_arduino', 'symlink_install': True, 'test_result_base': None}
[1.037s] INFO:colcon.colcon_core.executor:Executing jobs using 'parallel' executor
[1.040s] DEBUG:colcon.colcon_parallel_executor.executor.parallel:run_until_complete
[1.041s] INFO:colcon.colcon_ros.task.ament_cmake.build:Building ROS package in '/home/mpinho/proj_ws/src/serial' with build type 'ament_cmake'
[1.041s] INFO:colcon.colcon_cmake.task.cmake.build:Building CMake package in '/home/mpinho/proj_ws/src/serial'
[1.046s] INFO:colcon.colcon_core.plugin_system:Skipping extension 'colcon_core.shell.bat': Not used on non-Windows systems
[1.046s] INFO:colcon.colcon_core.shell:Skip shell extension 'powershell' for command environment: Not usable outside of PowerShell
[1.046s] DEBUG:colcon.colcon_core.shell:Skip shell extension 'dsv' for command environment
[1.056s] INFO:colcon.colcon_ros.task.ament_python.build:Building ROS package in '/home/mpinho/proj_ws/src/joy_tester' with build type 'ament_python'
[1.057s] Level 1:colcon.colcon_core.shell:create_environment_hook('joy_tester', 'ament_prefix_path')
[1.057s] INFO:colcon.colcon_core.shell:Creating environment hook '/home/mpinho/proj_ws/src/install/joy_tester/share/joy_tester/hook/ament_prefix_path.ps1'
[1.059s] INFO:colcon.colcon_core.shell:Creating environment descriptor '/home/mpinho/proj_ws/src/install/joy_tester/share/joy_tester/hook/ament_prefix_path.dsv'
[1.060s] INFO:colcon.colcon_core.shell:Creating environment hook '/home/mpinho/proj_ws/src/install/joy_tester/share/joy_tester/hook/ament_prefix_path.sh'
[1.062s] INFO:colcon.colcon_core.shell:Skip shell extension 'powershell' for command environment: Not usable outside of PowerShell
[1.062s] DEBUG:colcon.colcon_core.shell:Skip shell extension 'dsv' for command environment
[1.072s] INFO:colcon.colcon_ros.task.ament_cmake.build:Building ROS package in '/home/mpinho/proj_ws/src/msc_aut_vehicles' with build type 'ament_cmake'
[1.072s] INFO:colcon.colcon_cmake.task.cmake.build:Building CMake package in '/home/mpinho/proj_ws/src/msc_aut_vehicles'
[1.073s] INFO:colcon.colcon_core.shell:Skip shell extension 'powershell' for command environment: Not usable outside of PowerShell
[1.073s] DEBUG:colcon.colcon_core.shell:Skip shell extension 'dsv' for command environment
[1.097s] DEBUG:colcon.colcon_core.event_handler.log_command:Invoking command in '/home/mpinho/proj_ws/src/build/serial': CMAKE_PREFIX_PATH=${CMAKE_PREFIX_PATH}:/home/mpinho/proj_ws/install/joy_tester:/opt/ros/humble /usr/bin/cmake /home/mpinho/proj_ws/src/serial -DAMENT_CMAKE_SYMLINK_INSTALL=1 -DCMAKE_INSTALL_PREFIX=/home/mpinho/proj_ws/src/install/serial
[1.844s] INFO:colcon.colcon_core.task.python.build:Building Python package in '/home/mpinho/proj_ws/src/joy_tester'
[1.845s] INFO:colcon.colcon_core.shell:Skip shell extension 'powershell' for command environment: Not usable outside of PowerShell
[1.845s] DEBUG:colcon.colcon_core.shell:Skip shell extension 'dsv' for command environment
[1.865s] DEBUG:colcon.colcon_core.event_handler.log_command:Invoking command in '/home/mpinho/proj_ws/src/build/msc_aut_vehicles': CMAKE_PREFIX_PATH=${CMAKE_PREFIX_PATH}:/home/mpinho/proj_ws/install/joy_tester:/opt/ros/humble /usr/bin/cmake /home/mpinho/proj_ws/src/msc_aut_vehicles -DAMENT_CMAKE_SYMLINK_INSTALL=1 -DCMAKE_INSTALL_PREFIX=/home/mpinho/proj_ws/src/install/msc_aut_vehicles
[2.833s] DEBUG:colcon.colcon_core.event_handler.log_command:Invoking command in '/home/mpinho/proj_ws/src/build/joy_tester': PYTHONPATH=/home/mpinho/proj_ws/src/build/joy_tester/prefix_override:/home/mpinho/proj_ws/src/install/joy_tester/lib/python3.10/site-packages:${PYTHONPATH} /usr/bin/python3 -W ignore:setup.py install is deprecated setup.py develop --editable --build-directory /home/mpinho/proj_ws/src/build/joy_tester/build --no-deps symlink_data
[3.161s] DEBUG:colcon.colcon_core.event_handler.log_command:Invoked command in '/home/mpinho/proj_ws/src/build/serial' returned '0': CMAKE_PREFIX_PATH=${CMAKE_PREFIX_PATH}:/home/mpinho/proj_ws/install/joy_tester:/opt/ros/humble /usr/bin/cmake /home/mpinho/proj_ws/src/serial -DAMENT_CMAKE_SYMLINK_INSTALL=1 -DCMAKE_INSTALL_PREFIX=/home/mpinho/proj_ws/src/install/serial
[3.165s] DEBUG:colcon.colcon_core.event_handler.log_command:Invoking command in '/home/mpinho/proj_ws/src/build/serial': CMAKE_PREFIX_PATH=${CMAKE_PREFIX_PATH}:/home/mpinho/proj_ws/install/joy_tester:/opt/ros/humble /usr/bin/cmake --build /home/mpinho/proj_ws/src/build/serial -- -j8 -l8
[3.485s] DEBUG:colcon.colcon_core.event_handler.log_command:Invoked command in '/home/mpinho/proj_ws/src/build/msc_aut_vehicles' returned '0': CMAKE_PREFIX_PATH=${CMAKE_PREFIX_PATH}:/home/mpinho/proj_ws/install/joy_tester:/opt/ros/humble /usr/bin/cmake /home/mpinho/proj_ws/src/msc_aut_vehicles -DAMENT_CMAKE_SYMLINK_INSTALL=1 -DCMAKE_INSTALL_PREFIX=/home/mpinho/proj_ws/src/install/msc_aut_vehicles
[3.486s] DEBUG:colcon.colcon_core.event_handler.log_command:Invoking command in '/home/mpinho/proj_ws/src/build/msc_aut_vehicles': CMAKE_PREFIX_PATH=${CMAKE_PREFIX_PATH}:/home/mpinho/proj_ws/install/joy_tester:/opt/ros/humble /usr/bin/cmake --build /home/mpinho/proj_ws/src/build/msc_aut_vehicles -- -j8 -l8
[4.287s] Level 1:colcon.colcon_core.shell:create_environment_hook('joy_tester', 'pythonpath_develop')
[4.288s] INFO:colcon.colcon_core.shell:Creating environment hook '/home/mpinho/proj_ws/src/build/joy_tester/share/joy_tester/hook/pythonpath_develop.ps1'
[4.289s] DEBUG:colcon.colcon_core.event_handler.log_command:Invoked command in '/home/mpinho/proj_ws/src/build/joy_tester' returned '0': PYTHONPATH=/home/mpinho/proj_ws/src/build/joy_tester/prefix_override:/home/mpinho/proj_ws/src/install/joy_tester/lib/python3.10/site-packages:${PYTHONPATH} /usr/bin/python3 -W ignore:setup.py install is deprecated setup.py develop --editable --build-directory /home/mpinho/proj_ws/src/build/joy_tester/build --no-deps symlink_data
[4.291s] INFO:colcon.colcon_core.shell:Creating environment descriptor '/home/mpinho/proj_ws/src/build/joy_tester/share/joy_tester/hook/pythonpath_develop.dsv'
[4.292s] INFO:colcon.colcon_core.shell:Creating environment hook '/home/mpinho/proj_ws/src/build/joy_tester/share/joy_tester/hook/pythonpath_develop.sh'
[4.298s] Level 1:colcon.colcon_core.environment:checking '/home/mpinho/proj_ws/src/install/joy_tester' for CMake module files
[4.299s] Level 1:colcon.colcon_core.environment:checking '/home/mpinho/proj_ws/src/install/joy_tester' for CMake config files
[4.301s] Level 1:colcon.colcon_core.environment:checking '/home/mpinho/proj_ws/src/install/joy_tester/lib'
[4.301s] Level 1:colcon.colcon_core.environment:checking '/home/mpinho/proj_ws/src/install/joy_tester/bin'
[4.302s] Level 1:colcon.colcon_core.environment:checking '/home/mpinho/proj_ws/src/install/joy_tester/lib/pkgconfig/joy_tester.pc'
[4.302s] Level 1:colcon.colcon_core.environment:checking '/home/mpinho/proj_ws/src/install/joy_tester/lib/python3.10/site-packages'
[4.302s] Level 1:colcon.colcon_core.shell:create_environment_hook('joy_tester', 'pythonpath')
[4.303s] INFO:colcon.colcon_core.shell:Creating environment hook '/home/mpinho/proj_ws/src/install/joy_tester/share/joy_tester/hook/pythonpath.ps1'
[4.304s] INFO:colcon.colcon_core.shell:Creating environment descriptor '/home/mpinho/proj_ws/src/install/joy_tester/share/joy_tester/hook/pythonpath.dsv'
[4.310s] INFO:colcon.colcon_core.shell:Creating environment hook '/home/mpinho/proj_ws/src/install/joy_tester/share/joy_tester/hook/pythonpath.sh'
[4.313s] Level 1:colcon.colcon_core.environment:checking '/home/mpinho/proj_ws/src/install/joy_tester/bin'
[4.314s] Level 1:colcon.colcon_core.environment:create_environment_scripts_only(joy_tester)
[4.322s] INFO:colcon.colcon_core.shell:Creating package script '/home/mpinho/proj_ws/src/install/joy_tester/share/joy_tester/package.ps1'
[4.324s] INFO:colcon.colcon_core.shell:Creating package descriptor '/home/mpinho/proj_ws/src/install/joy_tester/share/joy_tester/package.dsv'
[4.326s] INFO:colcon.colcon_core.shell:Creating package script '/home/mpinho/proj_ws/src/install/joy_tester/share/joy_tester/package.sh'
[4.328s] INFO:colcon.colcon_core.shell:Creating package script '/home/mpinho/proj_ws/src/install/joy_tester/share/joy_tester/package.bash'
[4.331s] INFO:colcon.colcon_core.shell:Creating package script '/home/mpinho/proj_ws/src/install/joy_tester/share/joy_tester/package.zsh'
[4.333s] Level 1:colcon.colcon_core.environment:create_file_with_runtime_dependencies(/home/mpinho/proj_ws/src/install/joy_tester/share/colcon-core/packages/joy_tester)
[4.681s] DEBUG:colcon.colcon_core.event_handler.log_command:Invoked command in '/home/mpinho/proj_ws/src/build/msc_aut_vehicles' returned '0': CMAKE_PREFIX_PATH=${CMAKE_PREFIX_PATH}:/home/mpinho/proj_ws/install/joy_tester:/opt/ros/humble /usr/bin/cmake --build /home/mpinho/proj_ws/src/build/msc_aut_vehicles -- -j8 -l8
[4.766s] DEBUG:colcon.colcon_core.event_handler.log_command:Invoking command in '/home/mpinho/proj_ws/src/build/msc_aut_vehicles': CMAKE_PREFIX_PATH=${CMAKE_PREFIX_PATH}:/home/mpinho/proj_ws/install/joy_tester:/opt/ros/humble /usr/bin/cmake --install /home/mpinho/proj_ws/src/build/msc_aut_vehicles
[5.924s] Level 1:colcon.colcon_core.environment:create_environment_scripts_only(msc_aut_vehicles)
[5.925s] Level 1:colcon.colcon_core.environment:checking '/home/mpinho/proj_ws/src/install/msc_aut_vehicles' for CMake module files
[5.927s] DEBUG:colcon.colcon_core.event_handler.log_command:Invoked command in '/home/mpinho/proj_ws/src/build/msc_aut_vehicles' returned '0': CMAKE_PREFIX_PATH=${CMAKE_PREFIX_PATH}:/home/mpinho/proj_ws/install/joy_tester:/opt/ros/humble /usr/bin/cmake --install /home/mpinho/proj_ws/src/build/msc_aut_vehicles
[5.928s] Level 1:colcon.colcon_core.environment:checking '/home/mpinho/proj_ws/src/install/msc_aut_vehicles' for CMake config files
[5.930s] Level 1:colcon.colcon_core.environment:checking '/home/mpinho/proj_ws/src/install/msc_aut_vehicles/lib'
[5.930s] Level 1:colcon.colcon_core.environment:checking '/home/mpinho/proj_ws/src/install/msc_aut_vehicles/bin'
[5.930s] Level 1:colcon.colcon_core.environment:checking '/home/mpinho/proj_ws/src/install/msc_aut_vehicles/lib/pkgconfig/msc_aut_vehicles.pc'
[5.931s] Level 1:colcon.colcon_core.environment:checking '/home/mpinho/proj_ws/src/install/msc_aut_vehicles/lib/python3.10/site-packages'
[5.931s] Level 1:colcon.colcon_core.environment:checking '/home/mpinho/proj_ws/src/install/msc_aut_vehicles/bin'
[5.932s] INFO:colcon.colcon_core.shell:Creating package script '/home/mpinho/proj_ws/src/install/msc_aut_vehicles/share/msc_aut_vehicles/package.ps1'
[5.933s] INFO:colcon.colcon_core.shell:Creating package descriptor '/home/mpinho/proj_ws/src/install/msc_aut_vehicles/share/msc_aut_vehicles/package.dsv'
[5.933s] INFO:colcon.colcon_core.shell:Creating package script '/home/mpinho/proj_ws/src/install/msc_aut_vehicles/share/msc_aut_vehicles/package.sh'
[5.934s] INFO:colcon.colcon_core.shell:Creating package script '/home/mpinho/proj_ws/src/install/msc_aut_vehicles/share/msc_aut_vehicles/package.bash'
[5.935s] INFO:colcon.colcon_core.shell:Creating package script '/home/mpinho/proj_ws/src/install/msc_aut_vehicles/share/msc_aut_vehicles/package.zsh'
[5.935s] Level 1:colcon.colcon_core.environment:create_file_with_runtime_dependencies(/home/mpinho/proj_ws/src/install/msc_aut_vehicles/share/colcon-core/packages/msc_aut_vehicles)
[6.007s] Level 1:colcon.colcon_core.environment:create_environment_scripts_only(msc_aut_vehicles)
[6.008s] Level 1:colcon.colcon_core.environment:checking '/home/mpinho/proj_ws/src/install/msc_aut_vehicles' for CMake module files
[6.010s] Level 1:colcon.colcon_core.environment:checking '/home/mpinho/proj_ws/src/install/msc_aut_vehicles' for CMake config files
[6.012s] Level 1:colcon.colcon_core.environment:checking '/home/mpinho/proj_ws/src/install/msc_aut_vehicles/lib'
[6.013s] Level 1:colcon.colcon_core.environment:checking '/home/mpinho/proj_ws/src/install/msc_aut_vehicles/bin'
[6.013s] Level 1:colcon.colcon_core.environment:checking '/home/mpinho/proj_ws/src/install/msc_aut_vehicles/lib/pkgconfig/msc_aut_vehicles.pc'
[6.013s] Level 1:colcon.colcon_core.environment:checking '/home/mpinho/proj_ws/src/install/msc_aut_vehicles/lib/python3.10/site-packages'
[6.014s] Level 1:colcon.colcon_core.environment:checking '/home/mpinho/proj_ws/src/install/msc_aut_vehicles/bin'
[6.015s] INFO:colcon.colcon_core.shell:Creating package script '/home/mpinho/proj_ws/src/install/msc_aut_vehicles/share/msc_aut_vehicles/package.ps1'
[6.016s] INFO:colcon.colcon_core.shell:Creating package descriptor '/home/mpinho/proj_ws/src/install/msc_aut_vehicles/share/msc_aut_vehicles/package.dsv'
[6.018s] INFO:colcon.colcon_core.shell:Creating package script '/home/mpinho/proj_ws/src/install/msc_aut_vehicles/share/msc_aut_vehicles/package.sh'
[6.019s] INFO:colcon.colcon_core.shell:Creating package script '/home/mpinho/proj_ws/src/install/msc_aut_vehicles/share/msc_aut_vehicles/package.bash'
[6.020s] INFO:colcon.colcon_core.shell:Creating package script '/home/mpinho/proj_ws/src/install/msc_aut_vehicles/share/msc_aut_vehicles/package.zsh'
[6.021s] Level 1:colcon.colcon_core.environment:create_file_with_runtime_dependencies(/home/mpinho/proj_ws/src/install/msc_aut_vehicles/share/colcon-core/packages/msc_aut_vehicles)
[12.010s] DEBUG:colcon.colcon_core.event_handler.log_command:Invoked command in '/home/mpinho/proj_ws/src/build/serial' returned '0': CMAKE_PREFIX_PATH=${CMAKE_PREFIX_PATH}:/home/mpinho/proj_ws/install/joy_tester:/opt/ros/humble /usr/bin/cmake --build /home/mpinho/proj_ws/src/build/serial -- -j8 -l8
[12.078s] DEBUG:colcon.colcon_core.event_handler.log_command:Invoking command in '/home/mpinho/proj_ws/src/build/serial': CMAKE_PREFIX_PATH=${CMAKE_PREFIX_PATH}:/home/mpinho/proj_ws/install/joy_tester:/opt/ros/humble /usr/bin/cmake --install /home/mpinho/proj_ws/src/build/serial
[12.405s] Level 1:colcon.colcon_core.environment:create_environment_scripts_only(serial)
[12.406s] Level 1:colcon.colcon_core.environment:checking '/home/mpinho/proj_ws/src/install/serial' for CMake module files
[12.406s] DEBUG:colcon.colcon_core.event_handler.log_command:Invoked command in '/home/mpinho/proj_ws/src/build/serial' returned '0': CMAKE_PREFIX_PATH=${CMAKE_PREFIX_PATH}:/home/mpinho/proj_ws/install/joy_tester:/opt/ros/humble /usr/bin/cmake --install /home/mpinho/proj_ws/src/build/serial
[12.407s] Level 1:colcon.colcon_core.environment:checking '/home/mpinho/proj_ws/src/install/serial' for CMake config files
[12.407s] Level 1:colcon.colcon_core.shell:create_environment_hook('serial', 'cmake_prefix_path')
[12.408s] INFO:colcon.colcon_core.shell:Creating environment hook '/home/mpinho/proj_ws/src/install/serial/share/serial/hook/cmake_prefix_path.ps1'
[12.409s] INFO:colcon.colcon_core.shell:Creating environment descriptor '/home/mpinho/proj_ws/src/install/serial/share/serial/hook/cmake_prefix_path.dsv'
[12.409s] INFO:colcon.colcon_core.shell:Creating environment hook '/home/mpinho/proj_ws/src/install/serial/share/serial/hook/cmake_prefix_path.sh'
[12.410s] Level 1:colcon.colcon_core.environment:checking '/home/mpinho/proj_ws/src/install/serial/lib'
[12.410s] Level 1:colcon.colcon_core.environment:checking '/home/mpinho/proj_ws/src/install/serial/bin'
[12.410s] Level 1:colcon.colcon_core.environment:checking '/home/mpinho/proj_ws/src/install/serial/lib/pkgconfig/serial.pc'
[12.410s] Level 1:colcon.colcon_core.environment:checking '/home/mpinho/proj_ws/src/install/serial/lib/python3.10/site-packages'
[12.411s] Level 1:colcon.colcon_core.environment:checking '/home/mpinho/proj_ws/src/install/serial/bin'
[12.411s] INFO:colcon.colcon_core.shell:Creating package script '/home/mpinho/proj_ws/src/install/serial/share/serial/package.ps1'
[12.411s] INFO:colcon.colcon_core.shell:Creating package descriptor '/home/mpinho/proj_ws/src/install/serial/share/serial/package.dsv'
[12.412s] INFO:colcon.colcon_core.shell:Creating package script '/home/mpinho/proj_ws/src/install/serial/share/serial/package.sh'
[12.412s] INFO:colcon.colcon_core.shell:Creating package script '/home/mpinho/proj_ws/src/install/serial/share/serial/package.bash'
[12.413s] INFO:colcon.colcon_core.shell:Creating package script '/home/mpinho/proj_ws/src/install/serial/share/serial/package.zsh'
[12.414s] Level 1:colcon.colcon_core.environment:create_file_with_runtime_dependencies(/home/mpinho/proj_ws/src/install/serial/share/colcon-core/packages/serial)
[12.469s] Level 1:colcon.colcon_core.environment:create_environment_scripts_only(serial)
[12.470s] Level 1:colcon.colcon_core.environment:checking '/home/mpinho/proj_ws/src/install/serial' for CMake module files
[12.470s] Level 1:colcon.colcon_core.environment:checking '/home/mpinho/proj_ws/src/install/serial' for CMake config files
[12.471s] Level 1:colcon.colcon_core.shell:create_environment_hook('serial', 'cmake_prefix_path')
[12.472s] INFO:colcon.colcon_core.shell:Creating environment hook '/home/mpinho/proj_ws/src/install/serial/share/serial/hook/cmake_prefix_path.ps1'
[12.473s] INFO:colcon.colcon_core.shell:Creating environment descriptor '/home/mpinho/proj_ws/src/install/serial/share/serial/hook/cmake_prefix_path.dsv'
[12.474s] INFO:colcon.colcon_core.shell:Creating environment hook '/home/mpinho/proj_ws/src/install/serial/share/serial/hook/cmake_prefix_path.sh'
[12.475s] Level 1:colcon.colcon_core.environment:checking '/home/mpinho/proj_ws/src/install/serial/lib'
[12.475s] Level 1:colcon.colcon_core.environment:checking '/home/mpinho/proj_ws/src/install/serial/bin'
[12.475s] Level 1:colcon.colcon_core.environment:checking '/home/mpinho/proj_ws/src/install/serial/lib/pkgconfig/serial.pc'
[12.475s] Level 1:colcon.colcon_core.environment:checking '/home/mpinho/proj_ws/src/install/serial/lib/python3.10/site-packages'
[12.475s] Level 1:colcon.colcon_core.environment:checking '/home/mpinho/proj_ws/src/install/serial/bin'
[12.476s] INFO:colcon.colcon_core.shell:Creating package script '/home/mpinho/proj_ws/src/install/serial/share/serial/package.ps1'
[12.476s] INFO:colcon.colcon_core.shell:Creating package descriptor '/home/mpinho/proj_ws/src/install/serial/share/serial/package.dsv'
[12.477s] INFO:colcon.colcon_core.shell:Creating package script '/home/mpinho/proj_ws/src/install/serial/share/serial/package.sh'
[12.478s] INFO:colcon.colcon_core.shell:Creating package script '/home/mpinho/proj_ws/src/install/serial/share/serial/package.bash'
[12.478s] INFO:colcon.colcon_core.shell:Creating package script '/home/mpinho/proj_ws/src/install/serial/share/serial/package.zsh'
[12.479s] Level 1:colcon.colcon_core.environment:create_file_with_runtime_dependencies(/home/mpinho/proj_ws/src/install/serial/share/colcon-core/packages/serial)
[12.480s] INFO:colcon.colcon_ros.task.ament_cmake.build:Building ROS package in '/home/mpinho/proj_ws/src/diffdrive_arduino' with build type 'ament_cmake'
[12.480s] INFO:colcon.colcon_cmake.task.cmake.build:Building CMake package in '/home/mpinho/proj_ws/src/diffdrive_arduino'
[12.481s] INFO:colcon.colcon_core.shell:Skip shell extension 'powershell' for command environment: Not usable outside of PowerShell
[12.481s] DEBUG:colcon.colcon_core.shell:Skip shell extension 'dsv' for command environment
[12.497s] DEBUG:colcon.colcon_core.event_handler.log_command:Invoking command in '/home/mpinho/proj_ws/src/build/diffdrive_arduino': AMENT_PREFIX_PATH=/home/mpinho/proj_ws/src/install/serial:${AMENT_PREFIX_PATH} CMAKE_PREFIX_PATH=/home/mpinho/proj_ws/src/install/serial:/home/mpinho/proj_ws/install/msc_aut_vehicles:/home/mpinho/proj_ws/install/joy_tester:/opt/ros/humble LD_LIBRARY_PATH=/home/mpinho/proj_ws/src/install/serial/lib:${LD_LIBRARY_PATH} /usr/bin/cmake /home/mpinho/proj_ws/src/diffdrive_arduino -DAMENT_CMAKE_SYMLINK_INSTALL=1 -DCMAKE_INSTALL_PREFIX=/home/mpinho/proj_ws/src/install/diffdrive_arduino
[18.944s] DEBUG:colcon.colcon_core.event_handler.log_command:Invoked command in '/home/mpinho/proj_ws/src/build/diffdrive_arduino' returned '0': AMENT_PREFIX_PATH=/home/mpinho/proj_ws/src/install/serial:${AMENT_PREFIX_PATH} CMAKE_PREFIX_PATH=/home/mpinho/proj_ws/src/install/serial:/home/mpinho/proj_ws/install/msc_aut_vehicles:/home/mpinho/proj_ws/install/joy_tester:/opt/ros/humble LD_LIBRARY_PATH=/home/mpinho/proj_ws/src/install/serial/lib:${LD_LIBRARY_PATH} /usr/bin/cmake /home/mpinho/proj_ws/src/diffdrive_arduino -DAMENT_CMAKE_SYMLINK_INSTALL=1 -DCMAKE_INSTALL_PREFIX=/home/mpinho/proj_ws/src/install/diffdrive_arduino
[18.947s] DEBUG:colcon.colcon_core.event_handler.log_command:Invoking command in '/home/mpinho/proj_ws/src/build/diffdrive_arduino': AMENT_PREFIX_PATH=/home/mpinho/proj_ws/src/install/serial:${AMENT_PREFIX_PATH} CMAKE_PREFIX_PATH=/home/mpinho/proj_ws/src/install/serial:/home/mpinho/proj_ws/install/msc_aut_vehicles:/home/mpinho/proj_ws/install/joy_tester:/opt/ros/humble LD_LIBRARY_PATH=/home/mpinho/proj_ws/src/install/serial/lib:${LD_LIBRARY_PATH} /usr/bin/cmake --build /home/mpinho/proj_ws/src/build/diffdrive_arduino -- -j8 -l8
[24.243s] DEBUG:colcon.colcon_core.event_handler.log_command:Invoked command in '/home/mpinho/proj_ws/src/build/diffdrive_arduino' returned '2': AMENT_PREFIX_PATH=/home/mpinho/proj_ws/src/install/serial:${AMENT_PREFIX_PATH} CMAKE_PREFIX_PATH=/home/mpinho/proj_ws/src/install/serial:/home/mpinho/proj_ws/install/msc_aut_vehicles:/home/mpinho/proj_ws/install/joy_tester:/opt/ros/humble LD_LIBRARY_PATH=/home/mpinho/proj_ws/src/install/serial/lib:${LD_LIBRARY_PATH} /usr/bin/cmake --build /home/mpinho/proj_ws/src/build/diffdrive_arduino -- -j8 -l8
[24.308s] Level 1:colcon.colcon_core.environment:create_environment_scripts_only(diffdrive_arduino)
[24.309s] Level 1:colcon.colcon_core.environment:checking '/home/mpinho/proj_ws/src/install/diffdrive_arduino' for CMake module files
[24.309s] Level 1:colcon.colcon_core.environment:checking '/home/mpinho/proj_ws/src/install/diffdrive_arduino' for CMake config files
[24.310s] Level 1:colcon.colcon_core.environment:checking '/home/mpinho/proj_ws/src/install/diffdrive_arduino/bin'
[24.310s] Level 1:colcon.colcon_core.environment:checking '/home/mpinho/proj_ws/src/install/diffdrive_arduino/lib/pkgconfig/diffdrive_arduino.pc'
[24.310s] Level 1:colcon.colcon_core.environment:checking '/home/mpinho/proj_ws/src/install/diffdrive_arduino/lib/python3.10/site-packages'
[24.310s] Level 1:colcon.colcon_core.environment:checking '/home/mpinho/proj_ws/src/install/diffdrive_arduino/bin'
[24.311s] INFO:colcon.colcon_core.shell:Creating package script '/home/mpinho/proj_ws/src/install/diffdrive_arduino/share/diffdrive_arduino/package.ps1'
[24.311s] INFO:colcon.colcon_core.shell:Creating package descriptor '/home/mpinho/proj_ws/src/install/diffdrive_arduino/share/diffdrive_arduino/package.dsv'
[24.312s] INFO:colcon.colcon_core.shell:Creating package script '/home/mpinho/proj_ws/src/install/diffdrive_arduino/share/diffdrive_arduino/package.sh'
[24.312s] INFO:colcon.colcon_core.shell:Creating package script '/home/mpinho/proj_ws/src/install/diffdrive_arduino/share/diffdrive_arduino/package.bash'
[24.313s] INFO:colcon.colcon_core.shell:Creating package script '/home/mpinho/proj_ws/src/install/diffdrive_arduino/share/diffdrive_arduino/package.zsh'
[24.313s] Level 1:colcon.colcon_core.environment:create_file_with_runtime_dependencies(/home/mpinho/proj_ws/src/install/diffdrive_arduino/share/colcon-core/packages/diffdrive_arduino)
[24.324s] DEBUG:colcon.colcon_parallel_executor.executor.parallel:closing loop
[24.325s] DEBUG:colcon.colcon_parallel_executor.executor.parallel:loop closed
[24.325s] DEBUG:colcon.colcon_parallel_executor.executor.parallel:run_until_complete finished with '2'
[24.325s] DEBUG:colcon.colcon_core.event_reactor:joining thread
[24.335s] INFO:colcon.colcon_core.plugin_system:Skipping extension 'colcon_notification.desktop_notification.terminal_notifier': Not used on non-Darwin systems
[24.335s] INFO:colcon.colcon_core.plugin_system:Skipping extension 'colcon_notification.desktop_notification.win32': Not used on non-Windows systems
[24.335s] INFO:colcon.colcon_notification.desktop_notification:Sending desktop notification using 'notify2'
[24.354s] DEBUG:colcon.colcon_core.event_reactor:joined thread
[24.355s] INFO:colcon.colcon_core.shell:Creating prefix script '/home/mpinho/proj_ws/src/install/local_setup.ps1'
[24.357s] INFO:colcon.colcon_core.shell:Creating prefix util module '/home/mpinho/proj_ws/src/install/_local_setup_util_ps1.py'
[24.360s] INFO:colcon.colcon_core.shell:Creating prefix chain script '/home/mpinho/proj_ws/src/install/setup.ps1'
[24.364s] INFO:colcon.colcon_core.shell:Creating prefix script '/home/mpinho/proj_ws/src/install/local_setup.sh'
[24.365s] INFO:colcon.colcon_core.shell:Creating prefix util module '/home/mpinho/proj_ws/src/install/_local_setup_util_sh.py'
[24.366s] INFO:colcon.colcon_core.shell:Creating prefix chain script '/home/mpinho/proj_ws/src/install/setup.sh'
[24.368s] INFO:colcon.colcon_core.shell:Creating prefix script '/home/mpinho/proj_ws/src/install/local_setup.bash'
[24.369s] INFO:colcon.colcon_core.shell:Creating prefix chain script '/home/mpinho/proj_ws/src/install/setup.bash'
[24.370s] INFO:colcon.colcon_core.shell:Creating prefix script '/home/mpinho/proj_ws/src/install/local_setup.zsh'
[24.371s] INFO:colcon.colcon_core.shell:Creating prefix chain script '/home/mpinho/proj_ws/src/install/setup.zsh'
